<86>May 16 04:41:42 userdel[2416356]: delete user 'rooter'
<86>May 16 04:41:42 userdel[2416356]: removed group 'rooter' owned by 'rooter'
<86>May 16 04:41:42 userdel[2416356]: removed shadow group 'rooter' owned by 'rooter'
<86>May 16 04:41:42 groupadd[2416381]: group added to /etc/group: name=rooter, GID=1823
<86>May 16 04:41:42 groupadd[2416381]: group added to /etc/gshadow: name=rooter
<86>May 16 04:41:42 groupadd[2416381]: new group: name=rooter, GID=1823
<86>May 16 04:41:42 useradd[2416406]: new user: name=rooter, UID=1823, GID=1823, home=/root, shell=/bin/bash, from=none
<86>May 16 04:41:42 userdel[2416439]: delete user 'builder'
<86>May 16 04:41:42 userdel[2416439]: removed group 'builder' owned by 'builder'
<86>May 16 04:41:42 userdel[2416439]: removed shadow group 'builder' owned by 'builder'
<86>May 16 04:41:42 groupadd[2416469]: group added to /etc/group: name=builder, GID=1824
<86>May 16 04:41:42 groupadd[2416469]: group added to /etc/gshadow: name=builder
<86>May 16 04:41:42 groupadd[2416469]: new group: name=builder, GID=1824
<86>May 16 04:41:42 useradd[2416514]: new user: name=builder, UID=1824, GID=1824, home=/usr/src, shell=/bin/bash, from=none
/usr/src/in/srpm/apache-rat-0.13-alt1_9jpp11.src.rpm: license not found in '/usr/share/license' directory: ASL
/usr/src/in/srpm/apache-rat-0.13-alt1_9jpp11.src.rpm: license not found in '/usr/share/license' directory: 2.0
warning: user igor does not exist - using root
warning: group igor does not exist - using root
warning: user igor does not exist - using root
warning: group igor does not exist - using root
warning: user igor does not exist - using root
warning: group igor does not exist - using root
warning: user igor does not exist - using root
warning: group igor does not exist - using root
<13>May 16 04:41:46 rpmi: rpm-macros-java-1:6.0.0-alt3 sisyphus+378353.100.1.1 1742277151 installed
<13>May 16 04:41:51 rpmi: javapackages-filesystem-1:6.0.0-alt3 sisyphus+378353.100.1.1 1742277151 installed
<13>May 16 04:41:51 rpmi: plexus-utils-0:3.3.0-alt1_7jpp11 sisyphus+283216.100.1.3 1629255397 installed
<13>May 16 04:41:51 rpmi: plexus-containers-component-annotations-0:2.1.1-alt1_2jpp11 sisyphus+318726.100.1.3 1681809130 installed
<13>May 16 04:41:51 rpmi: apache-commons-io-1:2.11.0-alt1_2jpp11 sisyphus+318723.100.1.1 1681807648 installed
<13>May 16 04:41:51 rpmi: maven-shared-utils-3.3.4-alt1_2jpp11 sisyphus+302881.100.1.1 1656671461 installed
<13>May 16 04:41:51 rpmi: apache-commons-lang3-3.17.0-alt1 sisyphus+382425.100.5.2 1747315776 installed
<13>May 16 04:41:51 rpmi: slf4j-0:1.7.36-alt1 sisyphus+382913.300.3.1 1746015802 installed
<13>May 16 04:41:51 rpmi: plexus-interpolation-0:1.26-alt1_12jpp11 sisyphus+317222.100.1.2 1679506704 installed
<13>May 16 04:41:51 rpmi: javapackages-tools-1:6.0.0-alt3 sisyphus+378353.100.1.1 1742277151 installed
<13>May 16 04:41:51 rpmi: objectweb-asm-0:9.3-alt1_2jpp11 sisyphus+317150.100.1.2 1679414664 installed
<13>May 16 04:41:51 rpmi: atinject-0:1.0.5-alt1_3jpp11 sisyphus+303043.100.1.1 1656765531 installed
<13>May 16 04:41:52 rpmi: plexus-classworlds-0:2.6.0-alt1_12jpp11 sisyphus+317221.100.1.2 1679504163 installed
<13>May 16 04:41:52 rpmi: apache-commons-collections-0:3.2.2-alt1_27jpp11 sisyphus+302979.100.1.3 1656746095 installed
<13>May 16 04:41:52 rpmi: apache-commons-compress-0:1.21-alt1_1jpp11 sisyphus+282760.100.1.3 1629016378 installed
<13>May 16 04:41:52 rpmi: httpcomponents-core-4.4.13-alt1_4jpp11 sisyphus+283282.100.1.3 1629308546 installed
<13>May 16 04:41:52 rpmi: velocity-1:1.7-alt3_36jpp11 sisyphus+282835.200.1.1 1629039655 installed
<13>May 16 04:41:52 rpmi: plexus-cipher-2.0-alt1_2jpp11 sisyphus+318725.100.1.2 1681808079 installed
<13>May 16 04:41:52 rpmi: cdi-api-2.0.2-alt1_3jpp11 sisyphus+300684.100.1.1 1653577326 installed
<13>May 16 04:41:52 rpmi: sisu-2:0.3.5-alt1_2jpp11 sisyphus+318727.100.1.3 1681808440 installed
<13>May 16 04:41:52 rpmi: jcl-over-slf4j-0:1.7.36-alt1 sisyphus+382913.300.3.1 1746015802 installed
<13>May 16 04:41:52 rpmi: maven-model-1:2.2.1-alt6_66jpp11 sisyphus+273191.100.1.3 1622524930 installed
<13>May 16 04:41:52 rpmi: apache-commons-codec-0:1.15-alt1_4jpp11 sisyphus+283206.100.1.2 1629250805 installed
<13>May 16 04:41:52 rpmi: qdox-1:2.0.0-alt1_9jpp11 sisyphus+383527.200.1.1 1746616019 installed
<13>May 16 04:41:52 rpmi: plexus-languages-1.1.1-alt1_2jpp11 sisyphus+317156.100.1.3 1679417212 installed
<13>May 16 04:41:52 rpmi: plexus-sec-dispatcher-2.0-alt1 sisyphus+382157.100.1.1 1745096363 installed
<13>May 16 04:41:52 rpmi: byte-buddy-1.12.0-alt1_3jpp11 sisyphus+303411.100.1.1 1657454125 installed
<13>May 16 04:41:52 rpmi: plexus-io-0:3.2.0-alt1_9jpp11 sisyphus+303270.100.1.1 1657178206 installed
<13>May 16 04:41:52 rpmi: plexus-build-api-0:0.0.7-alt3_36jpp11 sisyphus+303029.100.1.3 1656759159 installed
<13>May 16 04:41:52 rpmi: maven-artifact-1:2.2.1-alt6_66jpp11 sisyphus+273191.100.1.3 1622524930 installed
<13>May 16 04:41:52 rpmi: ant-lib-0:1.10.12-alt1_8jpp11 sisyphus+317214.100.1.1 1679497453 installed
<13>May 16 04:41:52 rpmi: apache-commons-cli-0:1.5.0-alt1_3jpp11 sisyphus+303041.100.1.3 1656766127 installed
<13>May 16 04:41:52 rpmi: jansi-0:2.4.0-alt1_7jpp11 sisyphus+317216.100.1.3 1679501794 installed
<13>May 16 04:41:52 rpmi: jakarta-annotations-1.3.5-alt1_11jpp11 sisyphus+300688.100.1.1 1653578883 installed
<13>May 16 04:41:52 rpmi: xmvn-core-4.0.0-alt1_8jpp11 sisyphus+303446.100.1.1 1657533450 installed
<13>May 16 04:41:52 rpmi: hawtjni-runtime-0:1.18-alt1_2jpp11 sisyphus+282792.100.1.1 1629029179 installed
<13>May 16 04:41:52 rpmi: opentest4j-1.2.0-alt1_10jpp11 sisyphus+303026.100.1.2 1656757807 installed
<13>May 16 04:41:52 rpmi: xml-commons-apis-1.4.01-alt3_38jpp11 sisyphus+302931.100.1.1 1656703794 installed
<13>May 16 04:41:52 rpmi: libpng16-1.6.42-alt2 sisyphus+339555.100.1.1 1706781682 installed
<13>May 16 04:41:52 rpmi: jansi-native-0:1.8-alt1_12jpp11 sisyphus+317217.100.1.2 1679502324 installed
<13>May 16 04:41:52 rpmi: jansi1-1.18-alt1_11jpp11 sisyphus+302998.100.1.2 1656749981 installed
<13>May 16 04:41:52 rpmi: jline2-0:2.14.6-alt1_2jpp11 sisyphus+273662.100.1.1 1622879727 installed
<13>May 16 04:41:52 rpmi: ant-0:1.10.12-alt1_8jpp11 sisyphus+317214.100.1.1 1679497453 installed
<13>May 16 04:41:52 rpmi: assertj-core-3.19.0-alt1_3jpp11 sisyphus+301632.100.1.1 1654767506 installed
<13>May 16 04:41:52 rpmi: plexus-velocity-0:1.2-alt1_11jpp11 sisyphus+273203.100.1.2 1622529304 installed
<13>May 16 04:41:52 rpmi: plexus-resources-0:1.2.0-alt1_2jpp11 sisyphus+317157.100.1.2 1679417543 installed
<13>May 16 04:41:52 rpmi: java-common-1.7.0-alt1 sisyphus+333533.100.1.1 1699037019 installed
<13>May 16 04:41:52 rpmi: xml-commons-resolver-0:1.2-alt1_35jpp11 sisyphus+282019.100.1.1 1628183139 installed
<13>May 16 04:41:52 rpmi: xerces-j2-0:2.12.2-alt1_3jpp11 sisyphus+317163.100.1.3 1679419280 installed
<13>May 16 04:41:52 rpmi: xalan-j2-0:2.7.3-alt1 sisyphus+363757.300.1.1 1732983529 installed
<13>May 16 04:41:52 rpmi: xbean-0:4.18-alt1_7jpp11 sisyphus+303040.100.1.2 1656761668 installed
<13>May 16 04:41:52 rpmi: plexus-compiler-0:2.11.1-alt1_2jpp11 sisyphus+317154.100.1.3 1679416547 installed
<13>May 16 04:41:52 rpmi: hamcrest-0:2.2-alt1_5jpp11 sisyphus+301728.200.1.1 1654860789 installed
<13>May 16 04:41:52 rpmi: junit-1:4.13.1-alt1_7jpp11 sisyphus+303013.100.1.2 1656753167 installed
<13>May 16 04:41:52 rpmi: plexus-containers-container-default-0:2.1.1-alt1_2jpp11 sisyphus+318726.100.1.3 1681809130 installed
<13>May 16 04:41:52 rpmi: maven-doxia-logging-api-0:1.9.1-alt1_3jpp11 sisyphus+273319.100.1.1 1622570581 installed
<13>May 16 04:41:52 rpmi: maven-doxia-sink-api-0:1.9.1-alt1_3jpp11 sisyphus+273319.100.1.1 1622570581 installed
<13>May 16 04:41:52 rpmi: maven-reporting-api-1:3.0-alt3_18jpp11 sisyphus+301997.100.1.1 1655128451 installed
<13>May 16 04:41:52 rpmi: plexus-i18n-0:1.0-alt7_0.23.b10.4jpp11 sisyphus+301972.100.1.1 1655115597 installed
<13>May 16 04:41:52 rpmi: maven-plugin-registry-1:2.2.1-alt6_66jpp11 sisyphus+273191.100.1.3 1622524930 installed
<13>May 16 04:41:52 rpmi: maven-profile-1:2.2.1-alt6_66jpp11 sisyphus+273191.100.1.3 1622524930 installed
<13>May 16 04:41:52 rpmi: maven-settings-1:2.2.1-alt6_66jpp11 sisyphus+273191.100.1.3 1622524930 installed
<13>May 16 04:41:52 rpmi: apache-commons-logging-0:1.2-alt1_30jpp11 sisyphus+302982.100.1.1 1656745489 installed
<13>May 16 04:41:52 rpmi: bsf-1:2.4.0-alt3_46jpp11 sisyphus+317135.100.1.1 1679405986 installed
<13>May 16 04:41:52 rpmi: bsh-0:2.1.0-alt1_5jpp11 sisyphus+302988.100.1.3 1656748952 installed
<13>May 16 04:41:52 rpmi: apache-resource-bundles-1:36-alt1_2jpp11 sisyphus+317095.100.1.2 1679396315 installed
<13>May 16 04:41:52 rpmi: jsr-305-1:3.0.2-alt1_3jpp11 sisyphus+283271.100.1.2 1629305577 installed
<13>May 16 04:41:53 rpmi: guava-31.0.1-alt2_3jpp11 sisyphus+384217.100.1.1 1747314227 installed
<13>May 16 04:41:53 rpmi: google-guice-0:4.2.3-alt1_6jpp11 sisyphus+300883.100.1.1 1653894654 installed
<13>May 16 04:41:53 rpmi: jsoup-1.13.1-alt1_7jpp11 sisyphus+283208.100.1.3 1629252685 installed
<13>May 16 04:41:53 rpmi: beust-jcommander-1.78-alt1_7jpp11 sisyphus+281813.100.1.1 1628094307 installed
<13>May 16 04:41:53 rpmi: xmvn-tools-4.0.0-alt1_8jpp11 sisyphus+303446.100.1.1 1657533450 installed
<13>May 16 04:41:53 rpmi: xz-java-1.9-alt1_3jpp11 sisyphus+303072.100.1.2 1656772105 installed
<13>May 16 04:41:53 rpmi: plexus-archiver-0:4.2.7-alt1_2jpp11 sisyphus+317153.100.1.3 1679416196 installed
<13>May 16 04:41:53 rpmi: apiguardian-1.1.2-alt1_3jpp11 sisyphus+303042.100.1.1 1656765526 installed
<13>May 16 04:41:53 rpmi: byte-buddy-agent-1.12.0-alt1_3jpp11 sisyphus+303411.100.1.1 1657454125 installed
<13>May 16 04:41:53 rpmi: univocity-parsers-2.9.1-alt1_6jpp11 sisyphus+303035.100.1.2 1656759759 installed
<13>May 16 04:41:53 rpmi: junit5-5.8.2-alt1 sisyphus+383557.100.1.1 1746628905 installed
<13>May 16 04:41:53 rpmi: maven-plugin-annotations-3.6.4-alt1 sisyphus+383557.200.1.1 1746628968 installed
<13>May 16 04:41:53 rpmi: objenesis-0:3.1-alt1_7jpp11 sisyphus+302027.100.1.2 1655142031 installed
<13>May 16 04:41:53 rpmi: libprocps-3.3.17-alt8.g37f1060 sisyphus+330939.300.7.1 1697495403 installed
<13>May 16 04:41:53 rpmi: libxslt-1.1.39-alt1 sisyphus+349406.100.1.1 1716751806 installed
<13>May 16 04:41:53 rpmi: jurand-1.3.5-alt2 sisyphus+377872.100.1.1 1741880705 installed
<13>May 16 04:41:53 rpmi: rpm-macros-jurand-1.3.5-alt2 sisyphus+377872.100.1.1 1741880705 installed
<13>May 16 04:41:53 rpmi: libmpdec3-2.5.1-alt3 sisyphus+314490.500.5.1 1675432004 installed
<13>May 16 04:41:53 rpmi: libgdbm-1.8.3-alt10 sisyphus+346222.200.3.2 1716468404 installed
<13>May 16 04:41:53 rpmi: libexpat-2.7.1-alt1 sisyphus+379929.100.1.1 1743519381 installed
<13>May 16 04:41:53 rpmi: openssl-config-3.2.0-alt1 sisyphus+366659.140.4.1 1736956949 installed
<13>May 16 04:41:53 rpmi: libb2-0.98.1-alt1_1 sisyphus+291614.100.1.1 1638962877 installed
<13>May 16 04:41:53 rpmi: liblcms2-2.17-alt1 sisyphus+376290.10700.24.2 1745385260 installed
<13>May 16 04:41:53 rpmi: libjpeg-2:3.0.2-alt2.1 sisyphus+340135.100.1.1 1707449145 installed
<13>May 16 04:41:53 rpmi: libbrotlicommon-1.1.0-alt1 sisyphus+328501.100.1.1 1693598419 installed
<13>May 16 04:41:53 rpmi: libbrotlidec-1.1.0-alt1 sisyphus+328501.100.1.1 1693598419 installed
<13>May 16 04:41:53 rpmi: libgraphite2-1.3.14-alt2.1 sisyphus+279571.100.1.2 1626605111 installed
<13>May 16 04:41:53 rpmi: libharfbuzz-11.2.1-alt1 sisyphus+384013.100.1.1 1747136771 installed
<13>May 16 04:41:53 rpmi: libfreetype-2.13.3-alt1 sisyphus+355656.100.1.1 1724221064 installed
<13>May 16 04:41:53 rpmi: javazi-2024a-alt1 sisyphus+344801.200.1.1 1712691734 installed
<13>May 16 04:41:53 rpmi: libgif-4.1.6-alt4 sisyphus+379672.40.3.1 1746456932 installed
<13>May 16 04:41:53 rpmi: libX11-locales-3:1.8.11-alt1 sisyphus+373040.100.1.1 1738571640 installed
<13>May 16 04:41:53 rpmi: libXdmcp-1.1.5-alt1 sisyphus+343583.700.1.1 1711441061 installed
<13>May 16 04:41:53 rpmi: libXau-1.0.11-alt1 sisyphus+311428.100.1.1 1670577439 installed
<13>May 16 04:41:53 rpmi: libxcb-1.17.0-alt1 sisyphus+345308.200.1.1 1713342004 installed
<13>May 16 04:41:53 rpmi: libX11-3:1.8.11-alt1 sisyphus+373040.100.1.1 1738571640 installed
<13>May 16 04:41:53 rpmi: libXext-1.3.6-alt1 sisyphus+343583.1000.1.1 1711441101 installed
<13>May 16 04:41:53 rpmi: libXi-1.8-alt1 sisyphus+285490.200.1.1 1632124174 installed
<13>May 16 04:41:53 rpmi: libXtst-1.2.4-alt1 sisyphus+308663.1300.1.1 1666168495 installed
<13>May 16 04:41:53 rpmi: libXrender-0.9.12-alt1 sisyphus+373121.100.1.1 1738654919 installed
<13>May 16 04:41:53 rpmi: libp11-kit-1:0.25.5-alt1 sisyphus+352553.100.1.1 1720622573 installed
<13>May 16 04:41:53 rpmi: libtasn1-4.20.0-alt2 sisyphus+375829.100.1.1 1740299335 installed
<13>May 16 04:41:53 rpmi: publicsuffix-list-20250416-alt1 sisyphus+381887.100.1.1 1744900874 installed
<13>May 16 04:41:53 rpmi: httpcomponents-client-4.5.13-alt1_2jpp11 sisyphus+283281.100.1.3 1629307126 installed
<13>May 16 04:41:53 rpmi: maven-doxia-core-0:1.9.1-alt1_3jpp11 sisyphus+273319.100.1.1 1622570581 installed
<13>May 16 04:41:53 rpmi: maven-wagon-0:3.5.3-alt1 sisyphus+382913.400.3.1 1746015847 installed
<13>May 16 04:41:53 rpmi: maven-resolver-1:1.6.3-alt1 sisyphus+381949.100.1.1 1744966821 installed
<13>May 16 04:41:53 rpmi: maven-1:3.8.8-alt1 sisyphus+382913.500.3.1 1746016050 installed
<13>May 16 04:41:53 rpmi: xmvn-minimal-4.0.0-alt1_8jpp11 sisyphus+303446.100.1.1 1657533450 installed
<13>May 16 04:41:53 rpmi: maven-lib-1:3.8.8-alt1 sisyphus+382913.500.3.1 1746016050 installed
<13>May 16 04:41:53 rpmi: maven-common-artifact-filters-3.2.0-alt1_3jpp11 sisyphus+303056.100.1.2 1656767734 installed
<13>May 16 04:41:53 rpmi: maven-surefire-0:3.2.2-alt1 sisyphus+383557.300.1.1 1746629043 installed
<13>May 16 04:41:53 rpmi: maven-plugin-tools-api-3.6.4-alt1 sisyphus+383557.200.1.1 1746628968 installed
<13>May 16 04:41:53 rpmi: maven-artifact-transfer-1:0.13.1-alt2 sisyphus+382320.300.3.2 1745479123 installed
<13>May 16 04:41:53 rpmi: maven-dependency-tree-3.1.0-alt1_2jpp11 sisyphus+317142.100.1.2 1679412375 installed
<13>May 16 04:41:53 rpmi: maven-filtering-3.2.0-alt1_3jpp11 sisyphus+301764.100.1.2 1654889715 installed
<13>May 16 04:41:53 rpmi: maven-archiver-0:3.5.2-alt1_2jpp11 sisyphus+317140.100.1.2 1679410347 installed
<13>May 16 04:41:53 rpmi: maven-remote-resources-plugin-1.7.0-alt1_7jpp11 sisyphus+282861.100.1.1 1629057314 installed
<13>May 16 04:41:53 rpmi: maven-resources-plugin-3.2.0-alt1_4jpp11 sisyphus+282536.100.1.2 1628793650 installed
<13>May 16 04:41:53 rpmi: maven-plugin-tools-annotations-3.6.4-alt1 sisyphus+383557.200.1.1 1746628968 installed
<13>May 16 04:41:53 rpmi: maven-plugin-tools-generators-3.6.4-alt1 sisyphus+383557.200.1.1 1746628968 installed
<13>May 16 04:41:53 rpmi: maven-plugin-tools-java-3.6.4-alt1 sisyphus+383557.200.1.1 1746628968 installed
<13>May 16 04:41:53 rpmi: maven-surefire-provider-junit-0:3.2.2-alt1 sisyphus+383557.300.1.1 1746629043 installed
<13>May 16 04:41:53 rpmi: maven-surefire-provider-junit5-0:3.2.2-alt1 sisyphus+383557.300.1.1 1746629043 installed
<13>May 16 04:41:53 rpmi: maven-surefire-provider-testng-0:3.2.2-alt1 sisyphus+383557.300.1.1 1746629043 installed
<13>May 16 04:41:53 rpmi: maven-surefire-plugin-0:3.2.2-alt1 sisyphus+383557.300.1.1 1746629043 installed
<13>May 16 04:41:53 rpmi: maven-enforcer-api-0:3.0.0_M2-alt1_3jpp11 sisyphus+301995.100.1.3 1655132104 installed
<13>May 16 04:41:53 rpmi: maven-enforcer-rules-0:3.0.0_M2-alt1_3jpp11 sisyphus+301995.100.1.3 1655132104 installed
<13>May 16 04:41:53 rpmi: maven-enforcer-plugin-0:3.0.0_M2-alt1_3jpp11 sisyphus+301995.100.1.3 1655132104 installed
<13>May 16 04:41:53 rpmi: maven-artifact-manager-1:2.2.1-alt6_66jpp11 sisyphus+273191.100.1.3 1622524930 installed
<13>May 16 04:41:53 rpmi: maven-shared-incremental-1.1-alt1_23jpp11 sisyphus+282537.100.1.1 1628793339 installed
<13>May 16 04:41:53 rpmi: maven-compiler-plugin-3.8.1-alt1_10jpp11 sisyphus+282511.100.1.2 1628772929 installed
<13>May 16 04:41:53 rpmi: maven-dependency-analyzer-1.11.3-alt1_4jpp11 sisyphus+282857.100.1.1 1629056424 installed
<13>May 16 04:41:53 rpmi: maven-shared-io-1:3.0.0-alt1_17jpp11 sisyphus+303022.100.1.3 1656757260 installed
<13>May 16 04:41:53 rpmi: maven-file-management-1:3.0.0-alt1_17jpp11 sisyphus+303020.100.1.3 1656756699 installed
<13>May 16 04:41:53 rpmi: maven-jar-plugin-3.2.2-alt1_2jpp11 sisyphus+317144.100.1.3 1679413357 installed
<13>May 16 04:41:53 rpmi: xmvn-mojo-4.0.0-alt1_8jpp11 sisyphus+303446.100.1.1 1657533450 installed
<13>May 16 04:41:53 rpmi: maven-doxia-module-apt-0:1.9.1-alt1_3jpp11 sisyphus+273319.100.1.1 1622570581 installed
<13>May 16 04:41:53 rpmi: maven-doxia-module-fml-0:1.9.1-alt1_3jpp11 sisyphus+273319.100.1.1 1622570581 installed
<13>May 16 04:41:53 rpmi: maven-doxia-module-xdoc-0:1.9.1-alt1_3jpp11 sisyphus+273319.100.1.1 1622570581 installed
<13>May 16 04:41:53 rpmi: maven-doxia-module-xhtml-0:1.9.1-alt1_3jpp11 sisyphus+273319.100.1.1 1622570581 installed
<13>May 16 04:41:53 rpmi: maven-doxia-module-xhtml5-0:1.9.1-alt1_3jpp11 sisyphus+273319.100.1.1 1622570581 installed
<13>May 16 04:41:53 rpmi: rpm-macros-alternatives-0.5.3-alt1 sisyphus+371878.100.1.1 1737988822 installed
<13>May 16 04:41:53 rpmi: alternatives-0.5.3-alt1 sisyphus+371878.100.1.1 1737988822 installed
<13>May 16 04:41:53 rpmi: ca-certificates-2025.05.12-alt1 sisyphus+383903.200.2.1 1747060316 installed
<13>May 16 04:41:53 rpmi: ca-trust-0.2.0-alt1 sisyphus+344843.100.1.1 1712743326 installed
<13>May 16 04:41:53 rpmi: p11-kit-trust-1:0.25.5-alt1 sisyphus+352553.100.1.1 1720622573 installed
<13>May 16 04:41:53 rpmi: libcrypto3-3.3.3-alt1 sisyphus+374381.40.2.1 1739299401 installed
<13>May 16 04:41:53 rpmi: libssl3-3.3.3-alt1 sisyphus+374381.40.2.1 1739299401 installed
<13>May 16 04:41:54 rpmi: python3-3.12.10-alt1 sisyphus+381757.100.1.1 1744802808 installed
<13>May 16 04:41:54 rpmi: python3-base-3.12.10-alt1 sisyphus+381757.100.1.1 1744802808 installed
<13>May 16 04:41:54 rpmi: python3-module-six-1.17.0-alt1.1 sisyphus+373470.100.1.1 1738920023 installed
<13>May 16 04:41:54 rpmi: python3-module-genshi-0.7.9-alt2.1 sisyphus+376369.5100.10.1 1746628134 installed
<13>May 16 04:41:54 rpmi: python3-module-cssselect-1.3.0-alt1 sisyphus+377617.100.1.1 1741681780 installed
<13>May 16 04:41:54 rpmi: python3-module-webencodings-0.5.1-alt3 sisyphus+359244.100.1.1 1728381102 installed
<13>May 16 04:41:54 rpmi: python3-module-html5lib-1:1.1-alt1 sisyphus+278096.120.5.1 1626086978 installed
<13>May 16 04:41:54 rpmi: python3-module-lxml-5.4.0-alt1 sisyphus+382313.100.1.1 1745325124 installed
<13>May 16 04:41:54 rpmi: python3-module-javapackages-1:6.0.0-alt3 sisyphus+378353.100.1.1 1742277151 installed
<13>May 16 04:41:54 rpmi: rpm-build-java-1:6.0.0-alt3 sisyphus+378353.100.1.1 1742277151 installed
<13>May 16 04:41:54 rpmi: javapackages-local-1:6.0.0-alt3 sisyphus+378353.100.1.1 1742277151 installed
<13>May 16 04:41:54 rpmi: ca-trust-java-0.2.0-alt1 sisyphus+344843.100.1.1 1712743326 installed
<13>May 16 04:41:54 rpmi: java-stub-javadoc-0.1-alt1 sisyphus+276859.100.1.1 1625245070 installed
<13>May 16 04:41:54 rpmi: alsa-ucm-conf-1.2.13-alt2 sisyphus+379457.100.1.1 1743144589 installed
<13>May 16 04:41:54 rpmi: alsa-topology-conf-1.2.5.1-alt1 sisyphus+274777.100.1.1 1624089141 installed
<13>May 16 04:41:54 rpmi: libalsa-1:1.2.13-alt1 sisyphus+370533.200.1.1 1737298943 installed
<13>May 16 04:41:57 rpmi: java-11-openjdk-headless-0:11.0.27.0.6-alt1 sisyphus+382872.100.1.1 1745983997 installed
<13>May 16 04:41:57 rpmi: java-11-openjdk-0:11.0.27.0.6-alt1 sisyphus+382872.100.1.1 1745983997 installed
<13>May 16 04:41:57 rpmi: java-11-openjdk-devel-0:11.0.27.0.6-alt1 sisyphus+382872.100.1.1 1745983997 installed
<13>May 16 04:41:57 rpmi: jpackage-11-compat-0.43-alt1 sisyphus+338091.100.1.2 1705652445 installed
<13>May 16 04:41:57 rpmi: maven-local-1:6.0.0-alt3 sisyphus+378353.100.1.1 1742277151 installed
<13>May 16 04:41:57 rpmi: maven-doxia-sitetools-0:1.11.1-alt1_3jpp11 sisyphus+317143.100.1.3 1679413016 installed
<13>May 16 04:41:57 rpmi: maven-dependency-plugin-3.1.2-alt1_7jpp11 sisyphus+282512.100.1.3 1628774576 installed
<13>May 16 04:41:57 rpmi: maven-project-1:2.2.1-alt6_66jpp11 sisyphus+273191.100.1.3 1622524930 installed
<13>May 16 04:41:57 rpmi: apache-parent-26-alt1_3jpp11 sisyphus+317094.100.1.3 1679396015 installed
<13>May 16 04:41:57 rpmi: maven-plugin-plugin-3.6.4-alt1 sisyphus+383557.200.1.1 1746628968 installed
<13>May 16 04:41:57 rpmi: mockito-5.17.0-alt1 sisyphus+382425.300.5.2 1747315818 installed
<13>May 16 04:41:57 rpmi: maven-plugin-testing-harness-3.3.0-alt2 sisyphus+382320.200.3.2 1745479069 installed
<13>May 16 04:41:57 rpmi: ant-testutil-0:1.10.12-alt1_8jpp11 sisyphus+317214.100.1.1 1679497453 installed
<13>May 16 04:41:57 rpmi: ant-antunit-1.4.1-alt1_3jpp11 sisyphus+301853.100.1.1 1655029572 installed
Building target platforms: x86_64
Building for target x86_64
Wrote: /usr/src/in/nosrpm/apache-rat-0.13-alt1_9jpp11.nosrc.rpm (w1.gzdio)
Installing apache-rat-0.13-alt1_9jpp11.src.rpm
Building target platforms: x86_64
Building for target x86_64
Executing(%prep): /bin/sh -e /usr/src/tmp/rpm-tmp.55561
+ umask 022
+ /bin/mkdir -p /usr/src/RPM/BUILD
+ cd /usr/src/RPM/BUILD
+ cd /usr/src/RPM/BUILD
+ rm -rf apache-rat-0.13
+ echo 'Source #0 (apache-rat-0.13-src.tar.bz2):'
Source #0 (apache-rat-0.13-src.tar.bz2):
+ /usr/bin/bzip2 -dc /usr/src/RPM/SOURCES/apache-rat-0.13-src.tar.bz2
+ /bin/tar -xf -
+ cd apache-rat-0.13
+ /bin/chmod -c -Rf u+rwX,go-w .
+ echo 'Patch #1 (0001-Port-to-current-doxia-sitetools.patch):'
Patch #1 (0001-Port-to-current-doxia-sitetools.patch):
+ /usr/bin/patch -p1
patching file apache-rat-plugin/src/main/java/org/apache/rat/mp/RatReportMojo.java
+ /usr/bin/python3 /usr/share/java-utils/pom_editor.py pom_disable_module apache-rat
+ /usr/bin/python3 /usr/share/java-utils/pom_editor.py pom_remove_plugin -r :maven-antrun-plugin
+ /usr/bin/python3 /usr/share/java-utils/pom_editor.py pom_remove_plugin -r :apache-rat-plugin
+ /usr/bin/python3 /usr/share/java-utils/pom_editor.py pom_remove_plugin :animal-sniffer-maven-plugin
+ /usr/bin/python3 /usr/share/java-utils/pom_editor.py pom_remove_plugin :maven-enforcer-plugin
+ /usr/bin/python3 /usr/share/java-utils/pom_editor.py pom_remove_plugin -r :maven-invoker-plugin
+ /usr/bin/python3 /usr/share/java-utils/pom_editor.py pom_xpath_remove pom:extensions
+ /usr/bin/python3 /usr/share/java-utils/pom_editor.py pom_change_dep -r :commons-lang org.apache.commons:commons-lang3:3.8.1
+ sed -i s/org.apache.commons.lang./org.apache.commons.lang3./g apache-rat-core/src/main/java/org/apache/rat/document/impl/guesser/GuessUtils.java
+ sed -i s/org.apache.commons.lang./org.apache.commons.lang3./g apache-rat-core/src/main/java/org/apache/rat/report/claim/impl/xml/SimpleXmlClaimReporter.java
+ sed -i s/org.apache.commons.lang./org.apache.commons.lang3./g apache-rat-core/src/main/java/org/apache/rat/Report.java
+ rm apache-rat-plugin/src/test/java/org/apache/rat/mp/RatCheckMojoTest.java
+ exit 0
Executing(%build): /bin/sh -e /usr/src/tmp/rpm-tmp.55561
+ umask 022
+ /bin/mkdir -p /usr/src/RPM/BUILD
+ cd /usr/src/RPM/BUILD
+ cd apache-rat-0.13
+ /usr/bin/python3 /usr/share/java-utils/mvn_build.py --xmvn-javadoc -s -- -Dmaven.compiler.source=1.8 -Dmaven.compiler.target=1.8 -Dmaven.compiler.release=8
Executing: xmvn --batch-mode --offline -Dmaven.compiler.source=1.8 -Dmaven.compiler.target=1.8 -Dmaven.compiler.release=8 verify org.fedoraproject.xmvn:xmvn-mojo:install org.fedoraproject.xmvn:xmvn-mojo:javadoc org.fedoraproject.xmvn:xmvn-mojo:builddep
['xmvn', '--batch-mode', '--offline', '-Dmaven.compiler.source=1.8', '-Dmaven.compiler.target=1.8', '-Dmaven.compiler.release=8', 'verify', 'org.fedoraproject.xmvn:xmvn-mojo:install', 'org.fedoraproject.xmvn:xmvn-mojo:javadoc', 'org.fedoraproject.xmvn:xmvn-mojo:builddep']
[INFO] Scanning for projects...
[INFO] ------------------------------------------------------------------------
[INFO] Reactor Build Order:
[INFO] 
[INFO] Apache Creadur Rat                                                 [pom]
[INFO] Apache Creadur Rat::API                                            [jar]
[INFO] Apache Creadur Rat::Core                                           [jar]
[INFO] Apache Creadur Rat::Plugin4Maven                          [maven-plugin]
[INFO] Apache Creadur Rat::Tasks4Ant                                      [jar]
[INFO] 
[INFO] -----------------< org.apache.rat:apache-rat-project >------------------
[INFO] Building Apache Creadur Rat 0.13                                   [1/5]
[INFO]   from pom.xml
[INFO] --------------------------------[ pom ]---------------------------------
[INFO] 
[INFO] --- maven-enforcer-plugin:3.0.0-M2:enforce (enforce-maven-version) @ apache-rat-project ---
[INFO] 
[INFO] --- maven-enforcer-plugin:3.0.0-M2:enforce (enforce-java-version) @ apache-rat-project ---
[INFO] 
[INFO] --- maven-remote-resources-plugin:1.7.0:process (process-resource-bundles) @ apache-rat-project ---
[INFO] Preparing remote bundle org.apache:apache-jar-resource-bundle:1.4
[INFO] Copying 5 resources from 1 bundle.
[INFO] 
[INFO] -------------------< org.apache.rat:apache-rat-api >--------------------
[INFO] Building Apache Creadur Rat::API 0.13                              [2/5]
[INFO]   from apache-rat-api/pom.xml
[INFO] --------------------------------[ jar ]---------------------------------
[INFO] 
[INFO] --- maven-enforcer-plugin:3.0.0-M2:enforce (enforce-maven-version) @ apache-rat-api ---
[INFO] 
[INFO] --- maven-enforcer-plugin:3.0.0-M2:enforce (enforce-java-version) @ apache-rat-api ---
[INFO] 
[INFO] --- maven-remote-resources-plugin:1.7.0:process (process-resource-bundles) @ apache-rat-api ---
[INFO] Preparing remote bundle org.apache:apache-jar-resource-bundle:1.4
[INFO] Copying 5 resources from 1 bundle.
[INFO] 
[INFO] --- maven-resources-plugin:3.2.0:resources (default-resources) @ apache-rat-api ---
[INFO] Using 'UTF-8' encoding to copy filtered resources.
[INFO] Using 'UTF-8' encoding to copy filtered properties files.
[INFO] skip non existing resourceDirectory /usr/src/RPM/BUILD/apache-rat-0.13/apache-rat-api/src/main/resources
[INFO] Copying 5 resources
[INFO] 
[INFO] --- maven-compiler-plugin:3.8.1:compile (default-compile) @ apache-rat-api ---
[INFO] Changes detected - recompiling the module!
[INFO] Compiling 3 source files to /usr/src/RPM/BUILD/apache-rat-0.13/apache-rat-api/target/classes
[INFO] 
[INFO] --- maven-resources-plugin:3.2.0:testResources (default-testResources) @ apache-rat-api ---
[INFO] Using 'UTF-8' encoding to copy filtered resources.
[INFO] Using 'UTF-8' encoding to copy filtered properties files.
[INFO] skip non existing resourceDirectory /usr/src/RPM/BUILD/apache-rat-0.13/apache-rat-api/src/test/resources
[INFO] Copying 5 resources
[INFO] 
[INFO] --- maven-compiler-plugin:3.8.1:testCompile (default-testCompile) @ apache-rat-api ---
[INFO] Changes detected - recompiling the module!
[INFO] Compiling 2 source files to /usr/src/RPM/BUILD/apache-rat-0.13/apache-rat-api/target/test-classes
[INFO] /usr/src/RPM/BUILD/apache-rat-0.13/apache-rat-api/src/test/java/org/apache/rat/api/domain/LicenseFamilyBuilderTest.java: Some input files use or override a deprecated API.
[INFO] /usr/src/RPM/BUILD/apache-rat-0.13/apache-rat-api/src/test/java/org/apache/rat/api/domain/LicenseFamilyBuilderTest.java: Recompile with -Xlint:deprecation for details.
[INFO] 
[INFO] --- maven-surefire-plugin:3.2.2:test (default-test) @ apache-rat-api ---
[INFO] Using auto detected provider org.apache.maven.surefire.junit4.JUnit4Provider
[INFO] 
[INFO] -------------------------------------------------------
[INFO]  T E S T S
[INFO] -------------------------------------------------------
[INFO] Running org.apache.rat.api.domain.RatLicenseFamilyTest
[INFO] Tests run: 33, Failures: 0, Errors: 0, Skipped: 0, Time elapsed: 0.054 s -- in org.apache.rat.api.domain.RatLicenseFamilyTest
[INFO] Running org.apache.rat.api.domain.LicenseFamilyBuilderTest
[INFO] Tests run: 4, Failures: 0, Errors: 0, Skipped: 0, Time elapsed: 0 s -- in org.apache.rat.api.domain.LicenseFamilyBuilderTest
[INFO] 
[INFO] Results:
[INFO] 
[INFO] Tests run: 37, Failures: 0, Errors: 0, Skipped: 0
[INFO] 
[INFO] 
[INFO] --- maven-jar-plugin:3.2.2:jar (default-jar) @ apache-rat-api ---
[INFO] Building jar: /usr/src/RPM/BUILD/apache-rat-0.13/apache-rat-api/target/apache-rat-api-0.13.jar
[INFO] 
[INFO] -------------------< org.apache.rat:apache-rat-core >-------------------
[INFO] Building Apache Creadur Rat::Core 0.13                             [3/5]
[INFO]   from apache-rat-core/pom.xml
[INFO] --------------------------------[ jar ]---------------------------------
[INFO] 
[INFO] --- maven-enforcer-plugin:3.0.0-M2:enforce (enforce-maven-version) @ apache-rat-core ---
[INFO] 
[INFO] --- maven-enforcer-plugin:3.0.0-M2:enforce (enforce-java-version) @ apache-rat-core ---
[INFO] 
[INFO] --- maven-remote-resources-plugin:1.7.0:process (process-resource-bundles) @ apache-rat-core ---
[INFO] Preparing remote bundle org.apache:apache-jar-resource-bundle:1.4
[INFO] Copying 5 resources from 1 bundle.
[INFO] 
[INFO] --- maven-resources-plugin:3.2.0:resources (default-resources) @ apache-rat-core ---
[INFO] Using 'UTF-8' encoding to copy filtered resources.
[INFO] Using 'UTF-8' encoding to copy filtered properties files.
[INFO] Copying 2 resources
[INFO] skip non existing resourceDirectory /usr/src/RPM/BUILD/apache-rat-0.13/apache-rat-core/src/main/filtered-resources
[INFO] Copying 1 resource to META-INF
[INFO] Copying 5 resources
[INFO] 
[INFO] --- maven-compiler-plugin:3.8.1:compile (default-compile) @ apache-rat-core ---
[INFO] Changes detected - recompiling the module!
[INFO] Compiling 94 source files to /usr/src/RPM/BUILD/apache-rat-0.13/apache-rat-core/target/classes
[INFO] /usr/src/RPM/BUILD/apache-rat-0.13/apache-rat-core/src/main/java/org/apache/rat/report/claim/impl/xml/SimpleXmlClaimReporter.java: Some input files use or override a deprecated API.
[INFO] /usr/src/RPM/BUILD/apache-rat-0.13/apache-rat-core/src/main/java/org/apache/rat/report/claim/impl/xml/SimpleXmlClaimReporter.java: Recompile with -Xlint:deprecation for details.
[INFO] 
[INFO] --- maven-resources-plugin:3.2.0:testResources (default-testResources) @ apache-rat-core ---
[INFO] Using 'UTF-8' encoding to copy filtered resources.
[INFO] Using 'UTF-8' encoding to copy filtered properties files.
[INFO] Copying 25 resources
[INFO] Copying 5 resources
[INFO] 
[INFO] --- maven-compiler-plugin:3.8.1:testCompile (default-testCompile) @ apache-rat-core ---
[INFO] Changes detected - recompiling the module!
[INFO] Compiling 49 source files to /usr/src/RPM/BUILD/apache-rat-0.13/apache-rat-core/target/test-classes
[INFO] 
[INFO] --- maven-surefire-plugin:3.2.2:test (default-test) @ apache-rat-core ---
[INFO] Using auto detected provider org.apache.maven.surefire.junit4.JUnit4Provider
[INFO] 
[INFO] -------------------------------------------------------
[INFO]  T E S T S
[INFO] -------------------------------------------------------
[INFO] Running org.apache.rat.annotation.TestLicenseAppender
[INFO] Tests run: 28, Failures: 0, Errors: 0, Skipped: 0, Time elapsed: 0.076 s -- in org.apache.rat.annotation.TestLicenseAppender
[INFO] Running org.apache.rat.ReportTransformerTest
[INFO] Tests run: 1, Failures: 0, Errors: 0, Skipped: 0, Time elapsed: 0.232 s -- in org.apache.rat.ReportTransformerTest
[INFO] Running org.apache.rat.ReportTest
Ignored 2 lines in your exclusion files as comments or empty lines.
[INFO] Tests run: 2, Failures: 0, Errors: 0, Skipped: 0, Time elapsed: 0.218 s -- in org.apache.rat.ReportTest
[INFO] Running org.apache.rat.walker.FileNameComparatorTest
[INFO] Tests run: 1, Failures: 0, Errors: 0, Skipped: 0, Time elapsed: 0.002 s -- in org.apache.rat.walker.FileNameComparatorTest
[INFO] Running org.apache.rat.policy.DefaultPolicyTest
[INFO] Tests run: 11, Failures: 0, Errors: 0, Skipped: 0, Time elapsed: 0.001 s -- in org.apache.rat.policy.DefaultPolicyTest
[INFO] Running org.apache.rat.document.ToNameTransformerTest
[INFO] Tests run: 2, Failures: 0, Errors: 0, Skipped: 0, Time elapsed: 0.002 s -- in org.apache.rat.document.ToNameTransformerTest
[INFO] Running org.apache.rat.document.impl.util.DocumentAnalyserMultiplexerTest
[INFO] Tests run: 1, Failures: 0, Errors: 0, Skipped: 0, Time elapsed: 0.001 s -- in org.apache.rat.document.impl.util.DocumentAnalyserMultiplexerTest
[INFO] Running org.apache.rat.document.impl.SingularFileDocumentTest
[INFO] Tests run: 2, Failures: 0, Errors: 0, Skipped: 0, Time elapsed: 0 s -- in org.apache.rat.document.impl.SingularFileDocumentTest
[INFO] Running org.apache.rat.document.impl.guesser.ArchiveGuesserTest
[INFO] Tests run: 2, Failures: 0, Errors: 0, Skipped: 0, Time elapsed: 0 s -- in org.apache.rat.document.impl.guesser.ArchiveGuesserTest
[INFO] Running org.apache.rat.document.impl.guesser.NoteGuesserTest
[INFO] Tests run: 3, Failures: 0, Errors: 0, Skipped: 0, Time elapsed: 0.001 s -- in org.apache.rat.document.impl.guesser.NoteGuesserTest
[INFO] Running org.apache.rat.document.impl.guesser.GuessUtilsTest
[INFO] Tests run: 1, Failures: 0, Errors: 0, Skipped: 0, Time elapsed: 0 s -- in org.apache.rat.document.impl.guesser.GuessUtilsTest
[INFO] Running org.apache.rat.document.impl.guesser.BinaryGuesserTest
BinaryGuesserTest.realBinaryContent() succeeded when using encoding US-ASCII
Skipping testBinaryWithMalformedInput
[INFO] Tests run: 7, Failures: 0, Errors: 0, Skipped: 0, Time elapsed: 0.006 s -- in org.apache.rat.document.impl.guesser.BinaryGuesserTest
[INFO] Running org.apache.rat.header.FilteringSequenceFactoryTest
[INFO] Tests run: 3, Failures: 0, Errors: 0, Skipped: 0, Time elapsed: 0.001 s -- in org.apache.rat.header.FilteringSequenceFactoryTest
[INFO] Running org.apache.rat.header.HeaderMatcherTest
[INFO] Tests run: 5, Failures: 0, Errors: 0, Skipped: 0, Time elapsed: 0 s -- in org.apache.rat.header.HeaderMatcherTest
[INFO] Running org.apache.rat.header.HeaderMatcherWithBeansTest
[INFO] Tests run: 2, Failures: 0, Errors: 0, Skipped: 0, Time elapsed: 0 s -- in org.apache.rat.header.HeaderMatcherWithBeansTest
[INFO] Running org.apache.rat.header.ArrayCharFilterTest
[INFO] Tests run: 1, Failures: 0, Errors: 0, Skipped: 0, Time elapsed: 0 s -- in org.apache.rat.header.ArrayCharFilterTest
[INFO] Running org.apache.rat.report.xml.writer.impl.base.XmlWriterTest
[INFO] Tests run: 27, Failures: 0, Errors: 0, Skipped: 0, Time elapsed: 0.005 s -- in org.apache.rat.report.xml.writer.impl.base.XmlWriterTest
[INFO] Running org.apache.rat.report.xml.writer.XmlWriterUtilsTest
[INFO] Tests run: 2, Failures: 0, Errors: 0, Skipped: 0, Time elapsed: 0 s -- in org.apache.rat.report.xml.writer.XmlWriterUtilsTest
[INFO] Running org.apache.rat.report.xml.XmlReportFactoryTest
[INFO] Tests run: 1, Failures: 0, Errors: 0, Skipped: 0, Time elapsed: 0.005 s -- in org.apache.rat.report.xml.XmlReportFactoryTest
[INFO] Running org.apache.rat.report.xml.XmlReportTest
[INFO] Tests run: 1, Failures: 0, Errors: 0, Skipped: 0, Time elapsed: 0.005 s -- in org.apache.rat.report.xml.XmlReportTest
[INFO] Running org.apache.rat.analysis.AnalyserFactoryTest
[INFO] Tests run: 5, Failures: 0, Errors: 0, Skipped: 0, Time elapsed: 0.003 s -- in org.apache.rat.analysis.AnalyserFactoryTest
[INFO] Running org.apache.rat.analysis.license.CDDL1LicenseTest
[INFO] Tests run: 2, Failures: 0, Errors: 0, Skipped: 0, Time elapsed: 0.001 s -- in org.apache.rat.analysis.license.CDDL1LicenseTest
[INFO] Running org.apache.rat.analysis.license.ApacheSoftwareLicense20Test
[INFO] Tests run: 2, Failures: 0, Errors: 0, Skipped: 0, Time elapsed: 0 s -- in org.apache.rat.analysis.license.ApacheSoftwareLicense20Test
[INFO] Running org.apache.rat.analysis.license.GPL123LicenseTest
[INFO] Tests run: 2, Failures: 0, Errors: 0, Skipped: 0, Time elapsed: 0 s -- in org.apache.rat.analysis.license.GPL123LicenseTest
[INFO] Running org.apache.rat.analysis.license.AppliedApacheSoftwareLicense20Test
[INFO] Tests run: 4, Failures: 0, Errors: 0, Skipped: 0, Time elapsed: 0.033 s -- in org.apache.rat.analysis.license.AppliedApacheSoftwareLicense20Test
[INFO] Running org.apache.rat.analysis.license.CopyrightHeaderTest
[INFO] Tests run: 2, Failures: 0, Errors: 0, Skipped: 0, Time elapsed: 0 s -- in org.apache.rat.analysis.license.CopyrightHeaderTest
[INFO] Running org.apache.rat.analysis.license.OASISLicenseTest
[INFO] Tests run: 4, Failures: 0, Errors: 0, Skipped: 0, Time elapsed: 0.014 s -- in org.apache.rat.analysis.license.OASISLicenseTest
[INFO] Running org.apache.rat.analysis.license.W3CLicenseTest
[INFO] Tests run: 1, Failures: 0, Errors: 0, Skipped: 0, Time elapsed: 0 s -- in org.apache.rat.analysis.license.W3CLicenseTest
[INFO] Running org.apache.rat.analysis.license.MITLicenseTest
[INFO] Tests run: 2, Failures: 0, Errors: 0, Skipped: 0, Time elapsed: 0 s -- in org.apache.rat.analysis.license.MITLicenseTest
[INFO] Running org.apache.rat.analysis.license.ApacheSoftwareLicense20ShortTest
[INFO] Tests run: 2, Failures: 0, Errors: 0, Skipped: 0, Time elapsed: 0 s -- in org.apache.rat.analysis.license.ApacheSoftwareLicense20ShortTest
[INFO] Running org.apache.rat.analysis.HeaderCheckWorkerTest
[INFO] Tests run: 1, Failures: 0, Errors: 0, Skipped: 0, Time elapsed: 0 s -- in org.apache.rat.analysis.HeaderCheckWorkerTest
[INFO] Running org.apache.rat.analysis.generation.JavaDocLicenseNotRequiredTest
[INFO] Tests run: 3, Failures: 0, Errors: 0, Skipped: 0, Time elapsed: 0.001 s -- in org.apache.rat.analysis.generation.JavaDocLicenseNotRequiredTest
[INFO] Running org.apache.rat.analysis.generation.GeneratedLicenseNotRequiredTest
[INFO] Tests run: 1, Failures: 0, Errors: 0, Skipped: 0, Time elapsed: 0 s -- in org.apache.rat.analysis.generation.GeneratedLicenseNotRequiredTest
[INFO] Running org.apache.rat.analysis.util.MatcherMultiplexerTest
[INFO] Tests run: 2, Failures: 0, Errors: 0, Skipped: 0, Time elapsed: 0 s -- in org.apache.rat.analysis.util.MatcherMultiplexerTest
[INFO] Running org.apache.rat.config.SourceCodeManagementSystemsTest
[INFO] Tests run: 2, Failures: 0, Errors: 0, Skipped: 0, Time elapsed: 0.001 s -- in org.apache.rat.config.SourceCodeManagementSystemsTest
[INFO] Running org.apache.rat.config.ConfigurationUtilTest
[INFO] Tests run: 3, Failures: 0, Errors: 0, Skipped: 0, Time elapsed: 0 s -- in org.apache.rat.config.ConfigurationUtilTest
[INFO] Running org.apache.rat.config.AddLicenseHeadersTest
[INFO] Tests run: 1, Failures: 0, Errors: 0, Skipped: 0, Time elapsed: 0 s -- in org.apache.rat.config.AddLicenseHeadersTest
[INFO] Running org.apache.rat.config.ReportFormatTest
[INFO] Tests run: 2, Failures: 0, Errors: 0, Skipped: 0, Time elapsed: 0 s -- in org.apache.rat.config.ReportFormatTest
[INFO] 
[INFO] Results:
[INFO] 
[INFO] Tests run: 144, Failures: 0, Errors: 0, Skipped: 0
[INFO] 
[INFO] 
[INFO] --- maven-jar-plugin:3.2.2:jar (default-jar) @ apache-rat-core ---
[INFO] Building jar: /usr/src/RPM/BUILD/apache-rat-0.13/apache-rat-core/target/apache-rat-core-0.13.jar
[INFO] 
[INFO] ------------------< org.apache.rat:apache-rat-plugin >------------------
[INFO] Building Apache Creadur Rat::Plugin4Maven 0.13                     [4/5]
[INFO]   from apache-rat-plugin/pom.xml
[INFO] ----------------------------[ maven-plugin ]----------------------------
[INFO] 
[INFO] --- maven-enforcer-plugin:3.0.0-M2:enforce (enforce-maven-version) @ apache-rat-plugin ---
[INFO] 
[INFO] --- maven-enforcer-plugin:3.0.0-M2:enforce (enforce-java-version) @ apache-rat-plugin ---
[INFO] 
[INFO] --- maven-plugin-plugin:3.6.4:helpmojo (help-goal) @ apache-rat-plugin ---
[INFO] 
[INFO] --- maven-remote-resources-plugin:1.7.0:process (process-resource-bundles) @ apache-rat-plugin ---
[INFO] Preparing remote bundle org.apache:apache-jar-resource-bundle:1.4
[INFO] Copying 5 resources from 1 bundle.
[INFO] 
[INFO] --- maven-resources-plugin:3.2.0:resources (default-resources) @ apache-rat-plugin ---
[INFO] Using 'UTF-8' encoding to copy filtered resources.
[INFO] Using 'UTF-8' encoding to copy filtered properties files.
[INFO] Copying 2 resources
[INFO] Copying 1 resource
[INFO] Copying 1 resource to META-INF
[INFO] Copying 5 resources
[INFO] The encoding used to copy filtered properties files have not been set. This means that the same encoding will be used to copy filtered properties files as when copying other filtered resources. This might not be what you want! Run your build with --debug to see which files might be affected. Read more at https://maven.apache.org/plugins/maven-resources-plugin/examples/filtering-properties-files.html
[INFO] 
[INFO] --- maven-compiler-plugin:3.8.1:compile (default-compile) @ apache-rat-plugin ---
[INFO] Changes detected - recompiling the module!
[INFO] Compiling 10 source files to /usr/src/RPM/BUILD/apache-rat-0.13/apache-rat-plugin/target/classes
[INFO] /usr/src/RPM/BUILD/apache-rat-0.13/apache-rat-plugin/src/main/java/org/apache/rat/mp/RatReportMojo.java: /usr/src/RPM/BUILD/apache-rat-0.13/apache-rat-plugin/src/main/java/org/apache/rat/mp/RatReportMojo.java uses or overrides a deprecated API.
[INFO] /usr/src/RPM/BUILD/apache-rat-0.13/apache-rat-plugin/src/main/java/org/apache/rat/mp/RatReportMojo.java: Recompile with -Xlint:deprecation for details.
[INFO] 
[INFO] --- maven-plugin-plugin:3.6.4:descriptor (default-descriptor) @ apache-rat-plugin ---
[ERROR] 

Some dependencies of Maven Plugins are expected to be in provided scope.
Please make sure that dependencies listed below declared in POM
have set '<scope>provided</scope>' as well.

The following dependencies are in wrong scope:
 * org.apache.maven:maven-artifact:jar:2.2.1:compile
 * org.apache.maven:maven-artifact-manager:jar:2.2.1:compile
 * org.apache.maven:maven-repository-metadata:jar:2.2.1:compile
 * org.apache.maven:maven-model:jar:2.2.1:compile
 * org.apache.maven:maven-plugin-api:jar:2.2.1:compile
 * org.apache.maven:maven-project:jar:2.2.1:compile
 * org.apache.maven:maven-profile:jar:2.2.1:compile
 * org.apache.maven:maven-plugin-registry:jar:2.2.1:compile



[INFO] Using 'UTF-8' encoding to read mojo source files.
[INFO] java-javadoc mojo extractor found 0 mojo descriptor.
[INFO] java-annotations mojo extractor found 2 mojo descriptors.
[INFO] 
[INFO] --- maven-plugin-plugin:3.6.4:descriptor (mojo-descriptor) @ apache-rat-plugin ---
[ERROR] 

Some dependencies of Maven Plugins are expected to be in provided scope.
Please make sure that dependencies listed below declared in POM
have set '<scope>provided</scope>' as well.

The following dependencies are in wrong scope:
 * org.apache.maven:maven-artifact:jar:2.2.1:compile
 * org.apache.maven:maven-artifact-manager:jar:2.2.1:compile
 * org.apache.maven:maven-repository-metadata:jar:2.2.1:compile
 * org.apache.maven:maven-model:jar:2.2.1:compile
 * org.apache.maven:maven-plugin-api:jar:2.2.1:compile
 * org.apache.maven:maven-project:jar:2.2.1:compile
 * org.apache.maven:maven-profile:jar:2.2.1:compile
 * org.apache.maven:maven-plugin-registry:jar:2.2.1:compile



[INFO] Using 'UTF-8' encoding to read mojo source files.
[INFO] java-javadoc mojo extractor found 0 mojo descriptor.
[INFO] java-annotations mojo extractor found 2 mojo descriptors.
[INFO] 
[INFO] --- maven-resources-plugin:3.2.0:testResources (default-testResources) @ apache-rat-plugin ---
[INFO] Using 'UTF-8' encoding to copy filtered resources.
[INFO] Using 'UTF-8' encoding to copy filtered properties files.
[INFO] Copying 7 resources
[INFO] Copying 5 resources
[INFO] 
[INFO] --- maven-compiler-plugin:3.8.1:testCompile (default-testCompile) @ apache-rat-plugin ---
[INFO] Changes detected - recompiling the module!
[INFO] Compiling 3 source files to /usr/src/RPM/BUILD/apache-rat-0.13/apache-rat-plugin/target/test-classes
[INFO] -------------------------------------------------------------
[ERROR] COMPILATION ERROR : 
[INFO] -------------------------------------------------------------
[ERROR] /usr/src/RPM/BUILD/apache-rat-0.13/apache-rat-plugin/src/test/java/org/apache/rat/mp/util/ScmIgnoreParserTest.java:[25,19] package org.mockito does not exist
[ERROR] /usr/src/RPM/BUILD/apache-rat-0.13/apache-rat-plugin/src/test/java/org/apache/rat/mp/util/ScmIgnoreParserTest.java:[26,27] package org.mockito.runners does not exist
[ERROR] /usr/src/RPM/BUILD/apache-rat-0.13/apache-rat-plugin/src/test/java/org/apache/rat/mp/util/ExclusionHelperTest.java:[24,19] package org.mockito does not exist
[ERROR] /usr/src/RPM/BUILD/apache-rat-0.13/apache-rat-plugin/src/test/java/org/apache/rat/mp/util/ExclusionHelperTest.java:[25,27] package org.mockito.runners does not exist
[ERROR] /usr/src/RPM/BUILD/apache-rat-0.13/apache-rat-plugin/src/test/java/org/apache/rat/mp/util/ScmIgnoreParserTest.java:[41,10] cannot find symbol
  symbol: class MockitoJUnitRunner
[ERROR] /usr/src/RPM/BUILD/apache-rat-0.13/apache-rat-plugin/src/test/java/org/apache/rat/mp/util/ScmIgnoreParserTest.java:[46,6] cannot find symbol
  symbol:   class Mock
  location: class org.apache.rat.mp.util.ScmIgnoreParserTest
[ERROR] /usr/src/RPM/BUILD/apache-rat-0.13/apache-rat-plugin/src/test/java/org/apache/rat/mp/util/ExclusionHelperTest.java:[40,10] cannot find symbol
  symbol: class MockitoJUnitRunner
[ERROR] /usr/src/RPM/BUILD/apache-rat-0.13/apache-rat-plugin/src/test/java/org/apache/rat/mp/util/ExclusionHelperTest.java:[43,6] cannot find symbol
  symbol:   class Mock
  location: class org.apache.rat.mp.util.ExclusionHelperTest
[INFO] 8 errors 
[INFO] -------------------------------------------------------------
[INFO] 
[INFO] ------------------------------------------------------------------------
[INFO] Skipping Apache Creadur Rat
[INFO] This project has been banned from the build due to previous failures.
[INFO] ------------------------------------------------------------------------
[INFO] ------------------------------------------------------------------------
[INFO] Reactor Summary for Apache Creadur Rat 0.13:
[INFO] 
[INFO] Apache Creadur Rat ................................. SUCCESS [  0.441 s]
[INFO] Apache Creadur Rat::API ............................ SUCCESS [  1.165 s]
[INFO] Apache Creadur Rat::Core ........................... SUCCESS [  1.883 s]
[INFO] Apache Creadur Rat::Plugin4Maven ................... FAILURE [  0.934 s]
[INFO] Apache Creadur Rat::Tasks4Ant ...................... SKIPPED
[INFO] ------------------------------------------------------------------------
[INFO] BUILD FAILURE
[INFO] ------------------------------------------------------------------------
[INFO] Total time:  4.700 s
[INFO] Finished at: 2025-05-16T04:42:10Z
[INFO] ------------------------------------------------------------------------
[ERROR] Failed to execute goal org.apache.maven.plugins:maven-compiler-plugin:3.8.1:testCompile (default-testCompile) on project apache-rat-plugin: Compilation failure: Compilation failure: 
[ERROR] /usr/src/RPM/BUILD/apache-rat-0.13/apache-rat-plugin/src/test/java/org/apache/rat/mp/util/ScmIgnoreParserTest.java:[25,19] package org.mockito does not exist
[ERROR] /usr/src/RPM/BUILD/apache-rat-0.13/apache-rat-plugin/src/test/java/org/apache/rat/mp/util/ScmIgnoreParserTest.java:[26,27] package org.mockito.runners does not exist
[ERROR] /usr/src/RPM/BUILD/apache-rat-0.13/apache-rat-plugin/src/test/java/org/apache/rat/mp/util/ExclusionHelperTest.java:[24,19] package org.mockito does not exist
[ERROR] /usr/src/RPM/BUILD/apache-rat-0.13/apache-rat-plugin/src/test/java/org/apache/rat/mp/util/ExclusionHelperTest.java:[25,27] package org.mockito.runners does not exist
[ERROR] /usr/src/RPM/BUILD/apache-rat-0.13/apache-rat-plugin/src/test/java/org/apache/rat/mp/util/ScmIgnoreParserTest.java:[41,10] cannot find symbol
[ERROR]   symbol: class MockitoJUnitRunner
[ERROR] /usr/src/RPM/BUILD/apache-rat-0.13/apache-rat-plugin/src/test/java/org/apache/rat/mp/util/ScmIgnoreParserTest.java:[46,6] cannot find symbol
[ERROR]   symbol:   class Mock
[ERROR]   location: class org.apache.rat.mp.util.ScmIgnoreParserTest
[ERROR] /usr/src/RPM/BUILD/apache-rat-0.13/apache-rat-plugin/src/test/java/org/apache/rat/mp/util/ExclusionHelperTest.java:[40,10] cannot find symbol
[ERROR]   symbol: class MockitoJUnitRunner
[ERROR] /usr/src/RPM/BUILD/apache-rat-0.13/apache-rat-plugin/src/test/java/org/apache/rat/mp/util/ExclusionHelperTest.java:[43,6] cannot find symbol
[ERROR]   symbol:   class Mock
[ERROR]   location: class org.apache.rat.mp.util.ExclusionHelperTest
[ERROR] -> [Help 1]
[ERROR] 
[ERROR] To see the full stack trace of the errors, re-run Maven with the -e switch.
[ERROR] Re-run Maven using the -X switch to enable full debug logging.
[ERROR] 
[ERROR] For more information about the errors and possible solutions, please read the following articles:
[ERROR] [Help 1] http://cwiki.apache.org/confluence/display/MAVEN/MojoFailureException
[ERROR] 
[ERROR] After correcting the problems, you can resume the build with the command
[ERROR]   mvn <args> -rf :apache-rat-plugin
error: Bad exit status from /usr/src/tmp/rpm-tmp.55561 (%build)


RPM build errors:
    Bad exit status from /usr/src/tmp/rpm-tmp.55561 (%build)
Command exited with non-zero status 1
28.43user 4.41system 0:06.18elapsed 530%CPU (0avgtext+0avgdata 832940maxresident)k
0inputs+0outputs (0major+200414minor)pagefaults 0swaps
hsh-rebuild: rebuild of `apache-rat-0.13-alt1_9jpp11.src.rpm' failed.
Command exited with non-zero status 1
11.65user 3.87system 0:31.06elapsed 49%CPU (0avgtext+0avgdata 140928maxresident)k
528inputs+0outputs (0major+349340minor)pagefaults 0swaps
