<86>May 16 05:39:55 userdel[593522]: delete user 'rooter'
<86>May 16 05:39:55 userdel[593522]: removed group 'rooter' owned by 'rooter'
<86>May 16 05:39:55 userdel[593522]: removed shadow group 'rooter' owned by 'rooter'
<86>May 16 05:39:55 groupadd[593547]: group added to /etc/group: name=rooter, GID=1292
<86>May 16 05:39:55 groupadd[593547]: group added to /etc/gshadow: name=rooter
<86>May 16 05:39:55 groupadd[593547]: new group: name=rooter, GID=1292
<86>May 16 05:39:55 useradd[593572]: new user: name=rooter, UID=1292, GID=1292, home=/root, shell=/bin/bash, from=none
<86>May 16 05:39:55 userdel[593601]: delete user 'builder'
<86>May 16 05:39:55 userdel[593601]: removed group 'builder' owned by 'builder'
<86>May 16 05:39:55 userdel[593601]: removed shadow group 'builder' owned by 'builder'
<86>May 16 05:39:55 groupadd[593629]: group added to /etc/group: name=builder, GID=1293
<86>May 16 05:39:55 groupadd[593629]: group added to /etc/gshadow: name=builder
<86>May 16 05:39:55 groupadd[593629]: new group: name=builder, GID=1293
<86>May 16 05:39:55 useradd[593652]: new user: name=builder, UID=1293, GID=1293, home=/usr/src, shell=/bin/bash, from=none
/usr/src/in/srpm/byte-buddy-1.12.0-alt1_3jpp11.src.rpm: license not found in '/usr/share/license' directory: ASL
/usr/src/in/srpm/byte-buddy-1.12.0-alt1_3jpp11.src.rpm: license not found in '/usr/share/license' directory: 2.0
warning: Macro %pom_disable_module not found
warning: Macro %pom_disable_module not found
warning: Macro %pom_disable_module not found
warning: Macro %pom_disable_module not found
warning: Macro %pom_remove_plugin not found
warning: Macro %pom_remove_plugin not found
warning: Macro %pom_remove_plugin not found
warning: Macro %pom_remove_plugin not found
warning: Macro %pom_remove_plugin not found
warning: Macro %pom_remove_plugin not found
warning: Macro %pom_remove_plugin not found
warning: Macro %pom_remove_plugin not found
warning: Macro %pom_remove_plugin not found
warning: Macro %pom_remove_plugin not found
warning: Macro %pom_xpath_set not found
warning: Macro %pom_remove_dep not found
warning: Macro %pom_remove_plugin not found
warning: Macro %pom_remove_dep not found
warning: Macro %pom_remove_plugin not found
warning: Macro %pom_remove_plugin not found
warning: Macro %pom_remove_dep not found
warning: Macro %pom_remove_dep not found
warning: Macro %pom_remove_dep not found
warning: Macro %pom_remove_dep not found
warning: Macro %pom_remove_dep not found
warning: Macro %pom_remove_dep not found
warning: Macro %mvn_build not found
warning: Macro %mvn_install not found
<13>May 16 05:40:06 rpmi: javapackages-filesystem-1:6.0.0-alt3 sisyphus+378353.100.1.1 1742277151 installed
<13>May 16 05:40:06 rpmi: plexus-utils-0:3.3.0-alt1_7jpp11 sisyphus+283216.100.1.3 1629255397 installed
<13>May 16 05:40:06 rpmi: apache-commons-io-1:2.11.0-alt1_2jpp11 sisyphus+318723.100.1.1 1681807648 installed
<13>May 16 05:40:06 rpmi: maven-shared-utils-3.3.4-alt1_2jpp11 sisyphus+302881.100.1.1 1656671461 installed
<13>May 16 05:40:06 rpmi: slf4j-0:1.7.36-alt1 sisyphus+382913.300.3.1 1746015802 installed
<13>May 16 05:40:06 rpmi: plexus-containers-component-annotations-0:2.1.1-alt1_2jpp11 sisyphus+318726.100.1.3 1681809130 installed
<13>May 16 05:40:06 rpmi: atinject-0:1.0.5-alt1_3jpp11 sisyphus+303043.100.1.1 1656765531 installed
<13>May 16 05:40:06 rpmi: apache-commons-lang3-3.17.0-alt1 sisyphus+382425.100.5.2 1747315776 installed
<13>May 16 05:40:06 rpmi: javapackages-tools-1:6.0.0-alt3 sisyphus+378353.100.1.1 1742277151 installed
<13>May 16 05:40:06 rpmi: objectweb-asm-0:9.3-alt1_2jpp11 sisyphus+317150.100.1.2 1679414664 installed
<13>May 16 05:40:06 rpmi: plexus-interpolation-0:1.26-alt1_12jpp11 sisyphus+317222.100.1.2 1679506704 installed
<13>May 16 05:40:06 rpmi: apache-commons-compress-0:1.21-alt1_1jpp11 sisyphus+282760.100.1.3 1629016378 installed
<13>May 16 05:40:06 rpmi: cdi-api-2.0.2-alt1_3jpp11 sisyphus+300684.100.1.1 1653577326 installed
<13>May 16 05:40:06 rpmi: plexus-cipher-2.0-alt1_2jpp11 sisyphus+318725.100.1.2 1681808079 installed
<13>May 16 05:40:06 rpmi: jcl-over-slf4j-0:1.7.36-alt1 sisyphus+382913.300.3.1 1746015802 installed
<13>May 16 05:40:06 rpmi: plexus-build-api-0:0.0.7-alt3_36jpp11 sisyphus+303029.100.1.3 1656759159 installed
<13>May 16 05:40:06 rpmi: httpcomponents-core-4.4.13-alt1_4jpp11 sisyphus+283282.100.1.3 1629308546 installed
<13>May 16 05:40:06 rpmi: plexus-classworlds-0:2.6.0-alt1_12jpp11 sisyphus+317221.100.1.2 1679504163 installed
<13>May 16 05:40:06 rpmi: sisu-2:0.3.5-alt1_2jpp11 sisyphus+318727.100.1.3 1681808440 installed
<13>May 16 05:40:06 rpmi: qdox-1:2.0.0-alt1_9jpp11 sisyphus+383527.200.1.1 1746616019 installed
<13>May 16 05:40:06 rpmi: plexus-languages-1.1.1-alt1_2jpp11 sisyphus+317156.100.1.3 1679417212 installed
<13>May 16 05:40:06 rpmi: plexus-sec-dispatcher-2.0-alt1 sisyphus+382157.100.1.1 1745096363 installed
<13>May 16 05:40:06 rpmi: byte-buddy-1.12.0-alt1_3jpp11 sisyphus+303411.100.1.1 1657454125 installed
<13>May 16 05:40:06 rpmi: apache-commons-cli-0:1.5.0-alt1_3jpp11 sisyphus+303041.100.1.3 1656766127 installed
<13>May 16 05:40:06 rpmi: apache-commons-codec-0:1.15-alt1_4jpp11 sisyphus+283206.100.1.2 1629250805 installed
<13>May 16 05:40:06 rpmi: jakarta-annotations-1.3.5-alt1_11jpp11 sisyphus+300688.100.1.1 1653578883 installed
<13>May 16 05:40:06 rpmi: jansi-0:2.4.0-alt1_7jpp11 sisyphus+317216.100.1.3 1679501794 installed
<13>May 16 05:40:06 rpmi: xmvn-core-4.0.0-alt1_8jpp11 sisyphus+303446.100.1.1 1657533450 installed
<13>May 16 05:40:06 rpmi: opentest4j-1.2.0-alt1_10jpp11 sisyphus+303026.100.1.2 1656757807 installed
<13>May 16 05:40:06 rpmi: libpng16-1.6.42-alt2 sisyphus+339555.100.1.1 1706781682 installed
<13>May 16 05:40:06 rpmi: assertj-core-3.19.0-alt1_3jpp11 sisyphus+301632.100.1.1 1654767506 installed
<13>May 16 05:40:06 rpmi: java-common-1.7.0-alt1 sisyphus+333533.100.1.1 1699037019 installed
<13>May 16 05:40:06 rpmi: plexus-compiler-0:2.11.1-alt1_2jpp11 sisyphus+317154.100.1.3 1679416547 installed
<13>May 16 05:40:06 rpmi: plexus-io-0:3.2.0-alt1_9jpp11 sisyphus+303270.100.1.1 1657178206 installed
<13>May 16 05:40:07 rpmi: ant-lib-0:1.10.12-alt1_8jpp11 sisyphus+317214.100.1.1 1679497453 installed
<13>May 16 05:40:07 rpmi: apiguardian-1.1.2-alt1_3jpp11 sisyphus+303042.100.1.1 1656765526 installed
<13>May 16 05:40:07 rpmi: osgi-annotation-8.0.1-alt1_4jpp11 sisyphus+303064.100.1.3 1656770624 installed
<13>May 16 05:40:07 rpmi: osgi-compendium-7.0.0-alt1_9jpp11 sisyphus+276612.100.1.2 1625154231 installed
<13>May 16 05:40:07 rpmi: osgi-core-8.0.0-alt1_3jpp11 sisyphus+283296.100.1.3 1629312763 installed
<13>May 16 05:40:07 rpmi: aqute-bnd-0:6.2.0-alt1_2jpp11 sisyphus+317096.100.1.2 1679397087 installed
<13>May 16 05:40:07 rpmi: aqute-bndlib-0:6.2.0-alt1_2jpp11 sisyphus+317096.100.1.2 1679397087 installed
<13>May 16 05:40:07 rpmi: beust-jcommander-1.78-alt1_7jpp11 sisyphus+281813.100.1.1 1628094307 installed
<13>May 16 05:40:07 rpmi: xmvn-tools-4.0.0-alt1_8jpp11 sisyphus+303446.100.1.1 1657533450 installed
<13>May 16 05:40:07 rpmi: byte-buddy-agent-1.12.0-alt1_3jpp11 sisyphus+303411.100.1.1 1657454125 installed
<13>May 16 05:40:07 rpmi: felix-utils-1.11.8-alt1_2jpp11 sisyphus+317104.100.1.2 1679400597 installed
<13>May 16 05:40:07 rpmi: jsr-305-1:3.0.2-alt1_3jpp11 sisyphus+283271.100.1.2 1629305577 installed
<13>May 16 05:40:07 rpmi: guava-31.0.1-alt2_3jpp11 sisyphus+384217.100.1.1 1747314227 installed
<13>May 16 05:40:07 rpmi: google-guice-0:4.2.3-alt1_6jpp11 sisyphus+300883.100.1.1 1653894654 installed
<13>May 16 05:40:07 rpmi: hamcrest-0:2.2-alt1_5jpp11 sisyphus+301728.200.1.1 1654860789 installed
<13>May 16 05:40:07 rpmi: junit-1:4.13.1-alt1_7jpp11 sisyphus+303013.100.1.2 1656753167 installed
<13>May 16 05:40:07 rpmi: jsoup-1.13.1-alt1_7jpp11 sisyphus+283208.100.1.3 1629252685 installed
<13>May 16 05:40:07 rpmi: univocity-parsers-2.9.1-alt1_6jpp11 sisyphus+303035.100.1.2 1656759759 installed
<13>May 16 05:40:07 rpmi: junit5-5.8.2-alt1 sisyphus+383557.100.1.1 1746628905 installed
<13>May 16 05:40:07 rpmi: xz-java-1.9-alt1_3jpp11 sisyphus+303072.100.1.2 1656772105 installed
<13>May 16 05:40:07 rpmi: plexus-archiver-0:4.2.7-alt1_2jpp11 sisyphus+317153.100.1.3 1679416196 installed
<13>May 16 05:40:07 rpmi: maven-plugin-annotations-3.6.4-alt1 sisyphus+383557.200.1.1 1746628968 installed
<13>May 16 05:40:07 rpmi: objenesis-0:3.1-alt1_7jpp11 sisyphus+302027.100.1.2 1655142031 installed
<13>May 16 05:40:07 rpmi: libprocps-3.3.17-alt8.g37f1060 sisyphus+330939.300.7.1 1697495403 installed
<13>May 16 05:40:07 rpmi: libxslt-1.1.39-alt1 sisyphus+349406.100.1.1 1716751806 installed
<13>May 16 05:40:07 rpmi: rpm-macros-java-1:6.0.0-alt3 sisyphus+378353.100.1.1 1742277151 installed
<13>May 16 05:40:07 rpmi: jurand-1.3.5-alt2 sisyphus+377872.100.1.1 1741880705 installed
<13>May 16 05:40:07 rpmi: rpm-macros-jurand-1.3.5-alt2 sisyphus+377872.100.1.1 1741880705 installed
<13>May 16 05:40:07 rpmi: libmpdec3-2.5.1-alt3 sisyphus+314490.500.5.1 1675432004 installed
<13>May 16 05:40:07 rpmi: libgdbm-1.8.3-alt10 sisyphus+346222.200.3.2 1716468404 installed
<13>May 16 05:40:07 rpmi: libexpat-2.7.1-alt1 sisyphus+379929.100.1.1 1743519381 installed
<13>May 16 05:40:07 rpmi: openssl-config-3.2.0-alt1 sisyphus+366659.140.4.1 1736956949 installed
<13>May 16 05:40:07 rpmi: libb2-0.98.1-alt1_1 sisyphus+291614.100.1.1 1638962877 installed
<13>May 16 05:40:07 rpmi: liblcms2-2.17-alt1 sisyphus+376290.10700.24.2 1745385260 installed
<13>May 16 05:40:07 rpmi: libjpeg-2:3.0.2-alt2.1 sisyphus+340135.100.1.1 1707449145 installed
<13>May 16 05:40:07 rpmi: libbrotlicommon-1.1.0-alt1 sisyphus+328501.100.1.1 1693598419 installed
<13>May 16 05:40:07 rpmi: libbrotlidec-1.1.0-alt1 sisyphus+328501.100.1.1 1693598419 installed
<13>May 16 05:40:07 rpmi: libgraphite2-1.3.14-alt2.1 sisyphus+279571.100.1.2 1626605111 installed
<13>May 16 05:40:07 rpmi: libharfbuzz-11.2.1-alt1 sisyphus+384013.100.1.1 1747136771 installed
<13>May 16 05:40:07 rpmi: libfreetype-2.13.3-alt1 sisyphus+355656.100.1.1 1724221064 installed
<13>May 16 05:40:07 rpmi: javazi-2024a-alt1 sisyphus+344801.200.1.1 1712691734 installed
<13>May 16 05:40:07 rpmi: libgif-4.1.6-alt4 sisyphus+379672.40.3.1 1746456932 installed
<13>May 16 05:40:07 rpmi: libX11-locales-3:1.8.11-alt1 sisyphus+373040.100.1.1 1738571640 installed
<13>May 16 05:40:07 rpmi: libXdmcp-1.1.5-alt1 sisyphus+343583.700.1.1 1711441061 installed
<13>May 16 05:40:07 rpmi: libXau-1.0.11-alt1 sisyphus+311428.100.1.1 1670577439 installed
<13>May 16 05:40:08 rpmi: libxcb-1.17.0-alt1 sisyphus+345308.200.1.1 1713342004 installed
<13>May 16 05:40:08 rpmi: libX11-3:1.8.11-alt1 sisyphus+373040.100.1.1 1738571640 installed
<13>May 16 05:40:08 rpmi: libXext-1.3.6-alt1 sisyphus+343583.1000.1.1 1711441101 installed
<13>May 16 05:40:08 rpmi: libXi-1.8-alt1 sisyphus+285490.200.1.1 1632124174 installed
<13>May 16 05:40:08 rpmi: libXtst-1.2.4-alt1 sisyphus+308663.1300.1.1 1666168495 installed
<13>May 16 05:40:08 rpmi: libXrender-0.9.12-alt1 sisyphus+373121.100.1.1 1738654919 installed
<13>May 16 05:40:08 rpmi: publicsuffix-list-20250416-alt1 sisyphus+381887.100.1.1 1744900874 installed
<13>May 16 05:40:08 rpmi: httpcomponents-client-4.5.13-alt1_2jpp11 sisyphus+283281.100.1.3 1629307126 installed
<13>May 16 05:40:08 rpmi: maven-wagon-0:3.5.3-alt1 sisyphus+382913.400.3.1 1746015847 installed
<13>May 16 05:40:08 rpmi: maven-resolver-1:1.6.3-alt1 sisyphus+381949.100.1.1 1744966821 installed
<13>May 16 05:40:08 rpmi: xmvn-minimal-4.0.0-alt1_8jpp11 sisyphus+303446.100.1.1 1657533450 installed
<13>May 16 05:40:08 rpmi: maven-lib-1:3.8.8-alt1 sisyphus+382913.500.3.1 1746016050 installed
<13>May 16 05:40:08 rpmi: maven-1:3.8.8-alt1 sisyphus+382913.500.3.1 1746016050 installed
<13>May 16 05:40:08 rpmi: maven-plugin-tools-api-3.6.4-alt1 sisyphus+383557.200.1.1 1746628968 installed
<13>May 16 05:40:08 rpmi: maven-archiver-0:3.5.2-alt1_2jpp11 sisyphus+317140.100.1.2 1679410347 installed
<13>May 16 05:40:08 rpmi: maven-plugin-tools-annotations-3.6.4-alt1 sisyphus+383557.200.1.1 1746628968 installed
<13>May 16 05:40:08 rpmi: maven-plugin-tools-generators-3.6.4-alt1 sisyphus+383557.200.1.1 1746628968 installed
<13>May 16 05:40:08 rpmi: maven-plugin-tools-java-3.6.4-alt1 sisyphus+383557.200.1.1 1746628968 installed
<13>May 16 05:40:08 rpmi: maven-common-artifact-filters-3.2.0-alt1_3jpp11 sisyphus+303056.100.1.2 1656767734 installed
<13>May 16 05:40:08 rpmi: maven-surefire-0:3.2.2-alt1 sisyphus+383557.300.1.1 1746629043 installed
<13>May 16 05:40:08 rpmi: maven-surefire-provider-junit-0:3.2.2-alt1 sisyphus+383557.300.1.1 1746629043 installed
<13>May 16 05:40:08 rpmi: maven-surefire-provider-junit5-0:3.2.2-alt1 sisyphus+383557.300.1.1 1746629043 installed
<13>May 16 05:40:08 rpmi: maven-surefire-provider-testng-0:3.2.2-alt1 sisyphus+383557.300.1.1 1746629043 installed
<13>May 16 05:40:08 rpmi: maven-surefire-plugin-0:3.2.2-alt1 sisyphus+383557.300.1.1 1746629043 installed
<13>May 16 05:40:08 rpmi: maven-shared-incremental-1.1-alt1_23jpp11 sisyphus+282537.100.1.1 1628793339 installed
<13>May 16 05:40:08 rpmi: maven-compiler-plugin-3.8.1-alt1_10jpp11 sisyphus+282511.100.1.2 1628772929 installed
<13>May 16 05:40:08 rpmi: maven-dependency-tree-3.1.0-alt1_2jpp11 sisyphus+317142.100.1.2 1679412375 installed
<13>May 16 05:40:08 rpmi: maven-shared-io-1:3.0.0-alt1_17jpp11 sisyphus+303022.100.1.3 1656757260 installed
<13>May 16 05:40:08 rpmi: maven-file-management-1:3.0.0-alt1_17jpp11 sisyphus+303020.100.1.3 1656756699 installed
<13>May 16 05:40:08 rpmi: maven-jar-plugin-3.2.2-alt1_2jpp11 sisyphus+317144.100.1.3 1679413357 installed
<13>May 16 05:40:08 rpmi: maven-filtering-3.2.0-alt1_3jpp11 sisyphus+301764.100.1.2 1654889715 installed
<13>May 16 05:40:08 rpmi: maven-resources-plugin-3.2.0-alt1_4jpp11 sisyphus+282536.100.1.2 1628793650 installed
<13>May 16 05:40:08 rpmi: xmvn-mojo-4.0.0-alt1_8jpp11 sisyphus+303446.100.1.1 1657533450 installed
<13>May 16 05:40:08 rpmi: libp11-kit-1:0.25.5-alt1 sisyphus+352553.100.1.1 1720622573 installed
<13>May 16 05:40:08 rpmi: libtasn1-4.20.0-alt2 sisyphus+375829.100.1.1 1740299335 installed
<13>May 16 05:40:08 rpmi: rpm-macros-alternatives-0.5.3-alt1 sisyphus+371878.100.1.1 1737988822 installed
<13>May 16 05:40:08 rpmi: alternatives-0.5.3-alt1 sisyphus+371878.100.1.1 1737988822 installed
<13>May 16 05:40:08 rpmi: ca-certificates-2025.05.12-alt1 sisyphus+383903.200.2.1 1747060316 installed
<13>May 16 05:40:08 rpmi: ca-trust-0.2.0-alt1 sisyphus+344843.100.1.1 1712743326 installed
<13>May 16 05:40:08 rpmi: p11-kit-trust-1:0.25.5-alt1 sisyphus+352553.100.1.1 1720622573 installed
<13>May 16 05:40:08 rpmi: libcrypto3-3.3.3-alt1 sisyphus+374381.40.2.1 1739299401 installed
<13>May 16 05:40:08 rpmi: libssl3-3.3.3-alt1 sisyphus+374381.40.2.1 1739299401 installed
<13>May 16 05:40:08 rpmi: python3-3.12.10-alt1 sisyphus+381757.100.1.1 1744802808 installed
<13>May 16 05:40:09 rpmi: python3-base-3.12.10-alt1 sisyphus+381757.100.1.1 1744802808 installed
<13>May 16 05:40:09 rpmi: python3-module-six-1.17.0-alt1.1 sisyphus+373470.100.1.1 1738920023 installed
<13>May 16 05:40:09 rpmi: python3-module-genshi-0.7.9-alt2.1 sisyphus+376369.5100.10.1 1746628134 installed
<13>May 16 05:40:09 rpmi: python3-module-cssselect-1.3.0-alt1 sisyphus+377617.100.1.1 1741681780 installed
<13>May 16 05:40:09 rpmi: python3-module-webencodings-0.5.1-alt3 sisyphus+359244.100.1.1 1728381102 installed
<13>May 16 05:40:09 rpmi: python3-module-html5lib-1:1.1-alt1 sisyphus+278096.120.5.1 1626086978 installed
<13>May 16 05:40:09 rpmi: python3-module-lxml-5.4.0-alt1 sisyphus+382313.100.1.1 1745325124 installed
<13>May 16 05:40:09 rpmi: python3-module-javapackages-1:6.0.0-alt3 sisyphus+378353.100.1.1 1742277151 installed
<13>May 16 05:40:09 rpmi: rpm-build-java-1:6.0.0-alt3 sisyphus+378353.100.1.1 1742277151 installed
<13>May 16 05:40:09 rpmi: javapackages-local-1:6.0.0-alt3 sisyphus+378353.100.1.1 1742277151 installed
<13>May 16 05:40:09 rpmi: ca-trust-java-0.2.0-alt1 sisyphus+344843.100.1.1 1712743326 installed
<13>May 16 05:40:09 rpmi: java-stub-javadoc-0.1-alt1 sisyphus+276859.100.1.1 1625245070 installed
<13>May 16 05:40:09 rpmi: alsa-ucm-conf-1.2.13-alt2 sisyphus+379457.100.1.1 1743144589 installed
<13>May 16 05:40:09 rpmi: alsa-topology-conf-1.2.5.1-alt1 sisyphus+274777.100.1.1 1624089141 installed
<13>May 16 05:40:09 rpmi: libalsa-1:1.2.13-alt1 sisyphus+370533.200.1.1 1737298943 installed
<13>May 16 05:40:13 rpmi: java-11-openjdk-headless-0:11.0.27.0.6-alt1 sisyphus+382872.100.1.1 1745983997 installed
<13>May 16 05:40:13 rpmi: java-11-openjdk-0:11.0.27.0.6-alt1 sisyphus+382872.100.1.1 1745983997 installed
<13>May 16 05:40:14 rpmi: java-11-openjdk-devel-0:11.0.27.0.6-alt1 sisyphus+382872.100.1.1 1745983997 installed
<13>May 16 05:40:14 rpmi: jpackage-11-compat-0.43-alt1 sisyphus+338091.100.1.2 1705652445 installed
<13>May 16 05:40:14 rpmi: maven-local-1:6.0.0-alt3 sisyphus+378353.100.1.1 1742277151 installed
<13>May 16 05:40:14 rpmi: maven-plugin-build-helper-3.3.0-alt1_2jpp11 sisyphus+317145.100.1.3 1679413670 installed
<13>May 16 05:40:14 rpmi: maven-plugin-bundle-5.1.1-alt1_3jpp11 sisyphus+282795.100.1.1 1629029174 installed
<13>May 16 05:40:14 rpmi: maven-plugin-plugin-3.6.4-alt1 sisyphus+383557.200.1.1 1746628968 installed
<13>May 16 05:40:14 rpmi: mockito-5.17.0-alt1 sisyphus+382425.300.5.2 1747315818 installed
<13>May 16 05:40:14 rpmi: maven-plugin-testing-harness-3.3.0-alt2 sisyphus+382320.200.3.2 1745479069 installed
Building target platforms: x86_64
Building for target x86_64
Wrote: /usr/src/in/nosrpm/byte-buddy-1.12.0-alt1_3jpp11.nosrc.rpm (w1.gzdio)
Installing byte-buddy-1.12.0-alt1_3jpp11.src.rpm
Building target platforms: x86_64
Building for target x86_64
Executing(%prep): /bin/sh -e /usr/src/tmp/rpm-tmp.12592
+ umask 022
+ /bin/mkdir -p /usr/src/RPM/BUILD
+ cd /usr/src/RPM/BUILD
+ cd /usr/src/RPM/BUILD
+ rm -rf byte-buddy-byte-buddy-1.12.0
+ echo 'Source #0 (byte-buddy-1.12.0.tar.gz):'
Source #0 (byte-buddy-1.12.0.tar.gz):
+ /bin/tar -xf -
+ /usr/bin/gzip -dc /usr/src/RPM/SOURCES/byte-buddy-1.12.0.tar.gz
+ cd byte-buddy-byte-buddy-1.12.0
+ /bin/chmod -c -Rf u+rwX,go-w .
+ echo 'Patch #1 (0001-Avoid-bundling-asm.patch):'
Patch #1 (0001-Avoid-bundling-asm.patch):
+ /usr/bin/patch -p1
patching file byte-buddy/pom.xml
+ echo 'Patch #2 (0002-Remove-dependencies.patch):'
Patch #2 (0002-Remove-dependencies.patch):
+ /usr/bin/patch -p1
patching file byte-buddy-agent/src/main/java/net/bytebuddy/agent/VirtualMachine.java
patching file byte-buddy-dep/src/main/java/net/bytebuddy/dynamic/loading/ClassInjector.java
+ echo 'Patch #3 (0003-Remove-Java-14-tests.patch):'
Patch #3 (0003-Remove-Java-14-tests.patch):
+ /usr/bin/patch -p1
patching file byte-buddy-dep/src/precompiled/java/net/bytebuddy/test/precompiled/SampleRecord.java
+ echo 'Patch #4 (0004-Remove-JDK-15-sealed-classes.patch):'
Patch #4 (0004-Remove-JDK-15-sealed-classes.patch):
+ /usr/bin/patch -p1
patching file byte-buddy-dep/src/precompiled/java/net/bytebuddy/test/precompiled/Sealed.java
+ rm byte-buddy-agent/src/test/java/net/bytebuddy/agent/VirtualMachineAttachmentTest.java
+ rm byte-buddy-agent/src/test/java/net/bytebuddy/agent/VirtualMachineForOpenJ9Test.java
+ mv 'byte-buddy-dep/src/precompiled/java/net/bytebuddy/build/CachedReturnPlugin$Object.java' 'byte-buddy-dep/src/precompiled/java/net/bytebuddy/build/CachedReturnPlugin$boolean.java' 'byte-buddy-dep/src/precompiled/java/net/bytebuddy/build/CachedReturnPlugin$byte.java' 'byte-buddy-dep/src/precompiled/java/net/bytebuddy/build/CachedReturnPlugin$char.java' 'byte-buddy-dep/src/precompiled/java/net/bytebuddy/build/CachedReturnPlugin$double.java' 'byte-buddy-dep/src/precompiled/java/net/bytebuddy/build/CachedReturnPlugin$float.java' 'byte-buddy-dep/src/precompiled/java/net/bytebuddy/build/CachedReturnPlugin$int.java' 'byte-buddy-dep/src/precompiled/java/net/bytebuddy/build/CachedReturnPlugin$long.java' 'byte-buddy-dep/src/precompiled/java/net/bytebuddy/build/CachedReturnPlugin$short.java' byte-buddy-dep/src/main/java/net/bytebuddy/build
+ mkdir -p byte-buddy-dep/src/test/java/net/bytebuddy/test/precompiled/
+ mv byte-buddy-dep/src/precompiled/java/net/bytebuddy/test/precompiled/AdviceBootstrap.java byte-buddy-dep/src/precompiled/java/net/bytebuddy/test/precompiled/DelegationDefaultInterface.java byte-buddy-dep/src/precompiled/java/net/bytebuddy/test/precompiled/DelegationDefaultTarget.java byte-buddy-dep/src/precompiled/java/net/bytebuddy/test/precompiled/DelegationDefaultTargetExplicit.java byte-buddy-dep/src/precompiled/java/net/bytebuddy/test/precompiled/DelegationDefaultTargetSerializable.java byte-buddy-dep/src/precompiled/java/net/bytebuddy/test/precompiled/DynamicConstantBootstrap.java byte-buddy-dep/src/precompiled/java/net/bytebuddy/test/precompiled/DynamicInvokeBootstrap.java byte-buddy-dep/src/precompiled/java/net/bytebuddy/test/precompiled/DynamicSampleBootstrap.java byte-buddy-dep/src/precompiled/java/net/bytebuddy/test/precompiled/Jsr14Sample.java byte-buddy-dep/src/precompiled/java/net/bytebuddy/test/precompiled/LambdaSampleFactory.java byte-buddy-dep/src/precompiled/java/net/bytebuddy/test/precompiled/LegacyInterface.java byte-buddy-dep/src/precompiled/java/net/bytebuddy/test/precompiled/MorphDefaultDelegationTargetExplicit.java byte-buddy-dep/src/precompiled/java/net/bytebuddy/test/precompiled/MorphDefaultDelegationTargetImplicit.java byte-buddy-dep/src/precompiled/java/net/bytebuddy/test/precompiled/MorphDefaultInterface.java byte-buddy-dep/src/precompiled/java/net/bytebuddy/test/precompiled/OriginExecutable.java byte-buddy-dep/src/precompiled/java/net/bytebuddy/test/precompiled/OriginExecutableWithCache.java byte-buddy-dep/src/precompiled/java/net/bytebuddy/test/precompiled/OriginMethodHandle.java byte-buddy-dep/src/precompiled/java/net/bytebuddy/test/precompiled/OriginMethodType.java byte-buddy-dep/src/precompiled/java/net/bytebuddy/test/precompiled/OtherTypeAnnotation.java byte-buddy-dep/src/precompiled/java/net/bytebuddy/test/precompiled/ParameterNames.java byte-buddy-dep/src/precompiled/java/net/bytebuddy/test/precompiled/ReceiverTypeSample.java byte-buddy-dep/src/precompiled/java/net/bytebuddy/test/precompiled/ReturnTypeInterfaceBridge.java byte-buddy-dep/src/precompiled/java/net/bytebuddy/test/precompiled/ReturnTypeInterfaceBridgeBase.java byte-buddy-dep/src/precompiled/java/net/bytebuddy/test/precompiled/SimpleTypeAnnotatedType.java byte-buddy-dep/src/precompiled/java/net/bytebuddy/test/precompiled/SingleDefaultMethodClass.java byte-buddy-dep/src/precompiled/java/net/bytebuddy/test/precompiled/SingleDefaultMethodConflictingInterface.java byte-buddy-dep/src/precompiled/java/net/bytebuddy/test/precompiled/SingleDefaultMethodConflictingPreferringInterceptor.java byte-buddy-dep/src/precompiled/java/net/bytebuddy/test/precompiled/SingleDefaultMethodInterface.java byte-buddy-dep/src/precompiled/java/net/bytebuddy/test/precompiled/SingleDefaultMethodNonOverridingInterface.java byte-buddy-dep/src/precompiled/java/net/bytebuddy/test/precompiled/SingleDefaultMethodPreferringInterceptor.java byte-buddy-dep/src/precompiled/java/net/bytebuddy/test/precompiled/TypeAnnotation.java byte-buddy-dep/src/precompiled/java/net/bytebuddy/test/precompiled/TypeAnnotationOtherSamples.java byte-buddy-dep/src/precompiled/java/net/bytebuddy/test/precompiled/TypeAnnotationSamples.java byte-buddy-dep/src/precompiled/java/net/bytebuddy/test/precompiled/TypeConstantSample.java byte-buddy-dep/src/precompiled/java/net/bytebuddy/test/precompiled/TypeVariableInterfaceBridge.java byte-buddy-dep/src/precompiled/java/net/bytebuddy/test/precompiled/TypeVariableInterfaceBridgeBase.java byte-buddy-dep/src/test/java/net/bytebuddy/test/precompiled/
+ /usr/bin/python3 /usr/share/java-utils/pom_editor.py pom_disable_module byte-buddy-android
+ /usr/bin/python3 /usr/share/java-utils/pom_editor.py pom_disable_module byte-buddy-android-test
+ /usr/bin/python3 /usr/share/java-utils/pom_editor.py pom_disable_module byte-buddy-benchmark
+ /usr/bin/python3 /usr/share/java-utils/pom_editor.py pom_disable_module byte-buddy-gradle-plugin
+ /usr/bin/python3 /usr/share/java-utils/pom_editor.py pom_remove_plugin :jacoco-maven-plugin
+ /usr/bin/python3 /usr/share/java-utils/pom_editor.py pom_remove_plugin :license-maven-plugin
+ /usr/bin/python3 /usr/share/java-utils/pom_editor.py pom_remove_plugin :pitest-maven
+ /usr/bin/python3 /usr/share/java-utils/pom_editor.py pom_remove_plugin :coveralls-maven-plugin
+ /usr/bin/python3 /usr/share/java-utils/pom_editor.py pom_remove_plugin :spotbugs-maven-plugin
+ /usr/bin/python3 /usr/share/java-utils/pom_editor.py pom_remove_plugin :jitwatch-jarscan-maven-plugin
+ /usr/bin/python3 /usr/share/java-utils/pom_editor.py pom_remove_plugin :clirr-maven-plugin
+ /usr/bin/python3 /usr/share/java-utils/pom_editor.py pom_remove_plugin :maven-release-plugin
+ /usr/bin/python3 /usr/share/java-utils/pom_editor.py pom_remove_plugin :nexus-staging-maven-plugin
+ /usr/bin/python3 /usr/share/java-utils/pom_editor.py pom_remove_plugin :byte-buddy-maven-plugin byte-buddy-dep
+ /usr/bin/python3 /usr/share/java-utils/pom_editor.py pom_xpath_set pom:createSourcesJar false byte-buddy
+ /usr/bin/python3 /usr/share/java-utils/pom_editor.py pom_remove_dep :findbugs-annotations
++ grep -lr SuppressFBWarnings
+ sed -i -e /SuppressFBWarnings/d byte-buddy-android/src/main/java/net/bytebuddy/android/AndroidClassLoadingStrategy.java byte-buddy-maven-plugin/src/main/java/net/bytebuddy/build/maven/Transformation.java byte-buddy-maven-plugin/src/main/java/net/bytebuddy/build/maven/Initialization.java byte-buddy-maven-plugin/src/main/java/net/bytebuddy/build/maven/CoordinateConfiguration.java byte-buddy-maven-plugin/src/main/java/net/bytebuddy/build/maven/PluginArgument.java byte-buddy-dep/src/main/java/net/bytebuddy/TypeCache.java byte-buddy-dep/src/main/java/net/bytebuddy/agent/builder/AgentBuilder.java byte-buddy-dep/src/main/java/net/bytebuddy/agent/builder/LambdaFactory.java byte-buddy-dep/src/main/java/net/bytebuddy/dynamic/loading/InjectionClassLoader.java byte-buddy-dep/src/main/java/net/bytebuddy/dynamic/loading/ClassReloadingStrategy.java byte-buddy-dep/src/main/java/net/bytebuddy/dynamic/loading/ByteArrayClassLoader.java byte-buddy-dep/src/main/java/net/bytebuddy/dynamic/loading/MultipleParentClassLoader.java byte-buddy-dep/src/main/java/net/bytebuddy/dynamic/loading/PackageDefinitionStrategy.java byte-buddy-dep/src/main/java/net/bytebuddy/dynamic/scaffold/MethodGraph.java byte-buddy-dep/src/main/java/net/bytebuddy/dynamic/scaffold/TypeWriter.java byte-buddy-dep/src/main/java/net/bytebuddy/dynamic/TypeResolutionStrategy.java byte-buddy-dep/src/main/java/net/bytebuddy/dynamic/ClassFileLocator.java byte-buddy-dep/src/main/java/net/bytebuddy/dynamic/NexusAccessor.java byte-buddy-dep/src/main/java/net/bytebuddy/dynamic/DynamicType.java byte-buddy-dep/src/main/java/net/bytebuddy/asm/Advice.java byte-buddy-dep/src/main/java/net/bytebuddy/asm/TypeConstantAdjustment.java byte-buddy-dep/src/main/java/net/bytebuddy/asm/MemberSubstitution.java byte-buddy-dep/src/main/java/net/bytebuddy/implementation/bind/MethodDelegationBinder.java byte-buddy-dep/src/main/java/net/bytebuddy/implementation/bind/annotation/Pipe.java byte-buddy-dep/src/main/java/net/bytebuddy/implementation/bind/annotation/TargetMethodAnnotationDrivenBinder.java byte-buddy-dep/src/main/java/net/bytebuddy/implementation/InvokeDynamic.java byte-buddy-dep/src/main/java/net/bytebuddy/implementation/bytecode/assign/Assigner.java byte-buddy-dep/src/main/java/net/bytebuddy/implementation/bytecode/constant/MethodConstant.java byte-buddy-dep/src/main/java/net/bytebuddy/implementation/EqualsMethod.java byte-buddy-dep/src/main/java/net/bytebuddy/implementation/LoadedTypeInitializer.java byte-buddy-dep/src/main/java/net/bytebuddy/implementation/auxiliary/AuxiliaryType.java byte-buddy-dep/src/main/java/net/bytebuddy/implementation/auxiliary/MethodCallProxy.java byte-buddy-dep/src/main/java/net/bytebuddy/implementation/auxiliary/TypeProxy.java byte-buddy-dep/src/main/java/net/bytebuddy/ClassFileVersion.java byte-buddy-dep/src/main/java/net/bytebuddy/matcher/CollectionSizeMatcher.java byte-buddy-dep/src/main/java/net/bytebuddy/matcher/CachingMatcher.java byte-buddy-dep/src/main/java/net/bytebuddy/matcher/StringMatcher.java 'byte-buddy-dep/src/main/java/net/bytebuddy/build/CachedReturnPlugin$short.java' 'byte-buddy-dep/src/main/java/net/bytebuddy/build/CachedReturnPlugin$long.java' 'byte-buddy-dep/src/main/java/net/bytebuddy/build/CachedReturnPlugin$int.java' 'byte-buddy-dep/src/main/java/net/bytebuddy/build/CachedReturnPlugin$float.java' 'byte-buddy-dep/src/main/java/net/bytebuddy/build/CachedReturnPlugin$double.java' 'byte-buddy-dep/src/main/java/net/bytebuddy/build/CachedReturnPlugin$char.java' 'byte-buddy-dep/src/main/java/net/bytebuddy/build/CachedReturnPlugin$byte.java' 'byte-buddy-dep/src/main/java/net/bytebuddy/build/CachedReturnPlugin$boolean.java' 'byte-buddy-dep/src/main/java/net/bytebuddy/build/CachedReturnPlugin$Object.java' byte-buddy-dep/src/main/java/net/bytebuddy/build/Plugin.java byte-buddy-dep/src/main/java/net/bytebuddy/build/AccessControllerPlugin.java byte-buddy-dep/src/main/java/net/bytebuddy/build/EntryPoint.java byte-buddy-dep/src/main/java/net/bytebuddy/pool/TypePool.java byte-buddy-dep/src/main/java/net/bytebuddy/description/method/ParameterDescription.java byte-buddy-dep/src/main/java/net/bytebuddy/description/type/TypeList.java byte-buddy-dep/src/main/java/net/bytebuddy/description/type/TypeDescription.java byte-buddy-dep/src/main/java/net/bytebuddy/description/annotation/AnnotationDescription.java byte-buddy-dep/src/main/java/net/bytebuddy/utility/GraalImageCode.java byte-buddy-dep/src/main/java/net/bytebuddy/utility/privilege/GetMethodAction.java byte-buddy-dep/src/main/java/net/bytebuddy/utility/visitor/StackAwareMethodVisitor.java byte-buddy-dep/src/main/java/net/bytebuddy/utility/visitor/LocalVariableAwareMethodVisitor.java byte-buddy-dep/src/main/java/net/bytebuddy/utility/dispatcher/JavaDispatcher.java byte-buddy-agent/src/main/java/net/bytebuddy/agent/ByteBuddyAgent.java byte-buddy-agent/src/main/java/net/bytebuddy/agent/Attacher.java
+ /usr/bin/python3 /usr/share/java-utils/pom_editor.py pom_remove_plugin -r :modulemaker-maven-plugin
+ /usr/bin/python3 /usr/share/java-utils/pom_editor.py pom_remove_dep org.ow2.asm:asm-deprecated
+ /usr/bin/python3 /usr/share/java-utils/pom_editor.py pom_remove_plugin :maven-shade-plugin byte-buddy
+ /usr/bin/python3 /usr/share/java-utils/pom_editor.py pom_remove_plugin :maven-shade-plugin byte-buddy-benchmark
+ /usr/bin/python3 /usr/share/java-utils/pom_editor.py pom_remove_dep net.java.dev.jna:jna byte-buddy
+ /usr/bin/python3 /usr/share/java-utils/pom_editor.py pom_remove_dep net.java.dev.jna:jna byte-buddy-dep
+ /usr/bin/python3 /usr/share/java-utils/pom_editor.py pom_remove_dep net.java.dev.jna:jna byte-buddy-agent
+ /usr/bin/python3 /usr/share/java-utils/pom_editor.py pom_remove_dep net.java.dev.jna:jna-platform byte-buddy
+ /usr/bin/python3 /usr/share/java-utils/pom_editor.py pom_remove_dep net.java.dev.jna:jna-platform byte-buddy-dep
+ /usr/bin/python3 /usr/share/java-utils/pom_editor.py pom_remove_dep net.java.dev.jna:jna-platform byte-buddy-agent
+ exit 0
Executing(%build): /bin/sh -e /usr/src/tmp/rpm-tmp.86832
+ umask 022
+ /bin/mkdir -p /usr/src/RPM/BUILD
+ cd /usr/src/RPM/BUILD
+ cd byte-buddy-byte-buddy-1.12.0
+ /usr/bin/python3 /usr/share/java-utils/mvn_build.py --xmvn-javadoc -s -- -Dmaven.compiler.source=1.8 -Dmaven.compiler.target=1.8 -Dmaven.javadoc.source=1.8 -Dmaven.compiler.release=8 '-Pjava8,!checks' -Dsourcecode.test.version=1.8 -Dmaven.test.failure.ignore=true
Executing: xmvn --batch-mode --offline -Dmaven.compiler.source=1.8 -Dmaven.compiler.target=1.8 -Dmaven.javadoc.source=1.8 -Dmaven.compiler.release=8 -Pjava8,!checks -Dsourcecode.test.version=1.8 -Dmaven.test.failure.ignore=true verify org.fedoraproject.xmvn:xmvn-mojo:install org.fedoraproject.xmvn:xmvn-mojo:javadoc org.fedoraproject.xmvn:xmvn-mojo:builddep
['xmvn', '--batch-mode', '--offline', '-Dmaven.compiler.source=1.8', '-Dmaven.compiler.target=1.8', '-Dmaven.javadoc.source=1.8', '-Dmaven.compiler.release=8', '-Pjava8,!checks', '-Dsourcecode.test.version=1.8', '-Dmaven.test.failure.ignore=true', 'verify', 'org.fedoraproject.xmvn:xmvn-mojo:install', 'org.fedoraproject.xmvn:xmvn-mojo:javadoc', 'org.fedoraproject.xmvn:xmvn-mojo:builddep']
[INFO] Scanning for projects...
[INFO] ------------------------------------------------------------------------
[INFO] Reactor Build Order:
[INFO] 
[INFO] Byte Buddy (parent)                                                [pom]
[INFO] Byte Buddy agent                                                   [jar]
[INFO] Byte Buddy (with dependencies)                                     [jar]
[INFO] Byte Buddy (without dependencies)                                  [jar]
[INFO] Byte Buddy Maven plugin                                   [maven-plugin]
[INFO] 
[INFO] ------------------< net.bytebuddy:byte-buddy-parent >-------------------
[INFO] Building Byte Buddy (parent) 1.12.0                                [1/5]
[INFO]   from pom.xml
[INFO] --------------------------------[ pom ]---------------------------------
[INFO] 
[INFO] -------------------< net.bytebuddy:byte-buddy-agent >-------------------
[INFO] Building Byte Buddy agent 1.12.0                                   [2/5]
[INFO]   from byte-buddy-agent/pom.xml
[INFO] --------------------------------[ jar ]---------------------------------
[INFO] 
[INFO] --- maven-resources-plugin:3.2.0:resources (default-resources) @ byte-buddy-agent ---
[INFO] Using 'UTF-8' encoding to copy filtered resources.
[INFO] Using 'UTF-8' encoding to copy filtered properties files.
[INFO] Copying 0 resource
[INFO] Copying 2 resources to META-INF
[INFO] 
[INFO] --- maven-compiler-plugin:3.8.1:compile (default-compile) @ byte-buddy-agent ---
[INFO] Changes detected - recompiling the module!
[INFO] Compiling 5 source files to /usr/src/RPM/BUILD/byte-buddy-byte-buddy-1.12.0/byte-buddy-agent/target/classes
[INFO] 
[INFO] --- maven-bundle-plugin:5.1.1:manifest (default) @ byte-buddy-agent ---
[INFO] 
[INFO] --- maven-resources-plugin:3.2.0:testResources (default-testResources) @ byte-buddy-agent ---
[INFO] Using 'UTF-8' encoding to copy filtered resources.
[INFO] Using 'UTF-8' encoding to copy filtered properties files.
[INFO] skip non existing resourceDirectory /usr/src/RPM/BUILD/byte-buddy-byte-buddy-1.12.0/byte-buddy-agent/src/test/resources
[INFO] 
[INFO] --- maven-compiler-plugin:3.8.1:testCompile (default-testCompile) @ byte-buddy-agent ---
[INFO] Changes detected - recompiling the module!
[INFO] Compiling 12 source files to /usr/src/RPM/BUILD/byte-buddy-byte-buddy-1.12.0/byte-buddy-agent/target/test-classes
[INFO] -------------------------------------------------------------
[ERROR] COMPILATION ERROR : 
[INFO] -------------------------------------------------------------
[ERROR] /usr/src/RPM/BUILD/byte-buddy-byte-buddy-1.12.0/byte-buddy-agent/src/test/java/net/bytebuddy/agent/VirtualMachineForHotSpotTest.java:[4,19] package org.mockito does not exist
[ERROR] /usr/src/RPM/BUILD/byte-buddy-byte-buddy-1.12.0/byte-buddy-agent/src/test/java/net/bytebuddy/agent/VirtualMachineForHotSpotTest.java:[5,30] package org.mockito.invocation does not exist
[ERROR] /usr/src/RPM/BUILD/byte-buddy-byte-buddy-1.12.0/byte-buddy-agent/src/test/java/net/bytebuddy/agent/VirtualMachineForHotSpotTest.java:[6,28] package org.mockito.stubbing does not exist
[ERROR] /usr/src/RPM/BUILD/byte-buddy-byte-buddy-1.12.0/byte-buddy-agent/src/test/java/net/bytebuddy/agent/VirtualMachineForHotSpotTest.java:[13,26] package org.mockito does not exist
[ERROR] /usr/src/RPM/BUILD/byte-buddy-byte-buddy-1.12.0/byte-buddy-agent/src/test/java/net/bytebuddy/agent/VirtualMachineForHotSpotTest.java:[214,48] cannot find symbol
  symbol:   class Answer
  location: class net.bytebuddy.agent.VirtualMachineForHotSpotTest
[ERROR] /usr/src/RPM/BUILD/byte-buddy-byte-buddy-1.12.0/byte-buddy-agent/src/test/java/net/bytebuddy/agent/VirtualMachineForHotSpotTest.java:[222,31] cannot find symbol
  symbol:   class InvocationOnMock
  location: class net.bytebuddy.agent.VirtualMachineForHotSpotTest.ByteAnswer
[ERROR] /usr/src/RPM/BUILD/byte-buddy-byte-buddy-1.12.0/byte-buddy-agent/src/test/java/net/bytebuddy/agent/ByteBuddyAgentTest.java:[15,26] package org.mockito does not exist
[ERROR] /usr/src/RPM/BUILD/byte-buddy-byte-buddy-1.12.0/byte-buddy-agent/src/test/java/net/bytebuddy/agent/ByteBuddyAgentTest.java:[15,1] static import only from classes and interfaces
[ERROR] /usr/src/RPM/BUILD/byte-buddy-byte-buddy-1.12.0/byte-buddy-agent/src/test/java/net/bytebuddy/agent/InstallerTest.java:[9,19] package org.mockito does not exist
[ERROR] /usr/src/RPM/BUILD/byte-buddy-byte-buddy-1.12.0/byte-buddy-agent/src/test/java/net/bytebuddy/agent/ByteBuddyAgentAgentProviderTest.java:[9,26] package org.mockito does not exist
[ERROR] /usr/src/RPM/BUILD/byte-buddy-byte-buddy-1.12.0/byte-buddy-agent/src/test/java/net/bytebuddy/agent/ByteBuddyAgentAgentProviderTest.java:[9,1] static import only from classes and interfaces
[ERROR] /usr/src/RPM/BUILD/byte-buddy-byte-buddy-1.12.0/byte-buddy-agent/src/test/java/net/bytebuddy/agent/ByteBuddyAgentAgentProviderTest.java:[10,26] package org.mockito does not exist
[ERROR] /usr/src/RPM/BUILD/byte-buddy-byte-buddy-1.12.0/byte-buddy-agent/src/test/java/net/bytebuddy/agent/ByteBuddyAgentAgentProviderTest.java:[10,1] static import only from classes and interfaces
[ERROR] /usr/src/RPM/BUILD/byte-buddy-byte-buddy-1.12.0/byte-buddy-agent/src/test/java/net/bytebuddy/test/utility/MockitoRule.java:[6,19] package org.mockito does not exist
[ERROR] /usr/src/RPM/BUILD/byte-buddy-byte-buddy-1.12.0/byte-buddy-agent/src/test/java/net/bytebuddy/agent/ByteBuddyAgentAttachmentProviderTest.java:[11,26] package org.mockito does not exist
[ERROR] /usr/src/RPM/BUILD/byte-buddy-byte-buddy-1.12.0/byte-buddy-agent/src/test/java/net/bytebuddy/agent/ByteBuddyAgentAttachmentProviderTest.java:[11,1] static import only from classes and interfaces
[ERROR] /usr/src/RPM/BUILD/byte-buddy-byte-buddy-1.12.0/byte-buddy-agent/src/test/java/net/bytebuddy/agent/InstallerTest.java:[30,6] cannot find symbol
  symbol:   class Mock
  location: class net.bytebuddy.agent.InstallerTest
[ERROR] /usr/src/RPM/BUILD/byte-buddy-byte-buddy-1.12.0/byte-buddy-agent/src/test/java/net/bytebuddy/agent/VirtualMachineForHotSpotTest.java:[21,59] cannot find symbol
  symbol:   method mock(java.lang.Class<net.bytebuddy.agent.VirtualMachine.ForHotSpot.Connection>)
  location: class net.bytebuddy.agent.VirtualMachineForHotSpotTest
[ERROR] /usr/src/RPM/BUILD/byte-buddy-byte-buddy-1.12.0/byte-buddy-agent/src/test/java/net/bytebuddy/agent/VirtualMachineForHotSpotTest.java:[22,66] cannot find symbol
  symbol:   method mock(java.lang.Class<net.bytebuddy.agent.VirtualMachine.ForHotSpot.Connection.Response>)
  location: class net.bytebuddy.agent.VirtualMachineForHotSpotTest
[ERROR] /usr/src/RPM/BUILD/byte-buddy-byte-buddy-1.12.0/byte-buddy-agent/src/test/java/net/bytebuddy/agent/VirtualMachineForHotSpotTest.java:[23,9] cannot find symbol
  symbol:   method when(net.bytebuddy.agent.VirtualMachine.ForHotSpot.Connection.Response)
  location: class net.bytebuddy.agent.VirtualMachineForHotSpotTest
[ERROR] /usr/src/RPM/BUILD/byte-buddy-byte-buddy-1.12.0/byte-buddy-agent/src/test/java/net/bytebuddy/agent/VirtualMachineForHotSpotTest.java:[24,28] cannot find symbol
  symbol:   method any(java.lang.Class<byte[]>)
  location: class net.bytebuddy.agent.VirtualMachineForHotSpotTest
[ERROR] /usr/src/RPM/BUILD/byte-buddy-byte-buddy-1.12.0/byte-buddy-agent/src/test/java/net/bytebuddy/agent/VirtualMachineForHotSpotTest.java:[33,9] cannot find symbol
  symbol:   method verify(net.bytebuddy.agent.VirtualMachine.ForHotSpot.Connection)
  location: class net.bytebuddy.agent.VirtualMachineForHotSpotTest
[ERROR] /usr/src/RPM/BUILD/byte-buddy-byte-buddy-1.12.0/byte-buddy-agent/src/test/java/net/bytebuddy/agent/VirtualMachineForHotSpotTest.java:[34,9] cannot find symbol
  symbol:   method verify(net.bytebuddy.agent.VirtualMachine.ForHotSpot.Connection.Response)
  location: class net.bytebuddy.agent.VirtualMachineForHotSpotTest
[ERROR] /usr/src/RPM/BUILD/byte-buddy-byte-buddy-1.12.0/byte-buddy-agent/src/test/java/net/bytebuddy/agent/VirtualMachineForHotSpotTest.java:[35,9] cannot find symbol
  symbol:   method verifyNoMoreInteractions(net.bytebuddy.agent.VirtualMachine.ForHotSpot.Connection)
  location: class net.bytebuddy.agent.VirtualMachineForHotSpotTest
[ERROR] /usr/src/RPM/BUILD/byte-buddy-byte-buddy-1.12.0/byte-buddy-agent/src/test/java/net/bytebuddy/agent/VirtualMachineForHotSpotTest.java:[37,9] cannot find symbol
  symbol:   method verify(net.bytebuddy.agent.VirtualMachine.ForHotSpot.Connection)
  location: class net.bytebuddy.agent.VirtualMachineForHotSpotTest
[ERROR] /usr/src/RPM/BUILD/byte-buddy-byte-buddy-1.12.0/byte-buddy-agent/src/test/java/net/bytebuddy/agent/VirtualMachineForHotSpotTest.java:[42,59] cannot find symbol
  symbol:   method mock(java.lang.Class<net.bytebuddy.agent.VirtualMachine.ForHotSpot.Connection>)
  location: class net.bytebuddy.agent.VirtualMachineForHotSpotTest
[ERROR] /usr/src/RPM/BUILD/byte-buddy-byte-buddy-1.12.0/byte-buddy-agent/src/test/java/net/bytebuddy/agent/VirtualMachineForHotSpotTest.java:[43,66] cannot find symbol
  symbol:   method mock(java.lang.Class<net.bytebuddy.agent.VirtualMachine.ForHotSpot.Connection.Response>)
  location: class net.bytebuddy.agent.VirtualMachineForHotSpotTest
[ERROR] /usr/src/RPM/BUILD/byte-buddy-byte-buddy-1.12.0/byte-buddy-agent/src/test/java/net/bytebuddy/agent/VirtualMachineForHotSpotTest.java:[44,9] cannot find symbol
  symbol:   method when(net.bytebuddy.agent.VirtualMachine.ForHotSpot.Connection.Response)
  location: class net.bytebuddy.agent.VirtualMachineForHotSpotTest
[ERROR] /usr/src/RPM/BUILD/byte-buddy-byte-buddy-1.12.0/byte-buddy-agent/src/test/java/net/bytebuddy/agent/VirtualMachineForHotSpotTest.java:[45,28] cannot find symbol
  symbol:   method any(java.lang.Class<byte[]>)
  location: class net.bytebuddy.agent.VirtualMachineForHotSpotTest
[ERROR] /usr/src/RPM/BUILD/byte-buddy-byte-buddy-1.12.0/byte-buddy-agent/src/test/java/net/bytebuddy/agent/VirtualMachineForHotSpotTest.java:[54,9] cannot find symbol
  symbol:   method verify(net.bytebuddy.agent.VirtualMachine.ForHotSpot.Connection)
  location: class net.bytebuddy.agent.VirtualMachineForHotSpotTest
[ERROR] /usr/src/RPM/BUILD/byte-buddy-byte-buddy-1.12.0/byte-buddy-agent/src/test/java/net/bytebuddy/agent/VirtualMachineForHotSpotTest.java:[55,9] cannot find symbol
  symbol:   method verify(net.bytebuddy.agent.VirtualMachine.ForHotSpot.Connection.Response)
  location: class net.bytebuddy.agent.VirtualMachineForHotSpotTest
[ERROR] /usr/src/RPM/BUILD/byte-buddy-byte-buddy-1.12.0/byte-buddy-agent/src/test/java/net/bytebuddy/agent/VirtualMachineForHotSpotTest.java:[56,9] cannot find symbol
  symbol:   method verifyNoMoreInteractions(net.bytebuddy.agent.VirtualMachine.ForHotSpot.Connection)
  location: class net.bytebuddy.agent.VirtualMachineForHotSpotTest
[ERROR] /usr/src/RPM/BUILD/byte-buddy-byte-buddy-1.12.0/byte-buddy-agent/src/test/java/net/bytebuddy/agent/VirtualMachineForHotSpotTest.java:[58,9] cannot find symbol
  symbol:   method verify(net.bytebuddy.agent.VirtualMachine.ForHotSpot.Connection)
  location: class net.bytebuddy.agent.VirtualMachineForHotSpotTest
[ERROR] /usr/src/RPM/BUILD/byte-buddy-byte-buddy-1.12.0/byte-buddy-agent/src/test/java/net/bytebuddy/agent/VirtualMachineForHotSpotTest.java:[63,59] cannot find symbol
  symbol:   method mock(java.lang.Class<net.bytebuddy.agent.VirtualMachine.ForHotSpot.Connection>)
  location: class net.bytebuddy.agent.VirtualMachineForHotSpotTest
[ERROR] /usr/src/RPM/BUILD/byte-buddy-byte-buddy-1.12.0/byte-buddy-agent/src/test/java/net/bytebuddy/agent/VirtualMachineForHotSpotTest.java:[64,66] cannot find symbol
  symbol:   method mock(java.lang.Class<net.bytebuddy.agent.VirtualMachine.ForHotSpot.Connection.Response>)
  location: class net.bytebuddy.agent.VirtualMachineForHotSpotTest
[ERROR] /usr/src/RPM/BUILD/byte-buddy-byte-buddy-1.12.0/byte-buddy-agent/src/test/java/net/bytebuddy/agent/VirtualMachineForHotSpotTest.java:[65,9] cannot find symbol
  symbol:   method when(net.bytebuddy.agent.VirtualMachine.ForHotSpot.Connection.Response)
  location: class net.bytebuddy.agent.VirtualMachineForHotSpotTest
[ERROR] /usr/src/RPM/BUILD/byte-buddy-byte-buddy-1.12.0/byte-buddy-agent/src/test/java/net/bytebuddy/agent/VirtualMachineForHotSpotTest.java:[66,28] cannot find symbol
  symbol:   method any(java.lang.Class<byte[]>)
  location: class net.bytebuddy.agent.VirtualMachineForHotSpotTest
[ERROR] /usr/src/RPM/BUILD/byte-buddy-byte-buddy-1.12.0/byte-buddy-agent/src/test/java/net/bytebuddy/agent/VirtualMachineForHotSpotTest.java:[69,9] cannot find symbol
  symbol:   method verify(net.bytebuddy.agent.VirtualMachine.ForHotSpot.Connection)
  location: class net.bytebuddy.agent.VirtualMachineForHotSpotTest
[ERROR] /usr/src/RPM/BUILD/byte-buddy-byte-buddy-1.12.0/byte-buddy-agent/src/test/java/net/bytebuddy/agent/VirtualMachineForHotSpotTest.java:[70,9] cannot find symbol
  symbol:   method verify(net.bytebuddy.agent.VirtualMachine.ForHotSpot.Connection.Response)
  location: class net.bytebuddy.agent.VirtualMachineForHotSpotTest
[ERROR] /usr/src/RPM/BUILD/byte-buddy-byte-buddy-1.12.0/byte-buddy-agent/src/test/java/net/bytebuddy/agent/VirtualMachineForHotSpotTest.java:[71,9] cannot find symbol
  symbol:   method verifyNoMoreInteractions(net.bytebuddy.agent.VirtualMachine.ForHotSpot.Connection)
  location: class net.bytebuddy.agent.VirtualMachineForHotSpotTest
[ERROR] /usr/src/RPM/BUILD/byte-buddy-byte-buddy-1.12.0/byte-buddy-agent/src/test/java/net/bytebuddy/agent/VirtualMachineForHotSpotTest.java:[73,9] cannot find symbol
  symbol:   method verify(net.bytebuddy.agent.VirtualMachine.ForHotSpot.Connection)
  location: class net.bytebuddy.agent.VirtualMachineForHotSpotTest
[ERROR] /usr/src/RPM/BUILD/byte-buddy-byte-buddy-1.12.0/byte-buddy-agent/src/test/java/net/bytebuddy/agent/VirtualMachineForHotSpotTest.java:[78,59] cannot find symbol
  symbol:   method mock(java.lang.Class<net.bytebuddy.agent.VirtualMachine.ForHotSpot.Connection>)
  location: class net.bytebuddy.agent.VirtualMachineForHotSpotTest
[ERROR] /usr/src/RPM/BUILD/byte-buddy-byte-buddy-1.12.0/byte-buddy-agent/src/test/java/net/bytebuddy/agent/VirtualMachineForHotSpotTest.java:[79,66] cannot find symbol
  symbol:   method mock(java.lang.Class<net.bytebuddy.agent.VirtualMachine.ForHotSpot.Connection.Response>)
  location: class net.bytebuddy.agent.VirtualMachineForHotSpotTest
[ERROR] /usr/src/RPM/BUILD/byte-buddy-byte-buddy-1.12.0/byte-buddy-agent/src/test/java/net/bytebuddy/agent/VirtualMachineForHotSpotTest.java:[80,9] cannot find symbol
  symbol:   method when(net.bytebuddy.agent.VirtualMachine.ForHotSpot.Connection.Response)
  location: class net.bytebuddy.agent.VirtualMachineForHotSpotTest
[ERROR] /usr/src/RPM/BUILD/byte-buddy-byte-buddy-1.12.0/byte-buddy-agent/src/test/java/net/bytebuddy/agent/VirtualMachineForHotSpotTest.java:[81,28] cannot find symbol
  symbol:   method any(java.lang.Class<byte[]>)
  location: class net.bytebuddy.agent.VirtualMachineForHotSpotTest
[ERROR] /usr/src/RPM/BUILD/byte-buddy-byte-buddy-1.12.0/byte-buddy-agent/src/test/java/net/bytebuddy/agent/VirtualMachineForHotSpotTest.java:[84,9] cannot find symbol
  symbol:   method verify(net.bytebuddy.agent.VirtualMachine.ForHotSpot.Connection)
  location: class net.bytebuddy.agent.VirtualMachineForHotSpotTest
[ERROR] /usr/src/RPM/BUILD/byte-buddy-byte-buddy-1.12.0/byte-buddy-agent/src/test/java/net/bytebuddy/agent/VirtualMachineForHotSpotTest.java:[85,9] cannot find symbol
  symbol:   method verify(net.bytebuddy.agent.VirtualMachine.ForHotSpot.Connection.Response)
  location: class net.bytebuddy.agent.VirtualMachineForHotSpotTest
[ERROR] /usr/src/RPM/BUILD/byte-buddy-byte-buddy-1.12.0/byte-buddy-agent/src/test/java/net/bytebuddy/agent/VirtualMachineForHotSpotTest.java:[86,9] cannot find symbol
  symbol:   method verifyNoMoreInteractions(net.bytebuddy.agent.VirtualMachine.ForHotSpot.Connection)
  location: class net.bytebuddy.agent.VirtualMachineForHotSpotTest
[ERROR] /usr/src/RPM/BUILD/byte-buddy-byte-buddy-1.12.0/byte-buddy-agent/src/test/java/net/bytebuddy/agent/VirtualMachineForHotSpotTest.java:[88,9] cannot find symbol
  symbol:   method verify(net.bytebuddy.agent.VirtualMachine.ForHotSpot.Connection)
  location: class net.bytebuddy.agent.VirtualMachineForHotSpotTest
[ERROR] /usr/src/RPM/BUILD/byte-buddy-byte-buddy-1.12.0/byte-buddy-agent/src/test/java/net/bytebuddy/agent/VirtualMachineForHotSpotTest.java:[93,59] cannot find symbol
  symbol:   method mock(java.lang.Class<net.bytebuddy.agent.VirtualMachine.ForHotSpot.Connection>)
  location: class net.bytebuddy.agent.VirtualMachineForHotSpotTest
[ERROR] /usr/src/RPM/BUILD/byte-buddy-byte-buddy-1.12.0/byte-buddy-agent/src/test/java/net/bytebuddy/agent/VirtualMachineForHotSpotTest.java:[94,66] cannot find symbol
  symbol:   method mock(java.lang.Class<net.bytebuddy.agent.VirtualMachine.ForHotSpot.Connection.Response>)
  location: class net.bytebuddy.agent.VirtualMachineForHotSpotTest
[ERROR] /usr/src/RPM/BUILD/byte-buddy-byte-buddy-1.12.0/byte-buddy-agent/src/test/java/net/bytebuddy/agent/VirtualMachineForHotSpotTest.java:[95,9] cannot find symbol
  symbol:   method when(net.bytebuddy.agent.VirtualMachine.ForHotSpot.Connection.Response)
  location: class net.bytebuddy.agent.VirtualMachineForHotSpotTest
[ERROR] /usr/src/RPM/BUILD/byte-buddy-byte-buddy-1.12.0/byte-buddy-agent/src/test/java/net/bytebuddy/agent/VirtualMachineForHotSpotTest.java:[96,28] cannot find symbol
  symbol:   method any(java.lang.Class<byte[]>)
  location: class net.bytebuddy.agent.VirtualMachineForHotSpotTest
[ERROR] /usr/src/RPM/BUILD/byte-buddy-byte-buddy-1.12.0/byte-buddy-agent/src/test/java/net/bytebuddy/agent/VirtualMachineForHotSpotTest.java:[99,9] cannot find symbol
  symbol:   method verify(net.bytebuddy.agent.VirtualMachine.ForHotSpot.Connection)
  location: class net.bytebuddy.agent.VirtualMachineForHotSpotTest
[ERROR] /usr/src/RPM/BUILD/byte-buddy-byte-buddy-1.12.0/byte-buddy-agent/src/test/java/net/bytebuddy/agent/VirtualMachineForHotSpotTest.java:[100,9] cannot find symbol
  symbol:   method verify(net.bytebuddy.agent.VirtualMachine.ForHotSpot.Connection.Response)
  location: class net.bytebuddy.agent.VirtualMachineForHotSpotTest
[ERROR] /usr/src/RPM/BUILD/byte-buddy-byte-buddy-1.12.0/byte-buddy-agent/src/test/java/net/bytebuddy/agent/VirtualMachineForHotSpotTest.java:[101,9] cannot find symbol
  symbol:   method verifyNoMoreInteractions(net.bytebuddy.agent.VirtualMachine.ForHotSpot.Connection)
  location: class net.bytebuddy.agent.VirtualMachineForHotSpotTest
[ERROR] /usr/src/RPM/BUILD/byte-buddy-byte-buddy-1.12.0/byte-buddy-agent/src/test/java/net/bytebuddy/agent/VirtualMachineForHotSpotTest.java:[103,9] cannot find symbol
  symbol:   method verify(net.bytebuddy.agent.VirtualMachine.ForHotSpot.Connection)
  location: class net.bytebuddy.agent.VirtualMachineForHotSpotTest
[ERROR] /usr/src/RPM/BUILD/byte-buddy-byte-buddy-1.12.0/byte-buddy-agent/src/test/java/net/bytebuddy/agent/VirtualMachineForHotSpotTest.java:[108,59] cannot find symbol
  symbol:   method mock(java.lang.Class<net.bytebuddy.agent.VirtualMachine.ForHotSpot.Connection>)
  location: class net.bytebuddy.agent.VirtualMachineForHotSpotTest
[ERROR] /usr/src/RPM/BUILD/byte-buddy-byte-buddy-1.12.0/byte-buddy-agent/src/test/java/net/bytebuddy/agent/VirtualMachineForHotSpotTest.java:[109,66] cannot find symbol
  symbol:   method mock(java.lang.Class<net.bytebuddy.agent.VirtualMachine.ForHotSpot.Connection.Response>)
  location: class net.bytebuddy.agent.VirtualMachineForHotSpotTest
[ERROR] /usr/src/RPM/BUILD/byte-buddy-byte-buddy-1.12.0/byte-buddy-agent/src/test/java/net/bytebuddy/agent/VirtualMachineForHotSpotTest.java:[110,9] cannot find symbol
  symbol:   method when(net.bytebuddy.agent.VirtualMachine.ForHotSpot.Connection.Response)
  location: class net.bytebuddy.agent.VirtualMachineForHotSpotTest
[ERROR] /usr/src/RPM/BUILD/byte-buddy-byte-buddy-1.12.0/byte-buddy-agent/src/test/java/net/bytebuddy/agent/VirtualMachineForHotSpotTest.java:[111,28] cannot find symbol
  symbol:   method any(java.lang.Class<byte[]>)
  location: class net.bytebuddy.agent.VirtualMachineForHotSpotTest
[ERROR] /usr/src/RPM/BUILD/byte-buddy-byte-buddy-1.12.0/byte-buddy-agent/src/test/java/net/bytebuddy/agent/VirtualMachineForHotSpotTest.java:[114,9] cannot find symbol
  symbol:   method verify(net.bytebuddy.agent.VirtualMachine.ForHotSpot.Connection)
  location: class net.bytebuddy.agent.VirtualMachineForHotSpotTest
[ERROR] /usr/src/RPM/BUILD/byte-buddy-byte-buddy-1.12.0/byte-buddy-agent/src/test/java/net/bytebuddy/agent/VirtualMachineForHotSpotTest.java:[115,9] cannot find symbol
  symbol:   method verify(net.bytebuddy.agent.VirtualMachine.ForHotSpot.Connection.Response)
  location: class net.bytebuddy.agent.VirtualMachineForHotSpotTest
[ERROR] /usr/src/RPM/BUILD/byte-buddy-byte-buddy-1.12.0/byte-buddy-agent/src/test/java/net/bytebuddy/agent/VirtualMachineForHotSpotTest.java:[116,9] cannot find symbol
  symbol:   method verifyNoMoreInteractions(net.bytebuddy.agent.VirtualMachine.ForHotSpot.Connection)
  location: class net.bytebuddy.agent.VirtualMachineForHotSpotTest
[ERROR] /usr/src/RPM/BUILD/byte-buddy-byte-buddy-1.12.0/byte-buddy-agent/src/test/java/net/bytebuddy/agent/VirtualMachineForHotSpotTest.java:[118,9] cannot find symbol
  symbol:   method verify(net.bytebuddy.agent.VirtualMachine.ForHotSpot.Connection)
  location: class net.bytebuddy.agent.VirtualMachineForHotSpotTest
[ERROR] /usr/src/RPM/BUILD/byte-buddy-byte-buddy-1.12.0/byte-buddy-agent/src/test/java/net/bytebuddy/agent/VirtualMachineForHotSpotTest.java:[123,59] cannot find symbol
  symbol:   method mock(java.lang.Class<net.bytebuddy.agent.VirtualMachine.ForHotSpot.Connection>)
  location: class net.bytebuddy.agent.VirtualMachineForHotSpotTest
[ERROR] /usr/src/RPM/BUILD/byte-buddy-byte-buddy-1.12.0/byte-buddy-agent/src/test/java/net/bytebuddy/agent/VirtualMachineForHotSpotTest.java:[124,66] cannot find symbol
  symbol:   method mock(java.lang.Class<net.bytebuddy.agent.VirtualMachine.ForHotSpot.Connection.Response>)
  location: class net.bytebuddy.agent.VirtualMachineForHotSpotTest
[ERROR] /usr/src/RPM/BUILD/byte-buddy-byte-buddy-1.12.0/byte-buddy-agent/src/test/java/net/bytebuddy/agent/VirtualMachineForHotSpotTest.java:[125,9] cannot find symbol
  symbol:   method when(net.bytebuddy.agent.VirtualMachine.ForHotSpot.Connection.Response)
  location: class net.bytebuddy.agent.VirtualMachineForHotSpotTest
[ERROR] /usr/src/RPM/BUILD/byte-buddy-byte-buddy-1.12.0/byte-buddy-agent/src/test/java/net/bytebuddy/agent/VirtualMachineForHotSpotTest.java:[126,28] cannot find symbol
  symbol:   method any(java.lang.Class<byte[]>)
  location: class net.bytebuddy.agent.VirtualMachineForHotSpotTest
[ERROR] /usr/src/RPM/BUILD/byte-buddy-byte-buddy-1.12.0/byte-buddy-agent/src/test/java/net/bytebuddy/agent/VirtualMachineForHotSpotTest.java:[129,9] cannot find symbol
  symbol:   method verify(net.bytebuddy.agent.VirtualMachine.ForHotSpot.Connection)
  location: class net.bytebuddy.agent.VirtualMachineForHotSpotTest
[ERROR] /usr/src/RPM/BUILD/byte-buddy-byte-buddy-1.12.0/byte-buddy-agent/src/test/java/net/bytebuddy/agent/VirtualMachineForHotSpotTest.java:[130,9] cannot find symbol
  symbol:   method verify(net.bytebuddy.agent.VirtualMachine.ForHotSpot.Connection.Response)
  location: class net.bytebuddy.agent.VirtualMachineForHotSpotTest
[ERROR] /usr/src/RPM/BUILD/byte-buddy-byte-buddy-1.12.0/byte-buddy-agent/src/test/java/net/bytebuddy/agent/VirtualMachineForHotSpotTest.java:[131,9] cannot find symbol
  symbol:   method verifyNoMoreInteractions(net.bytebuddy.agent.VirtualMachine.ForHotSpot.Connection)
  location: class net.bytebuddy.agent.VirtualMachineForHotSpotTest
[ERROR] /usr/src/RPM/BUILD/byte-buddy-byte-buddy-1.12.0/byte-buddy-agent/src/test/java/net/bytebuddy/agent/VirtualMachineForHotSpotTest.java:[133,9] cannot find symbol
  symbol:   method verify(net.bytebuddy.agent.VirtualMachine.ForHotSpot.Connection)
  location: class net.bytebuddy.agent.VirtualMachineForHotSpotTest
[ERROR] /usr/src/RPM/BUILD/byte-buddy-byte-buddy-1.12.0/byte-buddy-agent/src/test/java/net/bytebuddy/agent/VirtualMachineForHotSpotTest.java:[138,59] cannot find symbol
  symbol:   method mock(java.lang.Class<net.bytebuddy.agent.VirtualMachine.ForHotSpot.Connection>)
  location: class net.bytebuddy.agent.VirtualMachineForHotSpotTest
[ERROR] /usr/src/RPM/BUILD/byte-buddy-byte-buddy-1.12.0/byte-buddy-agent/src/test/java/net/bytebuddy/agent/VirtualMachineForHotSpotTest.java:[139,66] cannot find symbol
  symbol:   method mock(java.lang.Class<net.bytebuddy.agent.VirtualMachine.ForHotSpot.Connection.Response>)
  location: class net.bytebuddy.agent.VirtualMachineForHotSpotTest
[ERROR] /usr/src/RPM/BUILD/byte-buddy-byte-buddy-1.12.0/byte-buddy-agent/src/test/java/net/bytebuddy/agent/VirtualMachineForHotSpotTest.java:[140,9] cannot find symbol
  symbol:   method when(net.bytebuddy.agent.VirtualMachine.ForHotSpot.Connection.Response)
  location: class net.bytebuddy.agent.VirtualMachineForHotSpotTest
[ERROR] /usr/src/RPM/BUILD/byte-buddy-byte-buddy-1.12.0/byte-buddy-agent/src/test/java/net/bytebuddy/agent/VirtualMachineForHotSpotTest.java:[141,28] cannot find symbol
  symbol:   method any(java.lang.Class<byte[]>)
  location: class net.bytebuddy.agent.VirtualMachineForHotSpotTest
[ERROR] /usr/src/RPM/BUILD/byte-buddy-byte-buddy-1.12.0/byte-buddy-agent/src/test/java/net/bytebuddy/agent/VirtualMachineForHotSpotTest.java:[144,9] cannot find symbol
  symbol:   method verify(net.bytebuddy.agent.VirtualMachine.ForHotSpot.Connection)
  location: class net.bytebuddy.agent.VirtualMachineForHotSpotTest
[ERROR] /usr/src/RPM/BUILD/byte-buddy-byte-buddy-1.12.0/byte-buddy-agent/src/test/java/net/bytebuddy/agent/VirtualMachineForHotSpotTest.java:[145,9] cannot find symbol
  symbol:   method verify(net.bytebuddy.agent.VirtualMachine.ForHotSpot.Connection.Response)
  location: class net.bytebuddy.agent.VirtualMachineForHotSpotTest
[ERROR] /usr/src/RPM/BUILD/byte-buddy-byte-buddy-1.12.0/byte-buddy-agent/src/test/java/net/bytebuddy/agent/VirtualMachineForHotSpotTest.java:[146,9] cannot find symbol
  symbol:   method verifyNoMoreInteractions(net.bytebuddy.agent.VirtualMachine.ForHotSpot.Connection)
  location: class net.bytebuddy.agent.VirtualMachineForHotSpotTest
[ERROR] /usr/src/RPM/BUILD/byte-buddy-byte-buddy-1.12.0/byte-buddy-agent/src/test/java/net/bytebuddy/agent/VirtualMachineForHotSpotTest.java:[148,9] cannot find symbol
  symbol:   method verify(net.bytebuddy.agent.VirtualMachine.ForHotSpot.Connection)
  location: class net.bytebuddy.agent.VirtualMachineForHotSpotTest
[ERROR] /usr/src/RPM/BUILD/byte-buddy-byte-buddy-1.12.0/byte-buddy-agent/src/test/java/net/bytebuddy/agent/VirtualMachineForHotSpotTest.java:[153,59] cannot find symbol
  symbol:   method mock(java.lang.Class<net.bytebuddy.agent.VirtualMachine.ForHotSpot.Connection>)
  location: class net.bytebuddy.agent.VirtualMachineForHotSpotTest
[ERROR] /usr/src/RPM/BUILD/byte-buddy-byte-buddy-1.12.0/byte-buddy-agent/src/test/java/net/bytebuddy/agent/VirtualMachineForHotSpotTest.java:[154,66] cannot find symbol
  symbol:   method mock(java.lang.Class<net.bytebuddy.agent.VirtualMachine.ForHotSpot.Connection.Response>)
  location: class net.bytebuddy.agent.VirtualMachineForHotSpotTest
[ERROR] /usr/src/RPM/BUILD/byte-buddy-byte-buddy-1.12.0/byte-buddy-agent/src/test/java/net/bytebuddy/agent/VirtualMachineForHotSpotTest.java:[155,9] cannot find symbol
  symbol:   method when(net.bytebuddy.agent.VirtualMachine.ForHotSpot.Connection.Response)
  location: class net.bytebuddy.agent.VirtualMachineForHotSpotTest
[ERROR] /usr/src/RPM/BUILD/byte-buddy-byte-buddy-1.12.0/byte-buddy-agent/src/test/java/net/bytebuddy/agent/VirtualMachineForHotSpotTest.java:[156,28] cannot find symbol
  symbol:   method any(java.lang.Class<byte[]>)
  location: class net.bytebuddy.agent.VirtualMachineForHotSpotTest
[ERROR] /usr/src/RPM/BUILD/byte-buddy-byte-buddy-1.12.0/byte-buddy-agent/src/test/java/net/bytebuddy/agent/VirtualMachineForHotSpotTest.java:[161,9] cannot find symbol
  symbol:   method verify(net.bytebuddy.agent.VirtualMachine.ForHotSpot.Connection)
  location: class net.bytebuddy.agent.VirtualMachineForHotSpotTest
[ERROR] /usr/src/RPM/BUILD/byte-buddy-byte-buddy-1.12.0/byte-buddy-agent/src/test/java/net/bytebuddy/agent/VirtualMachineForHotSpotTest.java:[162,9] cannot find symbol
  symbol:   method verify(net.bytebuddy.agent.VirtualMachine.ForHotSpot.Connection.Response)
  location: class net.bytebuddy.agent.VirtualMachineForHotSpotTest
[ERROR] /usr/src/RPM/BUILD/byte-buddy-byte-buddy-1.12.0/byte-buddy-agent/src/test/java/net/bytebuddy/agent/VirtualMachineForHotSpotTest.java:[163,9] cannot find symbol
  symbol:   method verifyNoMoreInteractions(net.bytebuddy.agent.VirtualMachine.ForHotSpot.Connection)
  location: class net.bytebuddy.agent.VirtualMachineForHotSpotTest
[ERROR] /usr/src/RPM/BUILD/byte-buddy-byte-buddy-1.12.0/byte-buddy-agent/src/test/java/net/bytebuddy/agent/VirtualMachineForHotSpotTest.java:[165,9] cannot find symbol
  symbol:   method verify(net.bytebuddy.agent.VirtualMachine.ForHotSpot.Connection)
  location: class net.bytebuddy.agent.VirtualMachineForHotSpotTest
[ERROR] /usr/src/RPM/BUILD/byte-buddy-byte-buddy-1.12.0/byte-buddy-agent/src/test/java/net/bytebuddy/agent/VirtualMachineForHotSpotTest.java:[170,59] cannot find symbol
  symbol:   method mock(java.lang.Class<net.bytebuddy.agent.VirtualMachine.ForHotSpot.Connection>)
  location: class net.bytebuddy.agent.VirtualMachineForHotSpotTest
[ERROR] /usr/src/RPM/BUILD/byte-buddy-byte-buddy-1.12.0/byte-buddy-agent/src/test/java/net/bytebuddy/agent/VirtualMachineForHotSpotTest.java:[171,66] cannot find symbol
  symbol:   method mock(java.lang.Class<net.bytebuddy.agent.VirtualMachine.ForHotSpot.Connection.Response>)
  location: class net.bytebuddy.agent.VirtualMachineForHotSpotTest
[ERROR] /usr/src/RPM/BUILD/byte-buddy-byte-buddy-1.12.0/byte-buddy-agent/src/test/java/net/bytebuddy/agent/VirtualMachineForHotSpotTest.java:[172,9] cannot find symbol
  symbol:   method when(net.bytebuddy.agent.VirtualMachine.ForHotSpot.Connection.Response)
  location: class net.bytebuddy.agent.VirtualMachineForHotSpotTest
[ERROR] /usr/src/RPM/BUILD/byte-buddy-byte-buddy-1.12.0/byte-buddy-agent/src/test/java/net/bytebuddy/agent/VirtualMachineForHotSpotTest.java:[173,28] cannot find symbol
  symbol:   method any(java.lang.Class<byte[]>)
  location: class net.bytebuddy.agent.VirtualMachineForHotSpotTest
[ERROR] /usr/src/RPM/BUILD/byte-buddy-byte-buddy-1.12.0/byte-buddy-agent/src/test/java/net/bytebuddy/agent/VirtualMachineForHotSpotTest.java:[176,41] cannot find symbol
  symbol:   method spy(net.bytebuddy.agent.VirtualMachine.ForHotSpot)
  location: class net.bytebuddy.agent.VirtualMachineForHotSpotTest
[ERROR] /usr/src/RPM/BUILD/byte-buddy-byte-buddy-1.12.0/byte-buddy-agent/src/test/java/net/bytebuddy/agent/VirtualMachineForHotSpotTest.java:[179,9] cannot find symbol
  symbol:   method doReturn(java.util.Properties)
  location: class net.bytebuddy.agent.VirtualMachineForHotSpotTest
[ERROR] /usr/src/RPM/BUILD/byte-buddy-byte-buddy-1.12.0/byte-buddy-agent/src/test/java/net/bytebuddy/agent/VirtualMachineForHotSpotTest.java:[181,9] cannot find symbol
  symbol:   method verify(net.bytebuddy.agent.VirtualMachine.ForHotSpot.Connection)
  location: class net.bytebuddy.agent.VirtualMachineForHotSpotTest
[ERROR] /usr/src/RPM/BUILD/byte-buddy-byte-buddy-1.12.0/byte-buddy-agent/src/test/java/net/bytebuddy/agent/VirtualMachineForHotSpotTest.java:[182,9] cannot find symbol
  symbol:   method verify(net.bytebuddy.agent.VirtualMachine.ForHotSpot.Connection.Response)
  location: class net.bytebuddy.agent.VirtualMachineForHotSpotTest
[ERROR] /usr/src/RPM/BUILD/byte-buddy-byte-buddy-1.12.0/byte-buddy-agent/src/test/java/net/bytebuddy/agent/VirtualMachineForHotSpotTest.java:[183,9] cannot find symbol
  symbol:   method verifyNoMoreInteractions(net.bytebuddy.agent.VirtualMachine.ForHotSpot.Connection)
  location: class net.bytebuddy.agent.VirtualMachineForHotSpotTest
[ERROR] /usr/src/RPM/BUILD/byte-buddy-byte-buddy-1.12.0/byte-buddy-agent/src/test/java/net/bytebuddy/agent/VirtualMachineForHotSpotTest.java:[185,9] cannot find symbol
  symbol:   method verify(net.bytebuddy.agent.VirtualMachine.ForHotSpot.Connection)
  location: class net.bytebuddy.agent.VirtualMachineForHotSpotTest
[ERROR] /usr/src/RPM/BUILD/byte-buddy-byte-buddy-1.12.0/byte-buddy-agent/src/test/java/net/bytebuddy/agent/VirtualMachineForHotSpotTest.java:[190,59] cannot find symbol
  symbol:   method mock(java.lang.Class<net.bytebuddy.agent.VirtualMachine.ForHotSpot.Connection>)
  location: class net.bytebuddy.agent.VirtualMachineForHotSpotTest
[INFO] 100 errors 
[INFO] -------------------------------------------------------------
[INFO] 
[INFO] ------------------------------------------------------------------------
[INFO] Skipping Byte Buddy (parent)
[INFO] This project has been banned from the build due to previous failures.
[INFO] ------------------------------------------------------------------------
[INFO] ------------------------------------------------------------------------
[INFO] Reactor Summary for Byte Buddy (parent) 1.12.0:
[INFO] 
[INFO] Byte Buddy (parent) ................................ SUCCESS [  0.002 s]
[INFO] Byte Buddy agent ................................... FAILURE [  5.654 s]
[INFO] Byte Buddy (with dependencies) ..................... SKIPPED
[INFO] Byte Buddy (without dependencies) .................. SKIPPED
[INFO] Byte Buddy Maven plugin ............................ SKIPPED
[INFO] ------------------------------------------------------------------------
[INFO] BUILD FAILURE
[INFO] ------------------------------------------------------------------------
[INFO] Total time:  6.517 s
[INFO] Finished at: 2025-05-16T05:40:33Z
[INFO] ------------------------------------------------------------------------
[ERROR] Failed to execute goal org.apache.maven.plugins:maven-compiler-plugin:3.8.1:testCompile (default-testCompile) on project byte-buddy-agent: Compilation failure: Compilation failure: 
[ERROR] /usr/src/RPM/BUILD/byte-buddy-byte-buddy-1.12.0/byte-buddy-agent/src/test/java/net/bytebuddy/agent/VirtualMachineForHotSpotTest.java:[4,19] package org.mockito does not exist
[ERROR] /usr/src/RPM/BUILD/byte-buddy-byte-buddy-1.12.0/byte-buddy-agent/src/test/java/net/bytebuddy/agent/VirtualMachineForHotSpotTest.java:[5,30] package org.mockito.invocation does not exist
[ERROR] /usr/src/RPM/BUILD/byte-buddy-byte-buddy-1.12.0/byte-buddy-agent/src/test/java/net/bytebuddy/agent/VirtualMachineForHotSpotTest.java:[6,28] package org.mockito.stubbing does not exist
[ERROR] /usr/src/RPM/BUILD/byte-buddy-byte-buddy-1.12.0/byte-buddy-agent/src/test/java/net/bytebuddy/agent/VirtualMachineForHotSpotTest.java:[13,26] package org.mockito does not exist
[ERROR] /usr/src/RPM/BUILD/byte-buddy-byte-buddy-1.12.0/byte-buddy-agent/src/test/java/net/bytebuddy/agent/VirtualMachineForHotSpotTest.java:[214,48] cannot find symbol
[ERROR]   symbol:   class Answer
[ERROR]   location: class net.bytebuddy.agent.VirtualMachineForHotSpotTest
[ERROR] /usr/src/RPM/BUILD/byte-buddy-byte-buddy-1.12.0/byte-buddy-agent/src/test/java/net/bytebuddy/agent/VirtualMachineForHotSpotTest.java:[222,31] cannot find symbol
[ERROR]   symbol:   class InvocationOnMock
[ERROR]   location: class net.bytebuddy.agent.VirtualMachineForHotSpotTest.ByteAnswer
[ERROR] /usr/src/RPM/BUILD/byte-buddy-byte-buddy-1.12.0/byte-buddy-agent/src/test/java/net/bytebuddy/agent/ByteBuddyAgentTest.java:[15,26] package org.mockito does not exist
[ERROR] /usr/src/RPM/BUILD/byte-buddy-byte-buddy-1.12.0/byte-buddy-agent/src/test/java/net/bytebuddy/agent/ByteBuddyAgentTest.java:[15,1] static import only from classes and interfaces
[ERROR] /usr/src/RPM/BUILD/byte-buddy-byte-buddy-1.12.0/byte-buddy-agent/src/test/java/net/bytebuddy/agent/InstallerTest.java:[9,19] package org.mockito does not exist
[ERROR] /usr/src/RPM/BUILD/byte-buddy-byte-buddy-1.12.0/byte-buddy-agent/src/test/java/net/bytebuddy/agent/ByteBuddyAgentAgentProviderTest.java:[9,26] package org.mockito does not exist
[ERROR] /usr/src/RPM/BUILD/byte-buddy-byte-buddy-1.12.0/byte-buddy-agent/src/test/java/net/bytebuddy/agent/ByteBuddyAgentAgentProviderTest.java:[9,1] static import only from classes and interfaces
[ERROR] /usr/src/RPM/BUILD/byte-buddy-byte-buddy-1.12.0/byte-buddy-agent/src/test/java/net/bytebuddy/agent/ByteBuddyAgentAgentProviderTest.java:[10,26] package org.mockito does not exist
[ERROR] /usr/src/RPM/BUILD/byte-buddy-byte-buddy-1.12.0/byte-buddy-agent/src/test/java/net/bytebuddy/agent/ByteBuddyAgentAgentProviderTest.java:[10,1] static import only from classes and interfaces
[ERROR] /usr/src/RPM/BUILD/byte-buddy-byte-buddy-1.12.0/byte-buddy-agent/src/test/java/net/bytebuddy/test/utility/MockitoRule.java:[6,19] package org.mockito does not exist
[ERROR] /usr/src/RPM/BUILD/byte-buddy-byte-buddy-1.12.0/byte-buddy-agent/src/test/java/net/bytebuddy/agent/ByteBuddyAgentAttachmentProviderTest.java:[11,26] package org.mockito does not exist
[ERROR] /usr/src/RPM/BUILD/byte-buddy-byte-buddy-1.12.0/byte-buddy-agent/src/test/java/net/bytebuddy/agent/ByteBuddyAgentAttachmentProviderTest.java:[11,1] static import only from classes and interfaces
[ERROR] /usr/src/RPM/BUILD/byte-buddy-byte-buddy-1.12.0/byte-buddy-agent/src/test/java/net/bytebuddy/agent/InstallerTest.java:[30,6] cannot find symbol
[ERROR]   symbol:   class Mock
[ERROR]   location: class net.bytebuddy.agent.InstallerTest
[ERROR] /usr/src/RPM/BUILD/byte-buddy-byte-buddy-1.12.0/byte-buddy-agent/src/test/java/net/bytebuddy/agent/VirtualMachineForHotSpotTest.java:[21,59] cannot find symbol
[ERROR]   symbol:   method mock(java.lang.Class<net.bytebuddy.agent.VirtualMachine.ForHotSpot.Connection>)
[ERROR]   location: class net.bytebuddy.agent.VirtualMachineForHotSpotTest
[ERROR] /usr/src/RPM/BUILD/byte-buddy-byte-buddy-1.12.0/byte-buddy-agent/src/test/java/net/bytebuddy/agent/VirtualMachineForHotSpotTest.java:[22,66] cannot find symbol
[ERROR]   symbol:   method mock(java.lang.Class<net.bytebuddy.agent.VirtualMachine.ForHotSpot.Connection.Response>)
[ERROR]   location: class net.bytebuddy.agent.VirtualMachineForHotSpotTest
[ERROR] /usr/src/RPM/BUILD/byte-buddy-byte-buddy-1.12.0/byte-buddy-agent/src/test/java/net/bytebuddy/agent/VirtualMachineForHotSpotTest.java:[23,9] cannot find symbol
[ERROR]   symbol:   method when(net.bytebuddy.agent.VirtualMachine.ForHotSpot.Connection.Response)
[ERROR]   location: class net.bytebuddy.agent.VirtualMachineForHotSpotTest
[ERROR] /usr/src/RPM/BUILD/byte-buddy-byte-buddy-1.12.0/byte-buddy-agent/src/test/java/net/bytebuddy/agent/VirtualMachineForHotSpotTest.java:[24,28] cannot find symbol
[ERROR]   symbol:   method any(java.lang.Class<byte[]>)
[ERROR]   location: class net.bytebuddy.agent.VirtualMachineForHotSpotTest
[ERROR] /usr/src/RPM/BUILD/byte-buddy-byte-buddy-1.12.0/byte-buddy-agent/src/test/java/net/bytebuddy/agent/VirtualMachineForHotSpotTest.java:[33,9] cannot find symbol
[ERROR]   symbol:   method verify(net.bytebuddy.agent.VirtualMachine.ForHotSpot.Connection)
[ERROR]   location: class net.bytebuddy.agent.VirtualMachineForHotSpotTest
[ERROR] /usr/src/RPM/BUILD/byte-buddy-byte-buddy-1.12.0/byte-buddy-agent/src/test/java/net/bytebuddy/agent/VirtualMachineForHotSpotTest.java:[34,9] cannot find symbol
[ERROR]   symbol:   method verify(net.bytebuddy.agent.VirtualMachine.ForHotSpot.Connection.Response)
[ERROR]   location: class net.bytebuddy.agent.VirtualMachineForHotSpotTest
[ERROR] /usr/src/RPM/BUILD/byte-buddy-byte-buddy-1.12.0/byte-buddy-agent/src/test/java/net/bytebuddy/agent/VirtualMachineForHotSpotTest.java:[35,9] cannot find symbol
[ERROR]   symbol:   method verifyNoMoreInteractions(net.bytebuddy.agent.VirtualMachine.ForHotSpot.Connection)
[ERROR]   location: class net.bytebuddy.agent.VirtualMachineForHotSpotTest
[ERROR] /usr/src/RPM/BUILD/byte-buddy-byte-buddy-1.12.0/byte-buddy-agent/src/test/java/net/bytebuddy/agent/VirtualMachineForHotSpotTest.java:[37,9] cannot find symbol
[ERROR]   symbol:   method verify(net.bytebuddy.agent.VirtualMachine.ForHotSpot.Connection)
[ERROR]   location: class net.bytebuddy.agent.VirtualMachineForHotSpotTest
[ERROR] /usr/src/RPM/BUILD/byte-buddy-byte-buddy-1.12.0/byte-buddy-agent/src/test/java/net/bytebuddy/agent/VirtualMachineForHotSpotTest.java:[42,59] cannot find symbol
[ERROR]   symbol:   method mock(java.lang.Class<net.bytebuddy.agent.VirtualMachine.ForHotSpot.Connection>)
[ERROR]   location: class net.bytebuddy.agent.VirtualMachineForHotSpotTest
[ERROR] /usr/src/RPM/BUILD/byte-buddy-byte-buddy-1.12.0/byte-buddy-agent/src/test/java/net/bytebuddy/agent/VirtualMachineForHotSpotTest.java:[43,66] cannot find symbol
[ERROR]   symbol:   method mock(java.lang.Class<net.bytebuddy.agent.VirtualMachine.ForHotSpot.Connection.Response>)
[ERROR]   location: class net.bytebuddy.agent.VirtualMachineForHotSpotTest
[ERROR] /usr/src/RPM/BUILD/byte-buddy-byte-buddy-1.12.0/byte-buddy-agent/src/test/java/net/bytebuddy/agent/VirtualMachineForHotSpotTest.java:[44,9] cannot find symbol
[ERROR]   symbol:   method when(net.bytebuddy.agent.VirtualMachine.ForHotSpot.Connection.Response)
[ERROR]   location: class net.bytebuddy.agent.VirtualMachineForHotSpotTest
[ERROR] /usr/src/RPM/BUILD/byte-buddy-byte-buddy-1.12.0/byte-buddy-agent/src/test/java/net/bytebuddy/agent/VirtualMachineForHotSpotTest.java:[45,28] cannot find symbol
[ERROR]   symbol:   method any(java.lang.Class<byte[]>)
[ERROR]   location: class net.bytebuddy.agent.VirtualMachineForHotSpotTest
[ERROR] /usr/src/RPM/BUILD/byte-buddy-byte-buddy-1.12.0/byte-buddy-agent/src/test/java/net/bytebuddy/agent/VirtualMachineForHotSpotTest.java:[54,9] cannot find symbol
[ERROR]   symbol:   method verify(net.bytebuddy.agent.VirtualMachine.ForHotSpot.Connection)
[ERROR]   location: class net.bytebuddy.agent.VirtualMachineForHotSpotTest
[ERROR] /usr/src/RPM/BUILD/byte-buddy-byte-buddy-1.12.0/byte-buddy-agent/src/test/java/net/bytebuddy/agent/VirtualMachineForHotSpotTest.java:[55,9] cannot find symbol
[ERROR]   symbol:   method verify(net.bytebuddy.agent.VirtualMachine.ForHotSpot.Connection.Response)
[ERROR]   location: class net.bytebuddy.agent.VirtualMachineForHotSpotTest
[ERROR] /usr/src/RPM/BUILD/byte-buddy-byte-buddy-1.12.0/byte-buddy-agent/src/test/java/net/bytebuddy/agent/VirtualMachineForHotSpotTest.java:[56,9] cannot find symbol
[ERROR]   symbol:   method verifyNoMoreInteractions(net.bytebuddy.agent.VirtualMachine.ForHotSpot.Connection)
[ERROR]   location: class net.bytebuddy.agent.VirtualMachineForHotSpotTest
[ERROR] /usr/src/RPM/BUILD/byte-buddy-byte-buddy-1.12.0/byte-buddy-agent/src/test/java/net/bytebuddy/agent/VirtualMachineForHotSpotTest.java:[58,9] cannot find symbol
[ERROR]   symbol:   method verify(net.bytebuddy.agent.VirtualMachine.ForHotSpot.Connection)
[ERROR]   location: class net.bytebuddy.agent.VirtualMachineForHotSpotTest
[ERROR] /usr/src/RPM/BUILD/byte-buddy-byte-buddy-1.12.0/byte-buddy-agent/src/test/java/net/bytebuddy/agent/VirtualMachineForHotSpotTest.java:[63,59] cannot find symbol
[ERROR]   symbol:   method mock(java.lang.Class<net.bytebuddy.agent.VirtualMachine.ForHotSpot.Connection>)
[ERROR]   location: class net.bytebuddy.agent.VirtualMachineForHotSpotTest
[ERROR] /usr/src/RPM/BUILD/byte-buddy-byte-buddy-1.12.0/byte-buddy-agent/src/test/java/net/bytebuddy/agent/VirtualMachineForHotSpotTest.java:[64,66] cannot find symbol
[ERROR]   symbol:   method mock(java.lang.Class<net.bytebuddy.agent.VirtualMachine.ForHotSpot.Connection.Response>)
[ERROR]   location: class net.bytebuddy.agent.VirtualMachineForHotSpotTest
[ERROR] /usr/src/RPM/BUILD/byte-buddy-byte-buddy-1.12.0/byte-buddy-agent/src/test/java/net/bytebuddy/agent/VirtualMachineForHotSpotTest.java:[65,9] cannot find symbol
[ERROR]   symbol:   method when(net.bytebuddy.agent.VirtualMachine.ForHotSpot.Connection.Response)
[ERROR]   location: class net.bytebuddy.agent.VirtualMachineForHotSpotTest
[ERROR] /usr/src/RPM/BUILD/byte-buddy-byte-buddy-1.12.0/byte-buddy-agent/src/test/java/net/bytebuddy/agent/VirtualMachineForHotSpotTest.java:[66,28] cannot find symbol
[ERROR]   symbol:   method any(java.lang.Class<byte[]>)
[ERROR]   location: class net.bytebuddy.agent.VirtualMachineForHotSpotTest
[ERROR] /usr/src/RPM/BUILD/byte-buddy-byte-buddy-1.12.0/byte-buddy-agent/src/test/java/net/bytebuddy/agent/VirtualMachineForHotSpotTest.java:[69,9] cannot find symbol
[ERROR]   symbol:   method verify(net.bytebuddy.agent.VirtualMachine.ForHotSpot.Connection)
[ERROR]   location: class net.bytebuddy.agent.VirtualMachineForHotSpotTest
[ERROR] /usr/src/RPM/BUILD/byte-buddy-byte-buddy-1.12.0/byte-buddy-agent/src/test/java/net/bytebuddy/agent/VirtualMachineForHotSpotTest.java:[70,9] cannot find symbol
[ERROR]   symbol:   method verify(net.bytebuddy.agent.VirtualMachine.ForHotSpot.Connection.Response)
[ERROR]   location: class net.bytebuddy.agent.VirtualMachineForHotSpotTest
[ERROR] /usr/src/RPM/BUILD/byte-buddy-byte-buddy-1.12.0/byte-buddy-agent/src/test/java/net/bytebuddy/agent/VirtualMachineForHotSpotTest.java:[71,9] cannot find symbol
[ERROR]   symbol:   method verifyNoMoreInteractions(net.bytebuddy.agent.VirtualMachine.ForHotSpot.Connection)
[ERROR]   location: class net.bytebuddy.agent.VirtualMachineForHotSpotTest
[ERROR] /usr/src/RPM/BUILD/byte-buddy-byte-buddy-1.12.0/byte-buddy-agent/src/test/java/net/bytebuddy/agent/VirtualMachineForHotSpotTest.java:[73,9] cannot find symbol
[ERROR]   symbol:   method verify(net.bytebuddy.agent.VirtualMachine.ForHotSpot.Connection)
[ERROR]   location: class net.bytebuddy.agent.VirtualMachineForHotSpotTest
[ERROR] /usr/src/RPM/BUILD/byte-buddy-byte-buddy-1.12.0/byte-buddy-agent/src/test/java/net/bytebuddy/agent/VirtualMachineForHotSpotTest.java:[78,59] cannot find symbol
[ERROR]   symbol:   method mock(java.lang.Class<net.bytebuddy.agent.VirtualMachine.ForHotSpot.Connection>)
[ERROR]   location: class net.bytebuddy.agent.VirtualMachineForHotSpotTest
[ERROR] /usr/src/RPM/BUILD/byte-buddy-byte-buddy-1.12.0/byte-buddy-agent/src/test/java/net/bytebuddy/agent/VirtualMachineForHotSpotTest.java:[79,66] cannot find symbol
[ERROR]   symbol:   method mock(java.lang.Class<net.bytebuddy.agent.VirtualMachine.ForHotSpot.Connection.Response>)
[ERROR]   location: class net.bytebuddy.agent.VirtualMachineForHotSpotTest
[ERROR] /usr/src/RPM/BUILD/byte-buddy-byte-buddy-1.12.0/byte-buddy-agent/src/test/java/net/bytebuddy/agent/VirtualMachineForHotSpotTest.java:[80,9] cannot find symbol
[ERROR]   symbol:   method when(net.bytebuddy.agent.VirtualMachine.ForHotSpot.Connection.Response)
[ERROR]   location: class net.bytebuddy.agent.VirtualMachineForHotSpotTest
[ERROR] /usr/src/RPM/BUILD/byte-buddy-byte-buddy-1.12.0/byte-buddy-agent/src/test/java/net/bytebuddy/agent/VirtualMachineForHotSpotTest.java:[81,28] cannot find symbol
[ERROR]   symbol:   method any(java.lang.Class<byte[]>)
[ERROR]   location: class net.bytebuddy.agent.VirtualMachineForHotSpotTest
[ERROR] /usr/src/RPM/BUILD/byte-buddy-byte-buddy-1.12.0/byte-buddy-agent/src/test/java/net/bytebuddy/agent/VirtualMachineForHotSpotTest.java:[84,9] cannot find symbol
[ERROR]   symbol:   method verify(net.bytebuddy.agent.VirtualMachine.ForHotSpot.Connection)
[ERROR]   location: class net.bytebuddy.agent.VirtualMachineForHotSpotTest
[ERROR] /usr/src/RPM/BUILD/byte-buddy-byte-buddy-1.12.0/byte-buddy-agent/src/test/java/net/bytebuddy/agent/VirtualMachineForHotSpotTest.java:[85,9] cannot find symbol
[ERROR]   symbol:   method verify(net.bytebuddy.agent.VirtualMachine.ForHotSpot.Connection.Response)
[ERROR]   location: class net.bytebuddy.agent.VirtualMachineForHotSpotTest
[ERROR] /usr/src/RPM/BUILD/byte-buddy-byte-buddy-1.12.0/byte-buddy-agent/src/test/java/net/bytebuddy/agent/VirtualMachineForHotSpotTest.java:[86,9] cannot find symbol
[ERROR]   symbol:   method verifyNoMoreInteractions(net.bytebuddy.agent.VirtualMachine.ForHotSpot.Connection)
[ERROR]   location: class net.bytebuddy.agent.VirtualMachineForHotSpotTest
[ERROR] /usr/src/RPM/BUILD/byte-buddy-byte-buddy-1.12.0/byte-buddy-agent/src/test/java/net/bytebuddy/agent/VirtualMachineForHotSpotTest.java:[88,9] cannot find symbol
[ERROR]   symbol:   method verify(net.bytebuddy.agent.VirtualMachine.ForHotSpot.Connection)
[ERROR]   location: class net.bytebuddy.agent.VirtualMachineForHotSpotTest
[ERROR] /usr/src/RPM/BUILD/byte-buddy-byte-buddy-1.12.0/byte-buddy-agent/src/test/java/net/bytebuddy/agent/VirtualMachineForHotSpotTest.java:[93,59] cannot find symbol
[ERROR]   symbol:   method mock(java.lang.Class<net.bytebuddy.agent.VirtualMachine.ForHotSpot.Connection>)
[ERROR]   location: class net.bytebuddy.agent.VirtualMachineForHotSpotTest
[ERROR] /usr/src/RPM/BUILD/byte-buddy-byte-buddy-1.12.0/byte-buddy-agent/src/test/java/net/bytebuddy/agent/VirtualMachineForHotSpotTest.java:[94,66] cannot find symbol
[ERROR]   symbol:   method mock(java.lang.Class<net.bytebuddy.agent.VirtualMachine.ForHotSpot.Connection.Response>)
[ERROR]   location: class net.bytebuddy.agent.VirtualMachineForHotSpotTest
[ERROR] /usr/src/RPM/BUILD/byte-buddy-byte-buddy-1.12.0/byte-buddy-agent/src/test/java/net/bytebuddy/agent/VirtualMachineForHotSpotTest.java:[95,9] cannot find symbol
[ERROR]   symbol:   method when(net.bytebuddy.agent.VirtualMachine.ForHotSpot.Connection.Response)
[ERROR]   location: class net.bytebuddy.agent.VirtualMachineForHotSpotTest
[ERROR] /usr/src/RPM/BUILD/byte-buddy-byte-buddy-1.12.0/byte-buddy-agent/src/test/java/net/bytebuddy/agent/VirtualMachineForHotSpotTest.java:[96,28] cannot find symbol
[ERROR]   symbol:   method any(java.lang.Class<byte[]>)
[ERROR]   location: class net.bytebuddy.agent.VirtualMachineForHotSpotTest
[ERROR] /usr/src/RPM/BUILD/byte-buddy-byte-buddy-1.12.0/byte-buddy-agent/src/test/java/net/bytebuddy/agent/VirtualMachineForHotSpotTest.java:[99,9] cannot find symbol
[ERROR]   symbol:   method verify(net.bytebuddy.agent.VirtualMachine.ForHotSpot.Connection)
[ERROR]   location: class net.bytebuddy.agent.VirtualMachineForHotSpotTest
[ERROR] /usr/src/RPM/BUILD/byte-buddy-byte-buddy-1.12.0/byte-buddy-agent/src/test/java/net/bytebuddy/agent/VirtualMachineForHotSpotTest.java:[100,9] cannot find symbol
[ERROR]   symbol:   method verify(net.bytebuddy.agent.VirtualMachine.ForHotSpot.Connection.Response)
[ERROR]   location: class net.bytebuddy.agent.VirtualMachineForHotSpotTest
[ERROR] /usr/src/RPM/BUILD/byte-buddy-byte-buddy-1.12.0/byte-buddy-agent/src/test/java/net/bytebuddy/agent/VirtualMachineForHotSpotTest.java:[101,9] cannot find symbol
[ERROR]   symbol:   method verifyNoMoreInteractions(net.bytebuddy.agent.VirtualMachine.ForHotSpot.Connection)
[ERROR]   location: class net.bytebuddy.agent.VirtualMachineForHotSpotTest
[ERROR] /usr/src/RPM/BUILD/byte-buddy-byte-buddy-1.12.0/byte-buddy-agent/src/test/java/net/bytebuddy/agent/VirtualMachineForHotSpotTest.java:[103,9] cannot find symbol
[ERROR]   symbol:   method verify(net.bytebuddy.agent.VirtualMachine.ForHotSpot.Connection)
[ERROR]   location: class net.bytebuddy.agent.VirtualMachineForHotSpotTest
[ERROR] /usr/src/RPM/BUILD/byte-buddy-byte-buddy-1.12.0/byte-buddy-agent/src/test/java/net/bytebuddy/agent/VirtualMachineForHotSpotTest.java:[108,59] cannot find symbol
[ERROR]   symbol:   method mock(java.lang.Class<net.bytebuddy.agent.VirtualMachine.ForHotSpot.Connection>)
[ERROR]   location: class net.bytebuddy.agent.VirtualMachineForHotSpotTest
[ERROR] /usr/src/RPM/BUILD/byte-buddy-byte-buddy-1.12.0/byte-buddy-agent/src/test/java/net/bytebuddy/agent/VirtualMachineForHotSpotTest.java:[109,66] cannot find symbol
[ERROR]   symbol:   method mock(java.lang.Class<net.bytebuddy.agent.VirtualMachine.ForHotSpot.Connection.Response>)
[ERROR]   location: class net.bytebuddy.agent.VirtualMachineForHotSpotTest
[ERROR] /usr/src/RPM/BUILD/byte-buddy-byte-buddy-1.12.0/byte-buddy-agent/src/test/java/net/bytebuddy/agent/VirtualMachineForHotSpotTest.java:[110,9] cannot find symbol
[ERROR]   symbol:   method when(net.bytebuddy.agent.VirtualMachine.ForHotSpot.Connection.Response)
[ERROR]   location: class net.bytebuddy.agent.VirtualMachineForHotSpotTest
[ERROR] /usr/src/RPM/BUILD/byte-buddy-byte-buddy-1.12.0/byte-buddy-agent/src/test/java/net/bytebuddy/agent/VirtualMachineForHotSpotTest.java:[111,28] cannot find symbol
[ERROR]   symbol:   method any(java.lang.Class<byte[]>)
[ERROR]   location: class net.bytebuddy.agent.VirtualMachineForHotSpotTest
[ERROR] /usr/src/RPM/BUILD/byte-buddy-byte-buddy-1.12.0/byte-buddy-agent/src/test/java/net/bytebuddy/agent/VirtualMachineForHotSpotTest.java:[114,9] cannot find symbol
[ERROR]   symbol:   method verify(net.bytebuddy.agent.VirtualMachine.ForHotSpot.Connection)
[ERROR]   location: class net.bytebuddy.agent.VirtualMachineForHotSpotTest
[ERROR] /usr/src/RPM/BUILD/byte-buddy-byte-buddy-1.12.0/byte-buddy-agent/src/test/java/net/bytebuddy/agent/VirtualMachineForHotSpotTest.java:[115,9] cannot find symbol
[ERROR]   symbol:   method verify(net.bytebuddy.agent.VirtualMachine.ForHotSpot.Connection.Response)
[ERROR]   location: class net.bytebuddy.agent.VirtualMachineForHotSpotTest
[ERROR] /usr/src/RPM/BUILD/byte-buddy-byte-buddy-1.12.0/byte-buddy-agent/src/test/java/net/bytebuddy/agent/VirtualMachineForHotSpotTest.java:[116,9] cannot find symbol
[ERROR]   symbol:   method verifyNoMoreInteractions(net.bytebuddy.agent.VirtualMachine.ForHotSpot.Connection)
[ERROR]   location: class net.bytebuddy.agent.VirtualMachineForHotSpotTest
[ERROR] /usr/src/RPM/BUILD/byte-buddy-byte-buddy-1.12.0/byte-buddy-agent/src/test/java/net/bytebuddy/agent/VirtualMachineForHotSpotTest.java:[118,9] cannot find symbol
[ERROR]   symbol:   method verify(net.bytebuddy.agent.VirtualMachine.ForHotSpot.Connection)
[ERROR]   location: class net.bytebuddy.agent.VirtualMachineForHotSpotTest
[ERROR] /usr/src/RPM/BUILD/byte-buddy-byte-buddy-1.12.0/byte-buddy-agent/src/test/java/net/bytebuddy/agent/VirtualMachineForHotSpotTest.java:[123,59] cannot find symbol
[ERROR]   symbol:   method mock(java.lang.Class<net.bytebuddy.agent.VirtualMachine.ForHotSpot.Connection>)
[ERROR]   location: class net.bytebuddy.agent.VirtualMachineForHotSpotTest
[ERROR] /usr/src/RPM/BUILD/byte-buddy-byte-buddy-1.12.0/byte-buddy-agent/src/test/java/net/bytebuddy/agent/VirtualMachineForHotSpotTest.java:[124,66] cannot find symbol
[ERROR]   symbol:   method mock(java.lang.Class<net.bytebuddy.agent.VirtualMachine.ForHotSpot.Connection.Response>)
[ERROR]   location: class net.bytebuddy.agent.VirtualMachineForHotSpotTest
[ERROR] /usr/src/RPM/BUILD/byte-buddy-byte-buddy-1.12.0/byte-buddy-agent/src/test/java/net/bytebuddy/agent/VirtualMachineForHotSpotTest.java:[125,9] cannot find symbol
[ERROR]   symbol:   method when(net.bytebuddy.agent.VirtualMachine.ForHotSpot.Connection.Response)
[ERROR]   location: class net.bytebuddy.agent.VirtualMachineForHotSpotTest
[ERROR] /usr/src/RPM/BUILD/byte-buddy-byte-buddy-1.12.0/byte-buddy-agent/src/test/java/net/bytebuddy/agent/VirtualMachineForHotSpotTest.java:[126,28] cannot find symbol
[ERROR]   symbol:   method any(java.lang.Class<byte[]>)
[ERROR]   location: class net.bytebuddy.agent.VirtualMachineForHotSpotTest
[ERROR] /usr/src/RPM/BUILD/byte-buddy-byte-buddy-1.12.0/byte-buddy-agent/src/test/java/net/bytebuddy/agent/VirtualMachineForHotSpotTest.java:[129,9] cannot find symbol
[ERROR]   symbol:   method verify(net.bytebuddy.agent.VirtualMachine.ForHotSpot.Connection)
[ERROR]   location: class net.bytebuddy.agent.VirtualMachineForHotSpotTest
[ERROR] /usr/src/RPM/BUILD/byte-buddy-byte-buddy-1.12.0/byte-buddy-agent/src/test/java/net/bytebuddy/agent/VirtualMachineForHotSpotTest.java:[130,9] cannot find symbol
[ERROR]   symbol:   method verify(net.bytebuddy.agent.VirtualMachine.ForHotSpot.Connection.Response)
[ERROR]   location: class net.bytebuddy.agent.VirtualMachineForHotSpotTest
[ERROR] /usr/src/RPM/BUILD/byte-buddy-byte-buddy-1.12.0/byte-buddy-agent/src/test/java/net/bytebuddy/agent/VirtualMachineForHotSpotTest.java:[131,9] cannot find symbol
[ERROR]   symbol:   method verifyNoMoreInteractions(net.bytebuddy.agent.VirtualMachine.ForHotSpot.Connection)
[ERROR]   location: class net.bytebuddy.agent.VirtualMachineForHotSpotTest
[ERROR] /usr/src/RPM/BUILD/byte-buddy-byte-buddy-1.12.0/byte-buddy-agent/src/test/java/net/bytebuddy/agent/VirtualMachineForHotSpotTest.java:[133,9] cannot find symbol
[ERROR]   symbol:   method verify(net.bytebuddy.agent.VirtualMachine.ForHotSpot.Connection)
[ERROR]   location: class net.bytebuddy.agent.VirtualMachineForHotSpotTest
[ERROR] /usr/src/RPM/BUILD/byte-buddy-byte-buddy-1.12.0/byte-buddy-agent/src/test/java/net/bytebuddy/agent/VirtualMachineForHotSpotTest.java:[138,59] cannot find symbol
[ERROR]   symbol:   method mock(java.lang.Class<net.bytebuddy.agent.VirtualMachine.ForHotSpot.Connection>)
[ERROR]   location: class net.bytebuddy.agent.VirtualMachineForHotSpotTest
[ERROR] /usr/src/RPM/BUILD/byte-buddy-byte-buddy-1.12.0/byte-buddy-agent/src/test/java/net/bytebuddy/agent/VirtualMachineForHotSpotTest.java:[139,66] cannot find symbol
[ERROR]   symbol:   method mock(java.lang.Class<net.bytebuddy.agent.VirtualMachine.ForHotSpot.Connection.Response>)
[ERROR]   location: class net.bytebuddy.agent.VirtualMachineForHotSpotTest
[ERROR] /usr/src/RPM/BUILD/byte-buddy-byte-buddy-1.12.0/byte-buddy-agent/src/test/java/net/bytebuddy/agent/VirtualMachineForHotSpotTest.java:[140,9] cannot find symbol
[ERROR]   symbol:   method when(net.bytebuddy.agent.VirtualMachine.ForHotSpot.Connection.Response)
[ERROR]   location: class net.bytebuddy.agent.VirtualMachineForHotSpotTest
[ERROR] /usr/src/RPM/BUILD/byte-buddy-byte-buddy-1.12.0/byte-buddy-agent/src/test/java/net/bytebuddy/agent/VirtualMachineForHotSpotTest.java:[141,28] cannot find symbol
[ERROR]   symbol:   method any(java.lang.Class<byte[]>)
[ERROR]   location: class net.bytebuddy.agent.VirtualMachineForHotSpotTest
[ERROR] /usr/src/RPM/BUILD/byte-buddy-byte-buddy-1.12.0/byte-buddy-agent/src/test/java/net/bytebuddy/agent/VirtualMachineForHotSpotTest.java:[144,9] cannot find symbol
[ERROR]   symbol:   method verify(net.bytebuddy.agent.VirtualMachine.ForHotSpot.Connection)
[ERROR]   location: class net.bytebuddy.agent.VirtualMachineForHotSpotTest
[ERROR] /usr/src/RPM/BUILD/byte-buddy-byte-buddy-1.12.0/byte-buddy-agent/src/test/java/net/bytebuddy/agent/VirtualMachineForHotSpotTest.java:[145,9] cannot find symbol
[ERROR]   symbol:   method verify(net.bytebuddy.agent.VirtualMachine.ForHotSpot.Connection.Response)
[ERROR]   location: class net.bytebuddy.agent.VirtualMachineForHotSpotTest
[ERROR] /usr/src/RPM/BUILD/byte-buddy-byte-buddy-1.12.0/byte-buddy-agent/src/test/java/net/bytebuddy/agent/VirtualMachineForHotSpotTest.java:[146,9] cannot find symbol
[ERROR]   symbol:   method verifyNoMoreInteractions(net.bytebuddy.agent.VirtualMachine.ForHotSpot.Connection)
[ERROR]   location: class net.bytebuddy.agent.VirtualMachineForHotSpotTest
[ERROR] /usr/src/RPM/BUILD/byte-buddy-byte-buddy-1.12.0/byte-buddy-agent/src/test/java/net/bytebuddy/agent/VirtualMachineForHotSpotTest.java:[148,9] cannot find symbol
[ERROR]   symbol:   method verify(net.bytebuddy.agent.VirtualMachine.ForHotSpot.Connection)
[ERROR]   location: class net.bytebuddy.agent.VirtualMachineForHotSpotTest
[ERROR] /usr/src/RPM/BUILD/byte-buddy-byte-buddy-1.12.0/byte-buddy-agent/src/test/java/net/bytebuddy/agent/VirtualMachineForHotSpotTest.java:[153,59] cannot find symbol
[ERROR]   symbol:   method mock(java.lang.Class<net.bytebuddy.agent.VirtualMachine.ForHotSpot.Connection>)
[ERROR]   location: class net.bytebuddy.agent.VirtualMachineForHotSpotTest
[ERROR] /usr/src/RPM/BUILD/byte-buddy-byte-buddy-1.12.0/byte-buddy-agent/src/test/java/net/bytebuddy/agent/VirtualMachineForHotSpotTest.java:[154,66] cannot find symbol
[ERROR]   symbol:   method mock(java.lang.Class<net.bytebuddy.agent.VirtualMachine.ForHotSpot.Connection.Response>)
[ERROR]   location: class net.bytebuddy.agent.VirtualMachineForHotSpotTest
[ERROR] /usr/src/RPM/BUILD/byte-buddy-byte-buddy-1.12.0/byte-buddy-agent/src/test/java/net/bytebuddy/agent/VirtualMachineForHotSpotTest.java:[155,9] cannot find symbol
[ERROR]   symbol:   method when(net.bytebuddy.agent.VirtualMachine.ForHotSpot.Connection.Response)
[ERROR]   location: class net.bytebuddy.agent.VirtualMachineForHotSpotTest
[ERROR] /usr/src/RPM/BUILD/byte-buddy-byte-buddy-1.12.0/byte-buddy-agent/src/test/java/net/bytebuddy/agent/VirtualMachineForHotSpotTest.java:[156,28] cannot find symbol
[ERROR]   symbol:   method any(java.lang.Class<byte[]>)
[ERROR]   location: class net.bytebuddy.agent.VirtualMachineForHotSpotTest
[ERROR] /usr/src/RPM/BUILD/byte-buddy-byte-buddy-1.12.0/byte-buddy-agent/src/test/java/net/bytebuddy/agent/VirtualMachineForHotSpotTest.java:[161,9] cannot find symbol
[ERROR]   symbol:   method verify(net.bytebuddy.agent.VirtualMachine.ForHotSpot.Connection)
[ERROR]   location: class net.bytebuddy.agent.VirtualMachineForHotSpotTest
[ERROR] /usr/src/RPM/BUILD/byte-buddy-byte-buddy-1.12.0/byte-buddy-agent/src/test/java/net/bytebuddy/agent/VirtualMachineForHotSpotTest.java:[162,9] cannot find symbol
[ERROR]   symbol:   method verify(net.bytebuddy.agent.VirtualMachine.ForHotSpot.Connection.Response)
[ERROR]   location: class net.bytebuddy.agent.VirtualMachineForHotSpotTest
[ERROR] /usr/src/RPM/BUILD/byte-buddy-byte-buddy-1.12.0/byte-buddy-agent/src/test/java/net/bytebuddy/agent/VirtualMachineForHotSpotTest.java:[163,9] cannot find symbol
[ERROR]   symbol:   method verifyNoMoreInteractions(net.bytebuddy.agent.VirtualMachine.ForHotSpot.Connection)
[ERROR]   location: class net.bytebuddy.agent.VirtualMachineForHotSpotTest
[ERROR] /usr/src/RPM/BUILD/byte-buddy-byte-buddy-1.12.0/byte-buddy-agent/src/test/java/net/bytebuddy/agent/VirtualMachineForHotSpotTest.java:[165,9] cannot find symbol
[ERROR]   symbol:   method verify(net.bytebuddy.agent.VirtualMachine.ForHotSpot.Connection)
[ERROR]   location: class net.bytebuddy.agent.VirtualMachineForHotSpotTest
[ERROR] /usr/src/RPM/BUILD/byte-buddy-byte-buddy-1.12.0/byte-buddy-agent/src/test/java/net/bytebuddy/agent/VirtualMachineForHotSpotTest.java:[170,59] cannot find symbol
[ERROR]   symbol:   method mock(java.lang.Class<net.bytebuddy.agent.VirtualMachine.ForHotSpot.Connection>)
[ERROR]   location: class net.bytebuddy.agent.VirtualMachineForHotSpotTest
[ERROR] /usr/src/RPM/BUILD/byte-buddy-byte-buddy-1.12.0/byte-buddy-agent/src/test/java/net/bytebuddy/agent/VirtualMachineForHotSpotTest.java:[171,66] cannot find symbol
[ERROR]   symbol:   method mock(java.lang.Class<net.bytebuddy.agent.VirtualMachine.ForHotSpot.Connection.Response>)
[ERROR]   location: class net.bytebuddy.agent.VirtualMachineForHotSpotTest
[ERROR] /usr/src/RPM/BUILD/byte-buddy-byte-buddy-1.12.0/byte-buddy-agent/src/test/java/net/bytebuddy/agent/VirtualMachineForHotSpotTest.java:[172,9] cannot find symbol
[ERROR]   symbol:   method when(net.bytebuddy.agent.VirtualMachine.ForHotSpot.Connection.Response)
[ERROR]   location: class net.bytebuddy.agent.VirtualMachineForHotSpotTest
[ERROR] /usr/src/RPM/BUILD/byte-buddy-byte-buddy-1.12.0/byte-buddy-agent/src/test/java/net/bytebuddy/agent/VirtualMachineForHotSpotTest.java:[173,28] cannot find symbol
[ERROR]   symbol:   method any(java.lang.Class<byte[]>)
[ERROR]   location: class net.bytebuddy.agent.VirtualMachineForHotSpotTest
[ERROR] /usr/src/RPM/BUILD/byte-buddy-byte-buddy-1.12.0/byte-buddy-agent/src/test/java/net/bytebuddy/agent/VirtualMachineForHotSpotTest.java:[176,41] cannot find symbol
[ERROR]   symbol:   method spy(net.bytebuddy.agent.VirtualMachine.ForHotSpot)
[ERROR]   location: class net.bytebuddy.agent.VirtualMachineForHotSpotTest
[ERROR] /usr/src/RPM/BUILD/byte-buddy-byte-buddy-1.12.0/byte-buddy-agent/src/test/java/net/bytebuddy/agent/VirtualMachineForHotSpotTest.java:[179,9] cannot find symbol
[ERROR]   symbol:   method doReturn(java.util.Properties)
[ERROR]   location: class net.bytebuddy.agent.VirtualMachineForHotSpotTest
[ERROR] /usr/src/RPM/BUILD/byte-buddy-byte-buddy-1.12.0/byte-buddy-agent/src/test/java/net/bytebuddy/agent/VirtualMachineForHotSpotTest.java:[181,9] cannot find symbol
[ERROR]   symbol:   method verify(net.bytebuddy.agent.VirtualMachine.ForHotSpot.Connection)
[ERROR]   location: class net.bytebuddy.agent.VirtualMachineForHotSpotTest
[ERROR] /usr/src/RPM/BUILD/byte-buddy-byte-buddy-1.12.0/byte-buddy-agent/src/test/java/net/bytebuddy/agent/VirtualMachineForHotSpotTest.java:[182,9] cannot find symbol
[ERROR]   symbol:   method verify(net.bytebuddy.agent.VirtualMachine.ForHotSpot.Connection.Response)
[ERROR]   location: class net.bytebuddy.agent.VirtualMachineForHotSpotTest
[ERROR] /usr/src/RPM/BUILD/byte-buddy-byte-buddy-1.12.0/byte-buddy-agent/src/test/java/net/bytebuddy/agent/VirtualMachineForHotSpotTest.java:[183,9] cannot find symbol
[ERROR]   symbol:   method verifyNoMoreInteractions(net.bytebuddy.agent.VirtualMachine.ForHotSpot.Connection)
[ERROR]   location: class net.bytebuddy.agent.VirtualMachineForHotSpotTest
[ERROR] /usr/src/RPM/BUILD/byte-buddy-byte-buddy-1.12.0/byte-buddy-agent/src/test/java/net/bytebuddy/agent/VirtualMachineForHotSpotTest.java:[185,9] cannot find symbol
[ERROR]   symbol:   method verify(net.bytebuddy.agent.VirtualMachine.ForHotSpot.Connection)
[ERROR]   location: class net.bytebuddy.agent.VirtualMachineForHotSpotTest
[ERROR] /usr/src/RPM/BUILD/byte-buddy-byte-buddy-1.12.0/byte-buddy-agent/src/test/java/net/bytebuddy/agent/VirtualMachineForHotSpotTest.java:[190,59] cannot find symbol
[ERROR]   symbol:   method mock(java.lang.Class<net.bytebuddy.agent.VirtualMachine.ForHotSpot.Connection>)
[ERROR]   location: class net.bytebuddy.agent.VirtualMachineForHotSpotTest
[ERROR] -> [Help 1]
[ERROR] 
[ERROR] To see the full stack trace of the errors, re-run Maven with the -e switch.
[ERROR] Re-run Maven using the -X switch to enable full debug logging.
[ERROR] 
[ERROR] For more information about the errors and possible solutions, please read the following articles:
[ERROR] [Help 1] http://cwiki.apache.org/confluence/display/MAVEN/MojoFailureException
[ERROR] 
[ERROR] After correcting the problems, you can resume the build with the command
[ERROR]   mvn <args> -rf :byte-buddy-agent
error: Bad exit status from /usr/src/tmp/rpm-tmp.86832 (%build)


RPM build errors:
    Bad exit status from /usr/src/tmp/rpm-tmp.86832 (%build)
Command exited with non-zero status 1
15.66user 1.01system 0:12.15elapsed 137%CPU (0avgtext+0avgdata 378944maxresident)k
0inputs+0outputs (0major+138074minor)pagefaults 0swaps
hsh-rebuild: rebuild of `byte-buddy-1.12.0-alt1_3jpp11.src.rpm' failed.
Command exited with non-zero status 1
14.50user 3.07system 0:43.57elapsed 40%CPU (0avgtext+0avgdata 142384maxresident)k
0inputs+0outputs (0major+280168minor)pagefaults 0swaps
