<86>May 16 03:03:13 userdel[814256]: delete user 'rooter'
<86>May 16 03:03:13 userdel[814256]: removed group 'rooter' owned by 'rooter'
<86>May 16 03:03:13 userdel[814256]: removed shadow group 'rooter' owned by 'rooter'
<86>May 16 03:03:13 groupadd[814316]: group added to /etc/group: name=rooter, GID=1874
<86>May 16 03:03:13 groupadd[814316]: group added to /etc/gshadow: name=rooter
<86>May 16 03:03:13 groupadd[814316]: new group: name=rooter, GID=1874
<86>May 16 03:03:13 useradd[814369]: new user: name=rooter, UID=1874, GID=1874, home=/root, shell=/bin/bash, from=none
<86>May 16 03:03:13 userdel[814427]: delete user 'builder'
<86>May 16 03:03:13 userdel[814427]: removed group 'builder' owned by 'builder'
<86>May 16 03:03:13 userdel[814427]: removed shadow group 'builder' owned by 'builder'
<86>May 16 03:03:13 groupadd[814468]: group added to /etc/group: name=builder, GID=1875
<86>May 16 03:03:13 groupadd[814468]: group added to /etc/gshadow: name=builder
<86>May 16 03:03:13 groupadd[814468]: new group: name=builder, GID=1875
<86>May 16 03:03:13 useradd[814512]: new user: name=builder, UID=1875, GID=1875, home=/usr/src, shell=/bin/bash, from=none
/usr/src/in/srpm/felix-utils-1.11.8-alt1_2jpp11.src.rpm: license not found in '/usr/share/license' directory: ASL
/usr/src/in/srpm/felix-utils-1.11.8-alt1_2jpp11.src.rpm: license not found in '/usr/share/license' directory: 2.0
warning: Macro %pom_remove_parent not found
warning: Macro %pom_xpath_inject not found
warning: Macro %pom_remove_plugin not found
warning: Macro %mvn_file not found
warning: Macro %mvn_build not found
warning: Macro %mvn_install not found
<13>May 16 03:03:18 rpmi: javapackages-filesystem-1:6.0.0-alt3 sisyphus+378353.100.1.1 1742277151 installed
<13>May 16 03:03:18 rpmi: plexus-utils-0:3.3.0-alt1_7jpp11 sisyphus+283216.100.1.3 1629255397 installed
<13>May 16 03:03:18 rpmi: apache-commons-io-1:2.11.0-alt1_2jpp11 sisyphus+318723.100.1.1 1681807648 installed
<13>May 16 03:03:18 rpmi: maven-shared-utils-3.3.4-alt1_2jpp11 sisyphus+302881.100.1.1 1656671461 installed
<13>May 16 03:03:18 rpmi: plexus-containers-component-annotations-0:2.1.1-alt1_2jpp11 sisyphus+318726.100.1.3 1681809130 installed
<13>May 16 03:03:18 rpmi: atinject-0:1.0.5-alt1_3jpp11 sisyphus+303043.100.1.1 1656765531 installed
<13>May 16 03:03:18 rpmi: slf4j-0:1.7.36-alt1 sisyphus+382913.300.3.1 1746015802 installed
<13>May 16 03:03:18 rpmi: apache-commons-lang3-3.17.0-alt1 sisyphus+382425.100.5.2 1747315776 installed
<13>May 16 03:03:18 rpmi: plexus-interpolation-0:1.26-alt1_12jpp11 sisyphus+317222.100.1.2 1679506704 installed
<13>May 16 03:03:18 rpmi: apache-commons-compress-0:1.21-alt1_1jpp11 sisyphus+282760.100.1.3 1629016378 installed
<13>May 16 03:03:18 rpmi: javapackages-tools-1:6.0.0-alt3 sisyphus+378353.100.1.1 1742277151 installed
<13>May 16 03:03:18 rpmi: objectweb-asm-0:9.3-alt1_2jpp11 sisyphus+317150.100.1.2 1679414664 installed
<13>May 16 03:03:18 rpmi: jcl-over-slf4j-0:1.7.36-alt1 sisyphus+382913.300.3.1 1746015802 installed
<13>May 16 03:03:18 rpmi: cdi-api-2.0.2-alt1_3jpp11 sisyphus+300684.100.1.1 1653577326 installed
<13>May 16 03:03:18 rpmi: plexus-cipher-2.0-alt1_2jpp11 sisyphus+318725.100.1.2 1681808079 installed
<13>May 16 03:03:18 rpmi: httpcomponents-core-4.4.13-alt1_4jpp11 sisyphus+283282.100.1.3 1629308546 installed
<13>May 16 03:03:18 rpmi: plexus-classworlds-0:2.6.0-alt1_12jpp11 sisyphus+317221.100.1.2 1679504163 installed
<13>May 16 03:03:18 rpmi: sisu-2:0.3.5-alt1_2jpp11 sisyphus+318727.100.1.3 1681808440 installed
<13>May 16 03:03:18 rpmi: plexus-sec-dispatcher-2.0-alt1 sisyphus+382157.100.1.1 1745096363 installed
<13>May 16 03:03:18 rpmi: byte-buddy-1.12.0-alt1_3jpp11 sisyphus+303411.100.1.1 1657454125 installed
<13>May 16 03:03:18 rpmi: apache-commons-cli-0:1.5.0-alt1_3jpp11 sisyphus+303041.100.1.3 1656766127 installed
<13>May 16 03:03:18 rpmi: apache-commons-codec-0:1.15-alt1_4jpp11 sisyphus+283206.100.1.2 1629250805 installed
<13>May 16 03:03:18 rpmi: jakarta-annotations-1.3.5-alt1_11jpp11 sisyphus+300688.100.1.1 1653578883 installed
<13>May 16 03:03:18 rpmi: jansi-0:2.4.0-alt1_7jpp11 sisyphus+317216.100.1.3 1679501794 installed
<13>May 16 03:03:19 rpmi: xmvn-core-4.0.0-alt1_8jpp11 sisyphus+303446.100.1.1 1657533450 installed
<13>May 16 03:03:19 rpmi: opentest4j-1.2.0-alt1_10jpp11 sisyphus+303026.100.1.2 1656757807 installed
<13>May 16 03:03:19 rpmi: libpng16-1.6.42-alt2 sisyphus+339555.100.1.1 1706781682 installed
<13>May 16 03:03:19 rpmi: assertj-core-3.19.0-alt1_3jpp11 sisyphus+301632.100.1.1 1654767506 installed
<13>May 16 03:03:19 rpmi: java-common-1.7.0-alt1 sisyphus+333533.100.1.1 1699037019 installed
<13>May 16 03:03:19 rpmi: plexus-compiler-0:2.11.1-alt1_2jpp11 sisyphus+317154.100.1.3 1679416547 installed
<13>May 16 03:03:19 rpmi: plexus-io-0:3.2.0-alt1_9jpp11 sisyphus+303270.100.1.1 1657178206 installed
<13>May 16 03:03:19 rpmi: plexus-build-api-0:0.0.7-alt3_36jpp11 sisyphus+303029.100.1.3 1656759159 installed
<13>May 16 03:03:19 rpmi: apiguardian-1.1.2-alt1_3jpp11 sisyphus+303042.100.1.1 1656765526 installed
<13>May 16 03:03:19 rpmi: beust-jcommander-1.78-alt1_7jpp11 sisyphus+281813.100.1.1 1628094307 installed
<13>May 16 03:03:19 rpmi: xmvn-tools-4.0.0-alt1_8jpp11 sisyphus+303446.100.1.1 1657533450 installed
<13>May 16 03:03:19 rpmi: byte-buddy-agent-1.12.0-alt1_3jpp11 sisyphus+303411.100.1.1 1657454125 installed
<13>May 16 03:03:19 rpmi: jsr-305-1:3.0.2-alt1_3jpp11 sisyphus+283271.100.1.2 1629305577 installed
<13>May 16 03:03:19 rpmi: guava-31.0.1-alt2_3jpp11 sisyphus+384217.100.1.1 1747314227 installed
<13>May 16 03:03:19 rpmi: google-guice-0:4.2.3-alt1_6jpp11 sisyphus+300883.100.1.1 1653894654 installed
<13>May 16 03:03:19 rpmi: hamcrest-0:2.2-alt1_5jpp11 sisyphus+301728.200.1.1 1654860789 installed
<13>May 16 03:03:19 rpmi: junit-1:4.13.1-alt1_7jpp11 sisyphus+303013.100.1.2 1656753167 installed
<13>May 16 03:03:19 rpmi: jsoup-1.13.1-alt1_7jpp11 sisyphus+283208.100.1.3 1629252685 installed
<13>May 16 03:03:19 rpmi: univocity-parsers-2.9.1-alt1_6jpp11 sisyphus+303035.100.1.2 1656759759 installed
<13>May 16 03:03:19 rpmi: junit5-5.8.2-alt1 sisyphus+383557.100.1.1 1746628905 installed
<13>May 16 03:03:19 rpmi: xz-java-1.9-alt1_3jpp11 sisyphus+303072.100.1.2 1656772105 installed
<13>May 16 03:03:19 rpmi: plexus-archiver-0:4.2.7-alt1_2jpp11 sisyphus+317153.100.1.3 1679416196 installed
<13>May 16 03:03:19 rpmi: qdox-1:2.0.0-alt1_9jpp11 sisyphus+383527.200.1.1 1746616019 installed
<13>May 16 03:03:19 rpmi: plexus-languages-1.1.1-alt1_2jpp11 sisyphus+317156.100.1.3 1679417212 installed
<13>May 16 03:03:19 rpmi: objenesis-0:3.1-alt1_7jpp11 sisyphus+302027.100.1.2 1655142031 installed
<13>May 16 03:03:19 rpmi: libprocps-3.3.17-alt8.g37f1060 sisyphus+330939.300.7.1 1697495403 installed
<13>May 16 03:03:19 rpmi: libxslt-1.1.39-alt1 sisyphus+349406.100.1.1 1716751806 installed
<13>May 16 03:03:19 rpmi: rpm-macros-java-1:6.0.0-alt3 sisyphus+378353.100.1.1 1742277151 installed
<13>May 16 03:03:19 rpmi: jurand-1.3.5-alt2 sisyphus+377872.100.1.1 1741880705 installed
<13>May 16 03:03:19 rpmi: rpm-macros-jurand-1.3.5-alt2 sisyphus+377872.100.1.1 1741880705 installed
<13>May 16 03:03:19 rpmi: libmpdec3-2.5.1-alt3 sisyphus+314490.500.5.1 1675432004 installed
<13>May 16 03:03:19 rpmi: libgdbm-1.8.3-alt10 sisyphus+346222.200.3.2 1716468404 installed
<13>May 16 03:03:19 rpmi: libexpat-2.7.1-alt1 sisyphus+379929.100.1.1 1743519381 installed
<13>May 16 03:03:19 rpmi: openssl-config-3.2.0-alt1 sisyphus+366659.140.4.1 1736956949 installed
<13>May 16 03:03:19 rpmi: libb2-0.98.1-alt1_1 sisyphus+291614.100.1.1 1638962877 installed
<13>May 16 03:03:19 rpmi: liblcms2-2.17-alt1 sisyphus+376290.10700.24.2 1745385260 installed
<13>May 16 03:03:19 rpmi: libjpeg-2:3.0.2-alt2.1 sisyphus+340135.100.1.1 1707449145 installed
<13>May 16 03:03:19 rpmi: libbrotlicommon-1.1.0-alt1 sisyphus+328501.100.1.1 1693598419 installed
<13>May 16 03:03:19 rpmi: libbrotlidec-1.1.0-alt1 sisyphus+328501.100.1.1 1693598419 installed
<13>May 16 03:03:19 rpmi: libgraphite2-1.3.14-alt2.1 sisyphus+279571.100.1.2 1626605111 installed
<13>May 16 03:03:19 rpmi: libharfbuzz-11.2.1-alt1 sisyphus+384013.100.1.1 1747136771 installed
<13>May 16 03:03:19 rpmi: libfreetype-2.13.3-alt1 sisyphus+355656.100.1.1 1724221064 installed
<13>May 16 03:03:19 rpmi: javazi-2024a-alt1 sisyphus+344801.200.1.1 1712691734 installed
<13>May 16 03:03:19 rpmi: libgif-4.1.6-alt4 sisyphus+379672.40.3.1 1746456932 installed
<13>May 16 03:03:19 rpmi: libX11-locales-3:1.8.11-alt1 sisyphus+373040.100.1.1 1738571640 installed
<13>May 16 03:03:19 rpmi: libXdmcp-1.1.5-alt1 sisyphus+343583.700.1.1 1711441061 installed
<13>May 16 03:03:19 rpmi: libXau-1.0.11-alt1 sisyphus+311428.100.1.1 1670577439 installed
<13>May 16 03:03:19 rpmi: libxcb-1.17.0-alt1 sisyphus+345308.200.1.1 1713342004 installed
<13>May 16 03:03:19 rpmi: libX11-3:1.8.11-alt1 sisyphus+373040.100.1.1 1738571640 installed
<13>May 16 03:03:19 rpmi: libXext-1.3.6-alt1 sisyphus+343583.1000.1.1 1711441101 installed
<13>May 16 03:03:19 rpmi: libXi-1.8-alt1 sisyphus+285490.200.1.1 1632124174 installed
<13>May 16 03:03:19 rpmi: libXtst-1.2.4-alt1 sisyphus+308663.1300.1.1 1666168495 installed
<13>May 16 03:03:19 rpmi: libXrender-0.9.12-alt1 sisyphus+373121.100.1.1 1738654919 installed
<13>May 16 03:03:19 rpmi: publicsuffix-list-20250416-alt1 sisyphus+381887.100.1.1 1744900874 installed
<13>May 16 03:03:19 rpmi: httpcomponents-client-4.5.13-alt1_2jpp11 sisyphus+283281.100.1.3 1629307126 installed
<13>May 16 03:03:19 rpmi: maven-wagon-0:3.5.3-alt1 sisyphus+382913.400.3.1 1746015847 installed
<13>May 16 03:03:19 rpmi: maven-resolver-1:1.6.3-alt1 sisyphus+381949.100.1.1 1744966821 installed
<13>May 16 03:03:19 rpmi: xmvn-minimal-4.0.0-alt1_8jpp11 sisyphus+303446.100.1.1 1657533450 installed
<13>May 16 03:03:19 rpmi: maven-lib-1:3.8.8-alt1 sisyphus+382913.500.3.1 1746016050 installed
<13>May 16 03:03:19 rpmi: maven-1:3.8.8-alt1 sisyphus+382913.500.3.1 1746016050 installed
<13>May 16 03:03:19 rpmi: maven-archiver-0:3.5.2-alt1_2jpp11 sisyphus+317140.100.1.2 1679410347 installed
<13>May 16 03:03:19 rpmi: maven-common-artifact-filters-3.2.0-alt1_3jpp11 sisyphus+303056.100.1.2 1656767734 installed
<13>May 16 03:03:19 rpmi: maven-surefire-0:3.2.2-alt1 sisyphus+383557.300.1.1 1746629043 installed
<13>May 16 03:03:19 rpmi: maven-surefire-provider-junit-0:3.2.2-alt1 sisyphus+383557.300.1.1 1746629043 installed
<13>May 16 03:03:19 rpmi: maven-surefire-provider-junit5-0:3.2.2-alt1 sisyphus+383557.300.1.1 1746629043 installed
<13>May 16 03:03:19 rpmi: maven-surefire-provider-testng-0:3.2.2-alt1 sisyphus+383557.300.1.1 1746629043 installed
<13>May 16 03:03:19 rpmi: maven-surefire-plugin-0:3.2.2-alt1 sisyphus+383557.300.1.1 1746629043 installed
<13>May 16 03:03:19 rpmi: maven-shared-incremental-1.1-alt1_23jpp11 sisyphus+282537.100.1.1 1628793339 installed
<13>May 16 03:03:19 rpmi: maven-compiler-plugin-3.8.1-alt1_10jpp11 sisyphus+282511.100.1.2 1628772929 installed
<13>May 16 03:03:19 rpmi: maven-shared-io-1:3.0.0-alt1_17jpp11 sisyphus+303022.100.1.3 1656757260 installed
<13>May 16 03:03:19 rpmi: maven-file-management-1:3.0.0-alt1_17jpp11 sisyphus+303020.100.1.3 1656756699 installed
<13>May 16 03:03:19 rpmi: maven-jar-plugin-3.2.2-alt1_2jpp11 sisyphus+317144.100.1.3 1679413357 installed
<13>May 16 03:03:19 rpmi: maven-filtering-3.2.0-alt1_3jpp11 sisyphus+301764.100.1.2 1654889715 installed
<13>May 16 03:03:19 rpmi: maven-resources-plugin-3.2.0-alt1_4jpp11 sisyphus+282536.100.1.2 1628793650 installed
<13>May 16 03:03:19 rpmi: xmvn-mojo-4.0.0-alt1_8jpp11 sisyphus+303446.100.1.1 1657533450 installed
<13>May 16 03:03:19 rpmi: libp11-kit-1:0.25.5-alt1 sisyphus+352553.100.1.1 1720622573 installed
<13>May 16 03:03:19 rpmi: libtasn1-4.20.0-alt2 sisyphus+375829.100.1.1 1740299335 installed
<13>May 16 03:03:19 rpmi: rpm-macros-alternatives-0.5.3-alt1 sisyphus+371878.100.1.1 1737988822 installed
<13>May 16 03:03:19 rpmi: alternatives-0.5.3-alt1 sisyphus+371878.100.1.1 1737988822 installed
<13>May 16 03:03:19 rpmi: ca-certificates-2025.05.12-alt1 sisyphus+383903.200.2.1 1747060316 installed
<13>May 16 03:03:19 rpmi: ca-trust-0.2.0-alt1 sisyphus+344843.100.1.1 1712743326 installed
<13>May 16 03:03:19 rpmi: p11-kit-trust-1:0.25.5-alt1 sisyphus+352553.100.1.1 1720622573 installed
<13>May 16 03:03:20 rpmi: libcrypto3-3.3.3-alt1 sisyphus+374381.40.2.1 1739299401 installed
<13>May 16 03:03:20 rpmi: libssl3-3.3.3-alt1 sisyphus+374381.40.2.1 1739299401 installed
<13>May 16 03:03:20 rpmi: python3-3.12.10-alt1 sisyphus+381757.100.1.1 1744802808 installed
<13>May 16 03:03:20 rpmi: python3-base-3.12.10-alt1 sisyphus+381757.100.1.1 1744802808 installed
<13>May 16 03:03:20 rpmi: python3-module-six-1.17.0-alt1.1 sisyphus+373470.100.1.1 1738920023 installed
<13>May 16 03:03:20 rpmi: python3-module-genshi-0.7.9-alt2.1 sisyphus+376369.5100.10.1 1746628134 installed
<13>May 16 03:03:20 rpmi: python3-module-cssselect-1.3.0-alt1 sisyphus+377617.100.1.1 1741681780 installed
<13>May 16 03:03:20 rpmi: python3-module-webencodings-0.5.1-alt3 sisyphus+359244.100.1.1 1728381102 installed
<13>May 16 03:03:20 rpmi: python3-module-html5lib-1:1.1-alt1 sisyphus+278096.120.5.1 1626086978 installed
<13>May 16 03:03:20 rpmi: python3-module-lxml-5.4.0-alt1 sisyphus+382313.100.1.1 1745325124 installed
<13>May 16 03:03:20 rpmi: python3-module-javapackages-1:6.0.0-alt3 sisyphus+378353.100.1.1 1742277151 installed
<13>May 16 03:03:20 rpmi: rpm-build-java-1:6.0.0-alt3 sisyphus+378353.100.1.1 1742277151 installed
<13>May 16 03:03:20 rpmi: javapackages-local-1:6.0.0-alt3 sisyphus+378353.100.1.1 1742277151 installed
<13>May 16 03:03:20 rpmi: ca-trust-java-0.2.0-alt1 sisyphus+344843.100.1.1 1712743326 installed
<13>May 16 03:03:20 rpmi: java-stub-javadoc-0.1-alt1 sisyphus+276859.100.1.1 1625245070 installed
<13>May 16 03:03:20 rpmi: alsa-ucm-conf-1.2.13-alt2 sisyphus+379457.100.1.1 1743144589 installed
<13>May 16 03:03:20 rpmi: alsa-topology-conf-1.2.5.1-alt1 sisyphus+274777.100.1.1 1624089141 installed
<13>May 16 03:03:21 rpmi: libalsa-1:1.2.13-alt1 sisyphus+370533.200.1.1 1737298943 installed
<13>May 16 03:03:23 rpmi: java-11-openjdk-headless-0:11.0.27.0.6-alt1 sisyphus+382872.100.1.1 1745983997 installed
<13>May 16 03:03:23 rpmi: java-11-openjdk-0:11.0.27.0.6-alt1 sisyphus+382872.100.1.1 1745983997 installed
<13>May 16 03:03:23 rpmi: java-11-openjdk-devel-0:11.0.27.0.6-alt1 sisyphus+382872.100.1.1 1745983997 installed
<13>May 16 03:03:23 rpmi: jpackage-11-compat-0.43-alt1 sisyphus+338091.100.1.2 1705652445 installed
<13>May 16 03:03:23 rpmi: maven-local-1:6.0.0-alt3 sisyphus+378353.100.1.1 1742277151 installed
<13>May 16 03:03:23 rpmi: mockito-5.17.0-alt1 sisyphus+382425.300.5.2 1747315818 installed
<13>May 16 03:03:23 rpmi: osgi-compendium-7.0.0-alt1_9jpp11 sisyphus+276612.100.1.2 1625154231 installed
<13>May 16 03:03:23 rpmi: osgi-core-8.0.0-alt1_3jpp11 sisyphus+283296.100.1.3 1629312763 installed
Building target platforms: x86_64
Building for target x86_64
Wrote: /usr/src/in/nosrpm/felix-utils-1.11.8-alt1_2jpp11.nosrc.rpm (w1.gzdio)
Installing felix-utils-1.11.8-alt1_2jpp11.src.rpm
Building target platforms: x86_64
Building for target x86_64
Executing(%prep): /bin/sh -e /usr/src/tmp/rpm-tmp.7777
+ umask 022
+ /bin/mkdir -p /usr/src/RPM/BUILD
+ cd /usr/src/RPM/BUILD
+ cd /usr/src/RPM/BUILD
+ rm -rf org.apache.felix.utils-1.11.8
+ echo 'Source #0 (org.apache.felix.utils-1.11.8-source-release.tar.gz):'
Source #0 (org.apache.felix.utils-1.11.8-source-release.tar.gz):
+ /usr/bin/gzip -dc /usr/src/RPM/SOURCES/org.apache.felix.utils-1.11.8-source-release.tar.gz
+ /bin/tar -xf -
+ cd org.apache.felix.utils-1.11.8
+ /bin/chmod -c -Rf u+rwX,go-w .
+ echo 'Patch #0 (0000-Port-to-osgi-cmpn.patch):'
Patch #0 (0000-Port-to-osgi-cmpn.patch):
+ /usr/bin/patch -p1
patching file src/main/java/org/apache/felix/utils/repository/AggregateRepository.java
patching file src/main/java/org/apache/felix/utils/repository/BaseRepository.java
patching file src/test/java/org/apache/felix/utils/properties/MockBundleContext.java
+ /usr/bin/python3 /usr/share/java-utils/pom_editor.py pom_remove_parent
+ /usr/bin/python3 /usr/share/java-utils/pom_editor.py pom_xpath_inject pom:project '<groupId>org.apache.felix</groupId>'
+ /usr/bin/python3 /usr/share/java-utils/pom_editor.py pom_remove_plugin :apache-rat-plugin
+ /usr/bin/python3 /usr/share/java-utils/mvn_file.py :org.apache.felix.utils felix/org.apache.felix.utils
+ exit 0
Executing(%build): /bin/sh -e /usr/src/tmp/rpm-tmp.7777
+ umask 022
+ /bin/mkdir -p /usr/src/RPM/BUILD
+ cd /usr/src/RPM/BUILD
+ cd org.apache.felix.utils-1.11.8
+ /usr/bin/python3 /usr/share/java-utils/mvn_build.py --xmvn-javadoc -- -Dmaven.compiler.source=1.8 -Dmaven.compiler.target=1.8 -Dmaven.javadoc.source=1.8 -Dmaven.compiler.release=8
Executing: xmvn --batch-mode --offline -Dmaven.compiler.source=1.8 -Dmaven.compiler.target=1.8 -Dmaven.javadoc.source=1.8 -Dmaven.compiler.release=8 verify org.fedoraproject.xmvn:xmvn-mojo:install org.fedoraproject.xmvn:xmvn-mojo:javadoc org.fedoraproject.xmvn:xmvn-mojo:builddep
['xmvn', '--batch-mode', '--offline', '-Dmaven.compiler.source=1.8', '-Dmaven.compiler.target=1.8', '-Dmaven.javadoc.source=1.8', '-Dmaven.compiler.release=8', 'verify', 'org.fedoraproject.xmvn:xmvn-mojo:install', 'org.fedoraproject.xmvn:xmvn-mojo:javadoc', 'org.fedoraproject.xmvn:xmvn-mojo:builddep']
[INFO] Scanning for projects...
[WARNING] 
[WARNING] Some problems were encountered while building the effective model for org.apache.felix:org.apache.felix.utils:jar:1.11.8
[WARNING] 'build.plugins.plugin.version' for org.apache.maven.plugins:maven-compiler-plugin is missing. @ line 68, column 21
[WARNING] 
[WARNING] It is highly recommended to fix these problems because they threaten the stability of your build.
[WARNING] 
[WARNING] For this reason, future Maven versions might no longer support building such malformed projects.
[WARNING] 
[INFO] 
[INFO] --------------< org.apache.felix:org.apache.felix.utils >---------------
[INFO] Building Apache Felix Utils 1.11.8
[INFO]   from pom.xml
[INFO] --------------------------------[ jar ]---------------------------------
[INFO] 
[INFO] --- maven-resources-plugin:3.2.0:resources (default-resources) @ org.apache.felix.utils ---
[WARNING] Using platform encoding (UTF-8 actually) to copy filtered resources, i.e. build is platform dependent!
[INFO] Using 'null' encoding to copy filtered properties files.
[INFO] skip non existing resourceDirectory /usr/src/RPM/BUILD/org.apache.felix.utils-1.11.8/src/main/resources
[INFO] 
[INFO] --- maven-compiler-plugin:3.8.1:compile (default-compile) @ org.apache.felix.utils ---
[INFO] Changes detected - recompiling the module!
[WARNING] File encoding has not been set, using platform encoding UTF-8, i.e. build is platform dependent!
[INFO] Compiling 37 source files to /usr/src/RPM/BUILD/org.apache.felix.utils-1.11.8/target/classes
[INFO] /usr/src/RPM/BUILD/org.apache.felix.utils-1.11.8/src/main/java/org/apache/felix/utils/log/Logger.java: Some input files use or override a deprecated API.
[INFO] /usr/src/RPM/BUILD/org.apache.felix.utils-1.11.8/src/main/java/org/apache/felix/utils/log/Logger.java: Recompile with -Xlint:deprecation for details.
[INFO] /usr/src/RPM/BUILD/org.apache.felix.utils-1.11.8/src/main/java/org/apache/felix/utils/extender/AbstractExtender.java: Some input files use unchecked or unsafe operations.
[INFO] /usr/src/RPM/BUILD/org.apache.felix.utils-1.11.8/src/main/java/org/apache/felix/utils/extender/AbstractExtender.java: Recompile with -Xlint:unchecked for details.
[INFO] 
[INFO] --- maven-resources-plugin:3.2.0:testResources (default-testResources) @ org.apache.felix.utils ---
[WARNING] Using platform encoding (UTF-8 actually) to copy filtered resources, i.e. build is platform dependent!
[INFO] Using 'null' encoding to copy filtered properties files.
[INFO] Copying 6 resources
[INFO] 
[INFO] --- maven-compiler-plugin:3.8.1:testCompile (default-testCompile) @ org.apache.felix.utils ---
[INFO] Changes detected - recompiling the module!
[WARNING] File encoding has not been set, using platform encoding UTF-8, i.e. build is platform dependent!
[INFO] Compiling 17 source files to /usr/src/RPM/BUILD/org.apache.felix.utils-1.11.8/target/test-classes
[INFO] /usr/src/RPM/BUILD/org.apache.felix.utils-1.11.8/src/test/java/org/apache/felix/utils/properties/MockBundleContext.java: Some input files use unchecked or unsafe operations.
[INFO] /usr/src/RPM/BUILD/org.apache.felix.utils-1.11.8/src/test/java/org/apache/felix/utils/properties/MockBundleContext.java: Recompile with -Xlint:unchecked for details.
[INFO] -------------------------------------------------------------
[ERROR] COMPILATION ERROR : 
[INFO] -------------------------------------------------------------
[ERROR] /usr/src/RPM/BUILD/org.apache.felix.utils-1.11.8/src/test/java/org/apache/felix/utils/resource/RequirementImplTest.java:[23,19] package org.mockito does not exist
[ERROR] /usr/src/RPM/BUILD/org.apache.felix.utils-1.11.8/src/test/java/org/apache/felix/utils/resource/CapabilityImplTest.java:[23,19] package org.mockito does not exist
[ERROR] /usr/src/RPM/BUILD/org.apache.felix.utils-1.11.8/src/test/java/org/apache/felix/utils/resource/RequirementImplTest.java:[51,24] cannot find symbol
  symbol:   variable Mockito
  location: class org.apache.felix.utils.resource.RequirementImplTest
[ERROR] /usr/src/RPM/BUILD/org.apache.felix.utils-1.11.8/src/test/java/org/apache/felix/utils/resource/RequirementImplTest.java:[63,49] cannot find symbol
  symbol:   variable Mockito
  location: class org.apache.felix.utils.resource.RequirementImplTest
[ERROR] /usr/src/RPM/BUILD/org.apache.felix.utils-1.11.8/src/test/java/org/apache/felix/utils/resource/RequirementImplTest.java:[68,50] cannot find symbol
  symbol:   variable Mockito
  location: class org.apache.felix.utils.resource.RequirementImplTest
[ERROR] /usr/src/RPM/BUILD/org.apache.felix.utils-1.11.8/src/test/java/org/apache/felix/utils/resource/RequirementImplTest.java:[75,25] cannot find symbol
  symbol:   variable Mockito
  location: class org.apache.felix.utils.resource.RequirementImplTest
[ERROR] /usr/src/RPM/BUILD/org.apache.felix.utils-1.11.8/src/test/java/org/apache/felix/utils/resource/RequirementImplTest.java:[82,25] cannot find symbol
  symbol:   variable Mockito
  location: class org.apache.felix.utils.resource.RequirementImplTest
[ERROR] /usr/src/RPM/BUILD/org.apache.felix.utils-1.11.8/src/test/java/org/apache/felix/utils/resource/RequirementImplTest.java:[100,26] cannot find symbol
  symbol:   variable Mockito
  location: class org.apache.felix.utils.resource.RequirementImplTest
[ERROR] /usr/src/RPM/BUILD/org.apache.felix.utils-1.11.8/src/test/java/org/apache/felix/utils/resource/RequirementImplTest.java:[101,9] cannot find symbol
  symbol:   variable Mockito
  location: class org.apache.felix.utils.resource.RequirementImplTest
[ERROR] /usr/src/RPM/BUILD/org.apache.felix.utils-1.11.8/src/test/java/org/apache/felix/utils/resource/RequirementImplTest.java:[103,48] cannot find symbol
  symbol:   variable Mockito
  location: class org.apache.felix.utils.resource.RequirementImplTest
[ERROR] /usr/src/RPM/BUILD/org.apache.felix.utils-1.11.8/src/test/java/org/apache/felix/utils/resource/CapabilityImplTest.java:[37,47] cannot find symbol
  symbol:   variable Mockito
  location: class org.apache.felix.utils.resource.CapabilityImplTest
[ERROR] /usr/src/RPM/BUILD/org.apache.felix.utils-1.11.8/src/test/java/org/apache/felix/utils/resource/CapabilityImplTest.java:[50,24] cannot find symbol
  symbol:   variable Mockito
  location: class org.apache.felix.utils.resource.CapabilityImplTest
[ERROR] /usr/src/RPM/BUILD/org.apache.felix.utils-1.11.8/src/test/java/org/apache/felix/utils/resource/CapabilityImplTest.java:[62,24] cannot find symbol
  symbol:   variable Mockito
  location: class org.apache.felix.utils.resource.CapabilityImplTest
[ERROR] /usr/src/RPM/BUILD/org.apache.felix.utils-1.11.8/src/test/java/org/apache/felix/utils/resource/CapabilityImplTest.java:[67,25] cannot find symbol
  symbol:   variable Mockito
  location: class org.apache.felix.utils.resource.CapabilityImplTest
[INFO] 14 errors 
[INFO] -------------------------------------------------------------
[INFO] 
[INFO] ------------------------------------------------------------------------
[INFO] Skipping Apache Felix Utils
[INFO] This project has been banned from the build due to previous failures.
[INFO] ------------------------------------------------------------------------
[INFO] ------------------------------------------------------------------------
[INFO] BUILD FAILURE
[INFO] ------------------------------------------------------------------------
[INFO] Total time:  3.484 s
[INFO] Finished at: 2025-05-16T03:03:32Z
[INFO] ------------------------------------------------------------------------
[ERROR] Failed to execute goal org.apache.maven.plugins:maven-compiler-plugin:3.8.1:testCompile (default-testCompile) on project org.apache.felix.utils: Compilation failure: Compilation failure: 
[ERROR] /usr/src/RPM/BUILD/org.apache.felix.utils-1.11.8/src/test/java/org/apache/felix/utils/resource/RequirementImplTest.java:[23,19] package org.mockito does not exist
[ERROR] /usr/src/RPM/BUILD/org.apache.felix.utils-1.11.8/src/test/java/org/apache/felix/utils/resource/CapabilityImplTest.java:[23,19] package org.mockito does not exist
[ERROR] /usr/src/RPM/BUILD/org.apache.felix.utils-1.11.8/src/test/java/org/apache/felix/utils/resource/RequirementImplTest.java:[51,24] cannot find symbol
[ERROR]   symbol:   variable Mockito
[ERROR]   location: class org.apache.felix.utils.resource.RequirementImplTest
[ERROR] /usr/src/RPM/BUILD/org.apache.felix.utils-1.11.8/src/test/java/org/apache/felix/utils/resource/RequirementImplTest.java:[63,49] cannot find symbol
[ERROR]   symbol:   variable Mockito
[ERROR]   location: class org.apache.felix.utils.resource.RequirementImplTest
[ERROR] /usr/src/RPM/BUILD/org.apache.felix.utils-1.11.8/src/test/java/org/apache/felix/utils/resource/RequirementImplTest.java:[68,50] cannot find symbol
[ERROR]   symbol:   variable Mockito
[ERROR]   location: class org.apache.felix.utils.resource.RequirementImplTest
[ERROR] /usr/src/RPM/BUILD/org.apache.felix.utils-1.11.8/src/test/java/org/apache/felix/utils/resource/RequirementImplTest.java:[75,25] cannot find symbol
[ERROR]   symbol:   variable Mockito
[ERROR]   location: class org.apache.felix.utils.resource.RequirementImplTest
[ERROR] /usr/src/RPM/BUILD/org.apache.felix.utils-1.11.8/src/test/java/org/apache/felix/utils/resource/RequirementImplTest.java:[82,25] cannot find symbol
[ERROR]   symbol:   variable Mockito
[ERROR]   location: class org.apache.felix.utils.resource.RequirementImplTest
[ERROR] /usr/src/RPM/BUILD/org.apache.felix.utils-1.11.8/src/test/java/org/apache/felix/utils/resource/RequirementImplTest.java:[100,26] cannot find symbol
[ERROR]   symbol:   variable Mockito
[ERROR]   location: class org.apache.felix.utils.resource.RequirementImplTest
[ERROR] /usr/src/RPM/BUILD/org.apache.felix.utils-1.11.8/src/test/java/org/apache/felix/utils/resource/RequirementImplTest.java:[101,9] cannot find symbol
[ERROR]   symbol:   variable Mockito
[ERROR]   location: class org.apache.felix.utils.resource.RequirementImplTest
[ERROR] /usr/src/RPM/BUILD/org.apache.felix.utils-1.11.8/src/test/java/org/apache/felix/utils/resource/RequirementImplTest.java:[103,48] cannot find symbol
[ERROR]   symbol:   variable Mockito
[ERROR]   location: class org.apache.felix.utils.resource.RequirementImplTest
[ERROR] /usr/src/RPM/BUILD/org.apache.felix.utils-1.11.8/src/test/java/org/apache/felix/utils/resource/CapabilityImplTest.java:[37,47] cannot find symbol
[ERROR]   symbol:   variable Mockito
[ERROR]   location: class org.apache.felix.utils.resource.CapabilityImplTest
[ERROR] /usr/src/RPM/BUILD/org.apache.felix.utils-1.11.8/src/test/java/org/apache/felix/utils/resource/CapabilityImplTest.java:[50,24] cannot find symbol
[ERROR]   symbol:   variable Mockito
[ERROR]   location: class org.apache.felix.utils.resource.CapabilityImplTest
[ERROR] /usr/src/RPM/BUILD/org.apache.felix.utils-1.11.8/src/test/java/org/apache/felix/utils/resource/CapabilityImplTest.java:[62,24] cannot find symbol
[ERROR]   symbol:   variable Mockito
[ERROR]   location: class org.apache.felix.utils.resource.CapabilityImplTest
[ERROR] /usr/src/RPM/BUILD/org.apache.felix.utils-1.11.8/src/test/java/org/apache/felix/utils/resource/CapabilityImplTest.java:[67,25] cannot find symbol
[ERROR]   symbol:   variable Mockito
[ERROR]   location: class org.apache.felix.utils.resource.CapabilityImplTest
[ERROR] -> [Help 1]
[ERROR] 
[ERROR] To see the full stack trace of the errors, re-run Maven with the -e switch.
[ERROR] Re-run Maven using the -X switch to enable full debug logging.
[ERROR] 
[ERROR] For more information about the errors and possible solutions, please read the following articles:
[ERROR] [Help 1] http://cwiki.apache.org/confluence/display/MAVEN/MojoFailureException
error: Bad exit status from /usr/src/tmp/rpm-tmp.7777 (%build)


RPM build errors:
    Bad exit status from /usr/src/tmp/rpm-tmp.7777 (%build)
Command exited with non-zero status 1
19.68user 1.45system 0:04.91elapsed 430%CPU (0avgtext+0avgdata 487552maxresident)k
0inputs+0outputs (0major+105344minor)pagefaults 0swaps
hsh-rebuild: rebuild of `felix-utils-1.11.8-alt1_2jpp11.src.rpm' failed.
Command exited with non-zero status 1
5.34user 3.35system 0:22.04elapsed 39%CPU (0avgtext+0avgdata 144536maxresident)k
152inputs+0outputs (0major+269697minor)pagefaults 0swaps
