<86>May 16 05:39:07 userdel[14244]: delete user 'rooter'
<86>May 16 05:39:07 userdel[14244]: removed group 'rooter' owned by 'rooter'
<86>May 16 05:39:07 userdel[14244]: removed shadow group 'rooter' owned by 'rooter'
<86>May 16 05:39:07 groupadd[14304]: group added to /etc/group: name=rooter, GID=1850
<86>May 16 05:39:07 groupadd[14304]: group added to /etc/gshadow: name=rooter
<86>May 16 05:39:07 groupadd[14304]: new group: name=rooter, GID=1850
<86>May 16 05:39:07 useradd[14340]: new user: name=rooter, UID=1850, GID=1850, home=/root, shell=/bin/bash, from=none
<86>May 16 05:39:07 userdel[14388]: delete user 'builder'
<86>May 16 05:39:07 userdel[14388]: removed group 'builder' owned by 'builder'
<86>May 16 05:39:07 userdel[14388]: removed shadow group 'builder' owned by 'builder'
<86>May 16 05:39:07 groupadd[14416]: group added to /etc/group: name=builder, GID=1851
<86>May 16 05:39:07 groupadd[14416]: group added to /etc/gshadow: name=builder
<86>May 16 05:39:07 groupadd[14416]: new group: name=builder, GID=1851
<86>May 16 05:39:07 useradd[14447]: new user: name=builder, UID=1851, GID=1851, home=/usr/src, shell=/bin/bash, from=none
/usr/src/in/srpm/httpcomponents-core-4.4.13-alt1_4jpp11.src.rpm: license not found in '/usr/share/license' directory: ASL
/usr/src/in/srpm/httpcomponents-core-4.4.13-alt1_4jpp11.src.rpm: license not found in '/usr/share/license' directory: 2.0
warning: user igor does not exist - using root
warning: group igor does not exist - using root
warning: user igor does not exist - using root
warning: group igor does not exist - using root
warning: user igor does not exist - using root
warning: group igor does not exist - using root
warning: user igor does not exist - using root
warning: group igor does not exist - using root
<13>May 16 05:39:10 rpmi: rpm-macros-java-1:6.0.0-alt3 sisyphus+378353.100.1.1 1742277151 installed
<13>May 16 05:39:13 rpmi: javapackages-filesystem-1:6.0.0-alt3 sisyphus+378353.100.1.1 1742277151 installed
<13>May 16 05:39:13 rpmi: plexus-utils-0:3.3.0-alt1_7jpp11 sisyphus+283216.100.1.3 1629255397 installed
<13>May 16 05:39:13 rpmi: slf4j-0:1.7.36-alt1 sisyphus+382913.300.3.1 1746015802 installed
<13>May 16 05:39:13 rpmi: apache-commons-io-1:2.11.0-alt1_2jpp11 sisyphus+318723.100.1.1 1681807648 installed
<13>May 16 05:39:13 rpmi: maven-shared-utils-3.3.4-alt1_2jpp11 sisyphus+302881.100.1.1 1656671461 installed
<13>May 16 05:39:13 rpmi: plexus-containers-component-annotations-0:2.1.1-alt1_2jpp11 sisyphus+318726.100.1.3 1681809130 installed
<13>May 16 05:39:13 rpmi: apache-commons-lang3-3.17.0-alt1 sisyphus+382425.100.5.2 1747315776 installed
<13>May 16 05:39:13 rpmi: atinject-0:1.0.5-alt1_3jpp11 sisyphus+303043.100.1.1 1656765531 installed
<13>May 16 05:39:13 rpmi: plexus-interpolation-0:1.26-alt1_12jpp11 sisyphus+317222.100.1.2 1679506704 installed
<13>May 16 05:39:13 rpmi: javapackages-tools-1:6.0.0-alt3 sisyphus+378353.100.1.1 1742277151 installed
<13>May 16 05:39:13 rpmi: objectweb-asm-0:9.3-alt1_2jpp11 sisyphus+317150.100.1.2 1679414664 installed
<13>May 16 05:39:13 rpmi: apache-commons-compress-0:1.21-alt1_1jpp11 sisyphus+282760.100.1.3 1629016378 installed
<13>May 16 05:39:13 rpmi: plexus-classworlds-0:2.6.0-alt1_12jpp11 sisyphus+317221.100.1.2 1679504163 installed
<13>May 16 05:39:13 rpmi: plexus-cipher-2.0-alt1_2jpp11 sisyphus+318725.100.1.2 1681808079 installed
<13>May 16 05:39:13 rpmi: cdi-api-2.0.2-alt1_3jpp11 sisyphus+300684.100.1.1 1653577326 installed
<13>May 16 05:39:13 rpmi: sisu-2:0.3.5-alt1_2jpp11 sisyphus+318727.100.1.3 1681808440 installed
<13>May 16 05:39:13 rpmi: jcl-over-slf4j-0:1.7.36-alt1 sisyphus+382913.300.3.1 1746015802 installed
<13>May 16 05:39:13 rpmi: apache-commons-codec-0:1.15-alt1_4jpp11 sisyphus+283206.100.1.2 1629250805 installed
<13>May 16 05:39:13 rpmi: httpcomponents-core-4.4.13-alt1_4jpp11 sisyphus+283282.100.1.3 1629308546 installed
<13>May 16 05:39:13 rpmi: plexus-sec-dispatcher-2.0-alt1 sisyphus+382157.100.1.1 1745096363 installed
<13>May 16 05:39:13 rpmi: byte-buddy-1.12.0-alt1_3jpp11 sisyphus+303411.100.1.1 1657454125 installed
<13>May 16 05:39:13 rpmi: plexus-build-api-0:0.0.7-alt3_36jpp11 sisyphus+303029.100.1.3 1656759159 installed
<13>May 16 05:39:13 rpmi: apache-commons-cli-0:1.5.0-alt1_3jpp11 sisyphus+303041.100.1.3 1656766127 installed
<13>May 16 05:39:13 rpmi: jansi-0:2.4.0-alt1_7jpp11 sisyphus+317216.100.1.3 1679501794 installed
<13>May 16 05:39:13 rpmi: jakarta-annotations-1.3.5-alt1_11jpp11 sisyphus+300688.100.1.1 1653578883 installed
<13>May 16 05:39:13 rpmi: xmvn-core-4.0.0-alt1_8jpp11 sisyphus+303446.100.1.1 1657533450 installed
<13>May 16 05:39:13 rpmi: hawtjni-runtime-0:1.18-alt1_2jpp11 sisyphus+282792.100.1.1 1629029179 installed
<13>May 16 05:39:13 rpmi: opentest4j-1.2.0-alt1_10jpp11 sisyphus+303026.100.1.2 1656757807 installed
<13>May 16 05:39:13 rpmi: libpng16-1.6.42-alt2 sisyphus+339555.100.1.1 1706781682 installed
<13>May 16 05:39:13 rpmi: jansi-native-0:1.8-alt1_12jpp11 sisyphus+317217.100.1.2 1679502324 installed
<13>May 16 05:39:13 rpmi: jansi1-1.18-alt1_11jpp11 sisyphus+302998.100.1.2 1656749981 installed
<13>May 16 05:39:13 rpmi: jline2-0:2.14.6-alt1_2jpp11 sisyphus+273662.100.1.1 1622879727 installed
<13>May 16 05:39:13 rpmi: assertj-core-3.19.0-alt1_3jpp11 sisyphus+301632.100.1.1 1654767506 installed
<13>May 16 05:39:13 rpmi: java-common-1.7.0-alt1 sisyphus+333533.100.1.1 1699037019 installed
<13>May 16 05:39:13 rpmi: plexus-resources-0:1.2.0-alt1_2jpp11 sisyphus+317157.100.1.2 1679417543 installed
<13>May 16 05:39:13 rpmi: plexus-compiler-0:2.11.1-alt1_2jpp11 sisyphus+317154.100.1.3 1679416547 installed
<13>May 16 05:39:13 rpmi: plexus-io-0:3.2.0-alt1_9jpp11 sisyphus+303270.100.1.1 1657178206 installed
<13>May 16 05:39:13 rpmi: xbean-0:4.18-alt1_7jpp11 sisyphus+303040.100.1.2 1656761668 installed
<13>May 16 05:39:14 rpmi: ant-lib-0:1.10.12-alt1_8jpp11 sisyphus+317214.100.1.1 1679497453 installed
<13>May 16 05:39:14 rpmi: apache-commons-collections-0:3.2.2-alt1_27jpp11 sisyphus+302979.100.1.3 1656746095 installed
<13>May 16 05:39:14 rpmi: velocity-1:1.7-alt3_36jpp11 sisyphus+282835.200.1.1 1629039655 installed
<13>May 16 05:39:14 rpmi: apache-commons-logging-0:1.2-alt1_30jpp11 sisyphus+302982.100.1.1 1656745489 installed
<13>May 16 05:39:14 rpmi: bsf-1:2.4.0-alt3_46jpp11 sisyphus+317135.100.1.1 1679405986 installed
<13>May 16 05:39:14 rpmi: bsh-0:2.1.0-alt1_5jpp11 sisyphus+302988.100.1.3 1656748952 installed
<13>May 16 05:39:14 rpmi: apache-resource-bundles-1:36-alt1_2jpp11 sisyphus+317095.100.1.2 1679396315 installed
<13>May 16 05:39:14 rpmi: jsr-305-1:3.0.2-alt1_3jpp11 sisyphus+283271.100.1.2 1629305577 installed
<13>May 16 05:39:14 rpmi: guava-31.0.1-alt2_3jpp11 sisyphus+384217.100.1.1 1747314227 installed
<13>May 16 05:39:14 rpmi: google-guice-0:4.2.3-alt1_6jpp11 sisyphus+300883.100.1.1 1653894654 installed
<13>May 16 05:39:14 rpmi: jsoup-1.13.1-alt1_7jpp11 sisyphus+283208.100.1.3 1629252685 installed
<13>May 16 05:39:14 rpmi: beust-jcommander-1.78-alt1_7jpp11 sisyphus+281813.100.1.1 1628094307 installed
<13>May 16 05:39:14 rpmi: xmvn-tools-4.0.0-alt1_8jpp11 sisyphus+303446.100.1.1 1657533450 installed
<13>May 16 05:39:14 rpmi: hamcrest-0:2.2-alt1_5jpp11 sisyphus+301728.200.1.1 1654860789 installed
<13>May 16 05:39:14 rpmi: junit-1:4.13.1-alt1_7jpp11 sisyphus+303013.100.1.2 1656753167 installed
<13>May 16 05:39:14 rpmi: plexus-containers-container-default-0:2.1.1-alt1_2jpp11 sisyphus+318726.100.1.3 1681809130 installed
<13>May 16 05:39:14 rpmi: xz-java-1.9-alt1_3jpp11 sisyphus+303072.100.1.2 1656772105 installed
<13>May 16 05:39:14 rpmi: plexus-archiver-0:4.2.7-alt1_2jpp11 sisyphus+317153.100.1.3 1679416196 installed
<13>May 16 05:39:14 rpmi: apiguardian-1.1.2-alt1_3jpp11 sisyphus+303042.100.1.1 1656765526 installed
<13>May 16 05:39:14 rpmi: osgi-annotation-8.0.1-alt1_4jpp11 sisyphus+303064.100.1.3 1656770624 installed
<13>May 16 05:39:14 rpmi: osgi-compendium-7.0.0-alt1_9jpp11 sisyphus+276612.100.1.2 1625154231 installed
<13>May 16 05:39:14 rpmi: osgi-core-8.0.0-alt1_3jpp11 sisyphus+283296.100.1.3 1629312763 installed
<13>May 16 05:39:14 rpmi: aqute-bnd-0:6.2.0-alt1_2jpp11 sisyphus+317096.100.1.2 1679397087 installed
<13>May 16 05:39:14 rpmi: aqute-bndlib-0:6.2.0-alt1_2jpp11 sisyphus+317096.100.1.2 1679397087 installed
<13>May 16 05:39:14 rpmi: byte-buddy-agent-1.12.0-alt1_3jpp11 sisyphus+303411.100.1.1 1657454125 installed
<13>May 16 05:39:14 rpmi: felix-utils-1.11.8-alt1_2jpp11 sisyphus+317104.100.1.2 1679400597 installed
<13>May 16 05:39:14 rpmi: univocity-parsers-2.9.1-alt1_6jpp11 sisyphus+303035.100.1.2 1656759759 installed
<13>May 16 05:39:14 rpmi: junit5-5.8.2-alt1 sisyphus+383557.100.1.1 1746628905 installed
<13>May 16 05:39:14 rpmi: qdox-1:2.0.0-alt1_9jpp11 sisyphus+383527.200.1.1 1746616019 installed
<13>May 16 05:39:14 rpmi: plexus-languages-1.1.1-alt1_2jpp11 sisyphus+317156.100.1.3 1679417212 installed
<13>May 16 05:39:14 rpmi: objenesis-0:3.1-alt1_7jpp11 sisyphus+302027.100.1.2 1655142031 installed
<13>May 16 05:39:14 rpmi: libprocps-3.3.17-alt8.g37f1060 sisyphus+330939.300.7.1 1697495403 installed
<13>May 16 05:39:14 rpmi: libxslt-1.1.39-alt1 sisyphus+349406.100.1.1 1716751806 installed
<13>May 16 05:39:14 rpmi: jurand-1.3.5-alt2 sisyphus+377872.100.1.1 1741880705 installed
<13>May 16 05:39:14 rpmi: rpm-macros-jurand-1.3.5-alt2 sisyphus+377872.100.1.1 1741880705 installed
<13>May 16 05:39:14 rpmi: libmpdec3-2.5.1-alt3 sisyphus+314490.500.5.1 1675432004 installed
<13>May 16 05:39:14 rpmi: libgdbm-1.8.3-alt10 sisyphus+346222.200.3.2 1716468404 installed
<13>May 16 05:39:14 rpmi: libexpat-2.7.1-alt1 sisyphus+379929.100.1.1 1743519381 installed
<13>May 16 05:39:14 rpmi: openssl-config-3.2.0-alt1 sisyphus+366659.140.4.1 1736956949 installed
<13>May 16 05:39:14 rpmi: libb2-0.98.1-alt1_1 sisyphus+291614.100.1.1 1638962877 installed
<13>May 16 05:39:14 rpmi: liblcms2-2.17-alt1 sisyphus+376290.10700.24.2 1745385260 installed
<13>May 16 05:39:14 rpmi: libjpeg-2:3.0.2-alt2.1 sisyphus+340135.100.1.1 1707449145 installed
<13>May 16 05:39:14 rpmi: libbrotlicommon-1.1.0-alt1 sisyphus+328501.100.1.1 1693598419 installed
<13>May 16 05:39:14 rpmi: libbrotlidec-1.1.0-alt1 sisyphus+328501.100.1.1 1693598419 installed
<13>May 16 05:39:14 rpmi: libgraphite2-1.3.14-alt2.1 sisyphus+279571.100.1.2 1626605111 installed
<13>May 16 05:39:14 rpmi: libharfbuzz-11.2.1-alt1 sisyphus+384013.100.1.1 1747136771 installed
<13>May 16 05:39:14 rpmi: libfreetype-2.13.3-alt1 sisyphus+355656.100.1.1 1724221064 installed
<13>May 16 05:39:14 rpmi: javazi-2024a-alt1 sisyphus+344801.200.1.1 1712691734 installed
<13>May 16 05:39:14 rpmi: libgif-4.1.6-alt4 sisyphus+379672.40.3.1 1746456932 installed
<13>May 16 05:39:14 rpmi: libX11-locales-3:1.8.11-alt1 sisyphus+373040.100.1.1 1738571640 installed
<13>May 16 05:39:14 rpmi: libXdmcp-1.1.5-alt1 sisyphus+343583.700.1.1 1711441061 installed
<13>May 16 05:39:14 rpmi: libXau-1.0.11-alt1 sisyphus+311428.100.1.1 1670577439 installed
<13>May 16 05:39:14 rpmi: libxcb-1.17.0-alt1 sisyphus+345308.200.1.1 1713342004 installed
<13>May 16 05:39:14 rpmi: libX11-3:1.8.11-alt1 sisyphus+373040.100.1.1 1738571640 installed
<13>May 16 05:39:14 rpmi: libXext-1.3.6-alt1 sisyphus+343583.1000.1.1 1711441101 installed
<13>May 16 05:39:14 rpmi: libXi-1.8-alt1 sisyphus+285490.200.1.1 1632124174 installed
<13>May 16 05:39:14 rpmi: libXtst-1.2.4-alt1 sisyphus+308663.1300.1.1 1666168495 installed
<13>May 16 05:39:14 rpmi: libXrender-0.9.12-alt1 sisyphus+373121.100.1.1 1738654919 installed
<13>May 16 05:39:14 rpmi: libp11-kit-1:0.25.5-alt1 sisyphus+352553.100.1.1 1720622573 installed
<13>May 16 05:39:14 rpmi: libtasn1-4.20.0-alt2 sisyphus+375829.100.1.1 1740299335 installed
<13>May 16 05:39:14 rpmi: publicsuffix-list-20250416-alt1 sisyphus+381887.100.1.1 1744900874 installed
<13>May 16 05:39:15 rpmi: httpcomponents-client-4.5.13-alt1_2jpp11 sisyphus+283281.100.1.3 1629307126 installed
<13>May 16 05:39:15 rpmi: maven-wagon-0:3.5.3-alt1 sisyphus+382913.400.3.1 1746015847 installed
<13>May 16 05:39:15 rpmi: maven-resolver-1:1.6.3-alt1 sisyphus+381949.100.1.1 1744966821 installed
<13>May 16 05:39:15 rpmi: maven-1:3.8.8-alt1 sisyphus+382913.500.3.1 1746016050 installed
<13>May 16 05:39:15 rpmi: xmvn-minimal-4.0.0-alt1_8jpp11 sisyphus+303446.100.1.1 1657533450 installed
<13>May 16 05:39:15 rpmi: maven-lib-1:3.8.8-alt1 sisyphus+382913.500.3.1 1746016050 installed
<13>May 16 05:39:15 rpmi: maven-common-artifact-filters-3.2.0-alt1_3jpp11 sisyphus+303056.100.1.2 1656767734 installed
<13>May 16 05:39:15 rpmi: maven-surefire-0:3.2.2-alt1 sisyphus+383557.300.1.1 1746629043 installed
<13>May 16 05:39:15 rpmi: maven-archiver-0:3.5.2-alt1_2jpp11 sisyphus+317140.100.1.2 1679410347 installed
<13>May 16 05:39:15 rpmi: maven-dependency-tree-3.1.0-alt1_2jpp11 sisyphus+317142.100.1.2 1679412375 installed
<13>May 16 05:39:15 rpmi: maven-filtering-3.2.0-alt1_3jpp11 sisyphus+301764.100.1.2 1654889715 installed
<13>May 16 05:39:15 rpmi: maven-remote-resources-plugin-1.7.0-alt1_7jpp11 sisyphus+282861.100.1.1 1629057314 installed
<13>May 16 05:39:15 rpmi: maven-resources-plugin-3.2.0-alt1_4jpp11 sisyphus+282536.100.1.2 1628793650 installed
<13>May 16 05:39:15 rpmi: maven-surefire-provider-junit-0:3.2.2-alt1 sisyphus+383557.300.1.1 1746629043 installed
<13>May 16 05:39:15 rpmi: maven-surefire-provider-junit5-0:3.2.2-alt1 sisyphus+383557.300.1.1 1746629043 installed
<13>May 16 05:39:15 rpmi: maven-surefire-provider-testng-0:3.2.2-alt1 sisyphus+383557.300.1.1 1746629043 installed
<13>May 16 05:39:15 rpmi: maven-surefire-plugin-0:3.2.2-alt1 sisyphus+383557.300.1.1 1746629043 installed
<13>May 16 05:39:15 rpmi: maven-artifact-transfer-1:0.13.1-alt2 sisyphus+382320.300.3.2 1745479123 installed
<13>May 16 05:39:15 rpmi: maven-enforcer-api-0:3.0.0_M2-alt1_3jpp11 sisyphus+301995.100.1.3 1655132104 installed
<13>May 16 05:39:15 rpmi: maven-enforcer-rules-0:3.0.0_M2-alt1_3jpp11 sisyphus+301995.100.1.3 1655132104 installed
<13>May 16 05:39:15 rpmi: maven-enforcer-plugin-0:3.0.0_M2-alt1_3jpp11 sisyphus+301995.100.1.3 1655132104 installed
<13>May 16 05:39:15 rpmi: apache-parent-26-alt1_3jpp11 sisyphus+317094.100.1.3 1679396015 installed
<13>May 16 05:39:15 rpmi: maven-shared-io-1:3.0.0-alt1_17jpp11 sisyphus+303022.100.1.3 1656757260 installed
<13>May 16 05:39:15 rpmi: maven-file-management-1:3.0.0-alt1_17jpp11 sisyphus+303020.100.1.3 1656756699 installed
<13>May 16 05:39:15 rpmi: maven-jar-plugin-3.2.2-alt1_2jpp11 sisyphus+317144.100.1.3 1679413357 installed
<13>May 16 05:39:15 rpmi: maven-shared-incremental-1.1-alt1_23jpp11 sisyphus+282537.100.1.1 1628793339 installed
<13>May 16 05:39:15 rpmi: maven-compiler-plugin-3.8.1-alt1_10jpp11 sisyphus+282511.100.1.2 1628772929 installed
<13>May 16 05:39:15 rpmi: xmvn-mojo-4.0.0-alt1_8jpp11 sisyphus+303446.100.1.1 1657533450 installed
<13>May 16 05:39:15 rpmi: rpm-macros-alternatives-0.5.3-alt1 sisyphus+371878.100.1.1 1737988822 installed
<13>May 16 05:39:15 rpmi: alternatives-0.5.3-alt1 sisyphus+371878.100.1.1 1737988822 installed
<13>May 16 05:39:15 rpmi: ca-certificates-2025.05.12-alt1 sisyphus+383903.200.2.1 1747060316 installed
<13>May 16 05:39:15 rpmi: ca-trust-0.2.0-alt1 sisyphus+344843.100.1.1 1712743326 installed
<13>May 16 05:39:15 rpmi: p11-kit-trust-1:0.25.5-alt1 sisyphus+352553.100.1.1 1720622573 installed
<13>May 16 05:39:15 rpmi: libcrypto3-3.3.3-alt1 sisyphus+374381.40.2.1 1739299401 installed
<13>May 16 05:39:15 rpmi: libssl3-3.3.3-alt1 sisyphus+374381.40.2.1 1739299401 installed
<13>May 16 05:39:15 rpmi: python3-3.12.10-alt1 sisyphus+381757.100.1.1 1744802808 installed
<13>May 16 05:39:16 rpmi: python3-base-3.12.10-alt1 sisyphus+381757.100.1.1 1744802808 installed
<13>May 16 05:39:16 rpmi: python3-module-six-1.17.0-alt1.1 sisyphus+373470.100.1.1 1738920023 installed
<13>May 16 05:39:16 rpmi: python3-module-genshi-0.7.9-alt2.1 sisyphus+376369.5100.10.1 1746628134 installed
<13>May 16 05:39:16 rpmi: python3-module-cssselect-1.3.0-alt1 sisyphus+377617.100.1.1 1741681780 installed
<13>May 16 05:39:16 rpmi: python3-module-webencodings-0.5.1-alt3 sisyphus+359244.100.1.1 1728381102 installed
<13>May 16 05:39:16 rpmi: python3-module-html5lib-1:1.1-alt1 sisyphus+278096.120.5.1 1626086978 installed
<13>May 16 05:39:16 rpmi: python3-module-lxml-5.4.0-alt1 sisyphus+382313.100.1.1 1745325124 installed
<13>May 16 05:39:16 rpmi: python3-module-javapackages-1:6.0.0-alt3 sisyphus+378353.100.1.1 1742277151 installed
<13>May 16 05:39:16 rpmi: rpm-build-java-1:6.0.0-alt3 sisyphus+378353.100.1.1 1742277151 installed
<13>May 16 05:39:16 rpmi: javapackages-local-1:6.0.0-alt3 sisyphus+378353.100.1.1 1742277151 installed
<13>May 16 05:39:16 rpmi: ca-trust-java-0.2.0-alt1 sisyphus+344843.100.1.1 1712743326 installed
<13>May 16 05:39:16 rpmi: java-stub-javadoc-0.1-alt1 sisyphus+276859.100.1.1 1625245070 installed
<13>May 16 05:39:16 rpmi: alsa-ucm-conf-1.2.13-alt2 sisyphus+379457.100.1.1 1743144589 installed
<13>May 16 05:39:16 rpmi: alsa-topology-conf-1.2.5.1-alt1 sisyphus+274777.100.1.1 1624089141 installed
<13>May 16 05:39:16 rpmi: libalsa-1:1.2.13-alt1 sisyphus+370533.200.1.1 1737298943 installed
<13>May 16 05:39:18 rpmi: java-11-openjdk-headless-0:11.0.27.0.6-alt1 sisyphus+382872.100.1.1 1745983997 installed
<13>May 16 05:39:18 rpmi: java-11-openjdk-0:11.0.27.0.6-alt1 sisyphus+382872.100.1.1 1745983997 installed
<13>May 16 05:39:19 rpmi: java-11-openjdk-devel-0:11.0.27.0.6-alt1 sisyphus+382872.100.1.1 1745983997 installed
<13>May 16 05:39:19 rpmi: jpackage-11-compat-0.43-alt1 sisyphus+338091.100.1.2 1705652445 installed
<13>May 16 05:39:19 rpmi: maven-local-1:6.0.0-alt3 sisyphus+378353.100.1.1 1742277151 installed
<13>May 16 05:39:19 rpmi: httpcomponents-project-12-alt1_4jpp11 sisyphus+281819.100.1.2 1628096270 installed
<13>May 16 05:39:19 rpmi: maven-plugin-build-helper-3.3.0-alt1_2jpp11 sisyphus+317145.100.1.3 1679413670 installed
<13>May 16 05:39:19 rpmi: maven-plugin-bundle-5.1.1-alt1_3jpp11 sisyphus+282795.100.1.1 1629029174 installed
<13>May 16 05:39:19 rpmi: mockito-5.17.0-alt1 sisyphus+382425.300.5.2 1747315818 installed
Building target platforms: x86_64
Building for target x86_64
Wrote: /usr/src/in/nosrpm/httpcomponents-core-4.4.13-alt1_4jpp11.nosrc.rpm (w1.gzdio)
Installing httpcomponents-core-4.4.13-alt1_4jpp11.src.rpm
Building target platforms: x86_64
Building for target x86_64
Executing(%prep): /bin/sh -e /usr/src/tmp/rpm-tmp.65697
+ umask 022
+ /bin/mkdir -p /usr/src/RPM/BUILD
+ cd /usr/src/RPM/BUILD
+ cd /usr/src/RPM/BUILD
+ rm -rf httpcomponents-core-4.4.13
+ echo 'Source #0 (httpcomponents-core-4.4.13-src.tar.gz):'
Source #0 (httpcomponents-core-4.4.13-src.tar.gz):
+ /usr/bin/gzip -dc /usr/src/RPM/SOURCES/httpcomponents-core-4.4.13-src.tar.gz
+ /bin/tar -xf -
+ cd httpcomponents-core-4.4.13
+ /bin/chmod -c -Rf u+rwX,go-w .
+ echo 'Patch #0 (0001-Port-to-mockito-2.patch):'
Patch #0 (0001-Port-to-mockito-2.patch):
+ /usr/bin/patch -p1
patching file httpcore-nio/src/test/java/org/apache/http/impl/nio/pool/TestBasicNIOConnPool.java
patching file httpcore-nio/src/test/java/org/apache/http/nio/pool/TestNIOConnPool.java
patching file httpcore-nio/src/test/java/org/apache/http/nio/protocol/TestHttpAsyncService.java
Hunk #1 succeeded at 505 (offset 3 lines).
Hunk #2 succeeded at 1022 (offset 3 lines).
+ sed -i /Thread.sleep/s/100/2000/ httpcore-nio/src/test/java/org/apache/http/nio/integration/TestHttpAsyncHandlers.java
+ /usr/bin/python3 /usr/share/java-utils/pom_editor.py pom_remove_plugin :maven-checkstyle-plugin
+ /usr/bin/python3 /usr/share/java-utils/pom_editor.py pom_remove_plugin :apache-rat-plugin
+ /usr/bin/python3 /usr/share/java-utils/pom_editor.py pom_remove_plugin :maven-source-plugin
+ /usr/bin/python3 /usr/share/java-utils/pom_editor.py pom_remove_plugin :maven-javadoc-plugin
+ /usr/bin/python3 /usr/share/java-utils/pom_editor.py pom_remove_dep :conscrypt-openjdk-uber httpcore-nio
+ rm httpcore-nio/src/test/java/org/apache/http/nio/integration/TestJSSEProviderIntegration.java
+ /usr/bin/python3 /usr/share/java-utils/pom_editor.py pom_disable_module httpcore-osgi
+ /usr/bin/python3 /usr/share/java-utils/pom_editor.py pom_disable_module httpcore-ab
+ for module in httpcore httpcore-nio
+ /usr/bin/python3 /usr/share/java-utils/pom_editor.py pom_xpath_remove pom:project/pom:packaging httpcore
+ /usr/bin/python3 /usr/share/java-utils/pom_editor.py pom_xpath_inject pom:project '<packaging>bundle</packaging>' httpcore
+ /usr/bin/python3 /usr/share/java-utils/pom_editor.py pom_remove_plugin :maven-jar-plugin httpcore
+ /usr/bin/python3 /usr/share/java-utils/pom_editor.py pom_xpath_inject pom:build/pom:plugins '
        <plugin>
          <groupId>org.apache.felix</groupId>
          <artifactId>maven-bundle-plugin</artifactId>
          <extensions>true</extensions>
          <configuration>
            <instructions>
              <Export-Package>*</Export-Package>
              <Private-Package></Private-Package>
              <Automatic-Module-Name>org.apache.httpcomponents.httpcore</Automatic-Module-Name>
              <_nouses>true</_nouses>
            </instructions>
          </configuration>
        </plugin>' httpcore
+ for module in httpcore httpcore-nio
+ /usr/bin/python3 /usr/share/java-utils/pom_editor.py pom_xpath_remove pom:project/pom:packaging httpcore-nio
+ /usr/bin/python3 /usr/share/java-utils/pom_editor.py pom_xpath_inject pom:project '<packaging>bundle</packaging>' httpcore-nio
+ /usr/bin/python3 /usr/share/java-utils/pom_editor.py pom_remove_plugin :maven-jar-plugin httpcore-nio
+ /usr/bin/python3 /usr/share/java-utils/pom_editor.py pom_xpath_inject pom:build/pom:plugins '
        <plugin>
          <groupId>org.apache.felix</groupId>
          <artifactId>maven-bundle-plugin</artifactId>
          <extensions>true</extensions>
          <configuration>
            <instructions>
              <Export-Package>*</Export-Package>
              <Private-Package></Private-Package>
              <Automatic-Module-Name>org.apache.httpcomponents.httpcore-nio</Automatic-Module-Name>
              <_nouses>true</_nouses>
            </instructions>
          </configuration>
        </plugin>' httpcore-nio
+ /usr/bin/python3 /usr/share/java-utils/mvn_file.py ':{*}' httpcomponents/@1
+ exit 0
Executing(%build): /bin/sh -e /usr/src/tmp/rpm-tmp.65697
+ umask 022
+ /bin/mkdir -p /usr/src/RPM/BUILD
+ cd /usr/src/RPM/BUILD
+ cd httpcomponents-core-4.4.13
+ /usr/bin/python3 /usr/share/java-utils/mvn_build.py --xmvn-javadoc -- -Dmaven.compiler.source=1.8 -Dmaven.compiler.target=1.8 -Dmaven.javadoc.source=1.8 -Dmaven.compiler.release=8
Executing: xmvn --batch-mode --offline -Dmaven.compiler.source=1.8 -Dmaven.compiler.target=1.8 -Dmaven.javadoc.source=1.8 -Dmaven.compiler.release=8 verify org.fedoraproject.xmvn:xmvn-mojo:install org.fedoraproject.xmvn:xmvn-mojo:javadoc org.fedoraproject.xmvn:xmvn-mojo:builddep
['xmvn', '--batch-mode', '--offline', '-Dmaven.compiler.source=1.8', '-Dmaven.compiler.target=1.8', '-Dmaven.javadoc.source=1.8', '-Dmaven.compiler.release=8', 'verify', 'org.fedoraproject.xmvn:xmvn-mojo:install', 'org.fedoraproject.xmvn:xmvn-mojo:javadoc', 'org.fedoraproject.xmvn:xmvn-mojo:builddep']
[INFO] Scanning for projects...
[WARNING] 
[WARNING] Some problems were encountered while building the effective model for org.apache.httpcomponents:httpcore:bundle:4.4.13
[WARNING] 'build.plugins.plugin.version' for org.apache.maven.plugins:maven-site-plugin is missing. @ org.apache.httpcomponents:httpcomponents-core:4.4.13, /usr/src/RPM/BUILD/httpcomponents-core-4.4.13/pom.xml, line 132, column 15
[WARNING] 'build.plugins.plugin.version' for org.codehaus.mojo:clirr-maven-plugin is missing. @ org.apache.httpcomponents:httpcomponents-core:4.4.13, /usr/src/RPM/BUILD/httpcomponents-core-4.4.13/pom.xml, line 208, column 15
[WARNING] 'build.plugins.plugin.version' for org.apache.felix:maven-bundle-plugin is missing. @ line 64, column 15
[WARNING] 'build.plugins.plugin.version' for com.agilejava.docbkx:docbkx-maven-plugin is missing. @ org.apache.httpcomponents:httpcomponents-core:4.4.13, /usr/src/RPM/BUILD/httpcomponents-core-4.4.13/pom.xml, line 135, column 15
[WARNING] 
[WARNING] Some problems were encountered while building the effective model for org.apache.httpcomponents:httpcore-nio:bundle:4.4.13
[WARNING] 'build.plugins.plugin.version' for org.apache.maven.plugins:maven-site-plugin is missing. @ org.apache.httpcomponents:httpcomponents-core:4.4.13, /usr/src/RPM/BUILD/httpcomponents-core-4.4.13/pom.xml, line 132, column 15
[WARNING] 'build.plugins.plugin.version' for org.codehaus.mojo:clirr-maven-plugin is missing. @ org.apache.httpcomponents:httpcomponents-core:4.4.13, /usr/src/RPM/BUILD/httpcomponents-core-4.4.13/pom.xml, line 208, column 15
[WARNING] 'build.plugins.plugin.version' for org.apache.felix:maven-bundle-plugin is missing. @ line 79, column 15
[WARNING] 'build.plugins.plugin.version' for com.agilejava.docbkx:docbkx-maven-plugin is missing. @ org.apache.httpcomponents:httpcomponents-core:4.4.13, /usr/src/RPM/BUILD/httpcomponents-core-4.4.13/pom.xml, line 135, column 15
[WARNING] 
[WARNING] Some problems were encountered while building the effective model for org.apache.httpcomponents:httpcomponents-core:pom:4.4.13
[WARNING] 'build.plugins.plugin.version' for org.apache.maven.plugins:maven-site-plugin is missing. @ line 132, column 15
[WARNING] 'build.plugins.plugin.version' for org.codehaus.mojo:clirr-maven-plugin is missing. @ line 208, column 15
[WARNING] 'build.plugins.plugin.version' for com.agilejava.docbkx:docbkx-maven-plugin is missing. @ line 135, column 15
[WARNING] 
[WARNING] It is highly recommended to fix these problems because they threaten the stability of your build.
[WARNING] 
[WARNING] For this reason, future Maven versions might no longer support building such malformed projects.
[WARNING] 
[INFO] ------------------------------------------------------------------------
[INFO] Reactor Build Order:
[INFO] 
[INFO] Apache HttpComponents Core                                         [pom]
[INFO] Apache HttpCore                                                 [bundle]
[INFO] Apache HttpCore NIO                                             [bundle]
[INFO] 
[INFO] -----------< org.apache.httpcomponents:httpcomponents-core >------------
[INFO] Building Apache HttpComponents Core 4.4.13                         [1/3]
[INFO]   from pom.xml
[INFO] --------------------------------[ pom ]---------------------------------
[INFO] 
[INFO] --- maven-enforcer-plugin:3.0.0-M2:enforce (enforce-maven-version) @ httpcomponents-core ---
[INFO] 
[INFO] --- maven-enforcer-plugin:3.0.0-M2:enforce (enforce-java-version) @ httpcomponents-core ---
[INFO] 
[INFO] --- build-helper-maven-plugin:3.3.0:parse-version (parse-version) @ httpcomponents-core ---
[INFO] 
[INFO] --- maven-remote-resources-plugin:1.7.0:process (process-resource-bundles) @ httpcomponents-core ---
[INFO] Preparing remote bundle org.apache:apache-jar-resource-bundle:1.4
[INFO] Copying 5 resources from 1 bundle.
[INFO] 
[INFO] -----------------< org.apache.httpcomponents:httpcore >-----------------
[INFO] Building Apache HttpCore 4.4.13                                    [2/3]
[INFO]   from httpcore/pom.xml
[INFO] -------------------------------[ bundle ]-------------------------------
[INFO] 
[INFO] --- maven-enforcer-plugin:3.0.0-M2:enforce (enforce-maven-version) @ httpcore ---
[INFO] 
[INFO] --- maven-enforcer-plugin:3.0.0-M2:enforce (enforce-java-version) @ httpcore ---
[INFO] 
[INFO] --- build-helper-maven-plugin:3.3.0:parse-version (parse-version) @ httpcore ---
[INFO] 
[INFO] --- build-helper-maven-plugin:3.3.0:add-source (add-source) @ httpcore ---
[INFO] Source directory: /usr/src/RPM/BUILD/httpcomponents-core-4.4.13/httpcore/src/main/java-deprecated added.
[INFO] 
[INFO] --- maven-remote-resources-plugin:1.7.0:process (process-resource-bundles) @ httpcore ---
[INFO] Preparing remote bundle org.apache:apache-jar-resource-bundle:1.4
[INFO] Copying 5 resources from 1 bundle.
[INFO] 
[INFO] --- maven-resources-plugin:3.2.0:resources (default-resources) @ httpcore ---
[INFO] Using 'UTF-8' encoding to copy filtered resources.
[INFO] Using 'UTF-8' encoding to copy filtered properties files.
[INFO] Copying 1 resource
[INFO] Copying 5 resources
[INFO] The encoding used to copy filtered properties files have not been set. This means that the same encoding will be used to copy filtered properties files as when copying other filtered resources. This might not be what you want! Run your build with --debug to see which files might be affected. Read more at https://maven.apache.org/plugins/maven-resources-plugin/examples/filtering-properties-files.html
[INFO] 
[INFO] --- maven-compiler-plugin:3.8.1:compile (default-compile) @ httpcore ---
[INFO] Changes detected - recompiling the module!
[INFO] Compiling 256 source files to /usr/src/RPM/BUILD/httpcomponents-core-4.4.13/httpcore/target/classes
[INFO] /usr/src/RPM/BUILD/httpcomponents-core-4.4.13/httpcore/src/main/java/org/apache/http/message/AbstractHttpMessage.java: Some input files use or override a deprecated API.
[INFO] /usr/src/RPM/BUILD/httpcomponents-core-4.4.13/httpcore/src/main/java/org/apache/http/message/AbstractHttpMessage.java: Recompile with -Xlint:deprecation for details.
[INFO] /usr/src/RPM/BUILD/httpcomponents-core-4.4.13/httpcore/src/main/java/org/apache/http/protocol/ChainBuilder.java: /usr/src/RPM/BUILD/httpcomponents-core-4.4.13/httpcore/src/main/java/org/apache/http/protocol/ChainBuilder.java uses unchecked or unsafe operations.
[INFO] /usr/src/RPM/BUILD/httpcomponents-core-4.4.13/httpcore/src/main/java/org/apache/http/protocol/ChainBuilder.java: Recompile with -Xlint:unchecked for details.
[INFO] 
[INFO] --- maven-resources-plugin:3.2.0:testResources (default-testResources) @ httpcore ---
[INFO] Using 'UTF-8' encoding to copy filtered resources.
[INFO] Using 'UTF-8' encoding to copy filtered properties files.
[INFO] Copying 10 resources
[INFO] Copying 5 resources
[INFO] 
[INFO] --- maven-compiler-plugin:3.8.1:testCompile (default-testCompile) @ httpcore ---
[INFO] Changes detected - recompiling the module!
[INFO] Compiling 86 source files to /usr/src/RPM/BUILD/httpcomponents-core-4.4.13/httpcore/target/test-classes
[INFO] /usr/src/RPM/BUILD/httpcomponents-core-4.4.13/httpcore/src/test/java/org/apache/http/ssl/TestSSLContextBuilder.java: /usr/src/RPM/BUILD/httpcomponents-core-4.4.13/httpcore/src/test/java/org/apache/http/ssl/TestSSLContextBuilder.java uses or overrides a deprecated API.
[INFO] /usr/src/RPM/BUILD/httpcomponents-core-4.4.13/httpcore/src/test/java/org/apache/http/ssl/TestSSLContextBuilder.java: Recompile with -Xlint:deprecation for details.
[INFO] -------------------------------------------------------------
[ERROR] COMPILATION ERROR : 
[INFO] -------------------------------------------------------------
[ERROR] /usr/src/RPM/BUILD/httpcomponents-core-4.4.13/httpcore/src/test/java/org/apache/http/impl/TestDefaultBHttpServerConnection.java:[49,19] package org.mockito does not exist
[ERROR] /usr/src/RPM/BUILD/httpcomponents-core-4.4.13/httpcore/src/test/java/org/apache/http/impl/TestDefaultBHttpServerConnection.java:[50,19] package org.mockito does not exist
[ERROR] /usr/src/RPM/BUILD/httpcomponents-core-4.4.13/httpcore/src/test/java/org/apache/http/impl/TestDefaultBHttpServerConnection.java:[51,19] package org.mockito does not exist
[ERROR] /usr/src/RPM/BUILD/httpcomponents-core-4.4.13/httpcore/src/test/java/org/apache/http/pool/TestConnPool.java:[39,19] package org.mockito does not exist
[ERROR] /usr/src/RPM/BUILD/httpcomponents-core-4.4.13/httpcore/src/test/java/org/apache/http/pool/TestConnPool.java:[40,19] package org.mockito does not exist
[ERROR] /usr/src/RPM/BUILD/httpcomponents-core-4.4.13/httpcore/src/test/java/org/apache/http/impl/io/TestSessionInOutBuffers.java:[45,19] package org.mockito does not exist
[ERROR] /usr/src/RPM/BUILD/httpcomponents-core-4.4.13/httpcore/src/test/java/org/apache/http/impl/io/TestSessionInOutBuffers.java:[46,19] package org.mockito does not exist
[ERROR] /usr/src/RPM/BUILD/httpcomponents-core-4.4.13/httpcore/src/test/java/org/apache/http/impl/TestBHttpConnectionBase.java:[55,19] package org.mockito does not exist
[ERROR] /usr/src/RPM/BUILD/httpcomponents-core-4.4.13/httpcore/src/test/java/org/apache/http/impl/TestBHttpConnectionBase.java:[56,19] package org.mockito does not exist
[ERROR] /usr/src/RPM/BUILD/httpcomponents-core-4.4.13/httpcore/src/test/java/org/apache/http/impl/TestBHttpConnectionBase.java:[57,19] package org.mockito does not exist
[ERROR] /usr/src/RPM/BUILD/httpcomponents-core-4.4.13/httpcore/src/test/java/org/apache/http/impl/TestBHttpConnectionBase.java:[58,19] package org.mockito does not exist
[ERROR] /usr/src/RPM/BUILD/httpcomponents-core-4.4.13/httpcore/src/test/java/org/apache/http/pool/TestPoolEntry.java:[35,19] package org.mockito does not exist
[ERROR] /usr/src/RPM/BUILD/httpcomponents-core-4.4.13/httpcore/src/test/java/org/apache/http/impl/TestDefaultBHttpClientConnection.java:[50,19] package org.mockito does not exist
[ERROR] /usr/src/RPM/BUILD/httpcomponents-core-4.4.13/httpcore/src/test/java/org/apache/http/impl/TestDefaultBHttpClientConnection.java:[51,19] package org.mockito does not exist
[ERROR] /usr/src/RPM/BUILD/httpcomponents-core-4.4.13/httpcore/src/test/java/org/apache/http/impl/TestDefaultBHttpClientConnection.java:[52,19] package org.mockito does not exist
[ERROR] /usr/src/RPM/BUILD/httpcomponents-core-4.4.13/httpcore/src/test/java/org/apache/http/pool/TestRouteSpecificPool.java:[35,19] package org.mockito does not exist
[ERROR] /usr/src/RPM/BUILD/httpcomponents-core-4.4.13/httpcore/src/test/java/org/apache/http/protocol/TestHttpRequestExecutor.java:[44,19] package org.mockito does not exist
[ERROR] /usr/src/RPM/BUILD/httpcomponents-core-4.4.13/httpcore/src/test/java/org/apache/http/protocol/TestHttpRequestExecutor.java:[45,19] package org.mockito does not exist
[ERROR] /usr/src/RPM/BUILD/httpcomponents-core-4.4.13/httpcore/src/test/java/org/apache/http/protocol/TestHttpService.java:[50,19] package org.mockito does not exist
[ERROR] /usr/src/RPM/BUILD/httpcomponents-core-4.4.13/httpcore/src/test/java/org/apache/http/protocol/TestHttpService.java:[51,19] package org.mockito does not exist
[ERROR] /usr/src/RPM/BUILD/httpcomponents-core-4.4.13/httpcore/src/test/java/org/apache/http/protocol/TestStandardInterceptors.java:[47,19] package org.mockito does not exist
[ERROR] /usr/src/RPM/BUILD/httpcomponents-core-4.4.13/httpcore/src/test/java/org/apache/http/protocol/TestUriHttpRequestHandlerMapper.java:[34,19] package org.mockito does not exist
[ERROR] /usr/src/RPM/BUILD/httpcomponents-core-4.4.13/httpcore/src/test/java/org/apache/http/impl/entity/TestDisallowIdentityContentLengthStrategy.java:[35,19] package org.mockito does not exist
[ERROR] /usr/src/RPM/BUILD/httpcomponents-core-4.4.13/httpcore/src/test/java/org/apache/http/impl/TestNoConnectionReuseStrategy.java:[35,19] package org.mockito does not exist
[ERROR] /usr/src/RPM/BUILD/httpcomponents-core-4.4.13/httpcore/src/test/java/org/apache/http/impl/TestNoConnectionReuseStrategy.java:[36,19] package org.mockito does not exist
[ERROR] /usr/src/RPM/BUILD/httpcomponents-core-4.4.13/httpcore/src/test/java/org/apache/http/impl/TestDefaultBHttpServerConnection.java:[57,6] cannot find symbol
  symbol:   class Mock
  location: class org.apache.http.impl.TestDefaultBHttpServerConnection
[ERROR] /usr/src/RPM/BUILD/httpcomponents-core-4.4.13/httpcore/src/test/java/org/apache/http/impl/TestBHttpConnectionBase.java:[62,6] cannot find symbol
  symbol:   class Mock
  location: class org.apache.http.impl.TestBHttpConnectionBase
[ERROR] /usr/src/RPM/BUILD/httpcomponents-core-4.4.13/httpcore/src/test/java/org/apache/http/impl/TestDefaultBHttpClientConnection.java:[58,6] cannot find symbol
  symbol:   class Mock
  location: class org.apache.http.impl.TestDefaultBHttpClientConnection
[ERROR] /usr/src/RPM/BUILD/httpcomponents-core-4.4.13/httpcore/src/test/java/org/apache/http/impl/TestNoConnectionReuseStrategy.java:[41,6] cannot find symbol
  symbol:   class Mock
  location: class org.apache.http.impl.TestNoConnectionReuseStrategy
[ERROR] /usr/src/RPM/BUILD/httpcomponents-core-4.4.13/httpcore/src/test/java/org/apache/http/impl/TestNoConnectionReuseStrategy.java:[42,6] cannot find symbol
  symbol:   class Mock
  location: class org.apache.http.impl.TestNoConnectionReuseStrategy
[ERROR] /usr/src/RPM/BUILD/httpcomponents-core-4.4.13/httpcore/src/test/java/org/apache/http/impl/TestDefaultBHttpServerConnection.java:[64,9] cannot find symbol
  symbol:   variable MockitoAnnotations
  location: class org.apache.http.impl.TestDefaultBHttpServerConnection
[ERROR] /usr/src/RPM/BUILD/httpcomponents-core-4.4.13/httpcore/src/test/java/org/apache/http/impl/TestDefaultBHttpServerConnection.java:[84,9] cannot find symbol
  symbol:   variable Mockito
  location: class org.apache.http.impl.TestDefaultBHttpServerConnection
[ERROR] /usr/src/RPM/BUILD/httpcomponents-core-4.4.13/httpcore/src/test/java/org/apache/http/impl/TestDefaultBHttpServerConnection.java:[103,9] cannot find symbol
  symbol:   variable Mockito
  location: class org.apache.http.impl.TestDefaultBHttpServerConnection
[ERROR] /usr/src/RPM/BUILD/httpcomponents-core-4.4.13/httpcore/src/test/java/org/apache/http/impl/TestDefaultBHttpServerConnection.java:[130,9] cannot find symbol
  symbol:   variable Mockito
  location: class org.apache.http.impl.TestDefaultBHttpServerConnection
[ERROR] /usr/src/RPM/BUILD/httpcomponents-core-4.4.13/httpcore/src/test/java/org/apache/http/impl/TestDefaultBHttpServerConnection.java:[150,9] cannot find symbol
  symbol:   variable Mockito
  location: class org.apache.http.impl.TestDefaultBHttpServerConnection
[ERROR] /usr/src/RPM/BUILD/httpcomponents-core-4.4.13/httpcore/src/test/java/org/apache/http/impl/TestDefaultBHttpServerConnection.java:[169,9] cannot find symbol
  symbol:   variable Mockito
  location: class org.apache.http.impl.TestDefaultBHttpServerConnection
[ERROR] /usr/src/RPM/BUILD/httpcomponents-core-4.4.13/httpcore/src/test/java/org/apache/http/pool/TestConnPool.java:[97,46] cannot find symbol
  symbol:   variable Mockito
  location: class org.apache.http.pool.TestConnPool
[ERROR] /usr/src/RPM/BUILD/httpcomponents-core-4.4.13/httpcore/src/test/java/org/apache/http/pool/TestConnPool.java:[115,46] cannot find symbol
  symbol:   variable Mockito
  location: class org.apache.http.pool.TestConnPool
[ERROR] /usr/src/RPM/BUILD/httpcomponents-core-4.4.13/httpcore/src/test/java/org/apache/http/pool/TestConnPool.java:[130,38] cannot find symbol
  symbol:   variable Mockito
  location: class org.apache.http.pool.TestConnPool
[ERROR] /usr/src/RPM/BUILD/httpcomponents-core-4.4.13/httpcore/src/test/java/org/apache/http/pool/TestConnPool.java:[131,9] cannot find symbol
  symbol:   variable Mockito
  location: class org.apache.http.pool.TestConnPool
[ERROR] /usr/src/RPM/BUILD/httpcomponents-core-4.4.13/httpcore/src/test/java/org/apache/http/pool/TestConnPool.java:[132,38] cannot find symbol
  symbol:   variable Mockito
  location: class org.apache.http.pool.TestConnPool
[ERROR] /usr/src/RPM/BUILD/httpcomponents-core-4.4.13/httpcore/src/test/java/org/apache/http/pool/TestConnPool.java:[133,9] cannot find symbol
  symbol:   variable Mockito
  location: class org.apache.http.pool.TestConnPool
[ERROR] /usr/src/RPM/BUILD/httpcomponents-core-4.4.13/httpcore/src/test/java/org/apache/http/pool/TestConnPool.java:[135,46] cannot find symbol
  symbol:   variable Mockito
  location: class org.apache.http.pool.TestConnPool
[ERROR] /usr/src/RPM/BUILD/httpcomponents-core-4.4.13/httpcore/src/test/java/org/apache/http/pool/TestConnPool.java:[136,9] cannot find symbol
  symbol:   variable Mockito
  location: class org.apache.http.pool.TestConnPool
[ERROR] /usr/src/RPM/BUILD/httpcomponents-core-4.4.13/httpcore/src/test/java/org/apache/http/pool/TestConnPool.java:[136,41] cannot find symbol
  symbol:   variable Matchers
  location: class org.apache.http.pool.TestConnPool
[ERROR] /usr/src/RPM/BUILD/httpcomponents-core-4.4.13/httpcore/src/test/java/org/apache/http/pool/TestConnPool.java:[137,9] cannot find symbol
  symbol:   variable Mockito
  location: class org.apache.http.pool.TestConnPool
[ERROR] /usr/src/RPM/BUILD/httpcomponents-core-4.4.13/httpcore/src/test/java/org/apache/http/pool/TestConnPool.java:[137,41] cannot find symbol
  symbol:   variable Matchers
  location: class org.apache.http.pool.TestConnPool
[ERROR] /usr/src/RPM/BUILD/httpcomponents-core-4.4.13/httpcore/src/test/java/org/apache/http/pool/TestConnPool.java:[160,9] cannot find symbol
  symbol:   variable Mockito
  location: class org.apache.http.pool.TestConnPool
[ERROR] /usr/src/RPM/BUILD/httpcomponents-core-4.4.13/httpcore/src/test/java/org/apache/http/pool/TestConnPool.java:[160,31] cannot find symbol
  symbol:   variable Mockito
  location: class org.apache.http.pool.TestConnPool
[ERROR] /usr/src/RPM/BUILD/httpcomponents-core-4.4.13/httpcore/src/test/java/org/apache/http/pool/TestConnPool.java:[161,9] cannot find symbol
  symbol:   variable Mockito
  location: class org.apache.http.pool.TestConnPool
[ERROR] /usr/src/RPM/BUILD/httpcomponents-core-4.4.13/httpcore/src/test/java/org/apache/http/pool/TestConnPool.java:[161,31] cannot find symbol
  symbol:   variable Mockito
  location: class org.apache.http.pool.TestConnPool
[ERROR] /usr/src/RPM/BUILD/httpcomponents-core-4.4.13/httpcore/src/test/java/org/apache/http/pool/TestConnPool.java:[170,46] cannot find symbol
  symbol:   variable Mockito
  location: class org.apache.http.pool.TestConnPool
[ERROR] /usr/src/RPM/BUILD/httpcomponents-core-4.4.13/httpcore/src/test/java/org/apache/http/pool/TestConnPool.java:[181,46] cannot find symbol
  symbol:   variable Mockito
  location: class org.apache.http.pool.TestConnPool
[ERROR] /usr/src/RPM/BUILD/httpcomponents-core-4.4.13/httpcore/src/test/java/org/apache/http/pool/TestConnPool.java:[183,53] cannot find symbol
  symbol:   variable Mockito
  location: class org.apache.http.pool.TestConnPool
[ERROR] /usr/src/RPM/BUILD/httpcomponents-core-4.4.13/httpcore/src/test/java/org/apache/http/pool/TestConnPool.java:[232,46] cannot find symbol
  symbol:   variable Mockito
  location: class org.apache.http.pool.TestConnPool
[ERROR] /usr/src/RPM/BUILD/httpcomponents-core-4.4.13/httpcore/src/test/java/org/apache/http/pool/TestConnPool.java:[234,38] cannot find symbol
  symbol:   variable Mockito
  location: class org.apache.http.pool.TestConnPool
[ERROR] /usr/src/RPM/BUILD/httpcomponents-core-4.4.13/httpcore/src/test/java/org/apache/http/pool/TestConnPool.java:[235,9] cannot find symbol
  symbol:   variable Mockito
  location: class org.apache.http.pool.TestConnPool
[ERROR] /usr/src/RPM/BUILD/httpcomponents-core-4.4.13/httpcore/src/test/java/org/apache/http/pool/TestConnPool.java:[236,9] cannot find symbol
  symbol:   variable Mockito
  location: class org.apache.http.pool.TestConnPool
[ERROR] /usr/src/RPM/BUILD/httpcomponents-core-4.4.13/httpcore/src/test/java/org/apache/http/pool/TestConnPool.java:[236,41] cannot find symbol
  symbol:   variable Matchers
  location: class org.apache.http.pool.TestConnPool
[ERROR] /usr/src/RPM/BUILD/httpcomponents-core-4.4.13/httpcore/src/test/java/org/apache/http/pool/TestConnPool.java:[238,38] cannot find symbol
  symbol:   variable Mockito
  location: class org.apache.http.pool.TestConnPool
[ERROR] /usr/src/RPM/BUILD/httpcomponents-core-4.4.13/httpcore/src/test/java/org/apache/http/pool/TestConnPool.java:[239,9] cannot find symbol
  symbol:   variable Mockito
  location: class org.apache.http.pool.TestConnPool
[ERROR] /usr/src/RPM/BUILD/httpcomponents-core-4.4.13/httpcore/src/test/java/org/apache/http/pool/TestConnPool.java:[240,9] cannot find symbol
  symbol:   variable Mockito
  location: class org.apache.http.pool.TestConnPool
[ERROR] /usr/src/RPM/BUILD/httpcomponents-core-4.4.13/httpcore/src/test/java/org/apache/http/pool/TestConnPool.java:[240,41] cannot find symbol
  symbol:   variable Matchers
  location: class org.apache.http.pool.TestConnPool
[ERROR] /usr/src/RPM/BUILD/httpcomponents-core-4.4.13/httpcore/src/test/java/org/apache/http/pool/TestConnPool.java:[315,9] cannot find symbol
  symbol:   variable Mockito
  location: class org.apache.http.pool.TestConnPool
[ERROR] /usr/src/RPM/BUILD/httpcomponents-core-4.4.13/httpcore/src/test/java/org/apache/http/pool/TestConnPool.java:[315,37] cannot find symbol
  symbol:   variable Mockito
  location: class org.apache.http.pool.TestConnPool
[ERROR] /usr/src/RPM/BUILD/httpcomponents-core-4.4.13/httpcore/src/test/java/org/apache/http/pool/TestConnPool.java:[315,62] cannot find symbol
  symbol:   variable Matchers
  location: class org.apache.http.pool.TestConnPool
[ERROR] /usr/src/RPM/BUILD/httpcomponents-core-4.4.13/httpcore/src/test/java/org/apache/http/pool/TestConnPool.java:[328,9] cannot find symbol
  symbol:   variable Mockito
  location: class org.apache.http.pool.TestConnPool
[ERROR] /usr/src/RPM/BUILD/httpcomponents-core-4.4.13/httpcore/src/test/java/org/apache/http/pool/TestConnPool.java:[328,37] cannot find symbol
  symbol:   variable Mockito
  location: class org.apache.http.pool.TestConnPool
[ERROR] /usr/src/RPM/BUILD/httpcomponents-core-4.4.13/httpcore/src/test/java/org/apache/http/pool/TestConnPool.java:[328,62] cannot find symbol
  symbol:   variable Matchers
  location: class org.apache.http.pool.TestConnPool
[ERROR] /usr/src/RPM/BUILD/httpcomponents-core-4.4.13/httpcore/src/test/java/org/apache/http/pool/TestConnPool.java:[333,46] cannot find symbol
  symbol:   variable Mockito
  location: class org.apache.http.pool.TestConnPool
[ERROR] /usr/src/RPM/BUILD/httpcomponents-core-4.4.13/httpcore/src/test/java/org/apache/http/pool/TestConnPool.java:[335,38] cannot find symbol
  symbol:   variable Mockito
  location: class org.apache.http.pool.TestConnPool
[ERROR] /usr/src/RPM/BUILD/httpcomponents-core-4.4.13/httpcore/src/test/java/org/apache/http/pool/TestConnPool.java:[336,9] cannot find symbol
  symbol:   variable Mockito
  location: class org.apache.http.pool.TestConnPool
[ERROR] /usr/src/RPM/BUILD/httpcomponents-core-4.4.13/httpcore/src/test/java/org/apache/http/pool/TestConnPool.java:[337,38] cannot find symbol
  symbol:   variable Mockito
  location: class org.apache.http.pool.TestConnPool
[ERROR] /usr/src/RPM/BUILD/httpcomponents-core-4.4.13/httpcore/src/test/java/org/apache/http/pool/TestConnPool.java:[338,9] cannot find symbol
  symbol:   variable Mockito
  location: class org.apache.http.pool.TestConnPool
[ERROR] /usr/src/RPM/BUILD/httpcomponents-core-4.4.13/httpcore/src/test/java/org/apache/http/pool/TestConnPool.java:[339,38] cannot find symbol
  symbol:   variable Mockito
  location: class org.apache.http.pool.TestConnPool
[ERROR] /usr/src/RPM/BUILD/httpcomponents-core-4.4.13/httpcore/src/test/java/org/apache/http/pool/TestConnPool.java:[340,9] cannot find symbol
  symbol:   variable Mockito
  location: class org.apache.http.pool.TestConnPool
[ERROR] /usr/src/RPM/BUILD/httpcomponents-core-4.4.13/httpcore/src/test/java/org/apache/http/pool/TestConnPool.java:[341,9] cannot find symbol
  symbol:   variable Mockito
  location: class org.apache.http.pool.TestConnPool
[ERROR] /usr/src/RPM/BUILD/httpcomponents-core-4.4.13/httpcore/src/test/java/org/apache/http/pool/TestConnPool.java:[341,41] cannot find symbol
  symbol:   variable Matchers
  location: class org.apache.http.pool.TestConnPool
[ERROR] /usr/src/RPM/BUILD/httpcomponents-core-4.4.13/httpcore/src/test/java/org/apache/http/pool/TestConnPool.java:[343,38] cannot find symbol
  symbol:   variable Mockito
  location: class org.apache.http.pool.TestConnPool
[ERROR] /usr/src/RPM/BUILD/httpcomponents-core-4.4.13/httpcore/src/test/java/org/apache/http/pool/TestConnPool.java:[344,9] cannot find symbol
  symbol:   variable Mockito
  location: class org.apache.http.pool.TestConnPool
[ERROR] /usr/src/RPM/BUILD/httpcomponents-core-4.4.13/httpcore/src/test/java/org/apache/http/pool/TestConnPool.java:[345,38] cannot find symbol
  symbol:   variable Mockito
  location: class org.apache.http.pool.TestConnPool
[ERROR] /usr/src/RPM/BUILD/httpcomponents-core-4.4.13/httpcore/src/test/java/org/apache/http/pool/TestConnPool.java:[346,9] cannot find symbol
  symbol:   variable Mockito
  location: class org.apache.http.pool.TestConnPool
[ERROR] /usr/src/RPM/BUILD/httpcomponents-core-4.4.13/httpcore/src/test/java/org/apache/http/pool/TestConnPool.java:[347,9] cannot find symbol
  symbol:   variable Mockito
  location: class org.apache.http.pool.TestConnPool
[ERROR] /usr/src/RPM/BUILD/httpcomponents-core-4.4.13/httpcore/src/test/java/org/apache/http/pool/TestConnPool.java:[347,41] cannot find symbol
  symbol:   variable Matchers
  location: class org.apache.http.pool.TestConnPool
[ERROR] /usr/src/RPM/BUILD/httpcomponents-core-4.4.13/httpcore/src/test/java/org/apache/http/pool/TestConnPool.java:[380,9] cannot find symbol
  symbol:   variable Mockito
  location: class org.apache.http.pool.TestConnPool
[ERROR] /usr/src/RPM/BUILD/httpcomponents-core-4.4.13/httpcore/src/test/java/org/apache/http/pool/TestConnPool.java:[380,37] cannot find symbol
  symbol:   variable Mockito
  location: class org.apache.http.pool.TestConnPool
[ERROR] /usr/src/RPM/BUILD/httpcomponents-core-4.4.13/httpcore/src/test/java/org/apache/http/pool/TestConnPool.java:[380,62] cannot find symbol
  symbol:   variable Matchers
  location: class org.apache.http.pool.TestConnPool
[ERROR] /usr/src/RPM/BUILD/httpcomponents-core-4.4.13/httpcore/src/test/java/org/apache/http/pool/TestConnPool.java:[381,9] cannot find symbol
  symbol:   variable Mockito
  location: class org.apache.http.pool.TestConnPool
[ERROR] /usr/src/RPM/BUILD/httpcomponents-core-4.4.13/httpcore/src/test/java/org/apache/http/pool/TestConnPool.java:[381,37] cannot find symbol
  symbol:   variable Mockito
  location: class org.apache.http.pool.TestConnPool
[ERROR] /usr/src/RPM/BUILD/httpcomponents-core-4.4.13/httpcore/src/test/java/org/apache/http/pool/TestConnPool.java:[381,61] cannot find symbol
  symbol:   variable Matchers
  location: class org.apache.http.pool.TestConnPool
[ERROR] /usr/src/RPM/BUILD/httpcomponents-core-4.4.13/httpcore/src/test/java/org/apache/http/pool/TestConnPool.java:[399,9] cannot find symbol
  symbol:   variable Mockito
  location: class org.apache.http.pool.TestConnPool
[ERROR] /usr/src/RPM/BUILD/httpcomponents-core-4.4.13/httpcore/src/test/java/org/apache/http/pool/TestConnPool.java:[399,37] cannot find symbol
  symbol:   variable Mockito
  location: class org.apache.http.pool.TestConnPool
[ERROR] /usr/src/RPM/BUILD/httpcomponents-core-4.4.13/httpcore/src/test/java/org/apache/http/pool/TestConnPool.java:[399,62] cannot find symbol
  symbol:   variable Matchers
  location: class org.apache.http.pool.TestConnPool
[ERROR] /usr/src/RPM/BUILD/httpcomponents-core-4.4.13/httpcore/src/test/java/org/apache/http/pool/TestConnPool.java:[400,9] cannot find symbol
  symbol:   variable Mockito
  location: class org.apache.http.pool.TestConnPool
[ERROR] /usr/src/RPM/BUILD/httpcomponents-core-4.4.13/httpcore/src/test/java/org/apache/http/pool/TestConnPool.java:[400,37] cannot find symbol
  symbol:   variable Mockito
  location: class org.apache.http.pool.TestConnPool
[ERROR] /usr/src/RPM/BUILD/httpcomponents-core-4.4.13/httpcore/src/test/java/org/apache/http/pool/TestConnPool.java:[400,62] cannot find symbol
  symbol:   variable Matchers
  location: class org.apache.http.pool.TestConnPool
[ERROR] /usr/src/RPM/BUILD/httpcomponents-core-4.4.13/httpcore/src/test/java/org/apache/http/pool/TestConnPool.java:[425,9] cannot find symbol
  symbol:   variable Mockito
  location: class org.apache.http.pool.TestConnPool
[ERROR] /usr/src/RPM/BUILD/httpcomponents-core-4.4.13/httpcore/src/test/java/org/apache/http/pool/TestConnPool.java:[425,37] cannot find symbol
  symbol:   variable Mockito
  location: class org.apache.http.pool.TestConnPool
[ERROR] /usr/src/RPM/BUILD/httpcomponents-core-4.4.13/httpcore/src/test/java/org/apache/http/pool/TestConnPool.java:[425,62] cannot find symbol
  symbol:   variable Matchers
  location: class org.apache.http.pool.TestConnPool
[ERROR] /usr/src/RPM/BUILD/httpcomponents-core-4.4.13/httpcore/src/test/java/org/apache/http/pool/TestConnPool.java:[426,9] cannot find symbol
  symbol:   variable Mockito
  location: class org.apache.http.pool.TestConnPool
[INFO] 100 errors 
[INFO] -------------------------------------------------------------
[INFO] 
[INFO] ------------------------------------------------------------------------
[INFO] Skipping Apache HttpComponents Core
[INFO] This project has been banned from the build due to previous failures.
[INFO] ------------------------------------------------------------------------
[INFO] ------------------------------------------------------------------------
[INFO] Reactor Summary for Apache HttpComponents Core 4.4.13:
[INFO] 
[INFO] Apache HttpComponents Core ......................... SUCCESS [  0.372 s]
[INFO] Apache HttpCore .................................... FAILURE [  2.191 s]
[INFO] Apache HttpCore NIO ................................ SKIPPED
[INFO] ------------------------------------------------------------------------
[INFO] BUILD FAILURE
[INFO] ------------------------------------------------------------------------
[INFO] Total time:  3.044 s
[INFO] Finished at: 2025-05-16T05:39:26Z
[INFO] ------------------------------------------------------------------------
[ERROR] Failed to execute goal org.apache.maven.plugins:maven-compiler-plugin:3.8.1:testCompile (default-testCompile) on project httpcore: Compilation failure: Compilation failure: 
[ERROR] /usr/src/RPM/BUILD/httpcomponents-core-4.4.13/httpcore/src/test/java/org/apache/http/impl/TestDefaultBHttpServerConnection.java:[49,19] package org.mockito does not exist
[ERROR] /usr/src/RPM/BUILD/httpcomponents-core-4.4.13/httpcore/src/test/java/org/apache/http/impl/TestDefaultBHttpServerConnection.java:[50,19] package org.mockito does not exist
[ERROR] /usr/src/RPM/BUILD/httpcomponents-core-4.4.13/httpcore/src/test/java/org/apache/http/impl/TestDefaultBHttpServerConnection.java:[51,19] package org.mockito does not exist
[ERROR] /usr/src/RPM/BUILD/httpcomponents-core-4.4.13/httpcore/src/test/java/org/apache/http/pool/TestConnPool.java:[39,19] package org.mockito does not exist
[ERROR] /usr/src/RPM/BUILD/httpcomponents-core-4.4.13/httpcore/src/test/java/org/apache/http/pool/TestConnPool.java:[40,19] package org.mockito does not exist
[ERROR] /usr/src/RPM/BUILD/httpcomponents-core-4.4.13/httpcore/src/test/java/org/apache/http/impl/io/TestSessionInOutBuffers.java:[45,19] package org.mockito does not exist
[ERROR] /usr/src/RPM/BUILD/httpcomponents-core-4.4.13/httpcore/src/test/java/org/apache/http/impl/io/TestSessionInOutBuffers.java:[46,19] package org.mockito does not exist
[ERROR] /usr/src/RPM/BUILD/httpcomponents-core-4.4.13/httpcore/src/test/java/org/apache/http/impl/TestBHttpConnectionBase.java:[55,19] package org.mockito does not exist
[ERROR] /usr/src/RPM/BUILD/httpcomponents-core-4.4.13/httpcore/src/test/java/org/apache/http/impl/TestBHttpConnectionBase.java:[56,19] package org.mockito does not exist
[ERROR] /usr/src/RPM/BUILD/httpcomponents-core-4.4.13/httpcore/src/test/java/org/apache/http/impl/TestBHttpConnectionBase.java:[57,19] package org.mockito does not exist
[ERROR] /usr/src/RPM/BUILD/httpcomponents-core-4.4.13/httpcore/src/test/java/org/apache/http/impl/TestBHttpConnectionBase.java:[58,19] package org.mockito does not exist
[ERROR] /usr/src/RPM/BUILD/httpcomponents-core-4.4.13/httpcore/src/test/java/org/apache/http/pool/TestPoolEntry.java:[35,19] package org.mockito does not exist
[ERROR] /usr/src/RPM/BUILD/httpcomponents-core-4.4.13/httpcore/src/test/java/org/apache/http/impl/TestDefaultBHttpClientConnection.java:[50,19] package org.mockito does not exist
[ERROR] /usr/src/RPM/BUILD/httpcomponents-core-4.4.13/httpcore/src/test/java/org/apache/http/impl/TestDefaultBHttpClientConnection.java:[51,19] package org.mockito does not exist
[ERROR] /usr/src/RPM/BUILD/httpcomponents-core-4.4.13/httpcore/src/test/java/org/apache/http/impl/TestDefaultBHttpClientConnection.java:[52,19] package org.mockito does not exist
[ERROR] /usr/src/RPM/BUILD/httpcomponents-core-4.4.13/httpcore/src/test/java/org/apache/http/pool/TestRouteSpecificPool.java:[35,19] package org.mockito does not exist
[ERROR] /usr/src/RPM/BUILD/httpcomponents-core-4.4.13/httpcore/src/test/java/org/apache/http/protocol/TestHttpRequestExecutor.java:[44,19] package org.mockito does not exist
[ERROR] /usr/src/RPM/BUILD/httpcomponents-core-4.4.13/httpcore/src/test/java/org/apache/http/protocol/TestHttpRequestExecutor.java:[45,19] package org.mockito does not exist
[ERROR] /usr/src/RPM/BUILD/httpcomponents-core-4.4.13/httpcore/src/test/java/org/apache/http/protocol/TestHttpService.java:[50,19] package org.mockito does not exist
[ERROR] /usr/src/RPM/BUILD/httpcomponents-core-4.4.13/httpcore/src/test/java/org/apache/http/protocol/TestHttpService.java:[51,19] package org.mockito does not exist
[ERROR] /usr/src/RPM/BUILD/httpcomponents-core-4.4.13/httpcore/src/test/java/org/apache/http/protocol/TestStandardInterceptors.java:[47,19] package org.mockito does not exist
[ERROR] /usr/src/RPM/BUILD/httpcomponents-core-4.4.13/httpcore/src/test/java/org/apache/http/protocol/TestUriHttpRequestHandlerMapper.java:[34,19] package org.mockito does not exist
[ERROR] /usr/src/RPM/BUILD/httpcomponents-core-4.4.13/httpcore/src/test/java/org/apache/http/impl/entity/TestDisallowIdentityContentLengthStrategy.java:[35,19] package org.mockito does not exist
[ERROR] /usr/src/RPM/BUILD/httpcomponents-core-4.4.13/httpcore/src/test/java/org/apache/http/impl/TestNoConnectionReuseStrategy.java:[35,19] package org.mockito does not exist
[ERROR] /usr/src/RPM/BUILD/httpcomponents-core-4.4.13/httpcore/src/test/java/org/apache/http/impl/TestNoConnectionReuseStrategy.java:[36,19] package org.mockito does not exist
[ERROR] /usr/src/RPM/BUILD/httpcomponents-core-4.4.13/httpcore/src/test/java/org/apache/http/impl/TestDefaultBHttpServerConnection.java:[57,6] cannot find symbol
[ERROR]   symbol:   class Mock
[ERROR]   location: class org.apache.http.impl.TestDefaultBHttpServerConnection
[ERROR] /usr/src/RPM/BUILD/httpcomponents-core-4.4.13/httpcore/src/test/java/org/apache/http/impl/TestBHttpConnectionBase.java:[62,6] cannot find symbol
[ERROR]   symbol:   class Mock
[ERROR]   location: class org.apache.http.impl.TestBHttpConnectionBase
[ERROR] /usr/src/RPM/BUILD/httpcomponents-core-4.4.13/httpcore/src/test/java/org/apache/http/impl/TestDefaultBHttpClientConnection.java:[58,6] cannot find symbol
[ERROR]   symbol:   class Mock
[ERROR]   location: class org.apache.http.impl.TestDefaultBHttpClientConnection
[ERROR] /usr/src/RPM/BUILD/httpcomponents-core-4.4.13/httpcore/src/test/java/org/apache/http/impl/TestNoConnectionReuseStrategy.java:[41,6] cannot find symbol
[ERROR]   symbol:   class Mock
[ERROR]   location: class org.apache.http.impl.TestNoConnectionReuseStrategy
[ERROR] /usr/src/RPM/BUILD/httpcomponents-core-4.4.13/httpcore/src/test/java/org/apache/http/impl/TestNoConnectionReuseStrategy.java:[42,6] cannot find symbol
[ERROR]   symbol:   class Mock
[ERROR]   location: class org.apache.http.impl.TestNoConnectionReuseStrategy
[ERROR] /usr/src/RPM/BUILD/httpcomponents-core-4.4.13/httpcore/src/test/java/org/apache/http/impl/TestDefaultBHttpServerConnection.java:[64,9] cannot find symbol
[ERROR]   symbol:   variable MockitoAnnotations
[ERROR]   location: class org.apache.http.impl.TestDefaultBHttpServerConnection
[ERROR] /usr/src/RPM/BUILD/httpcomponents-core-4.4.13/httpcore/src/test/java/org/apache/http/impl/TestDefaultBHttpServerConnection.java:[84,9] cannot find symbol
[ERROR]   symbol:   variable Mockito
[ERROR]   location: class org.apache.http.impl.TestDefaultBHttpServerConnection
[ERROR] /usr/src/RPM/BUILD/httpcomponents-core-4.4.13/httpcore/src/test/java/org/apache/http/impl/TestDefaultBHttpServerConnection.java:[103,9] cannot find symbol
[ERROR]   symbol:   variable Mockito
[ERROR]   location: class org.apache.http.impl.TestDefaultBHttpServerConnection
[ERROR] /usr/src/RPM/BUILD/httpcomponents-core-4.4.13/httpcore/src/test/java/org/apache/http/impl/TestDefaultBHttpServerConnection.java:[130,9] cannot find symbol
[ERROR]   symbol:   variable Mockito
[ERROR]   location: class org.apache.http.impl.TestDefaultBHttpServerConnection
[ERROR] /usr/src/RPM/BUILD/httpcomponents-core-4.4.13/httpcore/src/test/java/org/apache/http/impl/TestDefaultBHttpServerConnection.java:[150,9] cannot find symbol
[ERROR]   symbol:   variable Mockito
[ERROR]   location: class org.apache.http.impl.TestDefaultBHttpServerConnection
[ERROR] /usr/src/RPM/BUILD/httpcomponents-core-4.4.13/httpcore/src/test/java/org/apache/http/impl/TestDefaultBHttpServerConnection.java:[169,9] cannot find symbol
[ERROR]   symbol:   variable Mockito
[ERROR]   location: class org.apache.http.impl.TestDefaultBHttpServerConnection
[ERROR] /usr/src/RPM/BUILD/httpcomponents-core-4.4.13/httpcore/src/test/java/org/apache/http/pool/TestConnPool.java:[97,46] cannot find symbol
[ERROR]   symbol:   variable Mockito
[ERROR]   location: class org.apache.http.pool.TestConnPool
[ERROR] /usr/src/RPM/BUILD/httpcomponents-core-4.4.13/httpcore/src/test/java/org/apache/http/pool/TestConnPool.java:[115,46] cannot find symbol
[ERROR]   symbol:   variable Mockito
[ERROR]   location: class org.apache.http.pool.TestConnPool
[ERROR] /usr/src/RPM/BUILD/httpcomponents-core-4.4.13/httpcore/src/test/java/org/apache/http/pool/TestConnPool.java:[130,38] cannot find symbol
[ERROR]   symbol:   variable Mockito
[ERROR]   location: class org.apache.http.pool.TestConnPool
[ERROR] /usr/src/RPM/BUILD/httpcomponents-core-4.4.13/httpcore/src/test/java/org/apache/http/pool/TestConnPool.java:[131,9] cannot find symbol
[ERROR]   symbol:   variable Mockito
[ERROR]   location: class org.apache.http.pool.TestConnPool
[ERROR] /usr/src/RPM/BUILD/httpcomponents-core-4.4.13/httpcore/src/test/java/org/apache/http/pool/TestConnPool.java:[132,38] cannot find symbol
[ERROR]   symbol:   variable Mockito
[ERROR]   location: class org.apache.http.pool.TestConnPool
[ERROR] /usr/src/RPM/BUILD/httpcomponents-core-4.4.13/httpcore/src/test/java/org/apache/http/pool/TestConnPool.java:[133,9] cannot find symbol
[ERROR]   symbol:   variable Mockito
[ERROR]   location: class org.apache.http.pool.TestConnPool
[ERROR] /usr/src/RPM/BUILD/httpcomponents-core-4.4.13/httpcore/src/test/java/org/apache/http/pool/TestConnPool.java:[135,46] cannot find symbol
[ERROR]   symbol:   variable Mockito
[ERROR]   location: class org.apache.http.pool.TestConnPool
[ERROR] /usr/src/RPM/BUILD/httpcomponents-core-4.4.13/httpcore/src/test/java/org/apache/http/pool/TestConnPool.java:[136,9] cannot find symbol
[ERROR]   symbol:   variable Mockito
[ERROR]   location: class org.apache.http.pool.TestConnPool
[ERROR] /usr/src/RPM/BUILD/httpcomponents-core-4.4.13/httpcore/src/test/java/org/apache/http/pool/TestConnPool.java:[136,41] cannot find symbol
[ERROR]   symbol:   variable Matchers
[ERROR]   location: class org.apache.http.pool.TestConnPool
[ERROR] /usr/src/RPM/BUILD/httpcomponents-core-4.4.13/httpcore/src/test/java/org/apache/http/pool/TestConnPool.java:[137,9] cannot find symbol
[ERROR]   symbol:   variable Mockito
[ERROR]   location: class org.apache.http.pool.TestConnPool
[ERROR] /usr/src/RPM/BUILD/httpcomponents-core-4.4.13/httpcore/src/test/java/org/apache/http/pool/TestConnPool.java:[137,41] cannot find symbol
[ERROR]   symbol:   variable Matchers
[ERROR]   location: class org.apache.http.pool.TestConnPool
[ERROR] /usr/src/RPM/BUILD/httpcomponents-core-4.4.13/httpcore/src/test/java/org/apache/http/pool/TestConnPool.java:[160,9] cannot find symbol
[ERROR]   symbol:   variable Mockito
[ERROR]   location: class org.apache.http.pool.TestConnPool
[ERROR] /usr/src/RPM/BUILD/httpcomponents-core-4.4.13/httpcore/src/test/java/org/apache/http/pool/TestConnPool.java:[160,31] cannot find symbol
[ERROR]   symbol:   variable Mockito
[ERROR]   location: class org.apache.http.pool.TestConnPool
[ERROR] /usr/src/RPM/BUILD/httpcomponents-core-4.4.13/httpcore/src/test/java/org/apache/http/pool/TestConnPool.java:[161,9] cannot find symbol
[ERROR]   symbol:   variable Mockito
[ERROR]   location: class org.apache.http.pool.TestConnPool
[ERROR] /usr/src/RPM/BUILD/httpcomponents-core-4.4.13/httpcore/src/test/java/org/apache/http/pool/TestConnPool.java:[161,31] cannot find symbol
[ERROR]   symbol:   variable Mockito
[ERROR]   location: class org.apache.http.pool.TestConnPool
[ERROR] /usr/src/RPM/BUILD/httpcomponents-core-4.4.13/httpcore/src/test/java/org/apache/http/pool/TestConnPool.java:[170,46] cannot find symbol
[ERROR]   symbol:   variable Mockito
[ERROR]   location: class org.apache.http.pool.TestConnPool
[ERROR] /usr/src/RPM/BUILD/httpcomponents-core-4.4.13/httpcore/src/test/java/org/apache/http/pool/TestConnPool.java:[181,46] cannot find symbol
[ERROR]   symbol:   variable Mockito
[ERROR]   location: class org.apache.http.pool.TestConnPool
[ERROR] /usr/src/RPM/BUILD/httpcomponents-core-4.4.13/httpcore/src/test/java/org/apache/http/pool/TestConnPool.java:[183,53] cannot find symbol
[ERROR]   symbol:   variable Mockito
[ERROR]   location: class org.apache.http.pool.TestConnPool
[ERROR] /usr/src/RPM/BUILD/httpcomponents-core-4.4.13/httpcore/src/test/java/org/apache/http/pool/TestConnPool.java:[232,46] cannot find symbol
[ERROR]   symbol:   variable Mockito
[ERROR]   location: class org.apache.http.pool.TestConnPool
[ERROR] /usr/src/RPM/BUILD/httpcomponents-core-4.4.13/httpcore/src/test/java/org/apache/http/pool/TestConnPool.java:[234,38] cannot find symbol
[ERROR]   symbol:   variable Mockito
[ERROR]   location: class org.apache.http.pool.TestConnPool
[ERROR] /usr/src/RPM/BUILD/httpcomponents-core-4.4.13/httpcore/src/test/java/org/apache/http/pool/TestConnPool.java:[235,9] cannot find symbol
[ERROR]   symbol:   variable Mockito
[ERROR]   location: class org.apache.http.pool.TestConnPool
[ERROR] /usr/src/RPM/BUILD/httpcomponents-core-4.4.13/httpcore/src/test/java/org/apache/http/pool/TestConnPool.java:[236,9] cannot find symbol
[ERROR]   symbol:   variable Mockito
[ERROR]   location: class org.apache.http.pool.TestConnPool
[ERROR] /usr/src/RPM/BUILD/httpcomponents-core-4.4.13/httpcore/src/test/java/org/apache/http/pool/TestConnPool.java:[236,41] cannot find symbol
[ERROR]   symbol:   variable Matchers
[ERROR]   location: class org.apache.http.pool.TestConnPool
[ERROR] /usr/src/RPM/BUILD/httpcomponents-core-4.4.13/httpcore/src/test/java/org/apache/http/pool/TestConnPool.java:[238,38] cannot find symbol
[ERROR]   symbol:   variable Mockito
[ERROR]   location: class org.apache.http.pool.TestConnPool
[ERROR] /usr/src/RPM/BUILD/httpcomponents-core-4.4.13/httpcore/src/test/java/org/apache/http/pool/TestConnPool.java:[239,9] cannot find symbol
[ERROR]   symbol:   variable Mockito
[ERROR]   location: class org.apache.http.pool.TestConnPool
[ERROR] /usr/src/RPM/BUILD/httpcomponents-core-4.4.13/httpcore/src/test/java/org/apache/http/pool/TestConnPool.java:[240,9] cannot find symbol
[ERROR]   symbol:   variable Mockito
[ERROR]   location: class org.apache.http.pool.TestConnPool
[ERROR] /usr/src/RPM/BUILD/httpcomponents-core-4.4.13/httpcore/src/test/java/org/apache/http/pool/TestConnPool.java:[240,41] cannot find symbol
[ERROR]   symbol:   variable Matchers
[ERROR]   location: class org.apache.http.pool.TestConnPool
[ERROR] /usr/src/RPM/BUILD/httpcomponents-core-4.4.13/httpcore/src/test/java/org/apache/http/pool/TestConnPool.java:[315,9] cannot find symbol
[ERROR]   symbol:   variable Mockito
[ERROR]   location: class org.apache.http.pool.TestConnPool
[ERROR] /usr/src/RPM/BUILD/httpcomponents-core-4.4.13/httpcore/src/test/java/org/apache/http/pool/TestConnPool.java:[315,37] cannot find symbol
[ERROR]   symbol:   variable Mockito
[ERROR]   location: class org.apache.http.pool.TestConnPool
[ERROR] /usr/src/RPM/BUILD/httpcomponents-core-4.4.13/httpcore/src/test/java/org/apache/http/pool/TestConnPool.java:[315,62] cannot find symbol
[ERROR]   symbol:   variable Matchers
[ERROR]   location: class org.apache.http.pool.TestConnPool
[ERROR] /usr/src/RPM/BUILD/httpcomponents-core-4.4.13/httpcore/src/test/java/org/apache/http/pool/TestConnPool.java:[328,9] cannot find symbol
[ERROR]   symbol:   variable Mockito
[ERROR]   location: class org.apache.http.pool.TestConnPool
[ERROR] /usr/src/RPM/BUILD/httpcomponents-core-4.4.13/httpcore/src/test/java/org/apache/http/pool/TestConnPool.java:[328,37] cannot find symbol
[ERROR]   symbol:   variable Mockito
[ERROR]   location: class org.apache.http.pool.TestConnPool
[ERROR] /usr/src/RPM/BUILD/httpcomponents-core-4.4.13/httpcore/src/test/java/org/apache/http/pool/TestConnPool.java:[328,62] cannot find symbol
[ERROR]   symbol:   variable Matchers
[ERROR]   location: class org.apache.http.pool.TestConnPool
[ERROR] /usr/src/RPM/BUILD/httpcomponents-core-4.4.13/httpcore/src/test/java/org/apache/http/pool/TestConnPool.java:[333,46] cannot find symbol
[ERROR]   symbol:   variable Mockito
[ERROR]   location: class org.apache.http.pool.TestConnPool
[ERROR] /usr/src/RPM/BUILD/httpcomponents-core-4.4.13/httpcore/src/test/java/org/apache/http/pool/TestConnPool.java:[335,38] cannot find symbol
[ERROR]   symbol:   variable Mockito
[ERROR]   location: class org.apache.http.pool.TestConnPool
[ERROR] /usr/src/RPM/BUILD/httpcomponents-core-4.4.13/httpcore/src/test/java/org/apache/http/pool/TestConnPool.java:[336,9] cannot find symbol
[ERROR]   symbol:   variable Mockito
[ERROR]   location: class org.apache.http.pool.TestConnPool
[ERROR] /usr/src/RPM/BUILD/httpcomponents-core-4.4.13/httpcore/src/test/java/org/apache/http/pool/TestConnPool.java:[337,38] cannot find symbol
[ERROR]   symbol:   variable Mockito
[ERROR]   location: class org.apache.http.pool.TestConnPool
[ERROR] /usr/src/RPM/BUILD/httpcomponents-core-4.4.13/httpcore/src/test/java/org/apache/http/pool/TestConnPool.java:[338,9] cannot find symbol
[ERROR]   symbol:   variable Mockito
[ERROR]   location: class org.apache.http.pool.TestConnPool
[ERROR] /usr/src/RPM/BUILD/httpcomponents-core-4.4.13/httpcore/src/test/java/org/apache/http/pool/TestConnPool.java:[339,38] cannot find symbol
[ERROR]   symbol:   variable Mockito
[ERROR]   location: class org.apache.http.pool.TestConnPool
[ERROR] /usr/src/RPM/BUILD/httpcomponents-core-4.4.13/httpcore/src/test/java/org/apache/http/pool/TestConnPool.java:[340,9] cannot find symbol
[ERROR]   symbol:   variable Mockito
[ERROR]   location: class org.apache.http.pool.TestConnPool
[ERROR] /usr/src/RPM/BUILD/httpcomponents-core-4.4.13/httpcore/src/test/java/org/apache/http/pool/TestConnPool.java:[341,9] cannot find symbol
[ERROR]   symbol:   variable Mockito
[ERROR]   location: class org.apache.http.pool.TestConnPool
[ERROR] /usr/src/RPM/BUILD/httpcomponents-core-4.4.13/httpcore/src/test/java/org/apache/http/pool/TestConnPool.java:[341,41] cannot find symbol
[ERROR]   symbol:   variable Matchers
[ERROR]   location: class org.apache.http.pool.TestConnPool
[ERROR] /usr/src/RPM/BUILD/httpcomponents-core-4.4.13/httpcore/src/test/java/org/apache/http/pool/TestConnPool.java:[343,38] cannot find symbol
[ERROR]   symbol:   variable Mockito
[ERROR]   location: class org.apache.http.pool.TestConnPool
[ERROR] /usr/src/RPM/BUILD/httpcomponents-core-4.4.13/httpcore/src/test/java/org/apache/http/pool/TestConnPool.java:[344,9] cannot find symbol
[ERROR]   symbol:   variable Mockito
[ERROR]   location: class org.apache.http.pool.TestConnPool
[ERROR] /usr/src/RPM/BUILD/httpcomponents-core-4.4.13/httpcore/src/test/java/org/apache/http/pool/TestConnPool.java:[345,38] cannot find symbol
[ERROR]   symbol:   variable Mockito
[ERROR]   location: class org.apache.http.pool.TestConnPool
[ERROR] /usr/src/RPM/BUILD/httpcomponents-core-4.4.13/httpcore/src/test/java/org/apache/http/pool/TestConnPool.java:[346,9] cannot find symbol
[ERROR]   symbol:   variable Mockito
[ERROR]   location: class org.apache.http.pool.TestConnPool
[ERROR] /usr/src/RPM/BUILD/httpcomponents-core-4.4.13/httpcore/src/test/java/org/apache/http/pool/TestConnPool.java:[347,9] cannot find symbol
[ERROR]   symbol:   variable Mockito
[ERROR]   location: class org.apache.http.pool.TestConnPool
[ERROR] /usr/src/RPM/BUILD/httpcomponents-core-4.4.13/httpcore/src/test/java/org/apache/http/pool/TestConnPool.java:[347,41] cannot find symbol
[ERROR]   symbol:   variable Matchers
[ERROR]   location: class org.apache.http.pool.TestConnPool
[ERROR] /usr/src/RPM/BUILD/httpcomponents-core-4.4.13/httpcore/src/test/java/org/apache/http/pool/TestConnPool.java:[380,9] cannot find symbol
[ERROR]   symbol:   variable Mockito
[ERROR]   location: class org.apache.http.pool.TestConnPool
[ERROR] /usr/src/RPM/BUILD/httpcomponents-core-4.4.13/httpcore/src/test/java/org/apache/http/pool/TestConnPool.java:[380,37] cannot find symbol
[ERROR]   symbol:   variable Mockito
[ERROR]   location: class org.apache.http.pool.TestConnPool
[ERROR] /usr/src/RPM/BUILD/httpcomponents-core-4.4.13/httpcore/src/test/java/org/apache/http/pool/TestConnPool.java:[380,62] cannot find symbol
[ERROR]   symbol:   variable Matchers
[ERROR]   location: class org.apache.http.pool.TestConnPool
[ERROR] /usr/src/RPM/BUILD/httpcomponents-core-4.4.13/httpcore/src/test/java/org/apache/http/pool/TestConnPool.java:[381,9] cannot find symbol
[ERROR]   symbol:   variable Mockito
[ERROR]   location: class org.apache.http.pool.TestConnPool
[ERROR] /usr/src/RPM/BUILD/httpcomponents-core-4.4.13/httpcore/src/test/java/org/apache/http/pool/TestConnPool.java:[381,37] cannot find symbol
[ERROR]   symbol:   variable Mockito
[ERROR]   location: class org.apache.http.pool.TestConnPool
[ERROR] /usr/src/RPM/BUILD/httpcomponents-core-4.4.13/httpcore/src/test/java/org/apache/http/pool/TestConnPool.java:[381,61] cannot find symbol
[ERROR]   symbol:   variable Matchers
[ERROR]   location: class org.apache.http.pool.TestConnPool
[ERROR] /usr/src/RPM/BUILD/httpcomponents-core-4.4.13/httpcore/src/test/java/org/apache/http/pool/TestConnPool.java:[399,9] cannot find symbol
[ERROR]   symbol:   variable Mockito
[ERROR]   location: class org.apache.http.pool.TestConnPool
[ERROR] /usr/src/RPM/BUILD/httpcomponents-core-4.4.13/httpcore/src/test/java/org/apache/http/pool/TestConnPool.java:[399,37] cannot find symbol
[ERROR]   symbol:   variable Mockito
[ERROR]   location: class org.apache.http.pool.TestConnPool
[ERROR] /usr/src/RPM/BUILD/httpcomponents-core-4.4.13/httpcore/src/test/java/org/apache/http/pool/TestConnPool.java:[399,62] cannot find symbol
[ERROR]   symbol:   variable Matchers
[ERROR]   location: class org.apache.http.pool.TestConnPool
[ERROR] /usr/src/RPM/BUILD/httpcomponents-core-4.4.13/httpcore/src/test/java/org/apache/http/pool/TestConnPool.java:[400,9] cannot find symbol
[ERROR]   symbol:   variable Mockito
[ERROR]   location: class org.apache.http.pool.TestConnPool
[ERROR] /usr/src/RPM/BUILD/httpcomponents-core-4.4.13/httpcore/src/test/java/org/apache/http/pool/TestConnPool.java:[400,37] cannot find symbol
[ERROR]   symbol:   variable Mockito
[ERROR]   location: class org.apache.http.pool.TestConnPool
[ERROR] /usr/src/RPM/BUILD/httpcomponents-core-4.4.13/httpcore/src/test/java/org/apache/http/pool/TestConnPool.java:[400,62] cannot find symbol
[ERROR]   symbol:   variable Matchers
[ERROR]   location: class org.apache.http.pool.TestConnPool
[ERROR] /usr/src/RPM/BUILD/httpcomponents-core-4.4.13/httpcore/src/test/java/org/apache/http/pool/TestConnPool.java:[425,9] cannot find symbol
[ERROR]   symbol:   variable Mockito
[ERROR]   location: class org.apache.http.pool.TestConnPool
[ERROR] /usr/src/RPM/BUILD/httpcomponents-core-4.4.13/httpcore/src/test/java/org/apache/http/pool/TestConnPool.java:[425,37] cannot find symbol
[ERROR]   symbol:   variable Mockito
[ERROR]   location: class org.apache.http.pool.TestConnPool
[ERROR] /usr/src/RPM/BUILD/httpcomponents-core-4.4.13/httpcore/src/test/java/org/apache/http/pool/TestConnPool.java:[425,62] cannot find symbol
[ERROR]   symbol:   variable Matchers
[ERROR]   location: class org.apache.http.pool.TestConnPool
[ERROR] /usr/src/RPM/BUILD/httpcomponents-core-4.4.13/httpcore/src/test/java/org/apache/http/pool/TestConnPool.java:[426,9] cannot find symbol
[ERROR]   symbol:   variable Mockito
[ERROR]   location: class org.apache.http.pool.TestConnPool
[ERROR] -> [Help 1]
[ERROR] 
[ERROR] To see the full stack trace of the errors, re-run Maven with the -e switch.
[ERROR] Re-run Maven using the -X switch to enable full debug logging.
[ERROR] 
[ERROR] For more information about the errors and possible solutions, please read the following articles:
[ERROR] [Help 1] http://cwiki.apache.org/confluence/display/MAVEN/MojoFailureException
[ERROR] 
[ERROR] After correcting the problems, you can resume the build with the command
[ERROR]   mvn <args> -rf :httpcore
error: Bad exit status from /usr/src/tmp/rpm-tmp.65697 (%build)


RPM build errors:
    Bad exit status from /usr/src/tmp/rpm-tmp.65697 (%build)
Command exited with non-zero status 1
22.83user 3.95system 0:04.65elapsed 575%CPU (0avgtext+0avgdata 715948maxresident)k
0inputs+0outputs (0major+154312minor)pagefaults 0swaps
hsh-rebuild: rebuild of `httpcomponents-core-4.4.13-alt1_4jpp11.src.rpm' failed.
Command exited with non-zero status 1
5.78user 3.41system 0:22.52elapsed 40%CPU (0avgtext+0avgdata 140820maxresident)k
32inputs+0outputs (0major+345409minor)pagefaults 0swaps
