<86>May 16 02:11:37 userdel[1003713]: delete user 'rooter'
<86>May 16 02:11:37 userdel[1003713]: removed group 'rooter' owned by 'rooter'
<86>May 16 02:11:37 userdel[1003713]: removed shadow group 'rooter' owned by 'rooter'
<86>May 16 02:11:37 groupadd[1003745]: group added to /etc/group: name=rooter, GID=1805
<86>May 16 02:11:37 groupadd[1003745]: group added to /etc/gshadow: name=rooter
<86>May 16 02:11:37 groupadd[1003745]: new group: name=rooter, GID=1805
<86>May 16 02:11:37 useradd[1003770]: new user: name=rooter, UID=1805, GID=1805, home=/root, shell=/bin/bash, from=none
<86>May 16 02:11:37 userdel[1003813]: delete user 'builder'
<86>May 16 02:11:37 userdel[1003813]: removed group 'builder' owned by 'builder'
<86>May 16 02:11:37 userdel[1003813]: removed shadow group 'builder' owned by 'builder'
<86>May 16 02:11:37 groupadd[1003852]: group added to /etc/group: name=builder, GID=1806
<86>May 16 02:11:37 groupadd[1003852]: group added to /etc/gshadow: name=builder
<86>May 16 02:11:37 groupadd[1003852]: new group: name=builder, GID=1806
<86>May 16 02:11:37 useradd[1003887]: new user: name=builder, UID=1806, GID=1806, home=/usr/src, shell=/bin/bash, from=none
warning: Macro %pom_remove_plugin not found
warning: Macro %pom_remove_plugin not found
warning: Macro %pom_remove_plugin not found
warning: Macro %pom_remove_plugin not found
warning: Macro %pom_disable_module not found
warning: Macro %mvn_package not found
warning: Macro %mvn_package not found
warning: Macro %mvn_package not found
warning: Macro %mvn_package not found
warning: Macro %mvn_build not found
warning: Macro %mvn_install not found
<13>May 16 02:11:42 rpmi: javapackages-filesystem-1:6.0.0-alt3 sisyphus+378353.100.1.1 1742277151 installed
<13>May 16 02:11:42 rpmi: plexus-utils-0:3.3.0-alt1_7jpp11 sisyphus+283216.100.1.3 1629255397 installed
<13>May 16 02:11:42 rpmi: apache-commons-io-1:2.11.0-alt1_2jpp11 sisyphus+318723.100.1.1 1681807648 installed
<13>May 16 02:11:42 rpmi: maven-shared-utils-3.3.4-alt1_2jpp11 sisyphus+302881.100.1.1 1656671461 installed
<13>May 16 02:11:42 rpmi: plexus-containers-component-annotations-0:2.1.1-alt1_2jpp11 sisyphus+318726.100.1.3 1681809130 installed
<13>May 16 02:11:42 rpmi: atinject-0:1.0.5-alt1_3jpp11 sisyphus+303043.100.1.1 1656765531 installed
<13>May 16 02:11:42 rpmi: slf4j-0:1.7.36-alt1 sisyphus+382913.300.3.1 1746015802 installed
<13>May 16 02:11:42 rpmi: apache-commons-lang3-3.17.0-alt1 sisyphus+382425.100.5.2 1747315776 installed
<13>May 16 02:11:42 rpmi: plexus-interpolation-0:1.26-alt1_12jpp11 sisyphus+317222.100.1.2 1679506704 installed
<13>May 16 02:11:42 rpmi: apache-commons-compress-0:1.21-alt1_1jpp11 sisyphus+282760.100.1.3 1629016378 installed
<13>May 16 02:11:42 rpmi: javapackages-tools-1:6.0.0-alt3 sisyphus+378353.100.1.1 1742277151 installed
<13>May 16 02:11:42 rpmi: objectweb-asm-0:9.3-alt1_2jpp11 sisyphus+317150.100.1.2 1679414664 installed
<13>May 16 02:11:42 rpmi: jcl-over-slf4j-0:1.7.36-alt1 sisyphus+382913.300.3.1 1746015802 installed
<13>May 16 02:11:42 rpmi: cdi-api-2.0.2-alt1_3jpp11 sisyphus+300684.100.1.1 1653577326 installed
<13>May 16 02:11:42 rpmi: plexus-cipher-2.0-alt1_2jpp11 sisyphus+318725.100.1.2 1681808079 installed
<13>May 16 02:11:42 rpmi: httpcomponents-core-4.4.13-alt1_4jpp11 sisyphus+283282.100.1.3 1629308546 installed
<13>May 16 02:11:42 rpmi: plexus-classworlds-0:2.6.0-alt1_12jpp11 sisyphus+317221.100.1.2 1679504163 installed
<13>May 16 02:11:42 rpmi: sisu-2:0.3.5-alt1_2jpp11 sisyphus+318727.100.1.3 1681808440 installed
<13>May 16 02:11:42 rpmi: plexus-sec-dispatcher-2.0-alt1 sisyphus+382157.100.1.1 1745096363 installed
<13>May 16 02:11:42 rpmi: apache-commons-cli-0:1.5.0-alt1_3jpp11 sisyphus+303041.100.1.3 1656766127 installed
<13>May 16 02:11:42 rpmi: apache-commons-codec-0:1.15-alt1_4jpp11 sisyphus+283206.100.1.2 1629250805 installed
<13>May 16 02:11:42 rpmi: jakarta-annotations-1.3.5-alt1_11jpp11 sisyphus+300688.100.1.1 1653578883 installed
<13>May 16 02:11:42 rpmi: jansi-0:2.4.0-alt1_7jpp11 sisyphus+317216.100.1.3 1679501794 installed
<13>May 16 02:11:42 rpmi: xmvn-core-4.0.0-alt1_8jpp11 sisyphus+303446.100.1.1 1657533450 installed
<13>May 16 02:11:42 rpmi: libpng16-1.6.42-alt2 sisyphus+339555.100.1.1 1706781682 installed
<13>May 16 02:11:42 rpmi: byte-buddy-1.12.0-alt1_3jpp11 sisyphus+303411.100.1.1 1657454125 installed
<13>May 16 02:11:42 rpmi: assertj-core-3.19.0-alt1_3jpp11 sisyphus+301632.100.1.1 1654767506 installed
<13>May 16 02:11:42 rpmi: java-common-1.7.0-alt1 sisyphus+333533.100.1.1 1699037019 installed
<13>May 16 02:11:42 rpmi: plexus-compiler-0:2.11.1-alt1_2jpp11 sisyphus+317154.100.1.3 1679416547 installed
<13>May 16 02:11:42 rpmi: plexus-io-0:3.2.0-alt1_9jpp11 sisyphus+303270.100.1.1 1657178206 installed
<13>May 16 02:11:42 rpmi: plexus-build-api-0:0.0.7-alt3_36jpp11 sisyphus+303029.100.1.3 1656759159 installed
<13>May 16 02:11:42 rpmi: apiguardian-1.1.2-alt1_3jpp11 sisyphus+303042.100.1.1 1656765526 installed
<13>May 16 02:11:42 rpmi: beust-jcommander-1.78-alt1_7jpp11 sisyphus+281813.100.1.1 1628094307 installed
<13>May 16 02:11:42 rpmi: xmvn-tools-4.0.0-alt1_8jpp11 sisyphus+303446.100.1.1 1657533450 installed
<13>May 16 02:11:42 rpmi: jsr-305-1:3.0.2-alt1_3jpp11 sisyphus+283271.100.1.2 1629305577 installed
<13>May 16 02:11:42 rpmi: guava-31.0.1-alt2_3jpp11 sisyphus+384217.100.1.1 1747314227 installed
<13>May 16 02:11:43 rpmi: google-guice-0:4.2.3-alt1_6jpp11 sisyphus+300883.100.1.1 1653894654 installed
<13>May 16 02:11:43 rpmi: hamcrest-0:2.2-alt1_5jpp11 sisyphus+301728.200.1.1 1654860789 installed
<13>May 16 02:11:43 rpmi: junit-1:4.13.1-alt1_7jpp11 sisyphus+303013.100.1.2 1656753167 installed
<13>May 16 02:11:43 rpmi: jsoup-1.13.1-alt1_7jpp11 sisyphus+283208.100.1.3 1629252685 installed
<13>May 16 02:11:43 rpmi: univocity-parsers-2.9.1-alt1_6jpp11 sisyphus+303035.100.1.2 1656759759 installed
<13>May 16 02:11:43 rpmi: opentest4j-1.2.0-alt1_10jpp11 sisyphus+303026.100.1.2 1656757807 installed
<13>May 16 02:11:43 rpmi: junit5-5.8.2-alt1 sisyphus+383557.100.1.1 1746628905 installed
<13>May 16 02:11:43 rpmi: xz-java-1.9-alt1_3jpp11 sisyphus+303072.100.1.2 1656772105 installed
<13>May 16 02:11:43 rpmi: plexus-archiver-0:4.2.7-alt1_2jpp11 sisyphus+317153.100.1.3 1679416196 installed
<13>May 16 02:11:43 rpmi: qdox-1:2.0.0-alt1_9jpp11 sisyphus+383527.200.1.1 1746616019 installed
<13>May 16 02:11:43 rpmi: plexus-languages-1.1.1-alt1_2jpp11 sisyphus+317156.100.1.3 1679417212 installed
<13>May 16 02:11:43 rpmi: libprocps-3.3.17-alt8.g37f1060 sisyphus+330939.300.7.1 1697495403 installed
<13>May 16 02:11:43 rpmi: libxslt-1.1.39-alt1 sisyphus+349406.100.1.1 1716751806 installed
<13>May 16 02:11:43 rpmi: rpm-macros-java-1:6.0.0-alt3 sisyphus+378353.100.1.1 1742277151 installed
<13>May 16 02:11:43 rpmi: jurand-1.3.5-alt2 sisyphus+377872.100.1.1 1741880705 installed
<13>May 16 02:11:43 rpmi: rpm-macros-jurand-1.3.5-alt2 sisyphus+377872.100.1.1 1741880705 installed
<13>May 16 02:11:43 rpmi: libmpdec3-2.5.1-alt3 sisyphus+314490.500.5.1 1675432004 installed
<13>May 16 02:11:43 rpmi: libgdbm-1.8.3-alt10 sisyphus+346222.200.3.2 1716468404 installed
<13>May 16 02:11:43 rpmi: libexpat-2.7.1-alt1 sisyphus+379929.100.1.1 1743519381 installed
<13>May 16 02:11:43 rpmi: openssl-config-3.2.0-alt1 sisyphus+366659.140.4.1 1736956949 installed
<13>May 16 02:11:43 rpmi: libb2-0.98.1-alt1_1 sisyphus+291614.100.1.1 1638962877 installed
<13>May 16 02:11:43 rpmi: liblcms2-2.17-alt1 sisyphus+376290.10700.24.2 1745385260 installed
<13>May 16 02:11:43 rpmi: libjpeg-2:3.0.2-alt2.1 sisyphus+340135.100.1.1 1707449145 installed
<13>May 16 02:11:43 rpmi: libbrotlicommon-1.1.0-alt1 sisyphus+328501.100.1.1 1693598419 installed
<13>May 16 02:11:43 rpmi: libbrotlidec-1.1.0-alt1 sisyphus+328501.100.1.1 1693598419 installed
<13>May 16 02:11:43 rpmi: libgraphite2-1.3.14-alt2.1 sisyphus+279571.100.1.2 1626605111 installed
<13>May 16 02:11:43 rpmi: libharfbuzz-11.2.1-alt1 sisyphus+384013.100.1.1 1747136771 installed
<13>May 16 02:11:43 rpmi: libfreetype-2.13.3-alt1 sisyphus+355656.100.1.1 1724221064 installed
<13>May 16 02:11:43 rpmi: javazi-2024a-alt1 sisyphus+344801.200.1.1 1712691734 installed
<13>May 16 02:11:43 rpmi: libgif-4.1.6-alt4 sisyphus+379672.40.3.1 1746456932 installed
<13>May 16 02:11:43 rpmi: libX11-locales-3:1.8.11-alt1 sisyphus+373040.100.1.1 1738571640 installed
<13>May 16 02:11:43 rpmi: libXdmcp-1.1.5-alt1 sisyphus+343583.700.1.1 1711441061 installed
<13>May 16 02:11:43 rpmi: libXau-1.0.11-alt1 sisyphus+311428.100.1.1 1670577439 installed
<13>May 16 02:11:43 rpmi: libxcb-1.17.0-alt1 sisyphus+345308.200.1.1 1713342004 installed
<13>May 16 02:11:43 rpmi: libX11-3:1.8.11-alt1 sisyphus+373040.100.1.1 1738571640 installed
<13>May 16 02:11:43 rpmi: libXext-1.3.6-alt1 sisyphus+343583.1000.1.1 1711441101 installed
<13>May 16 02:11:43 rpmi: libXi-1.8-alt1 sisyphus+285490.200.1.1 1632124174 installed
<13>May 16 02:11:43 rpmi: libXtst-1.2.4-alt1 sisyphus+308663.1300.1.1 1666168495 installed
<13>May 16 02:11:43 rpmi: libXrender-0.9.12-alt1 sisyphus+373121.100.1.1 1738654919 installed
<13>May 16 02:11:43 rpmi: publicsuffix-list-20250416-alt1 sisyphus+381887.100.1.1 1744900874 installed
<13>May 16 02:11:43 rpmi: httpcomponents-client-4.5.13-alt1_2jpp11 sisyphus+283281.100.1.3 1629307126 installed
<13>May 16 02:11:43 rpmi: maven-wagon-0:3.5.3-alt1 sisyphus+382913.400.3.1 1746015847 installed
<13>May 16 02:11:43 rpmi: maven-resolver-1:1.6.3-alt1 sisyphus+381949.100.1.1 1744966821 installed
<13>May 16 02:11:43 rpmi: xmvn-minimal-4.0.0-alt1_8jpp11 sisyphus+303446.100.1.1 1657533450 installed
<13>May 16 02:11:43 rpmi: maven-lib-1:3.8.8-alt1 sisyphus+382913.500.3.1 1746016050 installed
<13>May 16 02:11:43 rpmi: maven-1:3.8.8-alt1 sisyphus+382913.500.3.1 1746016050 installed
<13>May 16 02:11:43 rpmi: maven-archiver-0:3.5.2-alt1_2jpp11 sisyphus+317140.100.1.2 1679410347 installed
<13>May 16 02:11:43 rpmi: maven-common-artifact-filters-3.2.0-alt1_3jpp11 sisyphus+303056.100.1.2 1656767734 installed
<13>May 16 02:11:43 rpmi: maven-surefire-0:3.2.2-alt1 sisyphus+383557.300.1.1 1746629043 installed
<13>May 16 02:11:43 rpmi: maven-surefire-provider-junit-0:3.2.2-alt1 sisyphus+383557.300.1.1 1746629043 installed
<13>May 16 02:11:43 rpmi: maven-surefire-provider-junit5-0:3.2.2-alt1 sisyphus+383557.300.1.1 1746629043 installed
<13>May 16 02:11:43 rpmi: maven-surefire-provider-testng-0:3.2.2-alt1 sisyphus+383557.300.1.1 1746629043 installed
<13>May 16 02:11:43 rpmi: maven-surefire-plugin-0:3.2.2-alt1 sisyphus+383557.300.1.1 1746629043 installed
<13>May 16 02:11:43 rpmi: maven-shared-incremental-1.1-alt1_23jpp11 sisyphus+282537.100.1.1 1628793339 installed
<13>May 16 02:11:43 rpmi: maven-compiler-plugin-3.8.1-alt1_10jpp11 sisyphus+282511.100.1.2 1628772929 installed
<13>May 16 02:11:43 rpmi: maven-shared-io-1:3.0.0-alt1_17jpp11 sisyphus+303022.100.1.3 1656757260 installed
<13>May 16 02:11:43 rpmi: maven-file-management-1:3.0.0-alt1_17jpp11 sisyphus+303020.100.1.3 1656756699 installed
<13>May 16 02:11:43 rpmi: maven-jar-plugin-3.2.2-alt1_2jpp11 sisyphus+317144.100.1.3 1679413357 installed
<13>May 16 02:11:43 rpmi: maven-filtering-3.2.0-alt1_3jpp11 sisyphus+301764.100.1.2 1654889715 installed
<13>May 16 02:11:43 rpmi: maven-resources-plugin-3.2.0-alt1_4jpp11 sisyphus+282536.100.1.2 1628793650 installed
<13>May 16 02:11:43 rpmi: xmvn-mojo-4.0.0-alt1_8jpp11 sisyphus+303446.100.1.1 1657533450 installed
<13>May 16 02:11:43 rpmi: libp11-kit-1:0.25.5-alt1 sisyphus+352553.100.1.1 1720622573 installed
<13>May 16 02:11:43 rpmi: libtasn1-4.20.0-alt2 sisyphus+375829.100.1.1 1740299335 installed
<13>May 16 02:11:43 rpmi: rpm-macros-alternatives-0.5.3-alt1 sisyphus+371878.100.1.1 1737988822 installed
<13>May 16 02:11:43 rpmi: alternatives-0.5.3-alt1 sisyphus+371878.100.1.1 1737988822 installed
<13>May 16 02:11:43 rpmi: ca-certificates-2025.05.12-alt1 sisyphus+383903.200.2.1 1747060316 installed
<13>May 16 02:11:43 rpmi: ca-trust-0.2.0-alt1 sisyphus+344843.100.1.1 1712743326 installed
<13>May 16 02:11:43 rpmi: p11-kit-trust-1:0.25.5-alt1 sisyphus+352553.100.1.1 1720622573 installed
<13>May 16 02:11:43 rpmi: libcrypto3-3.3.3-alt1 sisyphus+374381.40.2.1 1739299401 installed
<13>May 16 02:11:43 rpmi: libssl3-3.3.3-alt1 sisyphus+374381.40.2.1 1739299401 installed
<13>May 16 02:11:43 rpmi: python3-3.12.10-alt1 sisyphus+381757.100.1.1 1744802808 installed
<13>May 16 02:11:44 rpmi: python3-base-3.12.10-alt1 sisyphus+381757.100.1.1 1744802808 installed
<13>May 16 02:11:44 rpmi: python3-module-six-1.17.0-alt1.1 sisyphus+373470.100.1.1 1738920023 installed
<13>May 16 02:11:44 rpmi: python3-module-genshi-0.7.9-alt2.1 sisyphus+376369.5100.10.1 1746628134 installed
<13>May 16 02:11:44 rpmi: python3-module-cssselect-1.3.0-alt1 sisyphus+377617.100.1.1 1741681780 installed
<13>May 16 02:11:44 rpmi: python3-module-webencodings-0.5.1-alt3 sisyphus+359244.100.1.1 1728381102 installed
<13>May 16 02:11:44 rpmi: python3-module-html5lib-1:1.1-alt1 sisyphus+278096.120.5.1 1626086978 installed
<13>May 16 02:11:44 rpmi: python3-module-lxml-5.4.0-alt1 sisyphus+382313.100.1.1 1745325124 installed
<13>May 16 02:11:44 rpmi: python3-module-javapackages-1:6.0.0-alt3 sisyphus+378353.100.1.1 1742277151 installed
<13>May 16 02:11:44 rpmi: rpm-build-java-1:6.0.0-alt3 sisyphus+378353.100.1.1 1742277151 installed
<13>May 16 02:11:44 rpmi: javapackages-local-1:6.0.0-alt3 sisyphus+378353.100.1.1 1742277151 installed
<13>May 16 02:11:44 rpmi: ca-trust-java-0.2.0-alt1 sisyphus+344843.100.1.1 1712743326 installed
<13>May 16 02:11:44 rpmi: java-stub-javadoc-0.1-alt1 sisyphus+276859.100.1.1 1625245070 installed
<13>May 16 02:11:44 rpmi: alsa-ucm-conf-1.2.13-alt2 sisyphus+379457.100.1.1 1743144589 installed
<13>May 16 02:11:44 rpmi: alsa-topology-conf-1.2.5.1-alt1 sisyphus+274777.100.1.1 1624089141 installed
<13>May 16 02:11:44 rpmi: libalsa-1:1.2.13-alt1 sisyphus+370533.200.1.1 1737298943 installed
<13>May 16 02:11:46 rpmi: java-11-openjdk-headless-0:11.0.27.0.6-alt1 sisyphus+382872.100.1.1 1745983997 installed
<13>May 16 02:11:47 rpmi: java-11-openjdk-0:11.0.27.0.6-alt1 sisyphus+382872.100.1.1 1745983997 installed
<13>May 16 02:11:47 rpmi: java-11-openjdk-devel-0:11.0.27.0.6-alt1 sisyphus+382872.100.1.1 1745983997 installed
<13>May 16 02:11:47 rpmi: jpackage-11-compat-0.43-alt1 sisyphus+338091.100.1.2 1705652445 installed
<13>May 16 02:11:47 rpmi: maven-local-1:6.0.0-alt3 sisyphus+378353.100.1.1 1742277151 installed
<13>May 16 02:11:47 rpmi: owasp-java-encoder-1.2.2-alt1_5jpp11 sisyphus+273625.100.1.1 1622832557 installed
Building target platforms: x86_64
Building for target x86_64
Wrote: /usr/src/in/nosrpm/jmc-core-7.1.1-alt1_5.1jpp11.nosrc.rpm (w1.gzdio)
Installing jmc-core-7.1.1-alt1_5.1jpp11.src.rpm
Building target platforms: x86_64
Building for target x86_64
Executing(%prep): /bin/sh -e /usr/src/tmp/rpm-tmp.5523
+ umask 022
+ /bin/mkdir -p /usr/src/RPM/BUILD
+ cd /usr/src/RPM/BUILD
+ cd /usr/src/RPM/BUILD
+ rm -rf jmc7-63ec7d0ee8d9/core
+ echo 'Source #0 (63ec7d0ee8d9.tar.gz):'
Source #0 (63ec7d0ee8d9.tar.gz):
+ /usr/bin/gzip -dc /usr/src/RPM/SOURCES/63ec7d0ee8d9.tar.gz
+ /bin/tar -xf -
+ cd jmc7-63ec7d0ee8d9/core
+ /bin/chmod -c -Rf u+rwX,go-w .
+ cp ../license/COPYRIGHT ../license/LICENSE.txt ../license/THIRDPARTYREADME.txt ./
+ cp ../README.md ./
+ /usr/bin/python3 /usr/share/java-utils/pom_editor.py pom_remove_plugin :nexus-staging-maven-plugin
+ /usr/bin/python3 /usr/share/java-utils/pom_editor.py pom_remove_plugin :maven-source-plugin
+ /usr/bin/python3 /usr/share/java-utils/pom_editor.py pom_remove_plugin :maven-javadoc-plugin
+ /usr/bin/python3 /usr/share/java-utils/pom_editor.py pom_remove_plugin :jacoco-maven-plugin tests
+ /usr/bin/python3 /usr/share/java-utils/pom_editor.py pom_disable_module coverage
+ /usr/bin/python3 /usr/share/java-utils/mvn_package.py org.openjdk.jmc:missioncontrol.core.tests __noinstall
+ /usr/bin/python3 /usr/share/java-utils/mvn_package.py org.openjdk.jmc:flightrecorder.test __noinstall
+ /usr/bin/python3 /usr/share/java-utils/mvn_package.py org.openjdk.jmc:flightrecorder.rules.test __noinstall
+ /usr/bin/python3 /usr/share/java-utils/mvn_package.py org.openjdk.jmc:flightrecorder.rules.jdk.test __noinstall
+ exit 0
Executing(%build): /bin/sh -e /usr/src/tmp/rpm-tmp.32206
+ umask 022
+ /bin/mkdir -p /usr/src/RPM/BUILD
+ cd /usr/src/RPM/BUILD
+ cd jmc7-63ec7d0ee8d9/core
+ /usr/bin/python3 /usr/share/java-utils/mvn_build.py --xmvn-javadoc -- -Dmaven.compiler.source=1.8 -Dmaven.compiler.target=1.8 -Dmaven.javadoc.source=1.8 -Dmaven.compiler.release=8 -Dmaven.test.failure.ignore=true
Executing: xmvn --batch-mode --offline -Dmaven.compiler.source=1.8 -Dmaven.compiler.target=1.8 -Dmaven.javadoc.source=1.8 -Dmaven.compiler.release=8 -Dmaven.test.failure.ignore=true verify org.fedoraproject.xmvn:xmvn-mojo:install org.fedoraproject.xmvn:xmvn-mojo:javadoc org.fedoraproject.xmvn:xmvn-mojo:builddep
['xmvn', '--batch-mode', '--offline', '-Dmaven.compiler.source=1.8', '-Dmaven.compiler.target=1.8', '-Dmaven.javadoc.source=1.8', '-Dmaven.compiler.release=8', '-Dmaven.test.failure.ignore=true', 'verify', 'org.fedoraproject.xmvn:xmvn-mojo:install', 'org.fedoraproject.xmvn:xmvn-mojo:javadoc', 'org.fedoraproject.xmvn:xmvn-mojo:builddep']
[INFO] Scanning for projects...
[INFO] ------------------------------------------------------------------------
[INFO] Reactor Build Order:
[INFO] 
[INFO] missioncontrol.core                                                [pom]
[INFO] common                                                             [jar]
[INFO] flightrecorder                                                     [jar]
[INFO] flightrecorder.rules                                               [jar]
[INFO] flightrecorder.rules.jdk                                           [jar]
[INFO] missioncontrol.core.tests                                          [pom]
[INFO] common.test                                                        [jar]
[INFO] flightrecorder.test                                                [jar]
[INFO] flightrecorder.rules.test                                          [jar]
[INFO] flightrecorder.rules.jdk.test                                      [jar]
[INFO] 
[INFO] ----------------< org.openjdk.jmc:missioncontrol.core >-----------------
[INFO] Building missioncontrol.core 7.1.1                                [1/10]
[INFO]   from pom.xml
[INFO] --------------------------------[ pom ]---------------------------------
[INFO] 
[INFO] -----------------------< org.openjdk.jmc:common >-----------------------
[INFO] Building common 7.1.1                                             [2/10]
[INFO]   from org.openjdk.jmc.common/pom.xml
[INFO] --------------------------------[ jar ]---------------------------------
[INFO] 
[INFO] --- maven-resources-plugin:3.2.0:resources (default-resources) @ common ---
[INFO] Using 'UTF-8' encoding to copy filtered resources.
[INFO] Using 'UTF-8' encoding to copy filtered properties files.
[INFO] Copying 3 resources
[INFO] 
[INFO] --- maven-compiler-plugin:3.8.1:compile (default-compile) @ common ---
[INFO] Changes detected - recompiling the module!
[INFO] Compiling 139 source files to /usr/src/RPM/BUILD/jmc7-63ec7d0ee8d9/core/org.openjdk.jmc.common/target/classes
[INFO] /usr/src/RPM/BUILD/jmc7-63ec7d0ee8d9/core/org.openjdk.jmc.common/src/main/java/org/openjdk/jmc/common/unit/ContentType.java: /usr/src/RPM/BUILD/jmc7-63ec7d0ee8d9/core/org.openjdk.jmc.common/src/main/java/org/openjdk/jmc/common/unit/ContentType.java uses or overrides a deprecated API.
[INFO] /usr/src/RPM/BUILD/jmc7-63ec7d0ee8d9/core/org.openjdk.jmc.common/src/main/java/org/openjdk/jmc/common/unit/ContentType.java: Recompile with -Xlint:deprecation for details.
[INFO] 
[INFO] --- maven-resources-plugin:3.2.0:testResources (default-testResources) @ common ---
[INFO] Using 'UTF-8' encoding to copy filtered resources.
[INFO] Using 'UTF-8' encoding to copy filtered properties files.
[INFO] skip non existing resourceDirectory /usr/src/RPM/BUILD/jmc7-63ec7d0ee8d9/core/org.openjdk.jmc.common/src/test/resources
[INFO] 
[INFO] --- maven-compiler-plugin:3.8.1:testCompile (default-testCompile) @ common ---
[INFO] No sources to compile
[INFO] 
[INFO] --- maven-surefire-plugin:3.2.2:test (default-test) @ common ---
[INFO] No tests to run.
[INFO] 
[INFO] --- maven-jar-plugin:3.2.2:jar (default-jar) @ common ---
[INFO] Building jar: /usr/src/RPM/BUILD/jmc7-63ec7d0ee8d9/core/org.openjdk.jmc.common/target/common-7.1.1.jar
[INFO] 
[INFO] -------------------< org.openjdk.jmc:flightrecorder >-------------------
[INFO] Building flightrecorder 7.1.1                                     [3/10]
[INFO]   from org.openjdk.jmc.flightrecorder/pom.xml
[INFO] --------------------------------[ jar ]---------------------------------
[INFO] 
[INFO] --- maven-resources-plugin:3.2.0:resources (default-resources) @ flightrecorder ---
[INFO] Using 'UTF-8' encoding to copy filtered resources.
[INFO] Using 'UTF-8' encoding to copy filtered properties files.
[INFO] Copying 13 resources
[INFO] 
[INFO] --- maven-compiler-plugin:3.8.1:compile (default-compile) @ flightrecorder ---
[INFO] Changes detected - recompiling the module!
[INFO] Compiling 101 source files to /usr/src/RPM/BUILD/jmc7-63ec7d0ee8d9/core/org.openjdk.jmc.flightrecorder/target/classes
[INFO] /usr/src/RPM/BUILD/jmc7-63ec7d0ee8d9/core/org.openjdk.jmc.flightrecorder/src/main/java/org/openjdk/jmc/flightrecorder/internal/parser/LoaderContext.java: Some input files use or override a deprecated API.
[INFO] /usr/src/RPM/BUILD/jmc7-63ec7d0ee8d9/core/org.openjdk.jmc.flightrecorder/src/main/java/org/openjdk/jmc/flightrecorder/internal/parser/LoaderContext.java: Recompile with -Xlint:deprecation for details.
[INFO] 
[INFO] --- maven-resources-plugin:3.2.0:testResources (default-testResources) @ flightrecorder ---
[INFO] Using 'UTF-8' encoding to copy filtered resources.
[INFO] Using 'UTF-8' encoding to copy filtered properties files.
[INFO] skip non existing resourceDirectory /usr/src/RPM/BUILD/jmc7-63ec7d0ee8d9/core/org.openjdk.jmc.flightrecorder/src/test/resources
[INFO] 
[INFO] --- maven-compiler-plugin:3.8.1:testCompile (default-testCompile) @ flightrecorder ---
[INFO] No sources to compile
[INFO] 
[INFO] --- maven-surefire-plugin:3.2.2:test (default-test) @ flightrecorder ---
[INFO] No tests to run.
[INFO] 
[INFO] --- maven-jar-plugin:3.2.2:jar (default-jar) @ flightrecorder ---
[INFO] Building jar: /usr/src/RPM/BUILD/jmc7-63ec7d0ee8d9/core/org.openjdk.jmc.flightrecorder/target/flightrecorder-7.1.1.jar
[INFO] 
[INFO] ----------------< org.openjdk.jmc:flightrecorder.rules >----------------
[INFO] Building flightrecorder.rules 7.1.1                               [4/10]
[INFO]   from org.openjdk.jmc.flightrecorder.rules/pom.xml
[INFO] --------------------------------[ jar ]---------------------------------
[INFO] 
[INFO] --- maven-resources-plugin:3.2.0:resources (default-resources) @ flightrecorder.rules ---
[INFO] Using 'UTF-8' encoding to copy filtered resources.
[INFO] Using 'UTF-8' encoding to copy filtered properties files.
[INFO] Copying 12 resources
[INFO] Copying 1 resource
[INFO] 
[INFO] --- maven-compiler-plugin:3.8.1:compile (default-compile) @ flightrecorder.rules ---
[INFO] Changes detected - recompiling the module!
[INFO] Compiling 33 source files to /usr/src/RPM/BUILD/jmc7-63ec7d0ee8d9/core/org.openjdk.jmc.flightrecorder.rules/target/classes
[INFO] 
[INFO] --- maven-resources-plugin:3.2.0:testResources (default-testResources) @ flightrecorder.rules ---
[INFO] Using 'UTF-8' encoding to copy filtered resources.
[INFO] Using 'UTF-8' encoding to copy filtered properties files.
[INFO] skip non existing resourceDirectory /usr/src/RPM/BUILD/jmc7-63ec7d0ee8d9/core/org.openjdk.jmc.flightrecorder.rules/src/test/resources
[INFO] 
[INFO] --- maven-compiler-plugin:3.8.1:testCompile (default-testCompile) @ flightrecorder.rules ---
[INFO] No sources to compile
[INFO] 
[INFO] --- maven-surefire-plugin:3.2.2:test (default-test) @ flightrecorder.rules ---
[INFO] No tests to run.
[INFO] 
[INFO] --- maven-jar-plugin:3.2.2:jar (default-jar) @ flightrecorder.rules ---
[INFO] Building jar: /usr/src/RPM/BUILD/jmc7-63ec7d0ee8d9/core/org.openjdk.jmc.flightrecorder.rules/target/flightrecorder.rules-7.1.1.jar
[INFO] 
[INFO] --------------< org.openjdk.jmc:flightrecorder.rules.jdk >--------------
[INFO] Building flightrecorder.rules.jdk 7.1.1                           [5/10]
[INFO]   from org.openjdk.jmc.flightrecorder.rules.jdk/pom.xml
[INFO] --------------------------------[ jar ]---------------------------------
[INFO] 
[INFO] --- maven-resources-plugin:3.2.0:resources (default-resources) @ flightrecorder.rules.jdk ---
[INFO] Using 'UTF-8' encoding to copy filtered resources.
[INFO] Using 'UTF-8' encoding to copy filtered properties files.
[INFO] Copying 4 resources
[INFO] Copying 1 resource
[INFO] 
[INFO] --- maven-compiler-plugin:3.8.1:compile (default-compile) @ flightrecorder.rules.jdk ---
[INFO] Changes detected - recompiling the module!
[INFO] Compiling 80 source files to /usr/src/RPM/BUILD/jmc7-63ec7d0ee8d9/core/org.openjdk.jmc.flightrecorder.rules.jdk/target/classes
[INFO] 
[INFO] --- maven-resources-plugin:3.2.0:testResources (default-testResources) @ flightrecorder.rules.jdk ---
[INFO] Using 'UTF-8' encoding to copy filtered resources.
[INFO] Using 'UTF-8' encoding to copy filtered properties files.
[INFO] skip non existing resourceDirectory /usr/src/RPM/BUILD/jmc7-63ec7d0ee8d9/core/org.openjdk.jmc.flightrecorder.rules.jdk/src/test/resources
[INFO] 
[INFO] --- maven-compiler-plugin:3.8.1:testCompile (default-testCompile) @ flightrecorder.rules.jdk ---
[INFO] No sources to compile
[INFO] 
[INFO] --- maven-surefire-plugin:3.2.2:test (default-test) @ flightrecorder.rules.jdk ---
[INFO] No tests to run.
[INFO] 
[INFO] --- maven-jar-plugin:3.2.2:jar (default-jar) @ flightrecorder.rules.jdk ---
[INFO] Building jar: /usr/src/RPM/BUILD/jmc7-63ec7d0ee8d9/core/org.openjdk.jmc.flightrecorder.rules.jdk/target/flightrecorder.rules.jdk-7.1.1.jar
[INFO] 
[INFO] -------------< org.openjdk.jmc:missioncontrol.core.tests >--------------
[INFO] Building missioncontrol.core.tests 7.1.1                          [6/10]
[INFO]   from tests/pom.xml
[INFO] --------------------------------[ pom ]---------------------------------
[INFO] 
[INFO] --------------------< org.openjdk.jmc:common.test >---------------------
[INFO] Building common.test 7.1.1                                        [7/10]
[INFO]   from tests/org.openjdk.jmc.common.test/pom.xml
[INFO] --------------------------------[ jar ]---------------------------------
[INFO] 
[INFO] --- maven-resources-plugin:3.2.0:resources (default-resources) @ common.test ---
[INFO] Using 'UTF-8' encoding to copy filtered resources.
[INFO] Using 'UTF-8' encoding to copy filtered properties files.
[INFO] skip non existing resourceDirectory /usr/src/RPM/BUILD/jmc7-63ec7d0ee8d9/core/tests/org.openjdk.jmc.common.test/src/main/resources
[INFO] 
[INFO] --- maven-compiler-plugin:3.8.1:compile (default-compile) @ common.test ---
[INFO] No sources to compile
[INFO] 
[INFO] --- maven-resources-plugin:3.2.0:testResources (default-testResources) @ common.test ---
[INFO] Using 'UTF-8' encoding to copy filtered resources.
[INFO] Using 'UTF-8' encoding to copy filtered properties files.
[INFO] skip non existing resourceDirectory /usr/src/RPM/BUILD/jmc7-63ec7d0ee8d9/core/tests/org.openjdk.jmc.common.test/src/test/resources
[INFO] 
[INFO] --- maven-compiler-plugin:3.8.1:testCompile (default-testCompile) @ common.test ---
[INFO] Changes detected - recompiling the module!
[INFO] Compiling 39 source files to /usr/src/RPM/BUILD/jmc7-63ec7d0ee8d9/core/tests/org.openjdk.jmc.common.test/target/classes
[INFO] /usr/src/RPM/BUILD/jmc7-63ec7d0ee8d9/core/tests/org.openjdk.jmc.common.test/src/test/java/org/openjdk/jmc/common/test/mock/item/MockStacktraceType.java: Some input files use or override a deprecated API.
[INFO] /usr/src/RPM/BUILD/jmc7-63ec7d0ee8d9/core/tests/org.openjdk.jmc.common.test/src/test/java/org/openjdk/jmc/common/test/mock/item/MockStacktraceType.java: Recompile with -Xlint:deprecation for details.
[INFO] 
[INFO] --- maven-surefire-plugin:3.2.2:test (default-test) @ common.test ---
[INFO] Using auto detected provider org.apache.maven.surefire.junit4.JUnit4Provider
[INFO] 
[INFO] -------------------------------------------------------
[INFO]  T E S T S
[INFO] -------------------------------------------------------
Error: Could not find or load main class ${surefireArgLine}
Caused by: java.lang.ClassNotFoundException: ${surefireArgLine}
[INFO] 
[INFO] Results:
[INFO] 
[INFO] Tests run: 0, Failures: 0, Errors: 0, Skipped: 0
[INFO] 
[INFO] 
[INFO] ------------------------------------------------------------------------
[INFO] Skipping missioncontrol.core
[INFO] This project has been banned from the build due to previous failures.
[INFO] ------------------------------------------------------------------------
[INFO] ------------------------------------------------------------------------
[INFO] Reactor Summary for missioncontrol.core 7.1.1:
[INFO] 
[INFO] missioncontrol.core ................................ SUCCESS [  0.002 s]
[INFO] common ............................................. SUCCESS [  2.401 s]
[INFO] flightrecorder ..................................... SUCCESS [  0.913 s]
[INFO] flightrecorder.rules ............................... SUCCESS [  0.264 s]
[INFO] flightrecorder.rules.jdk ........................... SUCCESS [  0.742 s]
[INFO] missioncontrol.core.tests .......................... SUCCESS [  0.000 s]
[INFO] common.test ........................................ FAILURE [  0.472 s]
[INFO] flightrecorder.test ................................ SKIPPED
[INFO] flightrecorder.rules.test .......................... SKIPPED
[INFO] flightrecorder.rules.jdk.test ...................... SKIPPED
[INFO] ------------------------------------------------------------------------
[INFO] BUILD FAILURE
[INFO] ------------------------------------------------------------------------
[INFO] Total time:  5.056 s
[INFO] Finished at: 2025-05-16T02:11:57Z
[INFO] ------------------------------------------------------------------------
[ERROR] Failed to execute goal org.apache.maven.plugins:maven-surefire-plugin:3.2.2:test (default-test) on project common.test: 
[ERROR] 
[ERROR] Please refer to /usr/src/RPM/BUILD/jmc7-63ec7d0ee8d9/core/tests/org.openjdk.jmc.common.test/target/surefire-reports for the individual test results.
[ERROR] Please refer to dump files (if any exist) [date].dump, [date]-jvmRun[N].dump and [date].dumpstream.
[ERROR] The forked VM terminated without properly saying goodbye. VM crash or System.exit called?
[ERROR] Command was /bin/sh -c cd '/usr/src/RPM/BUILD/jmc7-63ec7d0ee8d9/core/tests/org.openjdk.jmc.common.test' && '/usr/lib/jvm/java-11-openjdk-11.0.27.0.6-0.x86_64/bin/java' '-Duser.language=en' '-Duser.region=nl' '-Djava.locale.providers=COMPAT' '${surefireArgLine}' '-jar' '/usr/src/RPM/BUILD/jmc7-63ec7d0ee8d9/core/tests/org.openjdk.jmc.common.test/target/surefire/surefirebooter-20250516021156958_3.jar' '/usr/src/RPM/BUILD/jmc7-63ec7d0ee8d9/core/tests/org.openjdk.jmc.common.test/target/surefire' '2025-05-16T02-11-56_901-jvmRun1' 'surefire-20250516021156958_1tmp' 'surefire_0-20250516021156958_2tmp'
[ERROR] Error occurred in starting fork, check output in log
[ERROR] Process Exit Code: 1
[ERROR] org.apache.maven.surefire.booter.SurefireBooterForkException: The forked VM terminated without properly saying goodbye. VM crash or System.exit called?
[ERROR] Command was /bin/sh -c cd '/usr/src/RPM/BUILD/jmc7-63ec7d0ee8d9/core/tests/org.openjdk.jmc.common.test' && '/usr/lib/jvm/java-11-openjdk-11.0.27.0.6-0.x86_64/bin/java' '-Duser.language=en' '-Duser.region=nl' '-Djava.locale.providers=COMPAT' '${surefireArgLine}' '-jar' '/usr/src/RPM/BUILD/jmc7-63ec7d0ee8d9/core/tests/org.openjdk.jmc.common.test/target/surefire/surefirebooter-20250516021156958_3.jar' '/usr/src/RPM/BUILD/jmc7-63ec7d0ee8d9/core/tests/org.openjdk.jmc.common.test/target/surefire' '2025-05-16T02-11-56_901-jvmRun1' 'surefire-20250516021156958_1tmp' 'surefire_0-20250516021156958_2tmp'
[ERROR] Error occurred in starting fork, check output in log
[ERROR] Process Exit Code: 1
[ERROR] 	at org.apache.maven.plugin.surefire.booterclient.ForkStarter.fork(ForkStarter.java:643)
[ERROR] 	at org.apache.maven.plugin.surefire.booterclient.ForkStarter.run(ForkStarter.java:285)
[ERROR] 	at org.apache.maven.plugin.surefire.booterclient.ForkStarter.run(ForkStarter.java:250)
[ERROR] 	at org.apache.maven.plugin.surefire.AbstractSurefireMojo.executeProvider(AbstractSurefireMojo.java:1240)
[ERROR] 	at org.apache.maven.plugin.surefire.AbstractSurefireMojo.executeAfterPreconditionsChecked(AbstractSurefireMojo.java:1089)
[ERROR] 	at org.apache.maven.plugin.surefire.AbstractSurefireMojo.execute(AbstractSurefireMojo.java:905)
[ERROR] 	at org.apache.maven.plugin.DefaultBuildPluginManager.executeMojo(DefaultBuildPluginManager.java:137)
[ERROR] 	at org.apache.maven.lifecycle.internal.MojoExecutor.doExecute2(MojoExecutor.java:370)
[ERROR] 	at org.apache.maven.lifecycle.internal.MojoExecutor.doExecute(MojoExecutor.java:351)
[ERROR] 	at org.apache.maven.lifecycle.internal.MojoExecutor.execute(MojoExecutor.java:215)
[ERROR] 	at org.apache.maven.lifecycle.internal.MojoExecutor.execute(MojoExecutor.java:171)
[ERROR] 	at org.apache.maven.lifecycle.internal.MojoExecutor.execute(MojoExecutor.java:163)
[ERROR] 	at org.apache.maven.lifecycle.internal.LifecycleModuleBuilder.buildProject(LifecycleModuleBuilder.java:117)
[ERROR] 	at org.apache.maven.lifecycle.internal.LifecycleModuleBuilder.buildProject(LifecycleModuleBuilder.java:81)
[ERROR] 	at org.apache.maven.lifecycle.internal.builder.singlethreaded.SingleThreadedBuilder.build(SingleThreadedBuilder.java:56)
[ERROR] 	at org.apache.maven.lifecycle.internal.LifecycleStarter.execute(LifecycleStarter.java:128)
[ERROR] 	at org.apache.maven.DefaultMaven.doExecute(DefaultMaven.java:299)
[ERROR] 	at org.apache.maven.DefaultMaven.doExecute(DefaultMaven.java:193)
[ERROR] 	at org.apache.maven.DefaultMaven.execute(DefaultMaven.java:106)
[ERROR] 	at org.apache.maven.cli.MavenCli.execute(MavenCli.java:963)
[ERROR] 	at org.apache.maven.cli.MavenCli.doMain(MavenCli.java:296)
[ERROR] 	at org.apache.maven.cli.MavenCli.main(MavenCli.java:199)
[ERROR] 	at java.base/jdk.internal.reflect.NativeMethodAccessorImpl.invoke0(Native Method)
[ERROR] 	at java.base/jdk.internal.reflect.NativeMethodAccessorImpl.invoke(NativeMethodAccessorImpl.java:62)
[ERROR] 	at java.base/jdk.internal.reflect.DelegatingMethodAccessorImpl.invoke(DelegatingMethodAccessorImpl.java:43)
[ERROR] 	at java.base/java.lang.reflect.Method.invoke(Method.java:566)
[ERROR] 	at org.codehaus.plexus.classworlds.launcher.Launcher.launchEnhanced(Launcher.java:282)
[ERROR] 	at org.codehaus.plexus.classworlds.launcher.Launcher.launch(Launcher.java:225)
[ERROR] 	at org.codehaus.plexus.classworlds.launcher.Launcher.mainWithExitCode(Launcher.java:406)
[ERROR] 	at org.codehaus.plexus.classworlds.launcher.Launcher.main(Launcher.java:347)
[ERROR] -> [Help 1]
[ERROR] 
[ERROR] To see the full stack trace of the errors, re-run Maven with the -e switch.
[ERROR] Re-run Maven using the -X switch to enable full debug logging.
[ERROR] 
[ERROR] For more information about the errors and possible solutions, please read the following articles:
[ERROR] [Help 1] http://cwiki.apache.org/confluence/display/MAVEN/MojoExecutionException
[ERROR] 
[ERROR] After correcting the problems, you can resume the build with the command
[ERROR]   mvn <args> -rf :common.test
error: Bad exit status from /usr/src/tmp/rpm-tmp.32206 (%build)


RPM build errors:
    Bad exit status from /usr/src/tmp/rpm-tmp.32206 (%build)
Command exited with non-zero status 1
38.05user 4.71system 0:06.79elapsed 629%CPU (0avgtext+0avgdata 1028684maxresident)k
0inputs+0outputs (0major+331593minor)pagefaults 0swaps
hsh-rebuild: rebuild of `jmc-core-7.1.1-alt1_5.1jpp11.src.rpm' failed.
Command exited with non-zero status 1
4.35user 3.19system 0:22.70elapsed 33%CPU (0avgtext+0avgdata 141296maxresident)k
36168inputs+0outputs (0major+287614minor)pagefaults 0swaps
