<86>May 16 03:40:26 userdel[114137]: delete user 'rooter'
<86>May 16 03:40:26 userdel[114137]: removed group 'rooter' owned by 'rooter'
<86>May 16 03:40:26 userdel[114137]: removed shadow group 'rooter' owned by 'rooter'
<86>May 16 03:40:26 groupadd[114163]: group added to /etc/group: name=rooter, GID=1841
<86>May 16 03:40:26 groupadd[114163]: group added to /etc/gshadow: name=rooter
<86>May 16 03:40:26 groupadd[114163]: new group: name=rooter, GID=1841
<86>May 16 03:40:26 useradd[114182]: new user: name=rooter, UID=1841, GID=1841, home=/root, shell=/bin/bash, from=none
<86>May 16 03:40:26 userdel[114209]: delete user 'builder'
<86>May 16 03:40:26 userdel[114209]: removed group 'builder' owned by 'builder'
<86>May 16 03:40:26 userdel[114209]: removed shadow group 'builder' owned by 'builder'
<86>May 16 03:40:26 groupadd[114234]: group added to /etc/group: name=builder, GID=1842
<86>May 16 03:40:26 groupadd[114234]: group added to /etc/gshadow: name=builder
<86>May 16 03:40:26 groupadd[114234]: new group: name=builder, GID=1842
<86>May 16 03:40:26 useradd[114264]: new user: name=builder, UID=1842, GID=1842, home=/usr/src, shell=/bin/bash, from=none
/usr/src/in/srpm/maven-shade-plugin-3.3.0-alt1_4jpp11.src.rpm: license not found in '/usr/share/license' directory: ASL
/usr/src/in/srpm/maven-shade-plugin-3.3.0-alt1_4jpp11.src.rpm: license not found in '/usr/share/license' directory: 2.0
warning: Macro %pom_remove_dep not found
warning: Macro %mvn_build not found
warning: Macro %mvn_install not found
<13>May 16 03:40:33 rpmi: javapackages-filesystem-1:6.0.0-alt3 sisyphus+378353.100.1.1 1742277151 installed
<13>May 16 03:40:33 rpmi: plexus-utils-0:3.3.0-alt1_7jpp11 sisyphus+283216.100.1.3 1629255397 installed
<13>May 16 03:40:33 rpmi: plexus-containers-component-annotations-0:2.1.1-alt1_2jpp11 sisyphus+318726.100.1.3 1681809130 installed
<13>May 16 03:40:33 rpmi: apache-commons-io-1:2.11.0-alt1_2jpp11 sisyphus+318723.100.1.1 1681807648 installed
<13>May 16 03:40:33 rpmi: maven-shared-utils-3.3.4-alt1_2jpp11 sisyphus+302881.100.1.1 1656671461 installed
<13>May 16 03:40:33 rpmi: slf4j-0:1.7.36-alt1 sisyphus+382913.300.3.1 1746015802 installed
<13>May 16 03:40:33 rpmi: apache-commons-lang3-3.17.0-alt1 sisyphus+382425.100.5.2 1747315776 installed
<13>May 16 03:40:33 rpmi: atinject-0:1.0.5-alt1_3jpp11 sisyphus+303043.100.1.1 1656765531 installed
<13>May 16 03:40:33 rpmi: plexus-interpolation-0:1.26-alt1_12jpp11 sisyphus+317222.100.1.2 1679506704 installed
<13>May 16 03:40:33 rpmi: javapackages-tools-1:6.0.0-alt3 sisyphus+378353.100.1.1 1742277151 installed
<13>May 16 03:40:33 rpmi: objectweb-asm-0:9.3-alt1_2jpp11 sisyphus+317150.100.1.2 1679414664 installed
<13>May 16 03:40:33 rpmi: apache-commons-compress-0:1.21-alt1_1jpp11 sisyphus+282760.100.1.3 1629016378 installed
<13>May 16 03:40:33 rpmi: plexus-classworlds-0:2.6.0-alt1_12jpp11 sisyphus+317221.100.1.2 1679504163 installed
<13>May 16 03:40:33 rpmi: qdox-1:2.0.0-alt1_9jpp11 sisyphus+383527.200.1.1 1746616019 installed
<13>May 16 03:40:33 rpmi: plexus-cipher-2.0-alt1_2jpp11 sisyphus+318725.100.1.2 1681808079 installed
<13>May 16 03:40:33 rpmi: cdi-api-2.0.2-alt1_3jpp11 sisyphus+300684.100.1.1 1653577326 installed
<13>May 16 03:40:33 rpmi: sisu-2:0.3.5-alt1_2jpp11 sisyphus+318727.100.1.3 1681808440 installed
<13>May 16 03:40:33 rpmi: jcl-over-slf4j-0:1.7.36-alt1 sisyphus+382913.300.3.1 1746015802 installed
<13>May 16 03:40:33 rpmi: apache-commons-codec-0:1.15-alt1_4jpp11 sisyphus+283206.100.1.2 1629250805 installed
<13>May 16 03:40:34 rpmi: httpcomponents-core-4.4.13-alt1_4jpp11 sisyphus+283282.100.1.3 1629308546 installed
<13>May 16 03:40:34 rpmi: plexus-sec-dispatcher-2.0-alt1 sisyphus+382157.100.1.1 1745096363 installed
<13>May 16 03:40:34 rpmi: plexus-languages-1.1.1-alt1_2jpp11 sisyphus+317156.100.1.3 1679417212 installed
<13>May 16 03:40:34 rpmi: byte-buddy-1.12.0-alt1_3jpp11 sisyphus+303411.100.1.1 1657454125 installed
<13>May 16 03:40:34 rpmi: plexus-build-api-0:0.0.7-alt3_36jpp11 sisyphus+303029.100.1.3 1656759159 installed
<13>May 16 03:40:34 rpmi: apache-commons-cli-0:1.5.0-alt1_3jpp11 sisyphus+303041.100.1.3 1656766127 installed
<13>May 16 03:40:34 rpmi: jansi-0:2.4.0-alt1_7jpp11 sisyphus+317216.100.1.3 1679501794 installed
<13>May 16 03:40:34 rpmi: jakarta-annotations-1.3.5-alt1_11jpp11 sisyphus+300688.100.1.1 1653578883 installed
<13>May 16 03:40:34 rpmi: xmvn-core-4.0.0-alt1_8jpp11 sisyphus+303446.100.1.1 1657533450 installed
<13>May 16 03:40:34 rpmi: hawtjni-runtime-0:1.18-alt1_2jpp11 sisyphus+282792.100.1.1 1629029179 installed
<13>May 16 03:40:34 rpmi: opentest4j-1.2.0-alt1_10jpp11 sisyphus+303026.100.1.2 1656757807 installed
<13>May 16 03:40:34 rpmi: maven-plugin-annotations-3.6.4-alt1 sisyphus+383557.200.1.1 1746628968 installed
<13>May 16 03:40:34 rpmi: libpng16-1.6.42-alt2 sisyphus+339555.100.1.1 1706781682 installed
<13>May 16 03:40:34 rpmi: jansi-native-0:1.8-alt1_12jpp11 sisyphus+317217.100.1.2 1679502324 installed
<13>May 16 03:40:34 rpmi: jansi1-1.18-alt1_11jpp11 sisyphus+302998.100.1.2 1656749981 installed
<13>May 16 03:40:34 rpmi: jline2-0:2.14.6-alt1_2jpp11 sisyphus+273662.100.1.1 1622879727 installed
<13>May 16 03:40:34 rpmi: assertj-core-3.19.0-alt1_3jpp11 sisyphus+301632.100.1.1 1654767506 installed
<13>May 16 03:40:34 rpmi: java-common-1.7.0-alt1 sisyphus+333533.100.1.1 1699037019 installed
<13>May 16 03:40:34 rpmi: plexus-resources-0:1.2.0-alt1_2jpp11 sisyphus+317157.100.1.2 1679417543 installed
<13>May 16 03:40:34 rpmi: xbean-0:4.18-alt1_7jpp11 sisyphus+303040.100.1.2 1656761668 installed
<13>May 16 03:40:34 rpmi: plexus-io-0:3.2.0-alt1_9jpp11 sisyphus+303270.100.1.1 1657178206 installed
<13>May 16 03:40:34 rpmi: plexus-compiler-0:2.11.1-alt1_2jpp11 sisyphus+317154.100.1.3 1679416547 installed
<13>May 16 03:40:34 rpmi: apache-commons-collections-0:3.2.2-alt1_27jpp11 sisyphus+302979.100.1.3 1656746095 installed
<13>May 16 03:40:34 rpmi: velocity-1:1.7-alt3_36jpp11 sisyphus+282835.200.1.1 1629039655 installed
<13>May 16 03:40:34 rpmi: apache-commons-logging-0:1.2-alt1_30jpp11 sisyphus+302982.100.1.1 1656745489 installed
<13>May 16 03:40:34 rpmi: bsf-1:2.4.0-alt3_46jpp11 sisyphus+317135.100.1.1 1679405986 installed
<13>May 16 03:40:34 rpmi: bsh-0:2.1.0-alt1_5jpp11 sisyphus+302988.100.1.3 1656748952 installed
<13>May 16 03:40:34 rpmi: apache-resource-bundles-1:36-alt1_2jpp11 sisyphus+317095.100.1.2 1679396315 installed
<13>May 16 03:40:34 rpmi: jsr-305-1:3.0.2-alt1_3jpp11 sisyphus+283271.100.1.2 1629305577 installed
<13>May 16 03:40:34 rpmi: guava-31.0.1-alt2_3jpp11 sisyphus+384217.100.1.1 1747314227 installed
<13>May 16 03:40:34 rpmi: google-guice-0:4.2.3-alt1_6jpp11 sisyphus+300883.100.1.1 1653894654 installed
<13>May 16 03:40:34 rpmi: jsoup-1.13.1-alt1_7jpp11 sisyphus+283208.100.1.3 1629252685 installed
<13>May 16 03:40:34 rpmi: beust-jcommander-1.78-alt1_7jpp11 sisyphus+281813.100.1.1 1628094307 installed
<13>May 16 03:40:34 rpmi: xmvn-tools-4.0.0-alt1_8jpp11 sisyphus+303446.100.1.1 1657533450 installed
<13>May 16 03:40:34 rpmi: hamcrest-0:2.2-alt1_5jpp11 sisyphus+301728.200.1.1 1654860789 installed
<13>May 16 03:40:34 rpmi: junit-1:4.13.1-alt1_7jpp11 sisyphus+303013.100.1.2 1656753167 installed
<13>May 16 03:40:34 rpmi: plexus-containers-container-default-0:2.1.1-alt1_2jpp11 sisyphus+318726.100.1.3 1681809130 installed
<13>May 16 03:40:34 rpmi: xz-java-1.9-alt1_3jpp11 sisyphus+303072.100.1.2 1656772105 installed
<13>May 16 03:40:34 rpmi: plexus-archiver-0:4.2.7-alt1_2jpp11 sisyphus+317153.100.1.3 1679416196 installed
<13>May 16 03:40:34 rpmi: apiguardian-1.1.2-alt1_3jpp11 sisyphus+303042.100.1.1 1656765526 installed
<13>May 16 03:40:34 rpmi: byte-buddy-agent-1.12.0-alt1_3jpp11 sisyphus+303411.100.1.1 1657454125 installed
<13>May 16 03:40:34 rpmi: jdom2-2.0.6-alt1_27jpp11 sisyphus+303003.100.1.1 1656746846 installed
<13>May 16 03:40:34 rpmi: univocity-parsers-2.9.1-alt1_6jpp11 sisyphus+303035.100.1.2 1656759759 installed
<13>May 16 03:40:34 rpmi: junit5-5.8.2-alt1 sisyphus+383557.100.1.1 1746628905 installed
<13>May 16 03:40:34 rpmi: objenesis-0:3.1-alt1_7jpp11 sisyphus+302027.100.1.2 1655142031 installed
<13>May 16 03:40:34 rpmi: xmlunit-core-0:2.8.2-alt1_8jpp11 sisyphus+317074.100.1.1 1679339744 installed
<13>May 16 03:40:34 rpmi: libprocps-3.3.17-alt8.g37f1060 sisyphus+330939.300.7.1 1697495403 installed
<13>May 16 03:40:34 rpmi: libnatspec-0.3.4-alt1 sisyphus+383650.100.1.1 1746817004 installed
<13>May 16 03:40:34 rpmi: libxslt-1.1.39-alt1 sisyphus+349406.100.1.1 1716751806 installed
<13>May 16 03:40:34 rpmi: rpm-macros-java-1:6.0.0-alt3 sisyphus+378353.100.1.1 1742277151 installed
<13>May 16 03:40:34 rpmi: jurand-1.3.5-alt2 sisyphus+377872.100.1.1 1741880705 installed
<13>May 16 03:40:34 rpmi: rpm-macros-jurand-1.3.5-alt2 sisyphus+377872.100.1.1 1741880705 installed
<13>May 16 03:40:34 rpmi: libmpdec3-2.5.1-alt3 sisyphus+314490.500.5.1 1675432004 installed
<13>May 16 03:40:34 rpmi: libgdbm-1.8.3-alt10 sisyphus+346222.200.3.2 1716468404 installed
<13>May 16 03:40:34 rpmi: libexpat-2.7.1-alt1 sisyphus+379929.100.1.1 1743519381 installed
<13>May 16 03:40:34 rpmi: openssl-config-3.2.0-alt1 sisyphus+366659.140.4.1 1736956949 installed
<13>May 16 03:40:34 rpmi: libb2-0.98.1-alt1_1 sisyphus+291614.100.1.1 1638962877 installed
<13>May 16 03:40:34 rpmi: liblcms2-2.17-alt1 sisyphus+376290.10700.24.2 1745385260 installed
<13>May 16 03:40:34 rpmi: libjpeg-2:3.0.2-alt2.1 sisyphus+340135.100.1.1 1707449145 installed
<13>May 16 03:40:34 rpmi: libbrotlicommon-1.1.0-alt1 sisyphus+328501.100.1.1 1693598419 installed
<13>May 16 03:40:34 rpmi: libbrotlidec-1.1.0-alt1 sisyphus+328501.100.1.1 1693598419 installed
<13>May 16 03:40:34 rpmi: libgraphite2-1.3.14-alt2.1 sisyphus+279571.100.1.2 1626605111 installed
<13>May 16 03:40:34 rpmi: libharfbuzz-11.2.1-alt1 sisyphus+384013.100.1.1 1747136771 installed
<13>May 16 03:40:34 rpmi: libfreetype-2.13.3-alt1 sisyphus+355656.100.1.1 1724221064 installed
<13>May 16 03:40:34 rpmi: javazi-2024a-alt1 sisyphus+344801.200.1.1 1712691734 installed
<13>May 16 03:40:34 rpmi: libgif-4.1.6-alt4 sisyphus+379672.40.3.1 1746456932 installed
<13>May 16 03:40:34 rpmi: libX11-locales-3:1.8.11-alt1 sisyphus+373040.100.1.1 1738571640 installed
<13>May 16 03:40:34 rpmi: libXdmcp-1.1.5-alt1 sisyphus+343583.700.1.1 1711441061 installed
<13>May 16 03:40:34 rpmi: libXau-1.0.11-alt1 sisyphus+311428.100.1.1 1670577439 installed
<13>May 16 03:40:34 rpmi: libxcb-1.17.0-alt1 sisyphus+345308.200.1.1 1713342004 installed
<13>May 16 03:40:34 rpmi: libX11-3:1.8.11-alt1 sisyphus+373040.100.1.1 1738571640 installed
<13>May 16 03:40:34 rpmi: libXext-1.3.6-alt1 sisyphus+343583.1000.1.1 1711441101 installed
<13>May 16 03:40:34 rpmi: libXi-1.8-alt1 sisyphus+285490.200.1.1 1632124174 installed
<13>May 16 03:40:34 rpmi: libXtst-1.2.4-alt1 sisyphus+308663.1300.1.1 1666168495 installed
<13>May 16 03:40:34 rpmi: libXrender-0.9.12-alt1 sisyphus+373121.100.1.1 1738654919 installed
<13>May 16 03:40:35 rpmi: libp11-kit-1:0.25.5-alt1 sisyphus+352553.100.1.1 1720622573 installed
<13>May 16 03:40:35 rpmi: libtasn1-4.20.0-alt2 sisyphus+375829.100.1.1 1740299335 installed
<13>May 16 03:40:35 rpmi: publicsuffix-list-20250416-alt1 sisyphus+381887.100.1.1 1744900874 installed
<13>May 16 03:40:35 rpmi: httpcomponents-client-4.5.13-alt1_2jpp11 sisyphus+283281.100.1.3 1629307126 installed
<13>May 16 03:40:35 rpmi: maven-wagon-0:3.5.3-alt1 sisyphus+382913.400.3.1 1746015847 installed
<13>May 16 03:40:35 rpmi: maven-resolver-1:1.6.3-alt1 sisyphus+381949.100.1.1 1744966821 installed
<13>May 16 03:40:35 rpmi: maven-1:3.8.8-alt1 sisyphus+382913.500.3.1 1746016050 installed
<13>May 16 03:40:35 rpmi: xmvn-minimal-4.0.0-alt1_8jpp11 sisyphus+303446.100.1.1 1657533450 installed
<13>May 16 03:40:35 rpmi: maven-lib-1:3.8.8-alt1 sisyphus+382913.500.3.1 1746016050 installed
<13>May 16 03:40:35 rpmi: maven-common-artifact-filters-3.2.0-alt1_3jpp11 sisyphus+303056.100.1.2 1656767734 installed
<13>May 16 03:40:35 rpmi: maven-surefire-0:3.2.2-alt1 sisyphus+383557.300.1.1 1746629043 installed
<13>May 16 03:40:35 rpmi: maven-plugin-tools-api-3.6.4-alt1 sisyphus+383557.200.1.1 1746628968 installed
<13>May 16 03:40:35 rpmi: maven-filtering-3.2.0-alt1_3jpp11 sisyphus+301764.100.1.2 1654889715 installed
<13>May 16 03:40:35 rpmi: maven-archiver-0:3.5.2-alt1_2jpp11 sisyphus+317140.100.1.2 1679410347 installed
<13>May 16 03:40:35 rpmi: maven-remote-resources-plugin-1.7.0-alt1_7jpp11 sisyphus+282861.100.1.1 1629057314 installed
<13>May 16 03:40:35 rpmi: maven-resources-plugin-3.2.0-alt1_4jpp11 sisyphus+282536.100.1.2 1628793650 installed
<13>May 16 03:40:35 rpmi: maven-plugin-tools-annotations-3.6.4-alt1 sisyphus+383557.200.1.1 1746628968 installed
<13>May 16 03:40:35 rpmi: maven-plugin-tools-generators-3.6.4-alt1 sisyphus+383557.200.1.1 1746628968 installed
<13>May 16 03:40:35 rpmi: maven-plugin-tools-java-3.6.4-alt1 sisyphus+383557.200.1.1 1746628968 installed
<13>May 16 03:40:35 rpmi: maven-plugin-plugin-3.6.4-alt1 sisyphus+383557.200.1.1 1746628968 installed
<13>May 16 03:40:35 rpmi: maven-surefire-provider-junit-0:3.2.2-alt1 sisyphus+383557.300.1.1 1746629043 installed
<13>May 16 03:40:35 rpmi: maven-surefire-provider-junit5-0:3.2.2-alt1 sisyphus+383557.300.1.1 1746629043 installed
<13>May 16 03:40:35 rpmi: maven-surefire-provider-testng-0:3.2.2-alt1 sisyphus+383557.300.1.1 1746629043 installed
<13>May 16 03:40:35 rpmi: maven-surefire-plugin-0:3.2.2-alt1 sisyphus+383557.300.1.1 1746629043 installed
<13>May 16 03:40:35 rpmi: maven-artifact-transfer-1:0.13.1-alt2 sisyphus+382320.300.3.2 1745479123 installed
<13>May 16 03:40:35 rpmi: maven-dependency-tree-3.1.0-alt1_2jpp11 sisyphus+317142.100.1.2 1679412375 installed
<13>May 16 03:40:35 rpmi: maven-enforcer-api-0:3.0.0_M2-alt1_3jpp11 sisyphus+301995.100.1.3 1655132104 installed
<13>May 16 03:40:35 rpmi: maven-enforcer-rules-0:3.0.0_M2-alt1_3jpp11 sisyphus+301995.100.1.3 1655132104 installed
<13>May 16 03:40:35 rpmi: maven-enforcer-plugin-0:3.0.0_M2-alt1_3jpp11 sisyphus+301995.100.1.3 1655132104 installed
<13>May 16 03:40:35 rpmi: apache-parent-26-alt1_3jpp11 sisyphus+317094.100.1.3 1679396015 installed
<13>May 16 03:40:35 rpmi: maven-shared-incremental-1.1-alt1_23jpp11 sisyphus+282537.100.1.1 1628793339 installed
<13>May 16 03:40:35 rpmi: maven-compiler-plugin-3.8.1-alt1_10jpp11 sisyphus+282511.100.1.2 1628772929 installed
<13>May 16 03:40:35 rpmi: maven-shared-io-1:3.0.0-alt1_17jpp11 sisyphus+303022.100.1.3 1656757260 installed
<13>May 16 03:40:35 rpmi: maven-file-management-1:3.0.0-alt1_17jpp11 sisyphus+303020.100.1.3 1656756699 installed
<13>May 16 03:40:35 rpmi: maven-jar-plugin-3.2.2-alt1_2jpp11 sisyphus+317144.100.1.3 1679413357 installed
<13>May 16 03:40:35 rpmi: xmvn-mojo-4.0.0-alt1_8jpp11 sisyphus+303446.100.1.1 1657533450 installed
<13>May 16 03:40:35 rpmi: rpm-macros-alternatives-0.5.3-alt1 sisyphus+371878.100.1.1 1737988822 installed
<13>May 16 03:40:35 rpmi: alternatives-0.5.3-alt1 sisyphus+371878.100.1.1 1737988822 installed
<13>May 16 03:40:35 rpmi: ca-certificates-2025.05.12-alt1 sisyphus+383903.200.2.1 1747060316 installed
<13>May 16 03:40:35 rpmi: ca-trust-0.2.0-alt1 sisyphus+344843.100.1.1 1712743326 installed
<13>May 16 03:40:35 rpmi: p11-kit-trust-1:0.25.5-alt1 sisyphus+352553.100.1.1 1720622573 installed
<13>May 16 03:40:35 rpmi: libcrypto3-3.3.3-alt1 sisyphus+374381.40.2.1 1739299401 installed
<13>May 16 03:40:35 rpmi: libssl3-3.3.3-alt1 sisyphus+374381.40.2.1 1739299401 installed
<13>May 16 03:40:35 rpmi: python3-3.12.10-alt1 sisyphus+381757.100.1.1 1744802808 installed
<13>May 16 03:40:36 rpmi: python3-base-3.12.10-alt1 sisyphus+381757.100.1.1 1744802808 installed
<13>May 16 03:40:36 rpmi: python3-module-six-1.17.0-alt1.1 sisyphus+373470.100.1.1 1738920023 installed
<13>May 16 03:40:36 rpmi: python3-module-genshi-0.7.9-alt2.1 sisyphus+376369.5100.10.1 1746628134 installed
<13>May 16 03:40:36 rpmi: python3-module-cssselect-1.3.0-alt1 sisyphus+377617.100.1.1 1741681780 installed
<13>May 16 03:40:36 rpmi: python3-module-webencodings-0.5.1-alt3 sisyphus+359244.100.1.1 1728381102 installed
<13>May 16 03:40:36 rpmi: python3-module-html5lib-1:1.1-alt1 sisyphus+278096.120.5.1 1626086978 installed
<13>May 16 03:40:36 rpmi: python3-module-lxml-5.4.0-alt1 sisyphus+382313.100.1.1 1745325124 installed
<13>May 16 03:40:36 rpmi: python3-module-javapackages-1:6.0.0-alt3 sisyphus+378353.100.1.1 1742277151 installed
<13>May 16 03:40:36 rpmi: rpm-build-java-1:6.0.0-alt3 sisyphus+378353.100.1.1 1742277151 installed
<13>May 16 03:40:36 rpmi: javapackages-local-1:6.0.0-alt3 sisyphus+378353.100.1.1 1742277151 installed
<13>May 16 03:40:36 rpmi: ca-trust-java-0.2.0-alt1 sisyphus+344843.100.1.1 1712743326 installed
<13>May 16 03:40:36 rpmi: java-stub-javadoc-0.1-alt1 sisyphus+276859.100.1.1 1625245070 installed
<13>May 16 03:40:36 rpmi: alsa-ucm-conf-1.2.13-alt2 sisyphus+379457.100.1.1 1743144589 installed
<13>May 16 03:40:36 rpmi: alsa-topology-conf-1.2.5.1-alt1 sisyphus+274777.100.1.1 1624089141 installed
<13>May 16 03:40:36 rpmi: libalsa-1:1.2.13-alt1 sisyphus+370533.200.1.1 1737298943 installed
<13>May 16 03:40:38 rpmi: java-11-openjdk-headless-0:11.0.27.0.6-alt1 sisyphus+382872.100.1.1 1745983997 installed
<13>May 16 03:40:39 rpmi: java-11-openjdk-0:11.0.27.0.6-alt1 sisyphus+382872.100.1.1 1745983997 installed
<13>May 16 03:40:39 rpmi: java-11-openjdk-devel-0:11.0.27.0.6-alt1 sisyphus+382872.100.1.1 1745983997 installed
<13>May 16 03:40:39 rpmi: jpackage-11-compat-0.43-alt1 sisyphus+338091.100.1.2 1705652445 installed
<13>May 16 03:40:39 rpmi: maven-local-1:6.0.0-alt3 sisyphus+378353.100.1.1 1742277151 installed
<13>May 16 03:40:39 rpmi: maven-parent-35-alt1 sisyphus+382913.100.1.1 1746010754 installed
<13>May 16 03:40:39 rpmi: sisu-mojos-0.3.5-alt1_2jpp11 sisyphus+317160.100.1.2 1679417544 installed
<13>May 16 03:40:39 rpmi: unzip-6.0-alt7 sisyphus+367458.200.2.1 1735647083 installed
<13>May 16 03:40:39 rpmi: xmlunit-legacy-0:2.8.2-alt1_8jpp11 sisyphus+317074.100.1.1 1679339744 installed
<13>May 16 03:40:39 rpmi: mockito-5.17.0-alt1 sisyphus+382425.300.5.2 1747315818 installed
<13>May 16 03:40:39 rpmi: plexus-containers-component-metadata-0:2.1.1-alt1_2jpp11 sisyphus+318726.100.1.3 1681809130 installed
<13>May 16 03:40:39 rpmi: jdependency-0:2.8.0-alt1_1jpp11 sisyphus+317136.100.1.2 1679410117 installed
<13>May 16 03:40:39 rpmi: apache-commons-collections4-4.4-alt1_6jpp11 sisyphus+301888.100.1.1 1655056187 installed
Building target platforms: x86_64
Building for target x86_64
Wrote: /usr/src/in/nosrpm/maven-shade-plugin-3.3.0-alt1_4jpp11.nosrc.rpm (w1.gzdio)
Installing maven-shade-plugin-3.3.0-alt1_4jpp11.src.rpm
Building target platforms: x86_64
Building for target x86_64
Executing(%prep): /bin/sh -e /usr/src/tmp/rpm-tmp.97146
+ umask 022
+ /bin/mkdir -p /usr/src/RPM/BUILD
+ cd /usr/src/RPM/BUILD
+ cd /usr/src/RPM/BUILD
+ rm -rf maven-shade-plugin-3.3.0
+ echo 'Source #0 (maven-shade-plugin-3.3.0-source-release.zip):'
Source #0 (maven-shade-plugin-3.3.0-source-release.zip):
+ /usr/bin/unzip -qq /usr/src/RPM/SOURCES/maven-shade-plugin-3.3.0-source-release.zip
+ cd maven-shade-plugin-3.3.0
+ /bin/chmod -c -Rf u+rwX,go-w .
+ rm src/test/jars/plexus-utils-1.4.1.jar
++ build-classpath plexus/utils
+ ln -s /usr/share/java/plexus/utils.jar src/test/jars/plexus-utils-1.4.1.jar
+ /usr/bin/python3 /usr/share/java-utils/pom_editor.py pom_remove_dep org.eclipse.sisu:org.eclipse.sisu.inject:
+ exit 0
Executing(%build): /bin/sh -e /usr/src/tmp/rpm-tmp.97146
+ umask 022
+ /bin/mkdir -p /usr/src/RPM/BUILD
+ cd /usr/src/RPM/BUILD
+ cd maven-shade-plugin-3.3.0
+ /usr/bin/python3 /usr/share/java-utils/mvn_build.py --xmvn-javadoc -- -Dmaven.compiler.source=1.8 -Dmaven.compiler.target=1.8 -Dmaven.javadoc.source=1.8 -Dmaven.compiler.release=8
Executing: xmvn --batch-mode --offline -Dmaven.compiler.source=1.8 -Dmaven.compiler.target=1.8 -Dmaven.javadoc.source=1.8 -Dmaven.compiler.release=8 verify org.fedoraproject.xmvn:xmvn-mojo:install org.fedoraproject.xmvn:xmvn-mojo:javadoc org.fedoraproject.xmvn:xmvn-mojo:builddep
['xmvn', '--batch-mode', '--offline', '-Dmaven.compiler.source=1.8', '-Dmaven.compiler.target=1.8', '-Dmaven.javadoc.source=1.8', '-Dmaven.compiler.release=8', 'verify', 'org.fedoraproject.xmvn:xmvn-mojo:install', 'org.fedoraproject.xmvn:xmvn-mojo:javadoc', 'org.fedoraproject.xmvn:xmvn-mojo:builddep']
[INFO] Scanning for projects...
[INFO] 
[INFO] ------------< org.apache.maven.plugins:maven-shade-plugin >-------------
[INFO] Building Apache Maven Shade Plugin 3.3.0
[INFO]   from pom.xml
[INFO] ----------------------------[ maven-plugin ]----------------------------
[INFO] 
[INFO] --- maven-remote-resources-plugin:1.7.0:process (process-resource-bundles) @ maven-shade-plugin ---
[INFO] Preparing remote bundle org.apache:apache-jar-resource-bundle:1.4
[INFO] Copying 5 resources from 1 bundle.
[INFO] 
[INFO] --- maven-resources-plugin:3.2.0:resources (default-resources) @ maven-shade-plugin ---
[INFO] Using 'UTF-8' encoding to copy filtered resources.
[INFO] Using 'UTF-8' encoding to copy filtered properties files.
[INFO] skip non existing resourceDirectory /usr/src/RPM/BUILD/maven-shade-plugin-3.3.0/src/main/resources
[INFO] Copying 5 resources
[INFO] 
[INFO] --- maven-compiler-plugin:3.8.1:compile (default-compile) @ maven-shade-plugin ---
[INFO] Changes detected - recompiling the module!
[INFO] Compiling 42 source files to /usr/src/RPM/BUILD/maven-shade-plugin-3.3.0/target/classes
[INFO] /usr/src/RPM/BUILD/maven-shade-plugin-3.3.0/src/main/java/org/apache/maven/plugins/shade/resource/AbstractCompatibilityTransformer.java: Some input files use or override a deprecated API.
[INFO] /usr/src/RPM/BUILD/maven-shade-plugin-3.3.0/src/main/java/org/apache/maven/plugins/shade/resource/AbstractCompatibilityTransformer.java: Recompile with -Xlint:deprecation for details.
[INFO] /usr/src/RPM/BUILD/maven-shade-plugin-3.3.0/src/main/java/org/apache/maven/plugins/shade/pom/MavenJDOMWriter.java: /usr/src/RPM/BUILD/maven-shade-plugin-3.3.0/src/main/java/org/apache/maven/plugins/shade/pom/MavenJDOMWriter.java uses unchecked or unsafe operations.
[INFO] /usr/src/RPM/BUILD/maven-shade-plugin-3.3.0/src/main/java/org/apache/maven/plugins/shade/pom/MavenJDOMWriter.java: Recompile with -Xlint:unchecked for details.
[INFO] 
[INFO] --- maven-plugin-plugin:3.6.4:descriptor (default-descriptor) @ maven-shade-plugin ---
[INFO] Using 'UTF-8' encoding to read mojo source files.
[INFO] java-annotations mojo extractor found 1 mojo descriptor.
[INFO] 
[INFO] --- sisu-maven-plugin:0.3.5:main-index (index-project) @ maven-shade-plugin ---
[INFO] 
[INFO] --- sisu-maven-plugin:0.3.5:main-index (default) @ maven-shade-plugin ---
[INFO] 
[INFO] --- maven-resources-plugin:3.2.0:testResources (default-testResources) @ maven-shade-plugin ---
[INFO] Using 'UTF-8' encoding to copy filtered resources.
[INFO] Using 'UTF-8' encoding to copy filtered properties files.
[INFO] Copying 3 resources
[INFO] Copying 5 resources
[INFO] 
[INFO] --- maven-compiler-plugin:3.8.1:testCompile (default-testCompile) @ maven-shade-plugin ---
[INFO] Changes detected - recompiling the module!
[INFO] Compiling 24 source files to /usr/src/RPM/BUILD/maven-shade-plugin-3.3.0/target/test-classes
[INFO] /usr/src/RPM/BUILD/maven-shade-plugin-3.3.0/src/test/java/org/apache/maven/plugins/shade/filter/SimpleFilterTest.java: Some input files use or override a deprecated API.
[INFO] /usr/src/RPM/BUILD/maven-shade-plugin-3.3.0/src/test/java/org/apache/maven/plugins/shade/filter/SimpleFilterTest.java: Recompile with -Xlint:deprecation for details.
[INFO] /usr/src/RPM/BUILD/maven-shade-plugin-3.3.0/src/test/java/org/apache/maven/plugins/shade/mojo/ShadeMojoTest.java: /usr/src/RPM/BUILD/maven-shade-plugin-3.3.0/src/test/java/org/apache/maven/plugins/shade/mojo/ShadeMojoTest.java uses unchecked or unsafe operations.
[INFO] /usr/src/RPM/BUILD/maven-shade-plugin-3.3.0/src/test/java/org/apache/maven/plugins/shade/mojo/ShadeMojoTest.java: Recompile with -Xlint:unchecked for details.
[INFO] -------------------------------------------------------------
[ERROR] COMPILATION ERROR : 
[INFO] -------------------------------------------------------------
[ERROR] /usr/src/RPM/BUILD/maven-shade-plugin-3.3.0/src/test/java/org/apache/maven/plugins/shade/filter/SimpleFilterTest.java:[24,26] package org.mockito does not exist
[ERROR] /usr/src/RPM/BUILD/maven-shade-plugin-3.3.0/src/test/java/org/apache/maven/plugins/shade/filter/SimpleFilterTest.java:[24,1] static import only from classes and interfaces
[ERROR] /usr/src/RPM/BUILD/maven-shade-plugin-3.3.0/src/test/java/org/apache/maven/plugins/shade/filter/SimpleFilterTest.java:[25,26] package org.mockito does not exist
[ERROR] /usr/src/RPM/BUILD/maven-shade-plugin-3.3.0/src/test/java/org/apache/maven/plugins/shade/filter/SimpleFilterTest.java:[25,1] static import only from classes and interfaces
[ERROR] /usr/src/RPM/BUILD/maven-shade-plugin-3.3.0/src/test/java/org/apache/maven/plugins/shade/mojo/ShadeMojoTest.java:[24,26] package org.mockito does not exist
[ERROR] /usr/src/RPM/BUILD/maven-shade-plugin-3.3.0/src/test/java/org/apache/maven/plugins/shade/mojo/ShadeMojoTest.java:[24,1] static import only from classes and interfaces
[ERROR] /usr/src/RPM/BUILD/maven-shade-plugin-3.3.0/src/test/java/org/apache/maven/plugins/shade/mojo/ShadeMojoTest.java:[25,26] package org.mockito does not exist
[ERROR] /usr/src/RPM/BUILD/maven-shade-plugin-3.3.0/src/test/java/org/apache/maven/plugins/shade/mojo/ShadeMojoTest.java:[25,1] static import only from classes and interfaces
[ERROR] /usr/src/RPM/BUILD/maven-shade-plugin-3.3.0/src/test/java/org/apache/maven/plugins/shade/DefaultShaderTest.java:[55,19] package org.mockito does not exist
[ERROR] /usr/src/RPM/BUILD/maven-shade-plugin-3.3.0/src/test/java/org/apache/maven/plugins/shade/DefaultShaderTest.java:[70,26] package org.mockito does not exist
[ERROR] /usr/src/RPM/BUILD/maven-shade-plugin-3.3.0/src/test/java/org/apache/maven/plugins/shade/DefaultShaderTest.java:[70,1] static import only from classes and interfaces
[ERROR] /usr/src/RPM/BUILD/maven-shade-plugin-3.3.0/src/test/java/org/apache/maven/plugins/shade/DefaultShaderTest.java:[71,26] package org.mockito does not exist
[ERROR] /usr/src/RPM/BUILD/maven-shade-plugin-3.3.0/src/test/java/org/apache/maven/plugins/shade/DefaultShaderTest.java:[71,1] static import only from classes and interfaces
[ERROR] /usr/src/RPM/BUILD/maven-shade-plugin-3.3.0/src/test/java/org/apache/maven/plugins/shade/DefaultShaderTest.java:[72,26] package org.mockito does not exist
[ERROR] /usr/src/RPM/BUILD/maven-shade-plugin-3.3.0/src/test/java/org/apache/maven/plugins/shade/DefaultShaderTest.java:[72,1] static import only from classes and interfaces
[ERROR] /usr/src/RPM/BUILD/maven-shade-plugin-3.3.0/src/test/java/org/apache/maven/plugins/shade/DefaultShaderTest.java:[436,13] cannot find symbol
  symbol:   class ArgumentCaptor
  location: class org.apache.maven.plugins.shade.DefaultShaderTest
[ERROR] /usr/src/RPM/BUILD/maven-shade-plugin-3.3.0/src/test/java/org/apache/maven/plugins/shade/DefaultShaderTest.java:[438,13] cannot find symbol
  symbol:   class ArgumentCaptor
  location: class org.apache.maven.plugins.shade.DefaultShaderTest
[ERROR] /usr/src/RPM/BUILD/maven-shade-plugin-3.3.0/src/test/java/org/apache/maven/plugins/shade/filter/MinijarFilterTest.java:[24,26] package org.mockito does not exist
[ERROR] /usr/src/RPM/BUILD/maven-shade-plugin-3.3.0/src/test/java/org/apache/maven/plugins/shade/filter/MinijarFilterTest.java:[24,1] static import only from classes and interfaces
[ERROR] /usr/src/RPM/BUILD/maven-shade-plugin-3.3.0/src/test/java/org/apache/maven/plugins/shade/filter/MinijarFilterTest.java:[25,26] package org.mockito does not exist
[ERROR] /usr/src/RPM/BUILD/maven-shade-plugin-3.3.0/src/test/java/org/apache/maven/plugins/shade/filter/MinijarFilterTest.java:[25,1] static import only from classes and interfaces
[ERROR] /usr/src/RPM/BUILD/maven-shade-plugin-3.3.0/src/test/java/org/apache/maven/plugins/shade/filter/MinijarFilterTest.java:[26,26] package org.mockito does not exist
[ERROR] /usr/src/RPM/BUILD/maven-shade-plugin-3.3.0/src/test/java/org/apache/maven/plugins/shade/filter/MinijarFilterTest.java:[26,1] static import only from classes and interfaces
[ERROR] /usr/src/RPM/BUILD/maven-shade-plugin-3.3.0/src/test/java/org/apache/maven/plugins/shade/filter/MinijarFilterTest.java:[27,26] package org.mockito does not exist
[ERROR] /usr/src/RPM/BUILD/maven-shade-plugin-3.3.0/src/test/java/org/apache/maven/plugins/shade/filter/MinijarFilterTest.java:[27,1] static import only from classes and interfaces
[ERROR] /usr/src/RPM/BUILD/maven-shade-plugin-3.3.0/src/test/java/org/apache/maven/plugins/shade/filter/MinijarFilterTest.java:[41,19] package org.mockito does not exist
[ERROR] /usr/src/RPM/BUILD/maven-shade-plugin-3.3.0/src/test/java/org/apache/maven/plugins/shade/filter/SimpleFilterTest.java:[83,45] cannot find symbol
  symbol:   method mock(java.lang.Class<org.apache.maven.plugins.shade.mojo.ArchiveFilter>)
  location: class org.apache.maven.plugins.shade.filter.SimpleFilterTest
[ERROR] /usr/src/RPM/BUILD/maven-shade-plugin-3.3.0/src/test/java/org/apache/maven/plugins/shade/filter/SimpleFilterTest.java:[84,9] cannot find symbol
  symbol:   method when(java.util.Set<java.lang.String>)
  location: class org.apache.maven.plugins.shade.filter.SimpleFilterTest
[ERROR] /usr/src/RPM/BUILD/maven-shade-plugin-3.3.0/src/test/java/org/apache/maven/plugins/shade/filter/SimpleFilterTest.java:[85,9] cannot find symbol
  symbol:   method when(java.util.Set<java.lang.String>)
  location: class org.apache.maven.plugins.shade.filter.SimpleFilterTest
[ERROR] /usr/src/RPM/BUILD/maven-shade-plugin-3.3.0/src/test/java/org/apache/maven/plugins/shade/filter/SimpleFilterTest.java:[86,9] cannot find symbol
  symbol:   method when(boolean)
  location: class org.apache.maven.plugins.shade.filter.SimpleFilterTest
[ERROR] /usr/src/RPM/BUILD/maven-shade-plugin-3.3.0/src/test/java/org/apache/maven/plugins/shade/filter/SimpleFilterTest.java:[92,9] cannot find symbol
  symbol:   method when(boolean)
  location: class org.apache.maven.plugins.shade.filter.SimpleFilterTest
[ERROR] /usr/src/RPM/BUILD/maven-shade-plugin-3.3.0/src/test/java/org/apache/maven/plugins/shade/mojo/ShadeMojoTest.java:[214,40] cannot find symbol
  symbol: method mock(java.lang.Class<org.apache.maven.artifact.Artifact>)
[ERROR] /usr/src/RPM/BUILD/maven-shade-plugin-3.3.0/src/test/java/org/apache/maven/plugins/shade/mojo/ShadeMojoTest.java:[215,25] cannot find symbol
  symbol: method when(java.lang.String)
[ERROR] /usr/src/RPM/BUILD/maven-shade-plugin-3.3.0/src/test/java/org/apache/maven/plugins/shade/mojo/ShadeMojoTest.java:[216,25] cannot find symbol
  symbol: method when(java.lang.String)
[ERROR] /usr/src/RPM/BUILD/maven-shade-plugin-3.3.0/src/test/java/org/apache/maven/plugins/shade/mojo/ShadeMojoTest.java:[217,25] cannot find symbol
  symbol: method when(java.lang.String)
[ERROR] /usr/src/RPM/BUILD/maven-shade-plugin-3.3.0/src/test/java/org/apache/maven/plugins/shade/mojo/ShadeMojoTest.java:[218,25] cannot find symbol
  symbol: method when(java.lang.String)
[ERROR] /usr/src/RPM/BUILD/maven-shade-plugin-3.3.0/src/test/java/org/apache/maven/plugins/shade/mojo/ShadeMojoTest.java:[219,25] cannot find symbol
  symbol: method when(boolean)
[ERROR] /usr/src/RPM/BUILD/maven-shade-plugin-3.3.0/src/test/java/org/apache/maven/plugins/shade/mojo/ShadeMojoTest.java:[222,25] cannot find symbol
  symbol: method when(java.io.File)
[ERROR] /usr/src/RPM/BUILD/maven-shade-plugin-3.3.0/src/test/java/org/apache/maven/plugins/shade/mojo/ShadeMojoTest.java:[257,33] cannot find symbol
  symbol:   method mock(java.lang.Class<org.apache.maven.execution.MavenSession>)
  location: class org.apache.maven.plugins.shade.mojo.ShadeMojoTest
[ERROR] /usr/src/RPM/BUILD/maven-shade-plugin-3.3.0/src/test/java/org/apache/maven/plugins/shade/DefaultShaderTest.java:[442,25] cannot find symbol
  symbol:   variable ArgumentCaptor
  location: class org.apache.maven.plugins.shade.DefaultShaderTest
[ERROR] /usr/src/RPM/BUILD/maven-shade-plugin-3.3.0/src/test/java/org/apache/maven/plugins/shade/DefaultShaderTest.java:[443,24] cannot find symbol
  symbol:   variable ArgumentCaptor
  location: class org.apache.maven.plugins.shade.DefaultShaderTest
[ERROR] /usr/src/RPM/BUILD/maven-shade-plugin-3.3.0/src/test/java/org/apache/maven/plugins/shade/DefaultShaderTest.java:[444,25] cannot find symbol
  symbol:   method mock(java.lang.Class<org.slf4j.Logger>)
  location: class org.apache.maven.plugins.shade.DefaultShaderTest
[ERROR] /usr/src/RPM/BUILD/maven-shade-plugin-3.3.0/src/test/java/org/apache/maven/plugins/shade/DefaultShaderTest.java:[445,9] cannot find symbol
  symbol:   method when(boolean)
  location: class org.apache.maven.plugins.shade.DefaultShaderTest
[ERROR] /usr/src/RPM/BUILD/maven-shade-plugin-3.3.0/src/test/java/org/apache/maven/plugins/shade/DefaultShaderTest.java:[446,9] cannot find symbol
  symbol:   method when(boolean)
  location: class org.apache.maven.plugins.shade.DefaultShaderTest
[ERROR] /usr/src/RPM/BUILD/maven-shade-plugin-3.3.0/src/test/java/org/apache/maven/plugins/shade/DefaultShaderTest.java:[447,9] cannot find symbol
  symbol:   method doNothing()
  location: class org.apache.maven.plugins.shade.DefaultShaderTest
[ERROR] /usr/src/RPM/BUILD/maven-shade-plugin-3.3.0/src/test/java/org/apache/maven/plugins/shade/DefaultShaderTest.java:[448,9] cannot find symbol
  symbol:   method doNothing()
  location: class org.apache.maven.plugins.shade.DefaultShaderTest
[ERROR] /usr/src/RPM/BUILD/maven-shade-plugin-3.3.0/src/test/java/org/apache/maven/plugins/shade/filter/MinijarFilterTest.java:[67,9] cannot find symbol
  symbol:   class ArgumentCaptor
  location: class org.apache.maven.plugins.shade.filter.MinijarFilterTest
[ERROR] /usr/src/RPM/BUILD/maven-shade-plugin-3.3.0/src/test/java/org/apache/maven/plugins/shade/filter/MinijarFilterTest.java:[67,50] cannot find symbol
  symbol:   variable ArgumentCaptor
  location: class org.apache.maven.plugins.shade.filter.MinijarFilterTest
[ERROR] /usr/src/RPM/BUILD/maven-shade-plugin-3.3.0/src/test/java/org/apache/maven/plugins/shade/filter/MinijarFilterTest.java:[71,19] cannot find symbol
  symbol:   method mock(java.lang.Class<org.apache.maven.plugin.logging.Log>)
  location: class org.apache.maven.plugins.shade.filter.MinijarFilterTest
[ERROR] /usr/src/RPM/BUILD/maven-shade-plugin-3.3.0/src/test/java/org/apache/maven/plugins/shade/filter/MinijarFilterTest.java:[77,22] cannot find symbol
  symbol:   method times(int)
  location: class org.apache.maven.plugins.shade.filter.MinijarFilterTest
[ERROR] /usr/src/RPM/BUILD/maven-shade-plugin-3.3.0/src/test/java/org/apache/maven/plugins/shade/filter/MinijarFilterTest.java:[87,9] cannot find symbol
  symbol:   class ArgumentCaptor
  location: class org.apache.maven.plugins.shade.filter.MinijarFilterTest
[ERROR] /usr/src/RPM/BUILD/maven-shade-plugin-3.3.0/src/test/java/org/apache/maven/plugins/shade/filter/MinijarFilterTest.java:[87,50] cannot find symbol
  symbol:   variable ArgumentCaptor
  location: class org.apache.maven.plugins.shade.filter.MinijarFilterTest
[ERROR] /usr/src/RPM/BUILD/maven-shade-plugin-3.3.0/src/test/java/org/apache/maven/plugins/shade/filter/MinijarFilterTest.java:[93,19] cannot find symbol
  symbol:   method mock(java.lang.Class<org.apache.maven.plugin.logging.Log>)
  location: class org.apache.maven.plugins.shade.filter.MinijarFilterTest
[ERROR] /usr/src/RPM/BUILD/maven-shade-plugin-3.3.0/src/test/java/org/apache/maven/plugins/shade/filter/MinijarFilterTest.java:[99,22] cannot find symbol
  symbol:   method times(int)
  location: class org.apache.maven.plugins.shade.filter.MinijarFilterTest
[ERROR] /usr/src/RPM/BUILD/maven-shade-plugin-3.3.0/src/test/java/org/apache/maven/plugins/shade/filter/MinijarFilterTest.java:[102,31] cannot find symbol
  symbol:   method times(int)
  location: class org.apache.maven.plugins.shade.filter.MinijarFilterTest
[ERROR] /usr/src/RPM/BUILD/maven-shade-plugin-3.3.0/src/test/java/org/apache/maven/plugins/shade/filter/MinijarFilterTest.java:[110,37] cannot find symbol
  symbol:   method mock(java.lang.Class<org.apache.maven.project.MavenProject>)
  location: class org.apache.maven.plugins.shade.filter.MinijarFilterTest
[ERROR] /usr/src/RPM/BUILD/maven-shade-plugin-3.3.0/src/test/java/org/apache/maven/plugins/shade/filter/MinijarFilterTest.java:[112,29] cannot find symbol
  symbol:   method mock(java.lang.Class<org.apache.maven.artifact.Artifact>)
  location: class org.apache.maven.plugins.shade.filter.MinijarFilterTest
[ERROR] /usr/src/RPM/BUILD/maven-shade-plugin-3.3.0/src/test/java/org/apache/maven/plugins/shade/filter/MinijarFilterTest.java:[113,9] cannot find symbol
  symbol:   method when(java.lang.String)
  location: class org.apache.maven.plugins.shade.filter.MinijarFilterTest
[ERROR] /usr/src/RPM/BUILD/maven-shade-plugin-3.3.0/src/test/java/org/apache/maven/plugins/shade/filter/MinijarFilterTest.java:[114,9] cannot find symbol
  symbol:   method when(java.lang.String)
  location: class org.apache.maven.plugins.shade.filter.MinijarFilterTest
[ERROR] /usr/src/RPM/BUILD/maven-shade-plugin-3.3.0/src/test/java/org/apache/maven/plugins/shade/filter/MinijarFilterTest.java:[115,9] cannot find symbol
  symbol:   method when(java.lang.String)
  location: class org.apache.maven.plugins.shade.filter.MinijarFilterTest
[ERROR] /usr/src/RPM/BUILD/maven-shade-plugin-3.3.0/src/test/java/org/apache/maven/plugins/shade/filter/MinijarFilterTest.java:[116,9] cannot find symbol
  symbol:   method when(java.lang.String)
  location: class org.apache.maven.plugins.shade.filter.MinijarFilterTest
[ERROR] /usr/src/RPM/BUILD/maven-shade-plugin-3.3.0/src/test/java/org/apache/maven/plugins/shade/filter/MinijarFilterTest.java:[117,9] cannot find symbol
  symbol:   method when(java.lang.String)
  location: class org.apache.maven.plugins.shade.filter.MinijarFilterTest
[ERROR] /usr/src/RPM/BUILD/maven-shade-plugin-3.3.0/src/test/java/org/apache/maven/plugins/shade/filter/MinijarFilterTest.java:[119,9] cannot find symbol
  symbol:   method when(org.apache.maven.artifact.Artifact)
  location: class org.apache.maven.plugins.shade.filter.MinijarFilterTest
[ERROR] /usr/src/RPM/BUILD/maven-shade-plugin-3.3.0/src/test/java/org/apache/maven/plugins/shade/filter/MinijarFilterTest.java:[128,9] cannot find symbol
  symbol:   method when(java.util.Set<org.apache.maven.artifact.Artifact>)
  location: class org.apache.maven.plugins.shade.filter.MinijarFilterTest
[ERROR] /usr/src/RPM/BUILD/maven-shade-plugin-3.3.0/src/test/java/org/apache/maven/plugins/shade/filter/MinijarFilterTest.java:[130,9] cannot find symbol
  symbol:   method when(java.io.File)
  location: class org.apache.maven.plugins.shade.filter.MinijarFilterTest
[ERROR] /usr/src/RPM/BUILD/maven-shade-plugin-3.3.0/src/test/java/org/apache/maven/plugins/shade/filter/MinijarFilterTest.java:[139,9] cannot find symbol
  symbol:   class ArgumentCaptor
  location: class org.apache.maven.plugins.shade.filter.MinijarFilterTest
[ERROR] /usr/src/RPM/BUILD/maven-shade-plugin-3.3.0/src/test/java/org/apache/maven/plugins/shade/filter/MinijarFilterTest.java:[139,50] cannot find symbol
  symbol:   variable ArgumentCaptor
  location: class org.apache.maven.plugins.shade.filter.MinijarFilterTest
[ERROR] /usr/src/RPM/BUILD/maven-shade-plugin-3.3.0/src/test/java/org/apache/maven/plugins/shade/filter/MinijarFilterTest.java:[141,19] cannot find symbol
  symbol:   method mock(java.lang.Class<org.apache.maven.plugin.logging.Log>)
  location: class org.apache.maven.plugins.shade.filter.MinijarFilterTest
[ERROR] /usr/src/RPM/BUILD/maven-shade-plugin-3.3.0/src/test/java/org/apache/maven/plugins/shade/filter/MinijarFilterTest.java:[147,22] cannot find symbol
  symbol:   method times(int)
  location: class org.apache.maven.plugins.shade.filter.MinijarFilterTest
[ERROR] /usr/src/RPM/BUILD/maven-shade-plugin-3.3.0/src/test/java/org/apache/maven/plugins/shade/filter/MinijarFilterTest.java:[156,9] cannot find symbol
  symbol:   class ArgumentCaptor
  location: class org.apache.maven.plugins.shade.filter.MinijarFilterTest
[ERROR] /usr/src/RPM/BUILD/maven-shade-plugin-3.3.0/src/test/java/org/apache/maven/plugins/shade/filter/MinijarFilterTest.java:[156,50] cannot find symbol
  symbol:   variable ArgumentCaptor
  location: class org.apache.maven.plugins.shade.filter.MinijarFilterTest
[ERROR] /usr/src/RPM/BUILD/maven-shade-plugin-3.3.0/src/test/java/org/apache/maven/plugins/shade/filter/MinijarFilterTest.java:[158,19] cannot find symbol
  symbol:   method mock(java.lang.Class<org.apache.maven.plugin.logging.Log>)
  location: class org.apache.maven.plugins.shade.filter.MinijarFilterTest
[ERROR] /usr/src/RPM/BUILD/maven-shade-plugin-3.3.0/src/test/java/org/apache/maven/plugins/shade/filter/MinijarFilterTest.java:[164,22] cannot find symbol
  symbol:   method times(int)
  location: class org.apache.maven.plugins.shade.filter.MinijarFilterTest
[INFO] 73 errors 
[INFO] -------------------------------------------------------------
[INFO] 
[INFO] ------------------------------------------------------------------------
[INFO] Skipping Apache Maven Shade Plugin
[INFO] This project has been banned from the build due to previous failures.
[INFO] ------------------------------------------------------------------------
[INFO] ------------------------------------------------------------------------
[INFO] BUILD FAILURE
[INFO] ------------------------------------------------------------------------
[INFO] Total time:  2.963 s
[INFO] Finished at: 2025-05-16T03:40:49Z
[INFO] ------------------------------------------------------------------------
[ERROR] Failed to execute goal org.apache.maven.plugins:maven-compiler-plugin:3.8.1:testCompile (default-testCompile) on project maven-shade-plugin: Compilation failure: Compilation failure: 
[ERROR] /usr/src/RPM/BUILD/maven-shade-plugin-3.3.0/src/test/java/org/apache/maven/plugins/shade/filter/SimpleFilterTest.java:[24,26] package org.mockito does not exist
[ERROR] /usr/src/RPM/BUILD/maven-shade-plugin-3.3.0/src/test/java/org/apache/maven/plugins/shade/filter/SimpleFilterTest.java:[24,1] static import only from classes and interfaces
[ERROR] /usr/src/RPM/BUILD/maven-shade-plugin-3.3.0/src/test/java/org/apache/maven/plugins/shade/filter/SimpleFilterTest.java:[25,26] package org.mockito does not exist
[ERROR] /usr/src/RPM/BUILD/maven-shade-plugin-3.3.0/src/test/java/org/apache/maven/plugins/shade/filter/SimpleFilterTest.java:[25,1] static import only from classes and interfaces
[ERROR] /usr/src/RPM/BUILD/maven-shade-plugin-3.3.0/src/test/java/org/apache/maven/plugins/shade/mojo/ShadeMojoTest.java:[24,26] package org.mockito does not exist
[ERROR] /usr/src/RPM/BUILD/maven-shade-plugin-3.3.0/src/test/java/org/apache/maven/plugins/shade/mojo/ShadeMojoTest.java:[24,1] static import only from classes and interfaces
[ERROR] /usr/src/RPM/BUILD/maven-shade-plugin-3.3.0/src/test/java/org/apache/maven/plugins/shade/mojo/ShadeMojoTest.java:[25,26] package org.mockito does not exist
[ERROR] /usr/src/RPM/BUILD/maven-shade-plugin-3.3.0/src/test/java/org/apache/maven/plugins/shade/mojo/ShadeMojoTest.java:[25,1] static import only from classes and interfaces
[ERROR] /usr/src/RPM/BUILD/maven-shade-plugin-3.3.0/src/test/java/org/apache/maven/plugins/shade/DefaultShaderTest.java:[55,19] package org.mockito does not exist
[ERROR] /usr/src/RPM/BUILD/maven-shade-plugin-3.3.0/src/test/java/org/apache/maven/plugins/shade/DefaultShaderTest.java:[70,26] package org.mockito does not exist
[ERROR] /usr/src/RPM/BUILD/maven-shade-plugin-3.3.0/src/test/java/org/apache/maven/plugins/shade/DefaultShaderTest.java:[70,1] static import only from classes and interfaces
[ERROR] /usr/src/RPM/BUILD/maven-shade-plugin-3.3.0/src/test/java/org/apache/maven/plugins/shade/DefaultShaderTest.java:[71,26] package org.mockito does not exist
[ERROR] /usr/src/RPM/BUILD/maven-shade-plugin-3.3.0/src/test/java/org/apache/maven/plugins/shade/DefaultShaderTest.java:[71,1] static import only from classes and interfaces
[ERROR] /usr/src/RPM/BUILD/maven-shade-plugin-3.3.0/src/test/java/org/apache/maven/plugins/shade/DefaultShaderTest.java:[72,26] package org.mockito does not exist
[ERROR] /usr/src/RPM/BUILD/maven-shade-plugin-3.3.0/src/test/java/org/apache/maven/plugins/shade/DefaultShaderTest.java:[72,1] static import only from classes and interfaces
[ERROR] /usr/src/RPM/BUILD/maven-shade-plugin-3.3.0/src/test/java/org/apache/maven/plugins/shade/DefaultShaderTest.java:[436,13] cannot find symbol
[ERROR]   symbol:   class ArgumentCaptor
[ERROR]   location: class org.apache.maven.plugins.shade.DefaultShaderTest
[ERROR] /usr/src/RPM/BUILD/maven-shade-plugin-3.3.0/src/test/java/org/apache/maven/plugins/shade/DefaultShaderTest.java:[438,13] cannot find symbol
[ERROR]   symbol:   class ArgumentCaptor
[ERROR]   location: class org.apache.maven.plugins.shade.DefaultShaderTest
[ERROR] /usr/src/RPM/BUILD/maven-shade-plugin-3.3.0/src/test/java/org/apache/maven/plugins/shade/filter/MinijarFilterTest.java:[24,26] package org.mockito does not exist
[ERROR] /usr/src/RPM/BUILD/maven-shade-plugin-3.3.0/src/test/java/org/apache/maven/plugins/shade/filter/MinijarFilterTest.java:[24,1] static import only from classes and interfaces
[ERROR] /usr/src/RPM/BUILD/maven-shade-plugin-3.3.0/src/test/java/org/apache/maven/plugins/shade/filter/MinijarFilterTest.java:[25,26] package org.mockito does not exist
[ERROR] /usr/src/RPM/BUILD/maven-shade-plugin-3.3.0/src/test/java/org/apache/maven/plugins/shade/filter/MinijarFilterTest.java:[25,1] static import only from classes and interfaces
[ERROR] /usr/src/RPM/BUILD/maven-shade-plugin-3.3.0/src/test/java/org/apache/maven/plugins/shade/filter/MinijarFilterTest.java:[26,26] package org.mockito does not exist
[ERROR] /usr/src/RPM/BUILD/maven-shade-plugin-3.3.0/src/test/java/org/apache/maven/plugins/shade/filter/MinijarFilterTest.java:[26,1] static import only from classes and interfaces
[ERROR] /usr/src/RPM/BUILD/maven-shade-plugin-3.3.0/src/test/java/org/apache/maven/plugins/shade/filter/MinijarFilterTest.java:[27,26] package org.mockito does not exist
[ERROR] /usr/src/RPM/BUILD/maven-shade-plugin-3.3.0/src/test/java/org/apache/maven/plugins/shade/filter/MinijarFilterTest.java:[27,1] static import only from classes and interfaces
[ERROR] /usr/src/RPM/BUILD/maven-shade-plugin-3.3.0/src/test/java/org/apache/maven/plugins/shade/filter/MinijarFilterTest.java:[41,19] package org.mockito does not exist
[ERROR] /usr/src/RPM/BUILD/maven-shade-plugin-3.3.0/src/test/java/org/apache/maven/plugins/shade/filter/SimpleFilterTest.java:[83,45] cannot find symbol
[ERROR]   symbol:   method mock(java.lang.Class<org.apache.maven.plugins.shade.mojo.ArchiveFilter>)
[ERROR]   location: class org.apache.maven.plugins.shade.filter.SimpleFilterTest
[ERROR] /usr/src/RPM/BUILD/maven-shade-plugin-3.3.0/src/test/java/org/apache/maven/plugins/shade/filter/SimpleFilterTest.java:[84,9] cannot find symbol
[ERROR]   symbol:   method when(java.util.Set<java.lang.String>)
[ERROR]   location: class org.apache.maven.plugins.shade.filter.SimpleFilterTest
[ERROR] /usr/src/RPM/BUILD/maven-shade-plugin-3.3.0/src/test/java/org/apache/maven/plugins/shade/filter/SimpleFilterTest.java:[85,9] cannot find symbol
[ERROR]   symbol:   method when(java.util.Set<java.lang.String>)
[ERROR]   location: class org.apache.maven.plugins.shade.filter.SimpleFilterTest
[ERROR] /usr/src/RPM/BUILD/maven-shade-plugin-3.3.0/src/test/java/org/apache/maven/plugins/shade/filter/SimpleFilterTest.java:[86,9] cannot find symbol
[ERROR]   symbol:   method when(boolean)
[ERROR]   location: class org.apache.maven.plugins.shade.filter.SimpleFilterTest
[ERROR] /usr/src/RPM/BUILD/maven-shade-plugin-3.3.0/src/test/java/org/apache/maven/plugins/shade/filter/SimpleFilterTest.java:[92,9] cannot find symbol
[ERROR]   symbol:   method when(boolean)
[ERROR]   location: class org.apache.maven.plugins.shade.filter.SimpleFilterTest
[ERROR] /usr/src/RPM/BUILD/maven-shade-plugin-3.3.0/src/test/java/org/apache/maven/plugins/shade/mojo/ShadeMojoTest.java:[214,40] cannot find symbol
[ERROR]   symbol: method mock(java.lang.Class<org.apache.maven.artifact.Artifact>)
[ERROR] /usr/src/RPM/BUILD/maven-shade-plugin-3.3.0/src/test/java/org/apache/maven/plugins/shade/mojo/ShadeMojoTest.java:[215,25] cannot find symbol
[ERROR]   symbol: method when(java.lang.String)
[ERROR] /usr/src/RPM/BUILD/maven-shade-plugin-3.3.0/src/test/java/org/apache/maven/plugins/shade/mojo/ShadeMojoTest.java:[216,25] cannot find symbol
[ERROR]   symbol: method when(java.lang.String)
[ERROR] /usr/src/RPM/BUILD/maven-shade-plugin-3.3.0/src/test/java/org/apache/maven/plugins/shade/mojo/ShadeMojoTest.java:[217,25] cannot find symbol
[ERROR]   symbol: method when(java.lang.String)
[ERROR] /usr/src/RPM/BUILD/maven-shade-plugin-3.3.0/src/test/java/org/apache/maven/plugins/shade/mojo/ShadeMojoTest.java:[218,25] cannot find symbol
[ERROR]   symbol: method when(java.lang.String)
[ERROR] /usr/src/RPM/BUILD/maven-shade-plugin-3.3.0/src/test/java/org/apache/maven/plugins/shade/mojo/ShadeMojoTest.java:[219,25] cannot find symbol
[ERROR]   symbol: method when(boolean)
[ERROR] /usr/src/RPM/BUILD/maven-shade-plugin-3.3.0/src/test/java/org/apache/maven/plugins/shade/mojo/ShadeMojoTest.java:[222,25] cannot find symbol
[ERROR]   symbol: method when(java.io.File)
[ERROR] /usr/src/RPM/BUILD/maven-shade-plugin-3.3.0/src/test/java/org/apache/maven/plugins/shade/mojo/ShadeMojoTest.java:[257,33] cannot find symbol
[ERROR]   symbol:   method mock(java.lang.Class<org.apache.maven.execution.MavenSession>)
[ERROR]   location: class org.apache.maven.plugins.shade.mojo.ShadeMojoTest
[ERROR] /usr/src/RPM/BUILD/maven-shade-plugin-3.3.0/src/test/java/org/apache/maven/plugins/shade/DefaultShaderTest.java:[442,25] cannot find symbol
[ERROR]   symbol:   variable ArgumentCaptor
[ERROR]   location: class org.apache.maven.plugins.shade.DefaultShaderTest
[ERROR] /usr/src/RPM/BUILD/maven-shade-plugin-3.3.0/src/test/java/org/apache/maven/plugins/shade/DefaultShaderTest.java:[443,24] cannot find symbol
[ERROR]   symbol:   variable ArgumentCaptor
[ERROR]   location: class org.apache.maven.plugins.shade.DefaultShaderTest
[ERROR] /usr/src/RPM/BUILD/maven-shade-plugin-3.3.0/src/test/java/org/apache/maven/plugins/shade/DefaultShaderTest.java:[444,25] cannot find symbol
[ERROR]   symbol:   method mock(java.lang.Class<org.slf4j.Logger>)
[ERROR]   location: class org.apache.maven.plugins.shade.DefaultShaderTest
[ERROR] /usr/src/RPM/BUILD/maven-shade-plugin-3.3.0/src/test/java/org/apache/maven/plugins/shade/DefaultShaderTest.java:[445,9] cannot find symbol
[ERROR]   symbol:   method when(boolean)
[ERROR]   location: class org.apache.maven.plugins.shade.DefaultShaderTest
[ERROR] /usr/src/RPM/BUILD/maven-shade-plugin-3.3.0/src/test/java/org/apache/maven/plugins/shade/DefaultShaderTest.java:[446,9] cannot find symbol
[ERROR]   symbol:   method when(boolean)
[ERROR]   location: class org.apache.maven.plugins.shade.DefaultShaderTest
[ERROR] /usr/src/RPM/BUILD/maven-shade-plugin-3.3.0/src/test/java/org/apache/maven/plugins/shade/DefaultShaderTest.java:[447,9] cannot find symbol
[ERROR]   symbol:   method doNothing()
[ERROR]   location: class org.apache.maven.plugins.shade.DefaultShaderTest
[ERROR] /usr/src/RPM/BUILD/maven-shade-plugin-3.3.0/src/test/java/org/apache/maven/plugins/shade/DefaultShaderTest.java:[448,9] cannot find symbol
[ERROR]   symbol:   method doNothing()
[ERROR]   location: class org.apache.maven.plugins.shade.DefaultShaderTest
[ERROR] /usr/src/RPM/BUILD/maven-shade-plugin-3.3.0/src/test/java/org/apache/maven/plugins/shade/filter/MinijarFilterTest.java:[67,9] cannot find symbol
[ERROR]   symbol:   class ArgumentCaptor
[ERROR]   location: class org.apache.maven.plugins.shade.filter.MinijarFilterTest
[ERROR] /usr/src/RPM/BUILD/maven-shade-plugin-3.3.0/src/test/java/org/apache/maven/plugins/shade/filter/MinijarFilterTest.java:[67,50] cannot find symbol
[ERROR]   symbol:   variable ArgumentCaptor
[ERROR]   location: class org.apache.maven.plugins.shade.filter.MinijarFilterTest
[ERROR] /usr/src/RPM/BUILD/maven-shade-plugin-3.3.0/src/test/java/org/apache/maven/plugins/shade/filter/MinijarFilterTest.java:[71,19] cannot find symbol
[ERROR]   symbol:   method mock(java.lang.Class<org.apache.maven.plugin.logging.Log>)
[ERROR]   location: class org.apache.maven.plugins.shade.filter.MinijarFilterTest
[ERROR] /usr/src/RPM/BUILD/maven-shade-plugin-3.3.0/src/test/java/org/apache/maven/plugins/shade/filter/MinijarFilterTest.java:[77,22] cannot find symbol
[ERROR]   symbol:   method times(int)
[ERROR]   location: class org.apache.maven.plugins.shade.filter.MinijarFilterTest
[ERROR] /usr/src/RPM/BUILD/maven-shade-plugin-3.3.0/src/test/java/org/apache/maven/plugins/shade/filter/MinijarFilterTest.java:[87,9] cannot find symbol
[ERROR]   symbol:   class ArgumentCaptor
[ERROR]   location: class org.apache.maven.plugins.shade.filter.MinijarFilterTest
[ERROR] /usr/src/RPM/BUILD/maven-shade-plugin-3.3.0/src/test/java/org/apache/maven/plugins/shade/filter/MinijarFilterTest.java:[87,50] cannot find symbol
[ERROR]   symbol:   variable ArgumentCaptor
[ERROR]   location: class org.apache.maven.plugins.shade.filter.MinijarFilterTest
[ERROR] /usr/src/RPM/BUILD/maven-shade-plugin-3.3.0/src/test/java/org/apache/maven/plugins/shade/filter/MinijarFilterTest.java:[93,19] cannot find symbol
[ERROR]   symbol:   method mock(java.lang.Class<org.apache.maven.plugin.logging.Log>)
[ERROR]   location: class org.apache.maven.plugins.shade.filter.MinijarFilterTest
[ERROR] /usr/src/RPM/BUILD/maven-shade-plugin-3.3.0/src/test/java/org/apache/maven/plugins/shade/filter/MinijarFilterTest.java:[99,22] cannot find symbol
[ERROR]   symbol:   method times(int)
[ERROR]   location: class org.apache.maven.plugins.shade.filter.MinijarFilterTest
[ERROR] /usr/src/RPM/BUILD/maven-shade-plugin-3.3.0/src/test/java/org/apache/maven/plugins/shade/filter/MinijarFilterTest.java:[102,31] cannot find symbol
[ERROR]   symbol:   method times(int)
[ERROR]   location: class org.apache.maven.plugins.shade.filter.MinijarFilterTest
[ERROR] /usr/src/RPM/BUILD/maven-shade-plugin-3.3.0/src/test/java/org/apache/maven/plugins/shade/filter/MinijarFilterTest.java:[110,37] cannot find symbol
[ERROR]   symbol:   method mock(java.lang.Class<org.apache.maven.project.MavenProject>)
[ERROR]   location: class org.apache.maven.plugins.shade.filter.MinijarFilterTest
[ERROR] /usr/src/RPM/BUILD/maven-shade-plugin-3.3.0/src/test/java/org/apache/maven/plugins/shade/filter/MinijarFilterTest.java:[112,29] cannot find symbol
[ERROR]   symbol:   method mock(java.lang.Class<org.apache.maven.artifact.Artifact>)
[ERROR]   location: class org.apache.maven.plugins.shade.filter.MinijarFilterTest
[ERROR] /usr/src/RPM/BUILD/maven-shade-plugin-3.3.0/src/test/java/org/apache/maven/plugins/shade/filter/MinijarFilterTest.java:[113,9] cannot find symbol
[ERROR]   symbol:   method when(java.lang.String)
[ERROR]   location: class org.apache.maven.plugins.shade.filter.MinijarFilterTest
[ERROR] /usr/src/RPM/BUILD/maven-shade-plugin-3.3.0/src/test/java/org/apache/maven/plugins/shade/filter/MinijarFilterTest.java:[114,9] cannot find symbol
[ERROR]   symbol:   method when(java.lang.String)
[ERROR]   location: class org.apache.maven.plugins.shade.filter.MinijarFilterTest
[ERROR] /usr/src/RPM/BUILD/maven-shade-plugin-3.3.0/src/test/java/org/apache/maven/plugins/shade/filter/MinijarFilterTest.java:[115,9] cannot find symbol
[ERROR]   symbol:   method when(java.lang.String)
[ERROR]   location: class org.apache.maven.plugins.shade.filter.MinijarFilterTest
[ERROR] /usr/src/RPM/BUILD/maven-shade-plugin-3.3.0/src/test/java/org/apache/maven/plugins/shade/filter/MinijarFilterTest.java:[116,9] cannot find symbol
[ERROR]   symbol:   method when(java.lang.String)
[ERROR]   location: class org.apache.maven.plugins.shade.filter.MinijarFilterTest
[ERROR] /usr/src/RPM/BUILD/maven-shade-plugin-3.3.0/src/test/java/org/apache/maven/plugins/shade/filter/MinijarFilterTest.java:[117,9] cannot find symbol
[ERROR]   symbol:   method when(java.lang.String)
[ERROR]   location: class org.apache.maven.plugins.shade.filter.MinijarFilterTest
[ERROR] /usr/src/RPM/BUILD/maven-shade-plugin-3.3.0/src/test/java/org/apache/maven/plugins/shade/filter/MinijarFilterTest.java:[119,9] cannot find symbol
[ERROR]   symbol:   method when(org.apache.maven.artifact.Artifact)
[ERROR]   location: class org.apache.maven.plugins.shade.filter.MinijarFilterTest
[ERROR] /usr/src/RPM/BUILD/maven-shade-plugin-3.3.0/src/test/java/org/apache/maven/plugins/shade/filter/MinijarFilterTest.java:[128,9] cannot find symbol
[ERROR]   symbol:   method when(java.util.Set<org.apache.maven.artifact.Artifact>)
[ERROR]   location: class org.apache.maven.plugins.shade.filter.MinijarFilterTest
[ERROR] /usr/src/RPM/BUILD/maven-shade-plugin-3.3.0/src/test/java/org/apache/maven/plugins/shade/filter/MinijarFilterTest.java:[130,9] cannot find symbol
[ERROR]   symbol:   method when(java.io.File)
[ERROR]   location: class org.apache.maven.plugins.shade.filter.MinijarFilterTest
[ERROR] /usr/src/RPM/BUILD/maven-shade-plugin-3.3.0/src/test/java/org/apache/maven/plugins/shade/filter/MinijarFilterTest.java:[139,9] cannot find symbol
[ERROR]   symbol:   class ArgumentCaptor
[ERROR]   location: class org.apache.maven.plugins.shade.filter.MinijarFilterTest
[ERROR] /usr/src/RPM/BUILD/maven-shade-plugin-3.3.0/src/test/java/org/apache/maven/plugins/shade/filter/MinijarFilterTest.java:[139,50] cannot find symbol
[ERROR]   symbol:   variable ArgumentCaptor
[ERROR]   location: class org.apache.maven.plugins.shade.filter.MinijarFilterTest
[ERROR] /usr/src/RPM/BUILD/maven-shade-plugin-3.3.0/src/test/java/org/apache/maven/plugins/shade/filter/MinijarFilterTest.java:[141,19] cannot find symbol
[ERROR]   symbol:   method mock(java.lang.Class<org.apache.maven.plugin.logging.Log>)
[ERROR]   location: class org.apache.maven.plugins.shade.filter.MinijarFilterTest
[ERROR] /usr/src/RPM/BUILD/maven-shade-plugin-3.3.0/src/test/java/org/apache/maven/plugins/shade/filter/MinijarFilterTest.java:[147,22] cannot find symbol
[ERROR]   symbol:   method times(int)
[ERROR]   location: class org.apache.maven.plugins.shade.filter.MinijarFilterTest
[ERROR] /usr/src/RPM/BUILD/maven-shade-plugin-3.3.0/src/test/java/org/apache/maven/plugins/shade/filter/MinijarFilterTest.java:[156,9] cannot find symbol
[ERROR]   symbol:   class ArgumentCaptor
[ERROR]   location: class org.apache.maven.plugins.shade.filter.MinijarFilterTest
[ERROR] /usr/src/RPM/BUILD/maven-shade-plugin-3.3.0/src/test/java/org/apache/maven/plugins/shade/filter/MinijarFilterTest.java:[156,50] cannot find symbol
[ERROR]   symbol:   variable ArgumentCaptor
[ERROR]   location: class org.apache.maven.plugins.shade.filter.MinijarFilterTest
[ERROR] /usr/src/RPM/BUILD/maven-shade-plugin-3.3.0/src/test/java/org/apache/maven/plugins/shade/filter/MinijarFilterTest.java:[158,19] cannot find symbol
[ERROR]   symbol:   method mock(java.lang.Class<org.apache.maven.plugin.logging.Log>)
[ERROR]   location: class org.apache.maven.plugins.shade.filter.MinijarFilterTest
[ERROR] /usr/src/RPM/BUILD/maven-shade-plugin-3.3.0/src/test/java/org/apache/maven/plugins/shade/filter/MinijarFilterTest.java:[164,22] cannot find symbol
[ERROR]   symbol:   method times(int)
[ERROR]   location: class org.apache.maven.plugins.shade.filter.MinijarFilterTest
[ERROR] -> [Help 1]
[ERROR] 
[ERROR] To see the full stack trace of the errors, re-run Maven with the -e switch.
[ERROR] Re-run Maven using the -X switch to enable full debug logging.
[ERROR] 
[ERROR] For more information about the errors and possible solutions, please read the following articles:
[ERROR] [Help 1] http://cwiki.apache.org/confluence/display/MAVEN/MojoFailureException
error: Bad exit status from /usr/src/tmp/rpm-tmp.97146 (%build)


RPM build errors:
    Bad exit status from /usr/src/tmp/rpm-tmp.97146 (%build)
Command exited with non-zero status 1
19.65user 3.52system 0:04.17elapsed 555%CPU (0avgtext+0avgdata 519236maxresident)k
0inputs+0outputs (0major+175191minor)pagefaults 0swaps
hsh-rebuild: rebuild of `maven-shade-plugin-3.3.0-alt1_4jpp11.src.rpm' failed.
Command exited with non-zero status 1
10.80user 3.26system 0:26.92elapsed 52%CPU (0avgtext+0avgdata 140836maxresident)k
123360inputs+0outputs (0major+299213minor)pagefaults 0swaps
