<86>May 16 03:10:43 userdel[136973]: delete user 'rooter'
<86>May 16 03:10:43 userdel[136973]: removed group 'rooter' owned by 'rooter'
<86>May 16 03:10:43 userdel[136973]: removed shadow group 'rooter' owned by 'rooter'
<86>May 16 03:10:43 groupadd[136980]: group added to /etc/group: name=rooter, GID=1286
<86>May 16 03:10:43 groupadd[136980]: group added to /etc/gshadow: name=rooter
<86>May 16 03:10:43 groupadd[136980]: new group: name=rooter, GID=1286
<86>May 16 03:10:43 useradd[136986]: new user: name=rooter, UID=1286, GID=1286, home=/root, shell=/bin/bash, from=none
<86>May 16 03:10:43 userdel[136996]: delete user 'builder'
<86>May 16 03:10:43 userdel[136996]: removed group 'builder' owned by 'builder'
<86>May 16 03:10:43 userdel[136996]: removed shadow group 'builder' owned by 'builder'
<86>May 16 03:10:43 groupadd[137003]: group added to /etc/group: name=builder, GID=1287
<86>May 16 03:10:43 groupadd[137003]: group added to /etc/gshadow: name=builder
<86>May 16 03:10:43 groupadd[137003]: new group: name=builder, GID=1287
<86>May 16 03:10:43 useradd[137009]: new user: name=builder, UID=1287, GID=1287, home=/usr/src, shell=/bin/bash, from=none
/usr/src/in/srpm/maven-common-artifact-filters-3.2.0-alt1_3jpp11.src.rpm: license not found in '/usr/share/license' directory: ASL
/usr/src/in/srpm/maven-common-artifact-filters-3.2.0-alt1_3jpp11.src.rpm: license not found in '/usr/share/license' directory: 2.0
warning: Macro %pom_remove_dep not found
warning: Macro %pom_remove_dep not found
warning: Macro %mvn_build not found
warning: Macro %mvn_install not found
<13>May 16 03:11:10 rpmi: javapackages-filesystem-1:6.0.0-alt3 sisyphus+378353.100.1.1 1742277151 installed
<13>May 16 03:11:10 rpmi: plexus-utils-0:3.3.0-alt1_7jpp11 sisyphus+283216.100.1.3 1629255397 installed
<13>May 16 03:11:10 rpmi: apache-commons-io-1:2.11.0-alt1_2jpp11 sisyphus+318723.100.1.1 1681807648 installed
<13>May 16 03:11:10 rpmi: maven-shared-utils-3.3.4-alt1_2jpp11 sisyphus+302881.100.1.1 1656671461 installed
<13>May 16 03:11:10 rpmi: plexus-containers-component-annotations-0:2.1.1-alt1_2jpp11 sisyphus+318726.100.1.3 1681809130 installed
<13>May 16 03:11:10 rpmi: slf4j-0:1.7.36-alt1 sisyphus+382913.300.3.1 1746015802 installed
<13>May 16 03:11:10 rpmi: apache-commons-lang3-3.17.0-alt1 sisyphus+382425.100.5.2 1747315776 installed
<13>May 16 03:11:10 rpmi: atinject-0:1.0.5-alt1_3jpp11 sisyphus+303043.100.1.1 1656765531 installed
<13>May 16 03:11:10 rpmi: plexus-interpolation-0:1.26-alt1_12jpp11 sisyphus+317222.100.1.2 1679506704 installed
<13>May 16 03:11:10 rpmi: javapackages-tools-1:6.0.0-alt3 sisyphus+378353.100.1.1 1742277151 installed
<13>May 16 03:11:10 rpmi: objectweb-asm-0:9.3-alt1_2jpp11 sisyphus+317150.100.1.2 1679414664 installed
<13>May 16 03:11:10 rpmi: apache-commons-compress-0:1.21-alt1_1jpp11 sisyphus+282760.100.1.3 1629016378 installed
<13>May 16 03:11:10 rpmi: plexus-classworlds-0:2.6.0-alt1_12jpp11 sisyphus+317221.100.1.2 1679504163 installed
<13>May 16 03:11:10 rpmi: plexus-cipher-2.0-alt1_2jpp11 sisyphus+318725.100.1.2 1681808079 installed
<13>May 16 03:11:10 rpmi: cdi-api-2.0.2-alt1_3jpp11 sisyphus+300684.100.1.1 1653577326 installed
<13>May 16 03:11:10 rpmi: sisu-2:0.3.5-alt1_2jpp11 sisyphus+318727.100.1.3 1681808440 installed
<13>May 16 03:11:10 rpmi: jcl-over-slf4j-0:1.7.36-alt1 sisyphus+382913.300.3.1 1746015802 installed
<13>May 16 03:11:10 rpmi: apache-commons-codec-0:1.15-alt1_4jpp11 sisyphus+283206.100.1.2 1629250805 installed
<13>May 16 03:11:10 rpmi: httpcomponents-core-4.4.13-alt1_4jpp11 sisyphus+283282.100.1.3 1629308546 installed
<13>May 16 03:11:10 rpmi: qdox-1:2.0.0-alt1_9jpp11 sisyphus+383527.200.1.1 1746616019 installed
<13>May 16 03:11:10 rpmi: plexus-languages-1.1.1-alt1_2jpp11 sisyphus+317156.100.1.3 1679417212 installed
<13>May 16 03:11:10 rpmi: plexus-sec-dispatcher-2.0-alt1 sisyphus+382157.100.1.1 1745096363 installed
<13>May 16 03:11:10 rpmi: byte-buddy-1.12.0-alt1_3jpp11 sisyphus+303411.100.1.1 1657454125 installed
<13>May 16 03:11:10 rpmi: plexus-build-api-0:0.0.7-alt3_36jpp11 sisyphus+303029.100.1.3 1656759159 installed
<13>May 16 03:11:10 rpmi: apache-commons-cli-0:1.5.0-alt1_3jpp11 sisyphus+303041.100.1.3 1656766127 installed
<13>May 16 03:11:10 rpmi: jansi-0:2.4.0-alt1_7jpp11 sisyphus+317216.100.1.3 1679501794 installed
<13>May 16 03:11:10 rpmi: jakarta-annotations-1.3.5-alt1_11jpp11 sisyphus+300688.100.1.1 1653578883 installed
<13>May 16 03:11:10 rpmi: xmvn-core-4.0.0-alt1_8jpp11 sisyphus+303446.100.1.1 1657533450 installed
<13>May 16 03:11:10 rpmi: hawtjni-runtime-0:1.18-alt1_2jpp11 sisyphus+282792.100.1.1 1629029179 installed
<13>May 16 03:11:11 rpmi: opentest4j-1.2.0-alt1_10jpp11 sisyphus+303026.100.1.2 1656757807 installed
<13>May 16 03:11:11 rpmi: maven-plugin-annotations-3.6.4-alt1 sisyphus+383557.200.1.1 1746628968 installed
<13>May 16 03:11:11 rpmi: libpng16-1.6.42-alt2 sisyphus+339555.100.1.1 1706781682 installed
<13>May 16 03:11:11 rpmi: jansi-native-0:1.8-alt1_12jpp11 sisyphus+317217.100.1.2 1679502324 installed
<13>May 16 03:11:11 rpmi: jansi1-1.18-alt1_11jpp11 sisyphus+302998.100.1.2 1656749981 installed
<13>May 16 03:11:11 rpmi: jline2-0:2.14.6-alt1_2jpp11 sisyphus+273662.100.1.1 1622879727 installed
<13>May 16 03:11:11 rpmi: assertj-core-3.19.0-alt1_3jpp11 sisyphus+301632.100.1.1 1654767506 installed
<13>May 16 03:11:11 rpmi: java-common-1.7.0-alt1 sisyphus+333533.100.1.1 1699037019 installed
<13>May 16 03:11:11 rpmi: plexus-resources-0:1.2.0-alt1_2jpp11 sisyphus+317157.100.1.2 1679417543 installed
<13>May 16 03:11:11 rpmi: xbean-0:4.18-alt1_7jpp11 sisyphus+303040.100.1.2 1656761668 installed
<13>May 16 03:11:11 rpmi: plexus-compiler-0:2.11.1-alt1_2jpp11 sisyphus+317154.100.1.3 1679416547 installed
<13>May 16 03:11:11 rpmi: plexus-io-0:3.2.0-alt1_9jpp11 sisyphus+303270.100.1.1 1657178206 installed
<13>May 16 03:11:11 rpmi: apache-commons-collections-0:3.2.2-alt1_27jpp11 sisyphus+302979.100.1.3 1656746095 installed
<13>May 16 03:11:11 rpmi: velocity-1:1.7-alt3_36jpp11 sisyphus+282835.200.1.1 1629039655 installed
<13>May 16 03:11:11 rpmi: apache-commons-logging-0:1.2-alt1_30jpp11 sisyphus+302982.100.1.1 1656745489 installed
<13>May 16 03:11:11 rpmi: bsf-1:2.4.0-alt3_46jpp11 sisyphus+317135.100.1.1 1679405986 installed
<13>May 16 03:11:11 rpmi: bsh-0:2.1.0-alt1_5jpp11 sisyphus+302988.100.1.3 1656748952 installed
<13>May 16 03:11:11 rpmi: apache-resource-bundles-1:36-alt1_2jpp11 sisyphus+317095.100.1.2 1679396315 installed
<13>May 16 03:11:11 rpmi: jsr-305-1:3.0.2-alt1_3jpp11 sisyphus+283271.100.1.2 1629305577 installed
<13>May 16 03:11:11 rpmi: guava-31.0.1-alt2_3jpp11 sisyphus+384217.100.1.1 1747314227 installed
<13>May 16 03:11:11 rpmi: google-guice-0:4.2.3-alt1_6jpp11 sisyphus+300883.100.1.1 1653894654 installed
<13>May 16 03:11:11 rpmi: jsoup-1.13.1-alt1_7jpp11 sisyphus+283208.100.1.3 1629252685 installed
<13>May 16 03:11:11 rpmi: beust-jcommander-1.78-alt1_7jpp11 sisyphus+281813.100.1.1 1628094307 installed
<13>May 16 03:11:11 rpmi: xmvn-tools-4.0.0-alt1_8jpp11 sisyphus+303446.100.1.1 1657533450 installed
<13>May 16 03:11:11 rpmi: hamcrest-0:2.2-alt1_5jpp11 sisyphus+301728.200.1.1 1654860789 installed
<13>May 16 03:11:11 rpmi: junit-1:4.13.1-alt1_7jpp11 sisyphus+303013.100.1.2 1656753167 installed
<13>May 16 03:11:11 rpmi: plexus-containers-container-default-0:2.1.1-alt1_2jpp11 sisyphus+318726.100.1.3 1681809130 installed
<13>May 16 03:11:11 rpmi: xz-java-1.9-alt1_3jpp11 sisyphus+303072.100.1.2 1656772105 installed
<13>May 16 03:11:11 rpmi: plexus-archiver-0:4.2.7-alt1_2jpp11 sisyphus+317153.100.1.3 1679416196 installed
<13>May 16 03:11:11 rpmi: apiguardian-1.1.2-alt1_3jpp11 sisyphus+303042.100.1.1 1656765526 installed
<13>May 16 03:11:11 rpmi: byte-buddy-agent-1.12.0-alt1_3jpp11 sisyphus+303411.100.1.1 1657454125 installed
<13>May 16 03:11:11 rpmi: univocity-parsers-2.9.1-alt1_6jpp11 sisyphus+303035.100.1.2 1656759759 installed
<13>May 16 03:11:11 rpmi: junit5-5.8.2-alt1 sisyphus+383557.100.1.1 1746628905 installed
<13>May 16 03:11:11 rpmi: objenesis-0:3.1-alt1_7jpp11 sisyphus+302027.100.1.2 1655142031 installed
<13>May 16 03:11:11 rpmi: libprocps-3.3.17-alt8.g37f1060 sisyphus+330939.300.7.1 1697495403 installed
<13>May 16 03:11:11 rpmi: libnatspec-0.3.4-alt1 sisyphus+383650.100.1.1 1746817004 installed
<13>May 16 03:11:11 rpmi: libxslt-1.1.39-alt1 sisyphus+349406.100.1.1 1716751806 installed
<13>May 16 03:11:11 rpmi: rpm-macros-java-1:6.0.0-alt3 sisyphus+378353.100.1.1 1742277151 installed
<13>May 16 03:11:11 rpmi: jurand-1.3.5-alt2 sisyphus+377872.100.1.1 1741880705 installed
<13>May 16 03:11:11 rpmi: rpm-macros-jurand-1.3.5-alt2 sisyphus+377872.100.1.1 1741880705 installed
<13>May 16 03:11:11 rpmi: libmpdec3-2.5.1-alt3 sisyphus+314490.500.5.1 1675432004 installed
<13>May 16 03:11:11 rpmi: libgdbm-1.8.3-alt10 sisyphus+346222.200.3.2 1716468404 installed
<13>May 16 03:11:11 rpmi: libexpat-2.7.1-alt1 sisyphus+379929.100.1.1 1743519381 installed
<13>May 16 03:11:11 rpmi: openssl-config-3.2.0-alt1 sisyphus+366659.140.4.1 1736956949 installed
<13>May 16 03:11:11 rpmi: libb2-0.98.1-alt1_1 sisyphus+291614.100.1.1 1638962877 installed
<13>May 16 03:11:11 rpmi: liblcms2-2.17-alt1 sisyphus+376290.10700.24.2 1745385260 installed
<13>May 16 03:11:11 rpmi: libjpeg-2:3.0.2-alt2.1 sisyphus+340135.100.1.1 1707449145 installed
<13>May 16 03:11:11 rpmi: libbrotlicommon-1.1.0-alt1 sisyphus+328501.100.1.1 1693598419 installed
<13>May 16 03:11:11 rpmi: libbrotlidec-1.1.0-alt1 sisyphus+328501.100.1.1 1693598419 installed
<13>May 16 03:11:11 rpmi: libgraphite2-1.3.14-alt2.1 sisyphus+279571.100.1.2 1626605111 installed
<13>May 16 03:11:11 rpmi: libharfbuzz-11.2.1-alt1 sisyphus+384013.100.1.1 1747136771 installed
<13>May 16 03:11:11 rpmi: libfreetype-2.13.3-alt1 sisyphus+355656.100.1.1 1724221064 installed
<13>May 16 03:11:11 rpmi: javazi-2024a-alt1 sisyphus+344801.200.1.1 1712691734 installed
<13>May 16 03:11:11 rpmi: libgif-4.1.6-alt4 sisyphus+379672.40.3.1 1746456932 installed
<13>May 16 03:11:11 rpmi: libX11-locales-3:1.8.11-alt1 sisyphus+373040.100.1.1 1738571640 installed
<13>May 16 03:11:11 rpmi: libXdmcp-1.1.5-alt1 sisyphus+343583.700.1.1 1711441061 installed
<13>May 16 03:11:11 rpmi: libXau-1.0.11-alt1 sisyphus+311428.100.1.1 1670577439 installed
<13>May 16 03:11:12 rpmi: libxcb-1.17.0-alt1 sisyphus+345308.200.1.1 1713342004 installed
<13>May 16 03:11:12 rpmi: libX11-3:1.8.11-alt1 sisyphus+373040.100.1.1 1738571640 installed
<13>May 16 03:11:12 rpmi: libXext-1.3.6-alt1 sisyphus+343583.1000.1.1 1711441101 installed
<13>May 16 03:11:12 rpmi: libXi-1.8-alt1 sisyphus+285490.200.1.1 1632124174 installed
<13>May 16 03:11:12 rpmi: libXtst-1.2.4-alt1 sisyphus+308663.1300.1.1 1666168495 installed
<13>May 16 03:11:12 rpmi: libXrender-0.9.12-alt1 sisyphus+373121.100.1.1 1738654919 installed
<13>May 16 03:11:12 rpmi: libp11-kit-1:0.25.5-alt1 sisyphus+352553.100.1.1 1720622573 installed
<13>May 16 03:11:12 rpmi: libtasn1-4.20.0-alt2 sisyphus+375829.100.1.1 1740299335 installed
<13>May 16 03:11:12 rpmi: publicsuffix-list-20250416-alt1 sisyphus+381887.100.1.1 1744900874 installed
<13>May 16 03:11:12 rpmi: httpcomponents-client-4.5.13-alt1_2jpp11 sisyphus+283281.100.1.3 1629307126 installed
<13>May 16 03:11:12 rpmi: maven-wagon-0:3.5.3-alt1 sisyphus+382913.400.3.1 1746015847 installed
<13>May 16 03:11:12 rpmi: maven-resolver-1:1.6.3-alt1 sisyphus+381949.100.1.1 1744966821 installed
<13>May 16 03:11:12 rpmi: maven-1:3.8.8-alt1 sisyphus+382913.500.3.1 1746016050 installed
<13>May 16 03:11:12 rpmi: xmvn-minimal-4.0.0-alt1_8jpp11 sisyphus+303446.100.1.1 1657533450 installed
<13>May 16 03:11:12 rpmi: maven-lib-1:3.8.8-alt1 sisyphus+382913.500.3.1 1746016050 installed
<13>May 16 03:11:12 rpmi: maven-common-artifact-filters-3.2.0-alt1_3jpp11 sisyphus+303056.100.1.2 1656767734 installed
<13>May 16 03:11:12 rpmi: maven-surefire-0:3.2.2-alt1 sisyphus+383557.300.1.1 1746629043 installed
<13>May 16 03:11:12 rpmi: maven-plugin-tools-api-3.6.4-alt1 sisyphus+383557.200.1.1 1746628968 installed
<13>May 16 03:11:12 rpmi: maven-filtering-3.2.0-alt1_3jpp11 sisyphus+301764.100.1.2 1654889715 installed
<13>May 16 03:11:12 rpmi: maven-archiver-0:3.5.2-alt1_2jpp11 sisyphus+317140.100.1.2 1679410347 installed
<13>May 16 03:11:12 rpmi: maven-remote-resources-plugin-1.7.0-alt1_7jpp11 sisyphus+282861.100.1.1 1629057314 installed
<13>May 16 03:11:12 rpmi: maven-resources-plugin-3.2.0-alt1_4jpp11 sisyphus+282536.100.1.2 1628793650 installed
<13>May 16 03:11:12 rpmi: maven-plugin-tools-annotations-3.6.4-alt1 sisyphus+383557.200.1.1 1746628968 installed
<13>May 16 03:11:12 rpmi: maven-plugin-tools-generators-3.6.4-alt1 sisyphus+383557.200.1.1 1746628968 installed
<13>May 16 03:11:12 rpmi: maven-plugin-tools-java-3.6.4-alt1 sisyphus+383557.200.1.1 1746628968 installed
<13>May 16 03:11:12 rpmi: maven-plugin-plugin-3.6.4-alt1 sisyphus+383557.200.1.1 1746628968 installed
<13>May 16 03:11:12 rpmi: maven-surefire-provider-junit-0:3.2.2-alt1 sisyphus+383557.300.1.1 1746629043 installed
<13>May 16 03:11:12 rpmi: maven-surefire-provider-junit5-0:3.2.2-alt1 sisyphus+383557.300.1.1 1746629043 installed
<13>May 16 03:11:12 rpmi: maven-surefire-provider-testng-0:3.2.2-alt1 sisyphus+383557.300.1.1 1746629043 installed
<13>May 16 03:11:12 rpmi: maven-surefire-plugin-0:3.2.2-alt1 sisyphus+383557.300.1.1 1746629043 installed
<13>May 16 03:11:12 rpmi: maven-artifact-transfer-1:0.13.1-alt2 sisyphus+382320.300.3.2 1745479123 installed
<13>May 16 03:11:12 rpmi: maven-dependency-tree-3.1.0-alt1_2jpp11 sisyphus+317142.100.1.2 1679412375 installed
<13>May 16 03:11:12 rpmi: maven-enforcer-api-0:3.0.0_M2-alt1_3jpp11 sisyphus+301995.100.1.3 1655132104 installed
<13>May 16 03:11:12 rpmi: maven-enforcer-rules-0:3.0.0_M2-alt1_3jpp11 sisyphus+301995.100.1.3 1655132104 installed
<13>May 16 03:11:12 rpmi: maven-enforcer-plugin-0:3.0.0_M2-alt1_3jpp11 sisyphus+301995.100.1.3 1655132104 installed
<13>May 16 03:11:12 rpmi: apache-parent-26-alt1_3jpp11 sisyphus+317094.100.1.3 1679396015 installed
<13>May 16 03:11:12 rpmi: maven-shared-incremental-1.1-alt1_23jpp11 sisyphus+282537.100.1.1 1628793339 installed
<13>May 16 03:11:12 rpmi: maven-compiler-plugin-3.8.1-alt1_10jpp11 sisyphus+282511.100.1.2 1628772929 installed
<13>May 16 03:11:12 rpmi: maven-shared-io-1:3.0.0-alt1_17jpp11 sisyphus+303022.100.1.3 1656757260 installed
<13>May 16 03:11:12 rpmi: maven-file-management-1:3.0.0-alt1_17jpp11 sisyphus+303020.100.1.3 1656756699 installed
<13>May 16 03:11:12 rpmi: maven-jar-plugin-3.2.2-alt1_2jpp11 sisyphus+317144.100.1.3 1679413357 installed
<13>May 16 03:11:12 rpmi: xmvn-mojo-4.0.0-alt1_8jpp11 sisyphus+303446.100.1.1 1657533450 installed
<13>May 16 03:11:12 rpmi: rpm-macros-alternatives-0.5.3-alt1 sisyphus+371878.100.1.1 1737988822 installed
<13>May 16 03:11:12 rpmi: alternatives-0.5.3-alt1 sisyphus+371878.100.1.1 1737988822 installed
<13>May 16 03:11:12 rpmi: ca-certificates-2025.05.12-alt1 sisyphus+383903.200.2.1 1747060316 installed
<13>May 16 03:11:12 rpmi: ca-trust-0.2.0-alt1 sisyphus+344843.100.1.1 1712743326 installed
<13>May 16 03:11:12 rpmi: p11-kit-trust-1:0.25.5-alt1 sisyphus+352553.100.1.1 1720622573 installed
<13>May 16 03:11:12 rpmi: libcrypto3-3.3.3-alt1 sisyphus+374381.40.2.1 1739299401 installed
<13>May 16 03:11:12 rpmi: libssl3-3.3.3-alt1 sisyphus+374381.40.2.1 1739299401 installed
<13>May 16 03:11:12 rpmi: python3-3.12.10-alt1 sisyphus+381757.100.1.1 1744802808 installed
<13>May 16 03:11:13 rpmi: python3-base-3.12.10-alt1 sisyphus+381757.100.1.1 1744802808 installed
<13>May 16 03:11:13 rpmi: python3-module-six-1.17.0-alt1.1 sisyphus+373470.100.1.1 1738920023 installed
<13>May 16 03:11:13 rpmi: python3-module-genshi-0.7.9-alt2.1 sisyphus+376369.5100.10.1 1746628134 installed
<13>May 16 03:11:13 rpmi: python3-module-cssselect-1.3.0-alt1 sisyphus+377617.100.1.1 1741681780 installed
<13>May 16 03:11:13 rpmi: python3-module-webencodings-0.5.1-alt3 sisyphus+359244.100.1.1 1728381102 installed
<13>May 16 03:11:13 rpmi: python3-module-html5lib-1:1.1-alt1 sisyphus+278096.120.5.1 1626086978 installed
<13>May 16 03:11:13 rpmi: python3-module-lxml-5.4.0-alt1 sisyphus+382313.100.1.1 1745325124 installed
<13>May 16 03:11:13 rpmi: python3-module-javapackages-1:6.0.0-alt3 sisyphus+378353.100.1.1 1742277151 installed
<13>May 16 03:11:13 rpmi: rpm-build-java-1:6.0.0-alt3 sisyphus+378353.100.1.1 1742277151 installed
<13>May 16 03:11:13 rpmi: javapackages-local-1:6.0.0-alt3 sisyphus+378353.100.1.1 1742277151 installed
<13>May 16 03:11:13 rpmi: ca-trust-java-0.2.0-alt1 sisyphus+344843.100.1.1 1712743326 installed
<13>May 16 03:11:13 rpmi: java-stub-javadoc-0.1-alt1 sisyphus+276859.100.1.1 1625245070 installed
<13>May 16 03:11:13 rpmi: alsa-ucm-conf-1.2.13-alt2 sisyphus+379457.100.1.1 1743144589 installed
<13>May 16 03:11:13 rpmi: alsa-topology-conf-1.2.5.1-alt1 sisyphus+274777.100.1.1 1624089141 installed
<13>May 16 03:11:13 rpmi: libalsa-1:1.2.13-alt1 sisyphus+370533.200.1.1 1737298943 installed
<13>May 16 03:11:16 rpmi: java-11-openjdk-headless-0:11.0.27.0.6-alt1 sisyphus+382872.100.1.1 1745983997 installed
<13>May 16 03:11:17 rpmi: java-11-openjdk-0:11.0.27.0.6-alt1 sisyphus+382872.100.1.1 1745983997 installed
<13>May 16 03:11:17 rpmi: java-11-openjdk-devel-0:11.0.27.0.6-alt1 sisyphus+382872.100.1.1 1745983997 installed
<13>May 16 03:11:17 rpmi: jpackage-11-compat-0.43-alt1 sisyphus+338091.100.1.2 1705652445 installed
<13>May 16 03:11:17 rpmi: maven-local-1:6.0.0-alt3 sisyphus+378353.100.1.1 1742277151 installed
<13>May 16 03:11:17 rpmi: maven-parent-35-alt1 sisyphus+382913.100.1.1 1746010754 installed
<13>May 16 03:11:17 rpmi: unzip-6.0-alt7 sisyphus+367458.200.2.1 1735647083 installed
<13>May 16 03:11:17 rpmi: mockito-5.17.0-alt1 sisyphus+382425.300.5.2 1747315818 installed
<13>May 16 03:11:17 rpmi: maven-plugin-testing-harness-3.3.0-alt2 sisyphus+382320.200.3.2 1745479069 installed
Building target platforms: x86_64
Building for target x86_64
Wrote: /usr/src/in/nosrpm/maven-common-artifact-filters-3.2.0-alt1_3jpp11.nosrc.rpm (w1.gzdio)
Installing maven-common-artifact-filters-3.2.0-alt1_3jpp11.src.rpm
Building target platforms: x86_64
Building for target x86_64
Executing(%prep): /bin/sh -e /usr/src/tmp/rpm-tmp.75337
+ umask 022
+ /bin/mkdir -p /usr/src/RPM/BUILD
+ cd /usr/src/RPM/BUILD
+ cd /usr/src/RPM/BUILD
+ rm -rf maven-common-artifact-filters-3.2.0
+ echo 'Source #0 (maven-common-artifact-filters-3.2.0-source-release.zip):'
Source #0 (maven-common-artifact-filters-3.2.0-source-release.zip):
+ /usr/bin/unzip -qq /usr/src/RPM/SOURCES/maven-common-artifact-filters-3.2.0-source-release.zip
+ cd maven-common-artifact-filters-3.2.0
+ /bin/chmod -c -Rf u+rwX,go-w .
+ echo 'Patch #1 (0001-Pass-empty-list-instead-of-null-to-DependencyFilter..patch):'
Patch #1 (0001-Pass-empty-list-instead-of-null-to-DependencyFilter..patch):
+ /usr/bin/patch -p1
patching file src/test/java/org/apache/maven/shared/artifact/filter/resolve/transform/EclipseAetherFilterTransformerTest.java
+ /usr/bin/python3 /usr/share/java-utils/pom_editor.py pom_remove_dep org.openjdk.jmh:jmh-core
+ /usr/bin/python3 /usr/share/java-utils/pom_editor.py pom_remove_dep org.openjdk.jmh:jmh-generator-annprocess
+ rm src/test/java/org/apache/maven/shared/artifact/filter/PatternFilterPerfTest.java
+ exit 0
Executing(%build): /bin/sh -e /usr/src/tmp/rpm-tmp.75337
+ umask 022
+ /bin/mkdir -p /usr/src/RPM/BUILD
+ cd /usr/src/RPM/BUILD
+ cd maven-common-artifact-filters-3.2.0
+ /usr/bin/python3 /usr/share/java-utils/mvn_build.py --xmvn-javadoc -- -Dmaven.compiler.source=1.8 -Dmaven.compiler.target=1.8 -Dmaven.javadoc.source=1.8 -Dmaven.compiler.release=8
Executing: xmvn --batch-mode --offline -Dmaven.compiler.source=1.8 -Dmaven.compiler.target=1.8 -Dmaven.javadoc.source=1.8 -Dmaven.compiler.release=8 verify org.fedoraproject.xmvn:xmvn-mojo:install org.fedoraproject.xmvn:xmvn-mojo:javadoc org.fedoraproject.xmvn:xmvn-mojo:builddep
['xmvn', '--batch-mode', '--offline', '-Dmaven.compiler.source=1.8', '-Dmaven.compiler.target=1.8', '-Dmaven.javadoc.source=1.8', '-Dmaven.compiler.release=8', 'verify', 'org.fedoraproject.xmvn:xmvn-mojo:install', 'org.fedoraproject.xmvn:xmvn-mojo:javadoc', 'org.fedoraproject.xmvn:xmvn-mojo:builddep']
[INFO] Scanning for projects...
[INFO] 
[INFO] -------< org.apache.maven.shared:maven-common-artifact-filters >--------
[INFO] Building Apache Maven Common Artifact Filters 3.2.0
[INFO]   from pom.xml
[INFO] --------------------------------[ jar ]---------------------------------
[INFO] 
[INFO] --- maven-remote-resources-plugin:1.7.0:process (process-resource-bundles) @ maven-common-artifact-filters ---
[INFO] Preparing remote bundle org.apache:apache-jar-resource-bundle:1.4
[INFO] Copying 5 resources from 1 bundle.
[INFO] 
[INFO] --- maven-resources-plugin:3.2.0:resources (default-resources) @ maven-common-artifact-filters ---
[INFO] Using 'UTF-8' encoding to copy filtered resources.
[INFO] Using 'UTF-8' encoding to copy filtered properties files.
[INFO] skip non existing resourceDirectory /usr/src/RPM/BUILD/maven-common-artifact-filters-3.2.0/src/main/resources
[INFO] Copying 5 resources
[INFO] 
[INFO] --- maven-compiler-plugin:3.8.1:compile (default-compile) @ maven-common-artifact-filters ---
[INFO] Changes detected - recompiling the module!
[INFO] Compiling 33 source files to /usr/src/RPM/BUILD/maven-common-artifact-filters-3.2.0/target/classes
[INFO] 
[INFO] --- maven-resources-plugin:3.2.0:testResources (default-testResources) @ maven-common-artifact-filters ---
[INFO] Using 'UTF-8' encoding to copy filtered resources.
[INFO] Using 'UTF-8' encoding to copy filtered properties files.
[INFO] skip non existing resourceDirectory /usr/src/RPM/BUILD/maven-common-artifact-filters-3.2.0/src/test/resources
[INFO] Copying 5 resources
[INFO] 
[INFO] --- maven-compiler-plugin:3.8.1:testCompile (default-testCompile) @ maven-common-artifact-filters ---
[INFO] Changes detected - recompiling the module!
[INFO] Compiling 20 source files to /usr/src/RPM/BUILD/maven-common-artifact-filters-3.2.0/target/test-classes
[INFO] -------------------------------------------------------------
[ERROR] COMPILATION ERROR : 
[INFO] -------------------------------------------------------------
[ERROR] /usr/src/RPM/BUILD/maven-common-artifact-filters-3.2.0/src/test/java/org/apache/maven/shared/artifact/filter/AbstractPatternArtifactFilterTest.java:[24,26] package org.mockito does not exist
[ERROR] /usr/src/RPM/BUILD/maven-common-artifact-filters-3.2.0/src/test/java/org/apache/maven/shared/artifact/filter/AbstractPatternArtifactFilterTest.java:[24,1] static import only from classes and interfaces
[ERROR] /usr/src/RPM/BUILD/maven-common-artifact-filters-3.2.0/src/test/java/org/apache/maven/shared/artifact/filter/AbstractPatternArtifactFilterTest.java:[25,26] package org.mockito does not exist
[ERROR] /usr/src/RPM/BUILD/maven-common-artifact-filters-3.2.0/src/test/java/org/apache/maven/shared/artifact/filter/AbstractPatternArtifactFilterTest.java:[25,1] static import only from classes and interfaces
[ERROR] /usr/src/RPM/BUILD/maven-common-artifact-filters-3.2.0/src/test/java/org/apache/maven/shared/artifact/filter/ScopeArtifactFilterTest.java:[24,26] package org.mockito does not exist
[ERROR] /usr/src/RPM/BUILD/maven-common-artifact-filters-3.2.0/src/test/java/org/apache/maven/shared/artifact/filter/ScopeArtifactFilterTest.java:[24,1] static import only from classes and interfaces
[ERROR] /usr/src/RPM/BUILD/maven-common-artifact-filters-3.2.0/src/test/java/org/apache/maven/shared/artifact/filter/ScopeArtifactFilterTest.java:[25,26] package org.mockito does not exist
[ERROR] /usr/src/RPM/BUILD/maven-common-artifact-filters-3.2.0/src/test/java/org/apache/maven/shared/artifact/filter/ScopeArtifactFilterTest.java:[25,1] static import only from classes and interfaces
[ERROR] /usr/src/RPM/BUILD/maven-common-artifact-filters-3.2.0/src/test/java/org/apache/maven/shared/artifact/filter/AbstractPatternArtifactFilterTest.java:[54,30] cannot find symbol
  symbol:   method mock(java.lang.Class<org.apache.maven.artifact.Artifact>)
  location: class org.apache.maven.shared.artifact.filter.AbstractPatternArtifactFilterTest
[ERROR] /usr/src/RPM/BUILD/maven-common-artifact-filters-3.2.0/src/test/java/org/apache/maven/shared/artifact/filter/AbstractPatternArtifactFilterTest.java:[55,9] cannot find symbol
  symbol:   method when(java.lang.String)
  location: class org.apache.maven.shared.artifact.filter.AbstractPatternArtifactFilterTest
[ERROR] /usr/src/RPM/BUILD/maven-common-artifact-filters-3.2.0/src/test/java/org/apache/maven/shared/artifact/filter/AbstractPatternArtifactFilterTest.java:[56,9] cannot find symbol
  symbol:   method when(java.lang.String)
  location: class org.apache.maven.shared.artifact.filter.AbstractPatternArtifactFilterTest
[ERROR] /usr/src/RPM/BUILD/maven-common-artifact-filters-3.2.0/src/test/java/org/apache/maven/shared/artifact/filter/AbstractPatternArtifactFilterTest.java:[57,9] cannot find symbol
  symbol:   method when(java.lang.String)
  location: class org.apache.maven.shared.artifact.filter.AbstractPatternArtifactFilterTest
[ERROR] /usr/src/RPM/BUILD/maven-common-artifact-filters-3.2.0/src/test/java/org/apache/maven/shared/artifact/filter/AbstractPatternArtifactFilterTest.java:[58,9] cannot find symbol
  symbol:   method when(java.lang.String)
  location: class org.apache.maven.shared.artifact.filter.AbstractPatternArtifactFilterTest
[ERROR] /usr/src/RPM/BUILD/maven-common-artifact-filters-3.2.0/src/test/java/org/apache/maven/shared/artifact/filter/AbstractPatternArtifactFilterTest.java:[60,30] cannot find symbol
  symbol:   method mock(java.lang.Class<org.apache.maven.artifact.Artifact>)
  location: class org.apache.maven.shared.artifact.filter.AbstractPatternArtifactFilterTest
[ERROR] /usr/src/RPM/BUILD/maven-common-artifact-filters-3.2.0/src/test/java/org/apache/maven/shared/artifact/filter/AbstractPatternArtifactFilterTest.java:[61,9] cannot find symbol
  symbol:   method when(java.lang.String)
  location: class org.apache.maven.shared.artifact.filter.AbstractPatternArtifactFilterTest
[ERROR] /usr/src/RPM/BUILD/maven-common-artifact-filters-3.2.0/src/test/java/org/apache/maven/shared/artifact/filter/AbstractPatternArtifactFilterTest.java:[62,9] cannot find symbol
  symbol:   method when(java.lang.String)
  location: class org.apache.maven.shared.artifact.filter.AbstractPatternArtifactFilterTest
[ERROR] /usr/src/RPM/BUILD/maven-common-artifact-filters-3.2.0/src/test/java/org/apache/maven/shared/artifact/filter/AbstractPatternArtifactFilterTest.java:[63,9] cannot find symbol
  symbol:   method when(java.lang.String)
  location: class org.apache.maven.shared.artifact.filter.AbstractPatternArtifactFilterTest
[ERROR] /usr/src/RPM/BUILD/maven-common-artifact-filters-3.2.0/src/test/java/org/apache/maven/shared/artifact/filter/AbstractPatternArtifactFilterTest.java:[64,9] cannot find symbol
  symbol:   method when(java.lang.String)
  location: class org.apache.maven.shared.artifact.filter.AbstractPatternArtifactFilterTest
[ERROR] /usr/src/RPM/BUILD/maven-common-artifact-filters-3.2.0/src/test/java/org/apache/maven/shared/artifact/filter/AbstractPatternArtifactFilterTest.java:[93,30] cannot find symbol
  symbol:   method mock(java.lang.Class<org.apache.maven.artifact.Artifact>)
  location: class org.apache.maven.shared.artifact.filter.AbstractPatternArtifactFilterTest
[ERROR] /usr/src/RPM/BUILD/maven-common-artifact-filters-3.2.0/src/test/java/org/apache/maven/shared/artifact/filter/AbstractPatternArtifactFilterTest.java:[94,9] cannot find symbol
  symbol:   method when(java.lang.String)
  location: class org.apache.maven.shared.artifact.filter.AbstractPatternArtifactFilterTest
[ERROR] /usr/src/RPM/BUILD/maven-common-artifact-filters-3.2.0/src/test/java/org/apache/maven/shared/artifact/filter/AbstractPatternArtifactFilterTest.java:[95,9] cannot find symbol
  symbol:   method when(java.lang.String)
  location: class org.apache.maven.shared.artifact.filter.AbstractPatternArtifactFilterTest
[ERROR] /usr/src/RPM/BUILD/maven-common-artifact-filters-3.2.0/src/test/java/org/apache/maven/shared/artifact/filter/AbstractPatternArtifactFilterTest.java:[96,9] cannot find symbol
  symbol:   method when(java.lang.String)
  location: class org.apache.maven.shared.artifact.filter.AbstractPatternArtifactFilterTest
[ERROR] /usr/src/RPM/BUILD/maven-common-artifact-filters-3.2.0/src/test/java/org/apache/maven/shared/artifact/filter/AbstractPatternArtifactFilterTest.java:[97,9] cannot find symbol
  symbol:   method when(java.lang.String)
  location: class org.apache.maven.shared.artifact.filter.AbstractPatternArtifactFilterTest
[ERROR] /usr/src/RPM/BUILD/maven-common-artifact-filters-3.2.0/src/test/java/org/apache/maven/shared/artifact/filter/AbstractPatternArtifactFilterTest.java:[99,30] cannot find symbol
  symbol:   method mock(java.lang.Class<org.apache.maven.artifact.Artifact>)
  location: class org.apache.maven.shared.artifact.filter.AbstractPatternArtifactFilterTest
[ERROR] /usr/src/RPM/BUILD/maven-common-artifact-filters-3.2.0/src/test/java/org/apache/maven/shared/artifact/filter/AbstractPatternArtifactFilterTest.java:[100,9] cannot find symbol
  symbol:   method when(java.lang.String)
  location: class org.apache.maven.shared.artifact.filter.AbstractPatternArtifactFilterTest
[ERROR] /usr/src/RPM/BUILD/maven-common-artifact-filters-3.2.0/src/test/java/org/apache/maven/shared/artifact/filter/AbstractPatternArtifactFilterTest.java:[101,9] cannot find symbol
  symbol:   method when(java.lang.String)
  location: class org.apache.maven.shared.artifact.filter.AbstractPatternArtifactFilterTest
[ERROR] /usr/src/RPM/BUILD/maven-common-artifact-filters-3.2.0/src/test/java/org/apache/maven/shared/artifact/filter/AbstractPatternArtifactFilterTest.java:[102,9] cannot find symbol
  symbol:   method when(java.lang.String)
  location: class org.apache.maven.shared.artifact.filter.AbstractPatternArtifactFilterTest
[ERROR] /usr/src/RPM/BUILD/maven-common-artifact-filters-3.2.0/src/test/java/org/apache/maven/shared/artifact/filter/AbstractPatternArtifactFilterTest.java:[103,9] cannot find symbol
  symbol:   method when(java.lang.String)
  location: class org.apache.maven.shared.artifact.filter.AbstractPatternArtifactFilterTest
[ERROR] /usr/src/RPM/BUILD/maven-common-artifact-filters-3.2.0/src/test/java/org/apache/maven/shared/artifact/filter/AbstractPatternArtifactFilterTest.java:[129,29] cannot find symbol
  symbol:   method mock(java.lang.Class<org.apache.maven.artifact.Artifact>)
  location: class org.apache.maven.shared.artifact.filter.AbstractPatternArtifactFilterTest
[ERROR] /usr/src/RPM/BUILD/maven-common-artifact-filters-3.2.0/src/test/java/org/apache/maven/shared/artifact/filter/AbstractPatternArtifactFilterTest.java:[130,9] cannot find symbol
  symbol:   method when(java.lang.String)
  location: class org.apache.maven.shared.artifact.filter.AbstractPatternArtifactFilterTest
[ERROR] /usr/src/RPM/BUILD/maven-common-artifact-filters-3.2.0/src/test/java/org/apache/maven/shared/artifact/filter/AbstractPatternArtifactFilterTest.java:[131,9] cannot find symbol
  symbol:   method when(java.lang.String)
  location: class org.apache.maven.shared.artifact.filter.AbstractPatternArtifactFilterTest
[ERROR] /usr/src/RPM/BUILD/maven-common-artifact-filters-3.2.0/src/test/java/org/apache/maven/shared/artifact/filter/AbstractPatternArtifactFilterTest.java:[132,9] cannot find symbol
  symbol:   method when(java.lang.String)
  location: class org.apache.maven.shared.artifact.filter.AbstractPatternArtifactFilterTest
[ERROR] /usr/src/RPM/BUILD/maven-common-artifact-filters-3.2.0/src/test/java/org/apache/maven/shared/artifact/filter/AbstractPatternArtifactFilterTest.java:[133,9] cannot find symbol
  symbol:   method when(java.lang.String)
  location: class org.apache.maven.shared.artifact.filter.AbstractPatternArtifactFilterTest
[ERROR] /usr/src/RPM/BUILD/maven-common-artifact-filters-3.2.0/src/test/java/org/apache/maven/shared/artifact/filter/AbstractPatternArtifactFilterTest.java:[153,29] cannot find symbol
  symbol:   method mock(java.lang.Class<org.apache.maven.artifact.Artifact>)
  location: class org.apache.maven.shared.artifact.filter.AbstractPatternArtifactFilterTest
[ERROR] /usr/src/RPM/BUILD/maven-common-artifact-filters-3.2.0/src/test/java/org/apache/maven/shared/artifact/filter/AbstractPatternArtifactFilterTest.java:[154,9] cannot find symbol
  symbol:   method when(java.lang.String)
  location: class org.apache.maven.shared.artifact.filter.AbstractPatternArtifactFilterTest
[ERROR] /usr/src/RPM/BUILD/maven-common-artifact-filters-3.2.0/src/test/java/org/apache/maven/shared/artifact/filter/AbstractPatternArtifactFilterTest.java:[155,9] cannot find symbol
  symbol:   method when(java.lang.String)
  location: class org.apache.maven.shared.artifact.filter.AbstractPatternArtifactFilterTest
[ERROR] /usr/src/RPM/BUILD/maven-common-artifact-filters-3.2.0/src/test/java/org/apache/maven/shared/artifact/filter/AbstractPatternArtifactFilterTest.java:[156,9] cannot find symbol
  symbol:   method when(java.lang.String)
  location: class org.apache.maven.shared.artifact.filter.AbstractPatternArtifactFilterTest
[ERROR] /usr/src/RPM/BUILD/maven-common-artifact-filters-3.2.0/src/test/java/org/apache/maven/shared/artifact/filter/AbstractPatternArtifactFilterTest.java:[157,9] cannot find symbol
  symbol:   method when(java.lang.String)
  location: class org.apache.maven.shared.artifact.filter.AbstractPatternArtifactFilterTest
[ERROR] /usr/src/RPM/BUILD/maven-common-artifact-filters-3.2.0/src/test/java/org/apache/maven/shared/artifact/filter/AbstractPatternArtifactFilterTest.java:[177,29] cannot find symbol
  symbol:   method mock(java.lang.Class<org.apache.maven.artifact.Artifact>)
  location: class org.apache.maven.shared.artifact.filter.AbstractPatternArtifactFilterTest
[ERROR] /usr/src/RPM/BUILD/maven-common-artifact-filters-3.2.0/src/test/java/org/apache/maven/shared/artifact/filter/AbstractPatternArtifactFilterTest.java:[178,9] cannot find symbol
  symbol:   method when(java.lang.String)
  location: class org.apache.maven.shared.artifact.filter.AbstractPatternArtifactFilterTest
[ERROR] /usr/src/RPM/BUILD/maven-common-artifact-filters-3.2.0/src/test/java/org/apache/maven/shared/artifact/filter/AbstractPatternArtifactFilterTest.java:[179,9] cannot find symbol
  symbol:   method when(java.lang.String)
  location: class org.apache.maven.shared.artifact.filter.AbstractPatternArtifactFilterTest
[ERROR] /usr/src/RPM/BUILD/maven-common-artifact-filters-3.2.0/src/test/java/org/apache/maven/shared/artifact/filter/AbstractPatternArtifactFilterTest.java:[180,9] cannot find symbol
  symbol:   method when(java.lang.String)
  location: class org.apache.maven.shared.artifact.filter.AbstractPatternArtifactFilterTest
[ERROR] /usr/src/RPM/BUILD/maven-common-artifact-filters-3.2.0/src/test/java/org/apache/maven/shared/artifact/filter/AbstractPatternArtifactFilterTest.java:[181,9] cannot find symbol
  symbol:   method when(java.lang.String)
  location: class org.apache.maven.shared.artifact.filter.AbstractPatternArtifactFilterTest
[ERROR] /usr/src/RPM/BUILD/maven-common-artifact-filters-3.2.0/src/test/java/org/apache/maven/shared/artifact/filter/AbstractPatternArtifactFilterTest.java:[205,29] cannot find symbol
  symbol:   method mock(java.lang.Class<org.apache.maven.artifact.Artifact>)
  location: class org.apache.maven.shared.artifact.filter.AbstractPatternArtifactFilterTest
[ERROR] /usr/src/RPM/BUILD/maven-common-artifact-filters-3.2.0/src/test/java/org/apache/maven/shared/artifact/filter/AbstractPatternArtifactFilterTest.java:[206,9] cannot find symbol
  symbol:   method when(java.lang.String)
  location: class org.apache.maven.shared.artifact.filter.AbstractPatternArtifactFilterTest
[ERROR] /usr/src/RPM/BUILD/maven-common-artifact-filters-3.2.0/src/test/java/org/apache/maven/shared/artifact/filter/AbstractPatternArtifactFilterTest.java:[207,9] cannot find symbol
  symbol:   method when(java.lang.String)
  location: class org.apache.maven.shared.artifact.filter.AbstractPatternArtifactFilterTest
[ERROR] /usr/src/RPM/BUILD/maven-common-artifact-filters-3.2.0/src/test/java/org/apache/maven/shared/artifact/filter/AbstractPatternArtifactFilterTest.java:[208,9] cannot find symbol
  symbol:   method when(java.lang.String)
  location: class org.apache.maven.shared.artifact.filter.AbstractPatternArtifactFilterTest
[ERROR] /usr/src/RPM/BUILD/maven-common-artifact-filters-3.2.0/src/test/java/org/apache/maven/shared/artifact/filter/AbstractPatternArtifactFilterTest.java:[209,9] cannot find symbol
  symbol:   method when(java.lang.String)
  location: class org.apache.maven.shared.artifact.filter.AbstractPatternArtifactFilterTest
[ERROR] /usr/src/RPM/BUILD/maven-common-artifact-filters-3.2.0/src/test/java/org/apache/maven/shared/artifact/filter/AbstractPatternArtifactFilterTest.java:[233,29] cannot find symbol
  symbol:   method mock(java.lang.Class<org.apache.maven.artifact.Artifact>)
  location: class org.apache.maven.shared.artifact.filter.AbstractPatternArtifactFilterTest
[ERROR] /usr/src/RPM/BUILD/maven-common-artifact-filters-3.2.0/src/test/java/org/apache/maven/shared/artifact/filter/AbstractPatternArtifactFilterTest.java:[234,9] cannot find symbol
  symbol:   method when(java.lang.String)
  location: class org.apache.maven.shared.artifact.filter.AbstractPatternArtifactFilterTest
[ERROR] /usr/src/RPM/BUILD/maven-common-artifact-filters-3.2.0/src/test/java/org/apache/maven/shared/artifact/filter/AbstractPatternArtifactFilterTest.java:[235,9] cannot find symbol
  symbol:   method when(java.lang.String)
  location: class org.apache.maven.shared.artifact.filter.AbstractPatternArtifactFilterTest
[ERROR] /usr/src/RPM/BUILD/maven-common-artifact-filters-3.2.0/src/test/java/org/apache/maven/shared/artifact/filter/AbstractPatternArtifactFilterTest.java:[236,9] cannot find symbol
  symbol:   method when(java.lang.String)
  location: class org.apache.maven.shared.artifact.filter.AbstractPatternArtifactFilterTest
[ERROR] /usr/src/RPM/BUILD/maven-common-artifact-filters-3.2.0/src/test/java/org/apache/maven/shared/artifact/filter/AbstractPatternArtifactFilterTest.java:[237,9] cannot find symbol
  symbol:   method when(java.lang.String)
  location: class org.apache.maven.shared.artifact.filter.AbstractPatternArtifactFilterTest
[ERROR] /usr/src/RPM/BUILD/maven-common-artifact-filters-3.2.0/src/test/java/org/apache/maven/shared/artifact/filter/AbstractPatternArtifactFilterTest.java:[267,29] cannot find symbol
  symbol:   method mock(java.lang.Class<org.apache.maven.artifact.Artifact>)
  location: class org.apache.maven.shared.artifact.filter.AbstractPatternArtifactFilterTest
[ERROR] /usr/src/RPM/BUILD/maven-common-artifact-filters-3.2.0/src/test/java/org/apache/maven/shared/artifact/filter/AbstractPatternArtifactFilterTest.java:[268,9] cannot find symbol
  symbol:   method when(java.lang.String)
  location: class org.apache.maven.shared.artifact.filter.AbstractPatternArtifactFilterTest
[ERROR] /usr/src/RPM/BUILD/maven-common-artifact-filters-3.2.0/src/test/java/org/apache/maven/shared/artifact/filter/AbstractPatternArtifactFilterTest.java:[269,9] cannot find symbol
  symbol:   method when(java.lang.String)
  location: class org.apache.maven.shared.artifact.filter.AbstractPatternArtifactFilterTest
[ERROR] /usr/src/RPM/BUILD/maven-common-artifact-filters-3.2.0/src/test/java/org/apache/maven/shared/artifact/filter/AbstractPatternArtifactFilterTest.java:[270,9] cannot find symbol
  symbol:   method when(java.lang.String)
  location: class org.apache.maven.shared.artifact.filter.AbstractPatternArtifactFilterTest
[ERROR] /usr/src/RPM/BUILD/maven-common-artifact-filters-3.2.0/src/test/java/org/apache/maven/shared/artifact/filter/AbstractPatternArtifactFilterTest.java:[271,9] cannot find symbol
  symbol:   method when(java.lang.String)
  location: class org.apache.maven.shared.artifact.filter.AbstractPatternArtifactFilterTest
[ERROR] /usr/src/RPM/BUILD/maven-common-artifact-filters-3.2.0/src/test/java/org/apache/maven/shared/artifact/filter/AbstractPatternArtifactFilterTest.java:[272,9] cannot find symbol
  symbol:   method when(java.util.List<java.lang.String>)
  location: class org.apache.maven.shared.artifact.filter.AbstractPatternArtifactFilterTest
[ERROR] /usr/src/RPM/BUILD/maven-common-artifact-filters-3.2.0/src/test/java/org/apache/maven/shared/artifact/filter/AbstractPatternArtifactFilterTest.java:[298,29] cannot find symbol
  symbol:   method mock(java.lang.Class<org.apache.maven.artifact.Artifact>)
  location: class org.apache.maven.shared.artifact.filter.AbstractPatternArtifactFilterTest
[ERROR] /usr/src/RPM/BUILD/maven-common-artifact-filters-3.2.0/src/test/java/org/apache/maven/shared/artifact/filter/AbstractPatternArtifactFilterTest.java:[299,9] cannot find symbol
  symbol:   method when(java.lang.String)
  location: class org.apache.maven.shared.artifact.filter.AbstractPatternArtifactFilterTest
[ERROR] /usr/src/RPM/BUILD/maven-common-artifact-filters-3.2.0/src/test/java/org/apache/maven/shared/artifact/filter/AbstractPatternArtifactFilterTest.java:[300,9] cannot find symbol
  symbol:   method when(java.lang.String)
  location: class org.apache.maven.shared.artifact.filter.AbstractPatternArtifactFilterTest
[ERROR] /usr/src/RPM/BUILD/maven-common-artifact-filters-3.2.0/src/test/java/org/apache/maven/shared/artifact/filter/AbstractPatternArtifactFilterTest.java:[301,9] cannot find symbol
  symbol:   method when(java.lang.String)
  location: class org.apache.maven.shared.artifact.filter.AbstractPatternArtifactFilterTest
[ERROR] /usr/src/RPM/BUILD/maven-common-artifact-filters-3.2.0/src/test/java/org/apache/maven/shared/artifact/filter/AbstractPatternArtifactFilterTest.java:[302,9] cannot find symbol
  symbol:   method when(java.lang.String)
  location: class org.apache.maven.shared.artifact.filter.AbstractPatternArtifactFilterTest
[ERROR] /usr/src/RPM/BUILD/maven-common-artifact-filters-3.2.0/src/test/java/org/apache/maven/shared/artifact/filter/AbstractPatternArtifactFilterTest.java:[303,9] cannot find symbol
  symbol:   method when(java.util.List<java.lang.String>)
  location: class org.apache.maven.shared.artifact.filter.AbstractPatternArtifactFilterTest
[ERROR] /usr/src/RPM/BUILD/maven-common-artifact-filters-3.2.0/src/test/java/org/apache/maven/shared/artifact/filter/AbstractPatternArtifactFilterTest.java:[323,29] cannot find symbol
  symbol:   method mock(java.lang.Class<org.apache.maven.artifact.Artifact>)
  location: class org.apache.maven.shared.artifact.filter.AbstractPatternArtifactFilterTest
[ERROR] /usr/src/RPM/BUILD/maven-common-artifact-filters-3.2.0/src/test/java/org/apache/maven/shared/artifact/filter/AbstractPatternArtifactFilterTest.java:[324,9] cannot find symbol
  symbol:   method when(java.lang.String)
  location: class org.apache.maven.shared.artifact.filter.AbstractPatternArtifactFilterTest
[ERROR] /usr/src/RPM/BUILD/maven-common-artifact-filters-3.2.0/src/test/java/org/apache/maven/shared/artifact/filter/AbstractPatternArtifactFilterTest.java:[325,9] cannot find symbol
  symbol:   method when(java.lang.String)
  location: class org.apache.maven.shared.artifact.filter.AbstractPatternArtifactFilterTest
[ERROR] /usr/src/RPM/BUILD/maven-common-artifact-filters-3.2.0/src/test/java/org/apache/maven/shared/artifact/filter/AbstractPatternArtifactFilterTest.java:[326,9] cannot find symbol
  symbol:   method when(java.lang.String)
  location: class org.apache.maven.shared.artifact.filter.AbstractPatternArtifactFilterTest
[ERROR] /usr/src/RPM/BUILD/maven-common-artifact-filters-3.2.0/src/test/java/org/apache/maven/shared/artifact/filter/AbstractPatternArtifactFilterTest.java:[327,9] cannot find symbol
  symbol:   method when(java.lang.String)
  location: class org.apache.maven.shared.artifact.filter.AbstractPatternArtifactFilterTest
[ERROR] /usr/src/RPM/BUILD/maven-common-artifact-filters-3.2.0/src/test/java/org/apache/maven/shared/artifact/filter/AbstractPatternArtifactFilterTest.java:[350,29] cannot find symbol
  symbol:   method mock(java.lang.Class<org.apache.maven.artifact.Artifact>)
  location: class org.apache.maven.shared.artifact.filter.AbstractPatternArtifactFilterTest
[ERROR] /usr/src/RPM/BUILD/maven-common-artifact-filters-3.2.0/src/test/java/org/apache/maven/shared/artifact/filter/AbstractPatternArtifactFilterTest.java:[351,9] cannot find symbol
  symbol:   method when(java.lang.String)
  location: class org.apache.maven.shared.artifact.filter.AbstractPatternArtifactFilterTest
[ERROR] /usr/src/RPM/BUILD/maven-common-artifact-filters-3.2.0/src/test/java/org/apache/maven/shared/artifact/filter/AbstractPatternArtifactFilterTest.java:[352,9] cannot find symbol
  symbol:   method when(java.lang.String)
  location: class org.apache.maven.shared.artifact.filter.AbstractPatternArtifactFilterTest
[ERROR] /usr/src/RPM/BUILD/maven-common-artifact-filters-3.2.0/src/test/java/org/apache/maven/shared/artifact/filter/AbstractPatternArtifactFilterTest.java:[353,9] cannot find symbol
  symbol:   method when(java.lang.String)
  location: class org.apache.maven.shared.artifact.filter.AbstractPatternArtifactFilterTest
[ERROR] /usr/src/RPM/BUILD/maven-common-artifact-filters-3.2.0/src/test/java/org/apache/maven/shared/artifact/filter/AbstractPatternArtifactFilterTest.java:[354,9] cannot find symbol
  symbol:   method when(java.lang.String)
  location: class org.apache.maven.shared.artifact.filter.AbstractPatternArtifactFilterTest
[ERROR] /usr/src/RPM/BUILD/maven-common-artifact-filters-3.2.0/src/test/java/org/apache/maven/shared/artifact/filter/AbstractPatternArtifactFilterTest.java:[377,29] cannot find symbol
  symbol:   method mock(java.lang.Class<org.apache.maven.artifact.Artifact>)
  location: class org.apache.maven.shared.artifact.filter.AbstractPatternArtifactFilterTest
[ERROR] /usr/src/RPM/BUILD/maven-common-artifact-filters-3.2.0/src/test/java/org/apache/maven/shared/artifact/filter/AbstractPatternArtifactFilterTest.java:[379,9] cannot find symbol
  symbol:   method when(java.lang.String)
  location: class org.apache.maven.shared.artifact.filter.AbstractPatternArtifactFilterTest
[ERROR] /usr/src/RPM/BUILD/maven-common-artifact-filters-3.2.0/src/test/java/org/apache/maven/shared/artifact/filter/AbstractPatternArtifactFilterTest.java:[380,9] cannot find symbol
  symbol:   method when(java.lang.String)
  location: class org.apache.maven.shared.artifact.filter.AbstractPatternArtifactFilterTest
[ERROR] /usr/src/RPM/BUILD/maven-common-artifact-filters-3.2.0/src/test/java/org/apache/maven/shared/artifact/filter/AbstractPatternArtifactFilterTest.java:[381,9] cannot find symbol
  symbol:   method when(java.lang.String)
  location: class org.apache.maven.shared.artifact.filter.AbstractPatternArtifactFilterTest
[ERROR] /usr/src/RPM/BUILD/maven-common-artifact-filters-3.2.0/src/test/java/org/apache/maven/shared/artifact/filter/AbstractPatternArtifactFilterTest.java:[382,9] cannot find symbol
  symbol:   method when(java.lang.String)
  location: class org.apache.maven.shared.artifact.filter.AbstractPatternArtifactFilterTest
[ERROR] /usr/src/RPM/BUILD/maven-common-artifact-filters-3.2.0/src/test/java/org/apache/maven/shared/artifact/filter/AbstractPatternArtifactFilterTest.java:[405,29] cannot find symbol
  symbol:   method mock(java.lang.Class<org.apache.maven.artifact.Artifact>)
  location: class org.apache.maven.shared.artifact.filter.AbstractPatternArtifactFilterTest
[ERROR] /usr/src/RPM/BUILD/maven-common-artifact-filters-3.2.0/src/test/java/org/apache/maven/shared/artifact/filter/AbstractPatternArtifactFilterTest.java:[407,9] cannot find symbol
  symbol:   method when(java.lang.String)
  location: class org.apache.maven.shared.artifact.filter.AbstractPatternArtifactFilterTest
[ERROR] /usr/src/RPM/BUILD/maven-common-artifact-filters-3.2.0/src/test/java/org/apache/maven/shared/artifact/filter/AbstractPatternArtifactFilterTest.java:[408,9] cannot find symbol
  symbol:   method when(java.lang.String)
  location: class org.apache.maven.shared.artifact.filter.AbstractPatternArtifactFilterTest
[ERROR] /usr/src/RPM/BUILD/maven-common-artifact-filters-3.2.0/src/test/java/org/apache/maven/shared/artifact/filter/AbstractPatternArtifactFilterTest.java:[409,9] cannot find symbol
  symbol:   method when(java.lang.String)
  location: class org.apache.maven.shared.artifact.filter.AbstractPatternArtifactFilterTest
[ERROR] /usr/src/RPM/BUILD/maven-common-artifact-filters-3.2.0/src/test/java/org/apache/maven/shared/artifact/filter/AbstractPatternArtifactFilterTest.java:[410,9] cannot find symbol
  symbol:   method when(java.lang.String)
  location: class org.apache.maven.shared.artifact.filter.AbstractPatternArtifactFilterTest
[ERROR] /usr/src/RPM/BUILD/maven-common-artifact-filters-3.2.0/src/test/java/org/apache/maven/shared/artifact/filter/AbstractPatternArtifactFilterTest.java:[433,29] cannot find symbol
  symbol:   method mock(java.lang.Class<org.apache.maven.artifact.Artifact>)
  location: class org.apache.maven.shared.artifact.filter.AbstractPatternArtifactFilterTest
[ERROR] /usr/src/RPM/BUILD/maven-common-artifact-filters-3.2.0/src/test/java/org/apache/maven/shared/artifact/filter/AbstractPatternArtifactFilterTest.java:[435,9] cannot find symbol
  symbol:   method when(java.lang.String)
  location: class org.apache.maven.shared.artifact.filter.AbstractPatternArtifactFilterTest
[ERROR] /usr/src/RPM/BUILD/maven-common-artifact-filters-3.2.0/src/test/java/org/apache/maven/shared/artifact/filter/AbstractPatternArtifactFilterTest.java:[436,9] cannot find symbol
  symbol:   method when(java.lang.String)
  location: class org.apache.maven.shared.artifact.filter.AbstractPatternArtifactFilterTest
[ERROR] /usr/src/RPM/BUILD/maven-common-artifact-filters-3.2.0/src/test/java/org/apache/maven/shared/artifact/filter/AbstractPatternArtifactFilterTest.java:[437,9] cannot find symbol
  symbol:   method when(java.lang.String)
  location: class org.apache.maven.shared.artifact.filter.AbstractPatternArtifactFilterTest
[ERROR] /usr/src/RPM/BUILD/maven-common-artifact-filters-3.2.0/src/test/java/org/apache/maven/shared/artifact/filter/AbstractPatternArtifactFilterTest.java:[438,9] cannot find symbol
  symbol:   method when(java.lang.String)
  location: class org.apache.maven.shared.artifact.filter.AbstractPatternArtifactFilterTest
[ERROR] /usr/src/RPM/BUILD/maven-common-artifact-filters-3.2.0/src/test/java/org/apache/maven/shared/artifact/filter/AbstractPatternArtifactFilterTest.java:[467,30] cannot find symbol
  symbol:   method mock(java.lang.Class<org.apache.maven.artifact.Artifact>)
  location: class org.apache.maven.shared.artifact.filter.AbstractPatternArtifactFilterTest
[ERROR] /usr/src/RPM/BUILD/maven-common-artifact-filters-3.2.0/src/test/java/org/apache/maven/shared/artifact/filter/AbstractPatternArtifactFilterTest.java:[468,9] cannot find symbol
  symbol:   method when(java.lang.String)
  location: class org.apache.maven.shared.artifact.filter.AbstractPatternArtifactFilterTest
[ERROR] /usr/src/RPM/BUILD/maven-common-artifact-filters-3.2.0/src/test/java/org/apache/maven/shared/artifact/filter/AbstractPatternArtifactFilterTest.java:[469,9] cannot find symbol
  symbol:   method when(java.lang.String)
  location: class org.apache.maven.shared.artifact.filter.AbstractPatternArtifactFilterTest
[ERROR] /usr/src/RPM/BUILD/maven-common-artifact-filters-3.2.0/src/test/java/org/apache/maven/shared/artifact/filter/AbstractPatternArtifactFilterTest.java:[470,9] cannot find symbol
  symbol:   method when(java.lang.String)
  location: class org.apache.maven.shared.artifact.filter.AbstractPatternArtifactFilterTest
[ERROR] /usr/src/RPM/BUILD/maven-common-artifact-filters-3.2.0/src/test/java/org/apache/maven/shared/artifact/filter/AbstractPatternArtifactFilterTest.java:[471,9] cannot find symbol
  symbol:   method when(java.lang.String)
  location: class org.apache.maven.shared.artifact.filter.AbstractPatternArtifactFilterTest
[ERROR] /usr/src/RPM/BUILD/maven-common-artifact-filters-3.2.0/src/test/java/org/apache/maven/shared/artifact/filter/AbstractPatternArtifactFilterTest.java:[473,30] cannot find symbol
  symbol:   method mock(java.lang.Class<org.apache.maven.artifact.Artifact>)
  location: class org.apache.maven.shared.artifact.filter.AbstractPatternArtifactFilterTest
[ERROR] /usr/src/RPM/BUILD/maven-common-artifact-filters-3.2.0/src/test/java/org/apache/maven/shared/artifact/filter/AbstractPatternArtifactFilterTest.java:[474,9] cannot find symbol
  symbol:   method when(java.lang.String)
  location: class org.apache.maven.shared.artifact.filter.AbstractPatternArtifactFilterTest
[ERROR] /usr/src/RPM/BUILD/maven-common-artifact-filters-3.2.0/src/test/java/org/apache/maven/shared/artifact/filter/AbstractPatternArtifactFilterTest.java:[475,9] cannot find symbol
  symbol:   method when(java.lang.String)
  location: class org.apache.maven.shared.artifact.filter.AbstractPatternArtifactFilterTest
[ERROR] /usr/src/RPM/BUILD/maven-common-artifact-filters-3.2.0/src/test/java/org/apache/maven/shared/artifact/filter/AbstractPatternArtifactFilterTest.java:[476,9] cannot find symbol
  symbol:   method when(java.lang.String)
  location: class org.apache.maven.shared.artifact.filter.AbstractPatternArtifactFilterTest
[ERROR] /usr/src/RPM/BUILD/maven-common-artifact-filters-3.2.0/src/test/java/org/apache/maven/shared/artifact/filter/AbstractPatternArtifactFilterTest.java:[477,9] cannot find symbol
  symbol:   method when(java.lang.String)
  location: class org.apache.maven.shared.artifact.filter.AbstractPatternArtifactFilterTest
[INFO] 100 errors 
[INFO] -------------------------------------------------------------
[INFO] 
[INFO] ------------------------------------------------------------------------
[INFO] Skipping Apache Maven Common Artifact Filters
[INFO] This project has been banned from the build due to previous failures.
[INFO] ------------------------------------------------------------------------
[INFO] ------------------------------------------------------------------------
[INFO] BUILD FAILURE
[INFO] ------------------------------------------------------------------------
[INFO] Total time:  2.647 s
[INFO] Finished at: 2025-05-16T03:11:27Z
[INFO] ------------------------------------------------------------------------
[ERROR] Failed to execute goal org.apache.maven.plugins:maven-compiler-plugin:3.8.1:testCompile (default-testCompile) on project maven-common-artifact-filters: Compilation failure: Compilation failure: 
[ERROR] /usr/src/RPM/BUILD/maven-common-artifact-filters-3.2.0/src/test/java/org/apache/maven/shared/artifact/filter/AbstractPatternArtifactFilterTest.java:[24,26] package org.mockito does not exist
[ERROR] /usr/src/RPM/BUILD/maven-common-artifact-filters-3.2.0/src/test/java/org/apache/maven/shared/artifact/filter/AbstractPatternArtifactFilterTest.java:[24,1] static import only from classes and interfaces
[ERROR] /usr/src/RPM/BUILD/maven-common-artifact-filters-3.2.0/src/test/java/org/apache/maven/shared/artifact/filter/AbstractPatternArtifactFilterTest.java:[25,26] package org.mockito does not exist
[ERROR] /usr/src/RPM/BUILD/maven-common-artifact-filters-3.2.0/src/test/java/org/apache/maven/shared/artifact/filter/AbstractPatternArtifactFilterTest.java:[25,1] static import only from classes and interfaces
[ERROR] /usr/src/RPM/BUILD/maven-common-artifact-filters-3.2.0/src/test/java/org/apache/maven/shared/artifact/filter/ScopeArtifactFilterTest.java:[24,26] package org.mockito does not exist
[ERROR] /usr/src/RPM/BUILD/maven-common-artifact-filters-3.2.0/src/test/java/org/apache/maven/shared/artifact/filter/ScopeArtifactFilterTest.java:[24,1] static import only from classes and interfaces
[ERROR] /usr/src/RPM/BUILD/maven-common-artifact-filters-3.2.0/src/test/java/org/apache/maven/shared/artifact/filter/ScopeArtifactFilterTest.java:[25,26] package org.mockito does not exist
[ERROR] /usr/src/RPM/BUILD/maven-common-artifact-filters-3.2.0/src/test/java/org/apache/maven/shared/artifact/filter/ScopeArtifactFilterTest.java:[25,1] static import only from classes and interfaces
[ERROR] /usr/src/RPM/BUILD/maven-common-artifact-filters-3.2.0/src/test/java/org/apache/maven/shared/artifact/filter/AbstractPatternArtifactFilterTest.java:[54,30] cannot find symbol
[ERROR]   symbol:   method mock(java.lang.Class<org.apache.maven.artifact.Artifact>)
[ERROR]   location: class org.apache.maven.shared.artifact.filter.AbstractPatternArtifactFilterTest
[ERROR] /usr/src/RPM/BUILD/maven-common-artifact-filters-3.2.0/src/test/java/org/apache/maven/shared/artifact/filter/AbstractPatternArtifactFilterTest.java:[55,9] cannot find symbol
[ERROR]   symbol:   method when(java.lang.String)
[ERROR]   location: class org.apache.maven.shared.artifact.filter.AbstractPatternArtifactFilterTest
[ERROR] /usr/src/RPM/BUILD/maven-common-artifact-filters-3.2.0/src/test/java/org/apache/maven/shared/artifact/filter/AbstractPatternArtifactFilterTest.java:[56,9] cannot find symbol
[ERROR]   symbol:   method when(java.lang.String)
[ERROR]   location: class org.apache.maven.shared.artifact.filter.AbstractPatternArtifactFilterTest
[ERROR] /usr/src/RPM/BUILD/maven-common-artifact-filters-3.2.0/src/test/java/org/apache/maven/shared/artifact/filter/AbstractPatternArtifactFilterTest.java:[57,9] cannot find symbol
[ERROR]   symbol:   method when(java.lang.String)
[ERROR]   location: class org.apache.maven.shared.artifact.filter.AbstractPatternArtifactFilterTest
[ERROR] /usr/src/RPM/BUILD/maven-common-artifact-filters-3.2.0/src/test/java/org/apache/maven/shared/artifact/filter/AbstractPatternArtifactFilterTest.java:[58,9] cannot find symbol
[ERROR]   symbol:   method when(java.lang.String)
[ERROR]   location: class org.apache.maven.shared.artifact.filter.AbstractPatternArtifactFilterTest
[ERROR] /usr/src/RPM/BUILD/maven-common-artifact-filters-3.2.0/src/test/java/org/apache/maven/shared/artifact/filter/AbstractPatternArtifactFilterTest.java:[60,30] cannot find symbol
[ERROR]   symbol:   method mock(java.lang.Class<org.apache.maven.artifact.Artifact>)
[ERROR]   location: class org.apache.maven.shared.artifact.filter.AbstractPatternArtifactFilterTest
[ERROR] /usr/src/RPM/BUILD/maven-common-artifact-filters-3.2.0/src/test/java/org/apache/maven/shared/artifact/filter/AbstractPatternArtifactFilterTest.java:[61,9] cannot find symbol
[ERROR]   symbol:   method when(java.lang.String)
[ERROR]   location: class org.apache.maven.shared.artifact.filter.AbstractPatternArtifactFilterTest
[ERROR] /usr/src/RPM/BUILD/maven-common-artifact-filters-3.2.0/src/test/java/org/apache/maven/shared/artifact/filter/AbstractPatternArtifactFilterTest.java:[62,9] cannot find symbol
[ERROR]   symbol:   method when(java.lang.String)
[ERROR]   location: class org.apache.maven.shared.artifact.filter.AbstractPatternArtifactFilterTest
[ERROR] /usr/src/RPM/BUILD/maven-common-artifact-filters-3.2.0/src/test/java/org/apache/maven/shared/artifact/filter/AbstractPatternArtifactFilterTest.java:[63,9] cannot find symbol
[ERROR]   symbol:   method when(java.lang.String)
[ERROR]   location: class org.apache.maven.shared.artifact.filter.AbstractPatternArtifactFilterTest
[ERROR] /usr/src/RPM/BUILD/maven-common-artifact-filters-3.2.0/src/test/java/org/apache/maven/shared/artifact/filter/AbstractPatternArtifactFilterTest.java:[64,9] cannot find symbol
[ERROR]   symbol:   method when(java.lang.String)
[ERROR]   location: class org.apache.maven.shared.artifact.filter.AbstractPatternArtifactFilterTest
[ERROR] /usr/src/RPM/BUILD/maven-common-artifact-filters-3.2.0/src/test/java/org/apache/maven/shared/artifact/filter/AbstractPatternArtifactFilterTest.java:[93,30] cannot find symbol
[ERROR]   symbol:   method mock(java.lang.Class<org.apache.maven.artifact.Artifact>)
[ERROR]   location: class org.apache.maven.shared.artifact.filter.AbstractPatternArtifactFilterTest
[ERROR] /usr/src/RPM/BUILD/maven-common-artifact-filters-3.2.0/src/test/java/org/apache/maven/shared/artifact/filter/AbstractPatternArtifactFilterTest.java:[94,9] cannot find symbol
[ERROR]   symbol:   method when(java.lang.String)
[ERROR]   location: class org.apache.maven.shared.artifact.filter.AbstractPatternArtifactFilterTest
[ERROR] /usr/src/RPM/BUILD/maven-common-artifact-filters-3.2.0/src/test/java/org/apache/maven/shared/artifact/filter/AbstractPatternArtifactFilterTest.java:[95,9] cannot find symbol
[ERROR]   symbol:   method when(java.lang.String)
[ERROR]   location: class org.apache.maven.shared.artifact.filter.AbstractPatternArtifactFilterTest
[ERROR] /usr/src/RPM/BUILD/maven-common-artifact-filters-3.2.0/src/test/java/org/apache/maven/shared/artifact/filter/AbstractPatternArtifactFilterTest.java:[96,9] cannot find symbol
[ERROR]   symbol:   method when(java.lang.String)
[ERROR]   location: class org.apache.maven.shared.artifact.filter.AbstractPatternArtifactFilterTest
[ERROR] /usr/src/RPM/BUILD/maven-common-artifact-filters-3.2.0/src/test/java/org/apache/maven/shared/artifact/filter/AbstractPatternArtifactFilterTest.java:[97,9] cannot find symbol
[ERROR]   symbol:   method when(java.lang.String)
[ERROR]   location: class org.apache.maven.shared.artifact.filter.AbstractPatternArtifactFilterTest
[ERROR] /usr/src/RPM/BUILD/maven-common-artifact-filters-3.2.0/src/test/java/org/apache/maven/shared/artifact/filter/AbstractPatternArtifactFilterTest.java:[99,30] cannot find symbol
[ERROR]   symbol:   method mock(java.lang.Class<org.apache.maven.artifact.Artifact>)
[ERROR]   location: class org.apache.maven.shared.artifact.filter.AbstractPatternArtifactFilterTest
[ERROR] /usr/src/RPM/BUILD/maven-common-artifact-filters-3.2.0/src/test/java/org/apache/maven/shared/artifact/filter/AbstractPatternArtifactFilterTest.java:[100,9] cannot find symbol
[ERROR]   symbol:   method when(java.lang.String)
[ERROR]   location: class org.apache.maven.shared.artifact.filter.AbstractPatternArtifactFilterTest
[ERROR] /usr/src/RPM/BUILD/maven-common-artifact-filters-3.2.0/src/test/java/org/apache/maven/shared/artifact/filter/AbstractPatternArtifactFilterTest.java:[101,9] cannot find symbol
[ERROR]   symbol:   method when(java.lang.String)
[ERROR]   location: class org.apache.maven.shared.artifact.filter.AbstractPatternArtifactFilterTest
[ERROR] /usr/src/RPM/BUILD/maven-common-artifact-filters-3.2.0/src/test/java/org/apache/maven/shared/artifact/filter/AbstractPatternArtifactFilterTest.java:[102,9] cannot find symbol
[ERROR]   symbol:   method when(java.lang.String)
[ERROR]   location: class org.apache.maven.shared.artifact.filter.AbstractPatternArtifactFilterTest
[ERROR] /usr/src/RPM/BUILD/maven-common-artifact-filters-3.2.0/src/test/java/org/apache/maven/shared/artifact/filter/AbstractPatternArtifactFilterTest.java:[103,9] cannot find symbol
[ERROR]   symbol:   method when(java.lang.String)
[ERROR]   location: class org.apache.maven.shared.artifact.filter.AbstractPatternArtifactFilterTest
[ERROR] /usr/src/RPM/BUILD/maven-common-artifact-filters-3.2.0/src/test/java/org/apache/maven/shared/artifact/filter/AbstractPatternArtifactFilterTest.java:[129,29] cannot find symbol
[ERROR]   symbol:   method mock(java.lang.Class<org.apache.maven.artifact.Artifact>)
[ERROR]   location: class org.apache.maven.shared.artifact.filter.AbstractPatternArtifactFilterTest
[ERROR] /usr/src/RPM/BUILD/maven-common-artifact-filters-3.2.0/src/test/java/org/apache/maven/shared/artifact/filter/AbstractPatternArtifactFilterTest.java:[130,9] cannot find symbol
[ERROR]   symbol:   method when(java.lang.String)
[ERROR]   location: class org.apache.maven.shared.artifact.filter.AbstractPatternArtifactFilterTest
[ERROR] /usr/src/RPM/BUILD/maven-common-artifact-filters-3.2.0/src/test/java/org/apache/maven/shared/artifact/filter/AbstractPatternArtifactFilterTest.java:[131,9] cannot find symbol
[ERROR]   symbol:   method when(java.lang.String)
[ERROR]   location: class org.apache.maven.shared.artifact.filter.AbstractPatternArtifactFilterTest
[ERROR] /usr/src/RPM/BUILD/maven-common-artifact-filters-3.2.0/src/test/java/org/apache/maven/shared/artifact/filter/AbstractPatternArtifactFilterTest.java:[132,9] cannot find symbol
[ERROR]   symbol:   method when(java.lang.String)
[ERROR]   location: class org.apache.maven.shared.artifact.filter.AbstractPatternArtifactFilterTest
[ERROR] /usr/src/RPM/BUILD/maven-common-artifact-filters-3.2.0/src/test/java/org/apache/maven/shared/artifact/filter/AbstractPatternArtifactFilterTest.java:[133,9] cannot find symbol
[ERROR]   symbol:   method when(java.lang.String)
[ERROR]   location: class org.apache.maven.shared.artifact.filter.AbstractPatternArtifactFilterTest
[ERROR] /usr/src/RPM/BUILD/maven-common-artifact-filters-3.2.0/src/test/java/org/apache/maven/shared/artifact/filter/AbstractPatternArtifactFilterTest.java:[153,29] cannot find symbol
[ERROR]   symbol:   method mock(java.lang.Class<org.apache.maven.artifact.Artifact>)
[ERROR]   location: class org.apache.maven.shared.artifact.filter.AbstractPatternArtifactFilterTest
[ERROR] /usr/src/RPM/BUILD/maven-common-artifact-filters-3.2.0/src/test/java/org/apache/maven/shared/artifact/filter/AbstractPatternArtifactFilterTest.java:[154,9] cannot find symbol
[ERROR]   symbol:   method when(java.lang.String)
[ERROR]   location: class org.apache.maven.shared.artifact.filter.AbstractPatternArtifactFilterTest
[ERROR] /usr/src/RPM/BUILD/maven-common-artifact-filters-3.2.0/src/test/java/org/apache/maven/shared/artifact/filter/AbstractPatternArtifactFilterTest.java:[155,9] cannot find symbol
[ERROR]   symbol:   method when(java.lang.String)
[ERROR]   location: class org.apache.maven.shared.artifact.filter.AbstractPatternArtifactFilterTest
[ERROR] /usr/src/RPM/BUILD/maven-common-artifact-filters-3.2.0/src/test/java/org/apache/maven/shared/artifact/filter/AbstractPatternArtifactFilterTest.java:[156,9] cannot find symbol
[ERROR]   symbol:   method when(java.lang.String)
[ERROR]   location: class org.apache.maven.shared.artifact.filter.AbstractPatternArtifactFilterTest
[ERROR] /usr/src/RPM/BUILD/maven-common-artifact-filters-3.2.0/src/test/java/org/apache/maven/shared/artifact/filter/AbstractPatternArtifactFilterTest.java:[157,9] cannot find symbol
[ERROR]   symbol:   method when(java.lang.String)
[ERROR]   location: class org.apache.maven.shared.artifact.filter.AbstractPatternArtifactFilterTest
[ERROR] /usr/src/RPM/BUILD/maven-common-artifact-filters-3.2.0/src/test/java/org/apache/maven/shared/artifact/filter/AbstractPatternArtifactFilterTest.java:[177,29] cannot find symbol
[ERROR]   symbol:   method mock(java.lang.Class<org.apache.maven.artifact.Artifact>)
[ERROR]   location: class org.apache.maven.shared.artifact.filter.AbstractPatternArtifactFilterTest
[ERROR] /usr/src/RPM/BUILD/maven-common-artifact-filters-3.2.0/src/test/java/org/apache/maven/shared/artifact/filter/AbstractPatternArtifactFilterTest.java:[178,9] cannot find symbol
[ERROR]   symbol:   method when(java.lang.String)
[ERROR]   location: class org.apache.maven.shared.artifact.filter.AbstractPatternArtifactFilterTest
[ERROR] /usr/src/RPM/BUILD/maven-common-artifact-filters-3.2.0/src/test/java/org/apache/maven/shared/artifact/filter/AbstractPatternArtifactFilterTest.java:[179,9] cannot find symbol
[ERROR]   symbol:   method when(java.lang.String)
[ERROR]   location: class org.apache.maven.shared.artifact.filter.AbstractPatternArtifactFilterTest
[ERROR] /usr/src/RPM/BUILD/maven-common-artifact-filters-3.2.0/src/test/java/org/apache/maven/shared/artifact/filter/AbstractPatternArtifactFilterTest.java:[180,9] cannot find symbol
[ERROR]   symbol:   method when(java.lang.String)
[ERROR]   location: class org.apache.maven.shared.artifact.filter.AbstractPatternArtifactFilterTest
[ERROR] /usr/src/RPM/BUILD/maven-common-artifact-filters-3.2.0/src/test/java/org/apache/maven/shared/artifact/filter/AbstractPatternArtifactFilterTest.java:[181,9] cannot find symbol
[ERROR]   symbol:   method when(java.lang.String)
[ERROR]   location: class org.apache.maven.shared.artifact.filter.AbstractPatternArtifactFilterTest
[ERROR] /usr/src/RPM/BUILD/maven-common-artifact-filters-3.2.0/src/test/java/org/apache/maven/shared/artifact/filter/AbstractPatternArtifactFilterTest.java:[205,29] cannot find symbol
[ERROR]   symbol:   method mock(java.lang.Class<org.apache.maven.artifact.Artifact>)
[ERROR]   location: class org.apache.maven.shared.artifact.filter.AbstractPatternArtifactFilterTest
[ERROR] /usr/src/RPM/BUILD/maven-common-artifact-filters-3.2.0/src/test/java/org/apache/maven/shared/artifact/filter/AbstractPatternArtifactFilterTest.java:[206,9] cannot find symbol
[ERROR]   symbol:   method when(java.lang.String)
[ERROR]   location: class org.apache.maven.shared.artifact.filter.AbstractPatternArtifactFilterTest
[ERROR] /usr/src/RPM/BUILD/maven-common-artifact-filters-3.2.0/src/test/java/org/apache/maven/shared/artifact/filter/AbstractPatternArtifactFilterTest.java:[207,9] cannot find symbol
[ERROR]   symbol:   method when(java.lang.String)
[ERROR]   location: class org.apache.maven.shared.artifact.filter.AbstractPatternArtifactFilterTest
[ERROR] /usr/src/RPM/BUILD/maven-common-artifact-filters-3.2.0/src/test/java/org/apache/maven/shared/artifact/filter/AbstractPatternArtifactFilterTest.java:[208,9] cannot find symbol
[ERROR]   symbol:   method when(java.lang.String)
[ERROR]   location: class org.apache.maven.shared.artifact.filter.AbstractPatternArtifactFilterTest
[ERROR] /usr/src/RPM/BUILD/maven-common-artifact-filters-3.2.0/src/test/java/org/apache/maven/shared/artifact/filter/AbstractPatternArtifactFilterTest.java:[209,9] cannot find symbol
[ERROR]   symbol:   method when(java.lang.String)
[ERROR]   location: class org.apache.maven.shared.artifact.filter.AbstractPatternArtifactFilterTest
[ERROR] /usr/src/RPM/BUILD/maven-common-artifact-filters-3.2.0/src/test/java/org/apache/maven/shared/artifact/filter/AbstractPatternArtifactFilterTest.java:[233,29] cannot find symbol
[ERROR]   symbol:   method mock(java.lang.Class<org.apache.maven.artifact.Artifact>)
[ERROR]   location: class org.apache.maven.shared.artifact.filter.AbstractPatternArtifactFilterTest
[ERROR] /usr/src/RPM/BUILD/maven-common-artifact-filters-3.2.0/src/test/java/org/apache/maven/shared/artifact/filter/AbstractPatternArtifactFilterTest.java:[234,9] cannot find symbol
[ERROR]   symbol:   method when(java.lang.String)
[ERROR]   location: class org.apache.maven.shared.artifact.filter.AbstractPatternArtifactFilterTest
[ERROR] /usr/src/RPM/BUILD/maven-common-artifact-filters-3.2.0/src/test/java/org/apache/maven/shared/artifact/filter/AbstractPatternArtifactFilterTest.java:[235,9] cannot find symbol
[ERROR]   symbol:   method when(java.lang.String)
[ERROR]   location: class org.apache.maven.shared.artifact.filter.AbstractPatternArtifactFilterTest
[ERROR] /usr/src/RPM/BUILD/maven-common-artifact-filters-3.2.0/src/test/java/org/apache/maven/shared/artifact/filter/AbstractPatternArtifactFilterTest.java:[236,9] cannot find symbol
[ERROR]   symbol:   method when(java.lang.String)
[ERROR]   location: class org.apache.maven.shared.artifact.filter.AbstractPatternArtifactFilterTest
[ERROR] /usr/src/RPM/BUILD/maven-common-artifact-filters-3.2.0/src/test/java/org/apache/maven/shared/artifact/filter/AbstractPatternArtifactFilterTest.java:[237,9] cannot find symbol
[ERROR]   symbol:   method when(java.lang.String)
[ERROR]   location: class org.apache.maven.shared.artifact.filter.AbstractPatternArtifactFilterTest
[ERROR] /usr/src/RPM/BUILD/maven-common-artifact-filters-3.2.0/src/test/java/org/apache/maven/shared/artifact/filter/AbstractPatternArtifactFilterTest.java:[267,29] cannot find symbol
[ERROR]   symbol:   method mock(java.lang.Class<org.apache.maven.artifact.Artifact>)
[ERROR]   location: class org.apache.maven.shared.artifact.filter.AbstractPatternArtifactFilterTest
[ERROR] /usr/src/RPM/BUILD/maven-common-artifact-filters-3.2.0/src/test/java/org/apache/maven/shared/artifact/filter/AbstractPatternArtifactFilterTest.java:[268,9] cannot find symbol
[ERROR]   symbol:   method when(java.lang.String)
[ERROR]   location: class org.apache.maven.shared.artifact.filter.AbstractPatternArtifactFilterTest
[ERROR] /usr/src/RPM/BUILD/maven-common-artifact-filters-3.2.0/src/test/java/org/apache/maven/shared/artifact/filter/AbstractPatternArtifactFilterTest.java:[269,9] cannot find symbol
[ERROR]   symbol:   method when(java.lang.String)
[ERROR]   location: class org.apache.maven.shared.artifact.filter.AbstractPatternArtifactFilterTest
[ERROR] /usr/src/RPM/BUILD/maven-common-artifact-filters-3.2.0/src/test/java/org/apache/maven/shared/artifact/filter/AbstractPatternArtifactFilterTest.java:[270,9] cannot find symbol
[ERROR]   symbol:   method when(java.lang.String)
[ERROR]   location: class org.apache.maven.shared.artifact.filter.AbstractPatternArtifactFilterTest
[ERROR] /usr/src/RPM/BUILD/maven-common-artifact-filters-3.2.0/src/test/java/org/apache/maven/shared/artifact/filter/AbstractPatternArtifactFilterTest.java:[271,9] cannot find symbol
[ERROR]   symbol:   method when(java.lang.String)
[ERROR]   location: class org.apache.maven.shared.artifact.filter.AbstractPatternArtifactFilterTest
[ERROR] /usr/src/RPM/BUILD/maven-common-artifact-filters-3.2.0/src/test/java/org/apache/maven/shared/artifact/filter/AbstractPatternArtifactFilterTest.java:[272,9] cannot find symbol
[ERROR]   symbol:   method when(java.util.List<java.lang.String>)
[ERROR]   location: class org.apache.maven.shared.artifact.filter.AbstractPatternArtifactFilterTest
[ERROR] /usr/src/RPM/BUILD/maven-common-artifact-filters-3.2.0/src/test/java/org/apache/maven/shared/artifact/filter/AbstractPatternArtifactFilterTest.java:[298,29] cannot find symbol
[ERROR]   symbol:   method mock(java.lang.Class<org.apache.maven.artifact.Artifact>)
[ERROR]   location: class org.apache.maven.shared.artifact.filter.AbstractPatternArtifactFilterTest
[ERROR] /usr/src/RPM/BUILD/maven-common-artifact-filters-3.2.0/src/test/java/org/apache/maven/shared/artifact/filter/AbstractPatternArtifactFilterTest.java:[299,9] cannot find symbol
[ERROR]   symbol:   method when(java.lang.String)
[ERROR]   location: class org.apache.maven.shared.artifact.filter.AbstractPatternArtifactFilterTest
[ERROR] /usr/src/RPM/BUILD/maven-common-artifact-filters-3.2.0/src/test/java/org/apache/maven/shared/artifact/filter/AbstractPatternArtifactFilterTest.java:[300,9] cannot find symbol
[ERROR]   symbol:   method when(java.lang.String)
[ERROR]   location: class org.apache.maven.shared.artifact.filter.AbstractPatternArtifactFilterTest
[ERROR] /usr/src/RPM/BUILD/maven-common-artifact-filters-3.2.0/src/test/java/org/apache/maven/shared/artifact/filter/AbstractPatternArtifactFilterTest.java:[301,9] cannot find symbol
[ERROR]   symbol:   method when(java.lang.String)
[ERROR]   location: class org.apache.maven.shared.artifact.filter.AbstractPatternArtifactFilterTest
[ERROR] /usr/src/RPM/BUILD/maven-common-artifact-filters-3.2.0/src/test/java/org/apache/maven/shared/artifact/filter/AbstractPatternArtifactFilterTest.java:[302,9] cannot find symbol
[ERROR]   symbol:   method when(java.lang.String)
[ERROR]   location: class org.apache.maven.shared.artifact.filter.AbstractPatternArtifactFilterTest
[ERROR] /usr/src/RPM/BUILD/maven-common-artifact-filters-3.2.0/src/test/java/org/apache/maven/shared/artifact/filter/AbstractPatternArtifactFilterTest.java:[303,9] cannot find symbol
[ERROR]   symbol:   method when(java.util.List<java.lang.String>)
[ERROR]   location: class org.apache.maven.shared.artifact.filter.AbstractPatternArtifactFilterTest
[ERROR] /usr/src/RPM/BUILD/maven-common-artifact-filters-3.2.0/src/test/java/org/apache/maven/shared/artifact/filter/AbstractPatternArtifactFilterTest.java:[323,29] cannot find symbol
[ERROR]   symbol:   method mock(java.lang.Class<org.apache.maven.artifact.Artifact>)
[ERROR]   location: class org.apache.maven.shared.artifact.filter.AbstractPatternArtifactFilterTest
[ERROR] /usr/src/RPM/BUILD/maven-common-artifact-filters-3.2.0/src/test/java/org/apache/maven/shared/artifact/filter/AbstractPatternArtifactFilterTest.java:[324,9] cannot find symbol
[ERROR]   symbol:   method when(java.lang.String)
[ERROR]   location: class org.apache.maven.shared.artifact.filter.AbstractPatternArtifactFilterTest
[ERROR] /usr/src/RPM/BUILD/maven-common-artifact-filters-3.2.0/src/test/java/org/apache/maven/shared/artifact/filter/AbstractPatternArtifactFilterTest.java:[325,9] cannot find symbol
[ERROR]   symbol:   method when(java.lang.String)
[ERROR]   location: class org.apache.maven.shared.artifact.filter.AbstractPatternArtifactFilterTest
[ERROR] /usr/src/RPM/BUILD/maven-common-artifact-filters-3.2.0/src/test/java/org/apache/maven/shared/artifact/filter/AbstractPatternArtifactFilterTest.java:[326,9] cannot find symbol
[ERROR]   symbol:   method when(java.lang.String)
[ERROR]   location: class org.apache.maven.shared.artifact.filter.AbstractPatternArtifactFilterTest
[ERROR] /usr/src/RPM/BUILD/maven-common-artifact-filters-3.2.0/src/test/java/org/apache/maven/shared/artifact/filter/AbstractPatternArtifactFilterTest.java:[327,9] cannot find symbol
[ERROR]   symbol:   method when(java.lang.String)
[ERROR]   location: class org.apache.maven.shared.artifact.filter.AbstractPatternArtifactFilterTest
[ERROR] /usr/src/RPM/BUILD/maven-common-artifact-filters-3.2.0/src/test/java/org/apache/maven/shared/artifact/filter/AbstractPatternArtifactFilterTest.java:[350,29] cannot find symbol
[ERROR]   symbol:   method mock(java.lang.Class<org.apache.maven.artifact.Artifact>)
[ERROR]   location: class org.apache.maven.shared.artifact.filter.AbstractPatternArtifactFilterTest
[ERROR] /usr/src/RPM/BUILD/maven-common-artifact-filters-3.2.0/src/test/java/org/apache/maven/shared/artifact/filter/AbstractPatternArtifactFilterTest.java:[351,9] cannot find symbol
[ERROR]   symbol:   method when(java.lang.String)
[ERROR]   location: class org.apache.maven.shared.artifact.filter.AbstractPatternArtifactFilterTest
[ERROR] /usr/src/RPM/BUILD/maven-common-artifact-filters-3.2.0/src/test/java/org/apache/maven/shared/artifact/filter/AbstractPatternArtifactFilterTest.java:[352,9] cannot find symbol
[ERROR]   symbol:   method when(java.lang.String)
[ERROR]   location: class org.apache.maven.shared.artifact.filter.AbstractPatternArtifactFilterTest
[ERROR] /usr/src/RPM/BUILD/maven-common-artifact-filters-3.2.0/src/test/java/org/apache/maven/shared/artifact/filter/AbstractPatternArtifactFilterTest.java:[353,9] cannot find symbol
[ERROR]   symbol:   method when(java.lang.String)
[ERROR]   location: class org.apache.maven.shared.artifact.filter.AbstractPatternArtifactFilterTest
[ERROR] /usr/src/RPM/BUILD/maven-common-artifact-filters-3.2.0/src/test/java/org/apache/maven/shared/artifact/filter/AbstractPatternArtifactFilterTest.java:[354,9] cannot find symbol
[ERROR]   symbol:   method when(java.lang.String)
[ERROR]   location: class org.apache.maven.shared.artifact.filter.AbstractPatternArtifactFilterTest
[ERROR] /usr/src/RPM/BUILD/maven-common-artifact-filters-3.2.0/src/test/java/org/apache/maven/shared/artifact/filter/AbstractPatternArtifactFilterTest.java:[377,29] cannot find symbol
[ERROR]   symbol:   method mock(java.lang.Class<org.apache.maven.artifact.Artifact>)
[ERROR]   location: class org.apache.maven.shared.artifact.filter.AbstractPatternArtifactFilterTest
[ERROR] /usr/src/RPM/BUILD/maven-common-artifact-filters-3.2.0/src/test/java/org/apache/maven/shared/artifact/filter/AbstractPatternArtifactFilterTest.java:[379,9] cannot find symbol
[ERROR]   symbol:   method when(java.lang.String)
[ERROR]   location: class org.apache.maven.shared.artifact.filter.AbstractPatternArtifactFilterTest
[ERROR] /usr/src/RPM/BUILD/maven-common-artifact-filters-3.2.0/src/test/java/org/apache/maven/shared/artifact/filter/AbstractPatternArtifactFilterTest.java:[380,9] cannot find symbol
[ERROR]   symbol:   method when(java.lang.String)
[ERROR]   location: class org.apache.maven.shared.artifact.filter.AbstractPatternArtifactFilterTest
[ERROR] /usr/src/RPM/BUILD/maven-common-artifact-filters-3.2.0/src/test/java/org/apache/maven/shared/artifact/filter/AbstractPatternArtifactFilterTest.java:[381,9] cannot find symbol
[ERROR]   symbol:   method when(java.lang.String)
[ERROR]   location: class org.apache.maven.shared.artifact.filter.AbstractPatternArtifactFilterTest
[ERROR] /usr/src/RPM/BUILD/maven-common-artifact-filters-3.2.0/src/test/java/org/apache/maven/shared/artifact/filter/AbstractPatternArtifactFilterTest.java:[382,9] cannot find symbol
[ERROR]   symbol:   method when(java.lang.String)
[ERROR]   location: class org.apache.maven.shared.artifact.filter.AbstractPatternArtifactFilterTest
[ERROR] /usr/src/RPM/BUILD/maven-common-artifact-filters-3.2.0/src/test/java/org/apache/maven/shared/artifact/filter/AbstractPatternArtifactFilterTest.java:[405,29] cannot find symbol
[ERROR]   symbol:   method mock(java.lang.Class<org.apache.maven.artifact.Artifact>)
[ERROR]   location: class org.apache.maven.shared.artifact.filter.AbstractPatternArtifactFilterTest
[ERROR] /usr/src/RPM/BUILD/maven-common-artifact-filters-3.2.0/src/test/java/org/apache/maven/shared/artifact/filter/AbstractPatternArtifactFilterTest.java:[407,9] cannot find symbol
[ERROR]   symbol:   method when(java.lang.String)
[ERROR]   location: class org.apache.maven.shared.artifact.filter.AbstractPatternArtifactFilterTest
[ERROR] /usr/src/RPM/BUILD/maven-common-artifact-filters-3.2.0/src/test/java/org/apache/maven/shared/artifact/filter/AbstractPatternArtifactFilterTest.java:[408,9] cannot find symbol
[ERROR]   symbol:   method when(java.lang.String)
[ERROR]   location: class org.apache.maven.shared.artifact.filter.AbstractPatternArtifactFilterTest
[ERROR] /usr/src/RPM/BUILD/maven-common-artifact-filters-3.2.0/src/test/java/org/apache/maven/shared/artifact/filter/AbstractPatternArtifactFilterTest.java:[409,9] cannot find symbol
[ERROR]   symbol:   method when(java.lang.String)
[ERROR]   location: class org.apache.maven.shared.artifact.filter.AbstractPatternArtifactFilterTest
[ERROR] /usr/src/RPM/BUILD/maven-common-artifact-filters-3.2.0/src/test/java/org/apache/maven/shared/artifact/filter/AbstractPatternArtifactFilterTest.java:[410,9] cannot find symbol
[ERROR]   symbol:   method when(java.lang.String)
[ERROR]   location: class org.apache.maven.shared.artifact.filter.AbstractPatternArtifactFilterTest
[ERROR] /usr/src/RPM/BUILD/maven-common-artifact-filters-3.2.0/src/test/java/org/apache/maven/shared/artifact/filter/AbstractPatternArtifactFilterTest.java:[433,29] cannot find symbol
[ERROR]   symbol:   method mock(java.lang.Class<org.apache.maven.artifact.Artifact>)
[ERROR]   location: class org.apache.maven.shared.artifact.filter.AbstractPatternArtifactFilterTest
[ERROR] /usr/src/RPM/BUILD/maven-common-artifact-filters-3.2.0/src/test/java/org/apache/maven/shared/artifact/filter/AbstractPatternArtifactFilterTest.java:[435,9] cannot find symbol
[ERROR]   symbol:   method when(java.lang.String)
[ERROR]   location: class org.apache.maven.shared.artifact.filter.AbstractPatternArtifactFilterTest
[ERROR] /usr/src/RPM/BUILD/maven-common-artifact-filters-3.2.0/src/test/java/org/apache/maven/shared/artifact/filter/AbstractPatternArtifactFilterTest.java:[436,9] cannot find symbol
[ERROR]   symbol:   method when(java.lang.String)
[ERROR]   location: class org.apache.maven.shared.artifact.filter.AbstractPatternArtifactFilterTest
[ERROR] /usr/src/RPM/BUILD/maven-common-artifact-filters-3.2.0/src/test/java/org/apache/maven/shared/artifact/filter/AbstractPatternArtifactFilterTest.java:[437,9] cannot find symbol
[ERROR]   symbol:   method when(java.lang.String)
[ERROR]   location: class org.apache.maven.shared.artifact.filter.AbstractPatternArtifactFilterTest
[ERROR] /usr/src/RPM/BUILD/maven-common-artifact-filters-3.2.0/src/test/java/org/apache/maven/shared/artifact/filter/AbstractPatternArtifactFilterTest.java:[438,9] cannot find symbol
[ERROR]   symbol:   method when(java.lang.String)
[ERROR]   location: class org.apache.maven.shared.artifact.filter.AbstractPatternArtifactFilterTest
[ERROR] /usr/src/RPM/BUILD/maven-common-artifact-filters-3.2.0/src/test/java/org/apache/maven/shared/artifact/filter/AbstractPatternArtifactFilterTest.java:[467,30] cannot find symbol
[ERROR]   symbol:   method mock(java.lang.Class<org.apache.maven.artifact.Artifact>)
[ERROR]   location: class org.apache.maven.shared.artifact.filter.AbstractPatternArtifactFilterTest
[ERROR] /usr/src/RPM/BUILD/maven-common-artifact-filters-3.2.0/src/test/java/org/apache/maven/shared/artifact/filter/AbstractPatternArtifactFilterTest.java:[468,9] cannot find symbol
[ERROR]   symbol:   method when(java.lang.String)
[ERROR]   location: class org.apache.maven.shared.artifact.filter.AbstractPatternArtifactFilterTest
[ERROR] /usr/src/RPM/BUILD/maven-common-artifact-filters-3.2.0/src/test/java/org/apache/maven/shared/artifact/filter/AbstractPatternArtifactFilterTest.java:[469,9] cannot find symbol
[ERROR]   symbol:   method when(java.lang.String)
[ERROR]   location: class org.apache.maven.shared.artifact.filter.AbstractPatternArtifactFilterTest
[ERROR] /usr/src/RPM/BUILD/maven-common-artifact-filters-3.2.0/src/test/java/org/apache/maven/shared/artifact/filter/AbstractPatternArtifactFilterTest.java:[470,9] cannot find symbol
[ERROR]   symbol:   method when(java.lang.String)
[ERROR]   location: class org.apache.maven.shared.artifact.filter.AbstractPatternArtifactFilterTest
[ERROR] /usr/src/RPM/BUILD/maven-common-artifact-filters-3.2.0/src/test/java/org/apache/maven/shared/artifact/filter/AbstractPatternArtifactFilterTest.java:[471,9] cannot find symbol
[ERROR]   symbol:   method when(java.lang.String)
[ERROR]   location: class org.apache.maven.shared.artifact.filter.AbstractPatternArtifactFilterTest
[ERROR] /usr/src/RPM/BUILD/maven-common-artifact-filters-3.2.0/src/test/java/org/apache/maven/shared/artifact/filter/AbstractPatternArtifactFilterTest.java:[473,30] cannot find symbol
[ERROR]   symbol:   method mock(java.lang.Class<org.apache.maven.artifact.Artifact>)
[ERROR]   location: class org.apache.maven.shared.artifact.filter.AbstractPatternArtifactFilterTest
[ERROR] /usr/src/RPM/BUILD/maven-common-artifact-filters-3.2.0/src/test/java/org/apache/maven/shared/artifact/filter/AbstractPatternArtifactFilterTest.java:[474,9] cannot find symbol
[ERROR]   symbol:   method when(java.lang.String)
[ERROR]   location: class org.apache.maven.shared.artifact.filter.AbstractPatternArtifactFilterTest
[ERROR] /usr/src/RPM/BUILD/maven-common-artifact-filters-3.2.0/src/test/java/org/apache/maven/shared/artifact/filter/AbstractPatternArtifactFilterTest.java:[475,9] cannot find symbol
[ERROR]   symbol:   method when(java.lang.String)
[ERROR]   location: class org.apache.maven.shared.artifact.filter.AbstractPatternArtifactFilterTest
[ERROR] /usr/src/RPM/BUILD/maven-common-artifact-filters-3.2.0/src/test/java/org/apache/maven/shared/artifact/filter/AbstractPatternArtifactFilterTest.java:[476,9] cannot find symbol
[ERROR]   symbol:   method when(java.lang.String)
[ERROR]   location: class org.apache.maven.shared.artifact.filter.AbstractPatternArtifactFilterTest
[ERROR] /usr/src/RPM/BUILD/maven-common-artifact-filters-3.2.0/src/test/java/org/apache/maven/shared/artifact/filter/AbstractPatternArtifactFilterTest.java:[477,9] cannot find symbol
[ERROR]   symbol:   method when(java.lang.String)
[ERROR]   location: class org.apache.maven.shared.artifact.filter.AbstractPatternArtifactFilterTest
[ERROR] -> [Help 1]
[ERROR] 
[ERROR] To see the full stack trace of the errors, re-run Maven with the -e switch.
[ERROR] Re-run Maven using the -X switch to enable full debug logging.
[ERROR] 
[ERROR] For more information about the errors and possible solutions, please read the following articles:
[ERROR] [Help 1] http://cwiki.apache.org/confluence/display/MAVEN/MojoFailureException
error: Bad exit status from /usr/src/tmp/rpm-tmp.75337 (%build)


RPM build errors:
    Bad exit status from /usr/src/tmp/rpm-tmp.75337 (%build)
Command exited with non-zero status 1
13.53user 0.72system 0:04.24elapsed 336%CPU (0avgtext+0avgdata 356992maxresident)k
0inputs+0outputs (0major+70387minor)pagefaults 0swaps
hsh-rebuild: rebuild of `maven-common-artifact-filters-3.2.0-alt1_3jpp11.src.rpm' failed.
Command exited with non-zero status 1
11.05user 2.66system 0:46.81elapsed 29%CPU (0avgtext+0avgdata 142204maxresident)k
7608inputs+0outputs (0major+280333minor)pagefaults 0swaps
