<86>May 16 03:50:27 userdel[3358595]: delete user 'rooter'
<86>May 16 03:50:27 userdel[3358595]: removed group 'rooter' owned by 'rooter'
<86>May 16 03:50:27 userdel[3358595]: removed shadow group 'rooter' owned by 'rooter'
<86>May 16 03:50:27 groupadd[3358607]: group added to /etc/group: name=rooter, GID=1874
<86>May 16 03:50:27 groupadd[3358607]: group added to /etc/gshadow: name=rooter
<86>May 16 03:50:27 groupadd[3358607]: new group: name=rooter, GID=1874
<86>May 16 03:50:27 useradd[3358614]: new user: name=rooter, UID=1874, GID=1874, home=/root, shell=/bin/bash, from=none
<86>May 16 03:50:27 userdel[3358624]: delete user 'builder'
<86>May 16 03:50:27 userdel[3358624]: removed group 'builder' owned by 'builder'
<86>May 16 03:50:27 userdel[3358624]: removed shadow group 'builder' owned by 'builder'
<86>May 16 03:50:27 groupadd[3358635]: group added to /etc/group: name=builder, GID=1875
<86>May 16 03:50:27 groupadd[3358635]: group added to /etc/gshadow: name=builder
<86>May 16 03:50:27 groupadd[3358635]: new group: name=builder, GID=1875
<86>May 16 03:50:27 useradd[3358653]: new user: name=builder, UID=1875, GID=1875, home=/usr/src, shell=/bin/bash, from=none
/usr/src/in/srpm/maven-filtering-3.2.0-alt1_3jpp11.src.rpm: license not found in '/usr/share/license' directory: ASL
/usr/src/in/srpm/maven-filtering-3.2.0-alt1_3jpp11.src.rpm: license not found in '/usr/share/license' directory: 2.0
warning: Macro %mvn_build not found
warning: Macro %mvn_install not found
<13>May 16 03:50:33 rpmi: javapackages-filesystem-1:6.0.0-alt3 sisyphus+378353.100.1.1 1742277151 installed
<13>May 16 03:50:33 rpmi: plexus-utils-0:3.3.0-alt1_7jpp11 sisyphus+283216.100.1.3 1629255397 installed
<13>May 16 03:50:33 rpmi: plexus-containers-component-annotations-0:2.1.1-alt1_2jpp11 sisyphus+318726.100.1.3 1681809130 installed
<13>May 16 03:50:33 rpmi: apache-commons-io-1:2.11.0-alt1_2jpp11 sisyphus+318723.100.1.1 1681807648 installed
<13>May 16 03:50:33 rpmi: maven-shared-utils-3.3.4-alt1_2jpp11 sisyphus+302881.100.1.1 1656671461 installed
<13>May 16 03:50:33 rpmi: slf4j-0:1.7.36-alt1 sisyphus+382913.300.3.1 1746015802 installed
<13>May 16 03:50:33 rpmi: apache-commons-lang3-3.17.0-alt1 sisyphus+382425.100.5.2 1747315776 installed
<13>May 16 03:50:33 rpmi: atinject-0:1.0.5-alt1_3jpp11 sisyphus+303043.100.1.1 1656765531 installed
<13>May 16 03:50:33 rpmi: plexus-interpolation-0:1.26-alt1_12jpp11 sisyphus+317222.100.1.2 1679506704 installed
<13>May 16 03:50:33 rpmi: javapackages-tools-1:6.0.0-alt3 sisyphus+378353.100.1.1 1742277151 installed
<13>May 16 03:50:33 rpmi: objectweb-asm-0:9.3-alt1_2jpp11 sisyphus+317150.100.1.2 1679414664 installed
<13>May 16 03:50:33 rpmi: apache-commons-compress-0:1.21-alt1_1jpp11 sisyphus+282760.100.1.3 1629016378 installed
<13>May 16 03:50:33 rpmi: plexus-classworlds-0:2.6.0-alt1_12jpp11 sisyphus+317221.100.1.2 1679504163 installed
<13>May 16 03:50:33 rpmi: qdox-1:2.0.0-alt1_9jpp11 sisyphus+383527.200.1.1 1746616019 installed
<13>May 16 03:50:33 rpmi: plexus-cipher-2.0-alt1_2jpp11 sisyphus+318725.100.1.2 1681808079 installed
<13>May 16 03:50:33 rpmi: cdi-api-2.0.2-alt1_3jpp11 sisyphus+300684.100.1.1 1653577326 installed
<13>May 16 03:50:33 rpmi: sisu-2:0.3.5-alt1_2jpp11 sisyphus+318727.100.1.3 1681808440 installed
<13>May 16 03:50:33 rpmi: jcl-over-slf4j-0:1.7.36-alt1 sisyphus+382913.300.3.1 1746015802 installed
<13>May 16 03:50:33 rpmi: apache-commons-codec-0:1.15-alt1_4jpp11 sisyphus+283206.100.1.2 1629250805 installed
<13>May 16 03:50:33 rpmi: httpcomponents-core-4.4.13-alt1_4jpp11 sisyphus+283282.100.1.3 1629308546 installed
<13>May 16 03:50:33 rpmi: plexus-sec-dispatcher-2.0-alt1 sisyphus+382157.100.1.1 1745096363 installed
<13>May 16 03:50:33 rpmi: plexus-languages-1.1.1-alt1_2jpp11 sisyphus+317156.100.1.3 1679417212 installed
<13>May 16 03:50:34 rpmi: byte-buddy-1.12.0-alt1_3jpp11 sisyphus+303411.100.1.1 1657454125 installed
<13>May 16 03:50:34 rpmi: plexus-build-api-0:0.0.7-alt3_36jpp11 sisyphus+303029.100.1.3 1656759159 installed
<13>May 16 03:50:34 rpmi: apache-commons-cli-0:1.5.0-alt1_3jpp11 sisyphus+303041.100.1.3 1656766127 installed
<13>May 16 03:50:34 rpmi: jansi-0:2.4.0-alt1_7jpp11 sisyphus+317216.100.1.3 1679501794 installed
<13>May 16 03:50:34 rpmi: jakarta-annotations-1.3.5-alt1_11jpp11 sisyphus+300688.100.1.1 1653578883 installed
<13>May 16 03:50:34 rpmi: xmvn-core-4.0.0-alt1_8jpp11 sisyphus+303446.100.1.1 1657533450 installed
<13>May 16 03:50:34 rpmi: hawtjni-runtime-0:1.18-alt1_2jpp11 sisyphus+282792.100.1.1 1629029179 installed
<13>May 16 03:50:34 rpmi: opentest4j-1.2.0-alt1_10jpp11 sisyphus+303026.100.1.2 1656757807 installed
<13>May 16 03:50:34 rpmi: maven-plugin-annotations-3.6.4-alt1 sisyphus+383557.200.1.1 1746628968 installed
<13>May 16 03:50:34 rpmi: libpng16-1.6.42-alt2 sisyphus+339555.100.1.1 1706781682 installed
<13>May 16 03:50:34 rpmi: jansi-native-0:1.8-alt1_12jpp11 sisyphus+317217.100.1.2 1679502324 installed
<13>May 16 03:50:34 rpmi: jansi1-1.18-alt1_11jpp11 sisyphus+302998.100.1.2 1656749981 installed
<13>May 16 03:50:34 rpmi: jline2-0:2.14.6-alt1_2jpp11 sisyphus+273662.100.1.1 1622879727 installed
<13>May 16 03:50:34 rpmi: assertj-core-3.19.0-alt1_3jpp11 sisyphus+301632.100.1.1 1654767506 installed
<13>May 16 03:50:34 rpmi: java-common-1.7.0-alt1 sisyphus+333533.100.1.1 1699037019 installed
<13>May 16 03:50:34 rpmi: plexus-resources-0:1.2.0-alt1_2jpp11 sisyphus+317157.100.1.2 1679417543 installed
<13>May 16 03:50:34 rpmi: xbean-0:4.18-alt1_7jpp11 sisyphus+303040.100.1.2 1656761668 installed
<13>May 16 03:50:34 rpmi: plexus-io-0:3.2.0-alt1_9jpp11 sisyphus+303270.100.1.1 1657178206 installed
<13>May 16 03:50:34 rpmi: plexus-compiler-0:2.11.1-alt1_2jpp11 sisyphus+317154.100.1.3 1679416547 installed
<13>May 16 03:50:34 rpmi: apache-commons-collections-0:3.2.2-alt1_27jpp11 sisyphus+302979.100.1.3 1656746095 installed
<13>May 16 03:50:34 rpmi: velocity-1:1.7-alt3_36jpp11 sisyphus+282835.200.1.1 1629039655 installed
<13>May 16 03:50:34 rpmi: apache-commons-logging-0:1.2-alt1_30jpp11 sisyphus+302982.100.1.1 1656745489 installed
<13>May 16 03:50:34 rpmi: bsf-1:2.4.0-alt3_46jpp11 sisyphus+317135.100.1.1 1679405986 installed
<13>May 16 03:50:34 rpmi: bsh-0:2.1.0-alt1_5jpp11 sisyphus+302988.100.1.3 1656748952 installed
<13>May 16 03:50:34 rpmi: apache-resource-bundles-1:36-alt1_2jpp11 sisyphus+317095.100.1.2 1679396315 installed
<13>May 16 03:50:34 rpmi: jsr-305-1:3.0.2-alt1_3jpp11 sisyphus+283271.100.1.2 1629305577 installed
<13>May 16 03:50:34 rpmi: guava-31.0.1-alt2_3jpp11 sisyphus+384217.100.1.1 1747314227 installed
<13>May 16 03:50:34 rpmi: google-guice-0:4.2.3-alt1_6jpp11 sisyphus+300883.100.1.1 1653894654 installed
<13>May 16 03:50:34 rpmi: jsoup-1.13.1-alt1_7jpp11 sisyphus+283208.100.1.3 1629252685 installed
<13>May 16 03:50:34 rpmi: beust-jcommander-1.78-alt1_7jpp11 sisyphus+281813.100.1.1 1628094307 installed
<13>May 16 03:50:34 rpmi: xmvn-tools-4.0.0-alt1_8jpp11 sisyphus+303446.100.1.1 1657533450 installed
<13>May 16 03:50:34 rpmi: hamcrest-0:2.2-alt1_5jpp11 sisyphus+301728.200.1.1 1654860789 installed
<13>May 16 03:50:34 rpmi: junit-1:4.13.1-alt1_7jpp11 sisyphus+303013.100.1.2 1656753167 installed
<13>May 16 03:50:34 rpmi: plexus-containers-container-default-0:2.1.1-alt1_2jpp11 sisyphus+318726.100.1.3 1681809130 installed
<13>May 16 03:50:34 rpmi: xz-java-1.9-alt1_3jpp11 sisyphus+303072.100.1.2 1656772105 installed
<13>May 16 03:50:34 rpmi: plexus-archiver-0:4.2.7-alt1_2jpp11 sisyphus+317153.100.1.3 1679416196 installed
<13>May 16 03:50:34 rpmi: apiguardian-1.1.2-alt1_3jpp11 sisyphus+303042.100.1.1 1656765526 installed
<13>May 16 03:50:34 rpmi: byte-buddy-agent-1.12.0-alt1_3jpp11 sisyphus+303411.100.1.1 1657454125 installed
<13>May 16 03:50:34 rpmi: jdom2-2.0.6-alt1_27jpp11 sisyphus+303003.100.1.1 1656746846 installed
<13>May 16 03:50:34 rpmi: univocity-parsers-2.9.1-alt1_6jpp11 sisyphus+303035.100.1.2 1656759759 installed
<13>May 16 03:50:34 rpmi: junit5-5.8.2-alt1 sisyphus+383557.100.1.1 1746628905 installed
<13>May 16 03:50:34 rpmi: objenesis-0:3.1-alt1_7jpp11 sisyphus+302027.100.1.2 1655142031 installed
<13>May 16 03:50:34 rpmi: libprocps-3.3.17-alt8.g37f1060 sisyphus+330939.300.7.1 1697495403 installed
<13>May 16 03:50:34 rpmi: libnatspec-0.3.4-alt1 sisyphus+383650.100.1.1 1746817004 installed
<13>May 16 03:50:34 rpmi: libxslt-1.1.39-alt1 sisyphus+349406.100.1.1 1716751806 installed
<13>May 16 03:50:34 rpmi: rpm-macros-java-1:6.0.0-alt3 sisyphus+378353.100.1.1 1742277151 installed
<13>May 16 03:50:34 rpmi: jurand-1.3.5-alt2 sisyphus+377872.100.1.1 1741880705 installed
<13>May 16 03:50:34 rpmi: rpm-macros-jurand-1.3.5-alt2 sisyphus+377872.100.1.1 1741880705 installed
<13>May 16 03:50:34 rpmi: libmpdec3-2.5.1-alt3 sisyphus+314490.500.5.1 1675432004 installed
<13>May 16 03:50:34 rpmi: libgdbm-1.8.3-alt10 sisyphus+346222.200.3.2 1716468404 installed
<13>May 16 03:50:34 rpmi: libexpat-2.7.1-alt1 sisyphus+379929.100.1.1 1743519381 installed
<13>May 16 03:50:34 rpmi: openssl-config-3.2.0-alt1 sisyphus+366659.140.4.1 1736956949 installed
<13>May 16 03:50:34 rpmi: libb2-0.98.1-alt1_1 sisyphus+291614.100.1.1 1638962877 installed
<13>May 16 03:50:34 rpmi: liblcms2-2.17-alt1 sisyphus+376290.10700.24.2 1745385260 installed
<13>May 16 03:50:34 rpmi: libjpeg-2:3.0.2-alt2.1 sisyphus+340135.100.1.1 1707449145 installed
<13>May 16 03:50:34 rpmi: libbrotlicommon-1.1.0-alt1 sisyphus+328501.100.1.1 1693598419 installed
<13>May 16 03:50:34 rpmi: libbrotlidec-1.1.0-alt1 sisyphus+328501.100.1.1 1693598419 installed
<13>May 16 03:50:34 rpmi: libgraphite2-1.3.14-alt2.1 sisyphus+279571.100.1.2 1626605111 installed
<13>May 16 03:50:34 rpmi: libharfbuzz-11.2.1-alt1 sisyphus+384013.100.1.1 1747136771 installed
<13>May 16 03:50:34 rpmi: libfreetype-2.13.3-alt1 sisyphus+355656.100.1.1 1724221064 installed
<13>May 16 03:50:34 rpmi: javazi-2024a-alt1 sisyphus+344801.200.1.1 1712691734 installed
<13>May 16 03:50:34 rpmi: libgif-4.1.6-alt4 sisyphus+379672.40.3.1 1746456932 installed
<13>May 16 03:50:34 rpmi: libX11-locales-3:1.8.11-alt1 sisyphus+373040.100.1.1 1738571640 installed
<13>May 16 03:50:34 rpmi: libXdmcp-1.1.5-alt1 sisyphus+343583.700.1.1 1711441061 installed
<13>May 16 03:50:34 rpmi: libXau-1.0.11-alt1 sisyphus+311428.100.1.1 1670577439 installed
<13>May 16 03:50:34 rpmi: libxcb-1.17.0-alt1 sisyphus+345308.200.1.1 1713342004 installed
<13>May 16 03:50:34 rpmi: libX11-3:1.8.11-alt1 sisyphus+373040.100.1.1 1738571640 installed
<13>May 16 03:50:34 rpmi: libXext-1.3.6-alt1 sisyphus+343583.1000.1.1 1711441101 installed
<13>May 16 03:50:34 rpmi: libXi-1.8-alt1 sisyphus+285490.200.1.1 1632124174 installed
<13>May 16 03:50:34 rpmi: libXtst-1.2.4-alt1 sisyphus+308663.1300.1.1 1666168495 installed
<13>May 16 03:50:34 rpmi: libXrender-0.9.12-alt1 sisyphus+373121.100.1.1 1738654919 installed
<13>May 16 03:50:34 rpmi: libp11-kit-1:0.25.5-alt1 sisyphus+352553.100.1.1 1720622573 installed
<13>May 16 03:50:34 rpmi: libtasn1-4.20.0-alt2 sisyphus+375829.100.1.1 1740299335 installed
<13>May 16 03:50:34 rpmi: publicsuffix-list-20250416-alt1 sisyphus+381887.100.1.1 1744900874 installed
<13>May 16 03:50:34 rpmi: httpcomponents-client-4.5.13-alt1_2jpp11 sisyphus+283281.100.1.3 1629307126 installed
<13>May 16 03:50:34 rpmi: maven-wagon-0:3.5.3-alt1 sisyphus+382913.400.3.1 1746015847 installed
<13>May 16 03:50:34 rpmi: maven-resolver-1:1.6.3-alt1 sisyphus+381949.100.1.1 1744966821 installed
<13>May 16 03:50:34 rpmi: maven-1:3.8.8-alt1 sisyphus+382913.500.3.1 1746016050 installed
<13>May 16 03:50:35 rpmi: xmvn-minimal-4.0.0-alt1_8jpp11 sisyphus+303446.100.1.1 1657533450 installed
<13>May 16 03:50:35 rpmi: maven-lib-1:3.8.8-alt1 sisyphus+382913.500.3.1 1746016050 installed
<13>May 16 03:50:35 rpmi: maven-common-artifact-filters-3.2.0-alt1_3jpp11 sisyphus+303056.100.1.2 1656767734 installed
<13>May 16 03:50:35 rpmi: maven-surefire-0:3.2.2-alt1 sisyphus+383557.300.1.1 1746629043 installed
<13>May 16 03:50:35 rpmi: maven-plugin-tools-api-3.6.4-alt1 sisyphus+383557.200.1.1 1746628968 installed
<13>May 16 03:50:35 rpmi: maven-filtering-3.2.0-alt1_3jpp11 sisyphus+301764.100.1.2 1654889715 installed
<13>May 16 03:50:35 rpmi: maven-archiver-0:3.5.2-alt1_2jpp11 sisyphus+317140.100.1.2 1679410347 installed
<13>May 16 03:50:35 rpmi: maven-remote-resources-plugin-1.7.0-alt1_7jpp11 sisyphus+282861.100.1.1 1629057314 installed
<13>May 16 03:50:35 rpmi: maven-resources-plugin-3.2.0-alt1_4jpp11 sisyphus+282536.100.1.2 1628793650 installed
<13>May 16 03:50:35 rpmi: maven-plugin-tools-annotations-3.6.4-alt1 sisyphus+383557.200.1.1 1746628968 installed
<13>May 16 03:50:35 rpmi: maven-plugin-tools-generators-3.6.4-alt1 sisyphus+383557.200.1.1 1746628968 installed
<13>May 16 03:50:35 rpmi: maven-plugin-tools-java-3.6.4-alt1 sisyphus+383557.200.1.1 1746628968 installed
<13>May 16 03:50:35 rpmi: maven-plugin-plugin-3.6.4-alt1 sisyphus+383557.200.1.1 1746628968 installed
<13>May 16 03:50:35 rpmi: maven-surefire-provider-junit-0:3.2.2-alt1 sisyphus+383557.300.1.1 1746629043 installed
<13>May 16 03:50:35 rpmi: maven-surefire-provider-junit5-0:3.2.2-alt1 sisyphus+383557.300.1.1 1746629043 installed
<13>May 16 03:50:35 rpmi: maven-surefire-provider-testng-0:3.2.2-alt1 sisyphus+383557.300.1.1 1746629043 installed
<13>May 16 03:50:35 rpmi: maven-surefire-plugin-0:3.2.2-alt1 sisyphus+383557.300.1.1 1746629043 installed
<13>May 16 03:50:35 rpmi: maven-artifact-transfer-1:0.13.1-alt2 sisyphus+382320.300.3.2 1745479123 installed
<13>May 16 03:50:35 rpmi: maven-dependency-tree-3.1.0-alt1_2jpp11 sisyphus+317142.100.1.2 1679412375 installed
<13>May 16 03:50:35 rpmi: maven-enforcer-api-0:3.0.0_M2-alt1_3jpp11 sisyphus+301995.100.1.3 1655132104 installed
<13>May 16 03:50:35 rpmi: maven-enforcer-rules-0:3.0.0_M2-alt1_3jpp11 sisyphus+301995.100.1.3 1655132104 installed
<13>May 16 03:50:35 rpmi: maven-enforcer-plugin-0:3.0.0_M2-alt1_3jpp11 sisyphus+301995.100.1.3 1655132104 installed
<13>May 16 03:50:35 rpmi: apache-parent-26-alt1_3jpp11 sisyphus+317094.100.1.3 1679396015 installed
<13>May 16 03:50:35 rpmi: maven-shared-incremental-1.1-alt1_23jpp11 sisyphus+282537.100.1.1 1628793339 installed
<13>May 16 03:50:35 rpmi: maven-compiler-plugin-3.8.1-alt1_10jpp11 sisyphus+282511.100.1.2 1628772929 installed
<13>May 16 03:50:35 rpmi: maven-shared-io-1:3.0.0-alt1_17jpp11 sisyphus+303022.100.1.3 1656757260 installed
<13>May 16 03:50:35 rpmi: maven-file-management-1:3.0.0-alt1_17jpp11 sisyphus+303020.100.1.3 1656756699 installed
<13>May 16 03:50:35 rpmi: maven-jar-plugin-3.2.2-alt1_2jpp11 sisyphus+317144.100.1.3 1679413357 installed
<13>May 16 03:50:35 rpmi: xmvn-mojo-4.0.0-alt1_8jpp11 sisyphus+303446.100.1.1 1657533450 installed
<13>May 16 03:50:35 rpmi: rpm-macros-alternatives-0.5.3-alt1 sisyphus+371878.100.1.1 1737988822 installed
<13>May 16 03:50:35 rpmi: alternatives-0.5.3-alt1 sisyphus+371878.100.1.1 1737988822 installed
<13>May 16 03:50:35 rpmi: ca-certificates-2025.05.12-alt1 sisyphus+383903.200.2.1 1747060316 installed
<13>May 16 03:50:35 rpmi: ca-trust-0.2.0-alt1 sisyphus+344843.100.1.1 1712743326 installed
<13>May 16 03:50:35 rpmi: p11-kit-trust-1:0.25.5-alt1 sisyphus+352553.100.1.1 1720622573 installed
<13>May 16 03:50:35 rpmi: libcrypto3-3.3.3-alt1 sisyphus+374381.40.2.1 1739299401 installed
<13>May 16 03:50:35 rpmi: libssl3-3.3.3-alt1 sisyphus+374381.40.2.1 1739299401 installed
<13>May 16 03:50:35 rpmi: python3-3.12.10-alt1 sisyphus+381757.100.1.1 1744802808 installed
<13>May 16 03:50:36 rpmi: python3-base-3.12.10-alt1 sisyphus+381757.100.1.1 1744802808 installed
<13>May 16 03:50:36 rpmi: python3-module-six-1.17.0-alt1.1 sisyphus+373470.100.1.1 1738920023 installed
<13>May 16 03:50:36 rpmi: python3-module-genshi-0.7.9-alt2.1 sisyphus+376369.5100.10.1 1746628134 installed
<13>May 16 03:50:36 rpmi: python3-module-cssselect-1.3.0-alt1 sisyphus+377617.100.1.1 1741681780 installed
<13>May 16 03:50:36 rpmi: python3-module-webencodings-0.5.1-alt3 sisyphus+359244.100.1.1 1728381102 installed
<13>May 16 03:50:36 rpmi: python3-module-html5lib-1:1.1-alt1 sisyphus+278096.120.5.1 1626086978 installed
<13>May 16 03:50:36 rpmi: python3-module-lxml-5.4.0-alt1 sisyphus+382313.100.1.1 1745325124 installed
<13>May 16 03:50:36 rpmi: python3-module-javapackages-1:6.0.0-alt3 sisyphus+378353.100.1.1 1742277151 installed
<13>May 16 03:50:36 rpmi: rpm-build-java-1:6.0.0-alt3 sisyphus+378353.100.1.1 1742277151 installed
<13>May 16 03:50:36 rpmi: javapackages-local-1:6.0.0-alt3 sisyphus+378353.100.1.1 1742277151 installed
<13>May 16 03:50:36 rpmi: ca-trust-java-0.2.0-alt1 sisyphus+344843.100.1.1 1712743326 installed
<13>May 16 03:50:36 rpmi: java-stub-javadoc-0.1-alt1 sisyphus+276859.100.1.1 1625245070 installed
<13>May 16 03:50:36 rpmi: alsa-ucm-conf-1.2.13-alt2 sisyphus+379457.100.1.1 1743144589 installed
<13>May 16 03:50:36 rpmi: alsa-topology-conf-1.2.5.1-alt1 sisyphus+274777.100.1.1 1624089141 installed
<13>May 16 03:50:36 rpmi: libalsa-1:1.2.13-alt1 sisyphus+370533.200.1.1 1737298943 installed
<13>May 16 03:50:38 rpmi: java-11-openjdk-headless-0:11.0.27.0.6-alt1 sisyphus+382872.100.1.1 1745983997 installed
<13>May 16 03:50:38 rpmi: java-11-openjdk-0:11.0.27.0.6-alt1 sisyphus+382872.100.1.1 1745983997 installed
<13>May 16 03:50:38 rpmi: java-11-openjdk-devel-0:11.0.27.0.6-alt1 sisyphus+382872.100.1.1 1745983997 installed
<13>May 16 03:50:38 rpmi: jpackage-11-compat-0.43-alt1 sisyphus+338091.100.1.2 1705652445 installed
<13>May 16 03:50:38 rpmi: maven-local-1:6.0.0-alt3 sisyphus+378353.100.1.1 1742277151 installed
<13>May 16 03:50:38 rpmi: maven-parent-35-alt1 sisyphus+382913.100.1.1 1746010754 installed
<13>May 16 03:50:38 rpmi: unzip-6.0-alt7 sisyphus+367458.200.2.1 1735647083 installed
<13>May 16 03:50:38 rpmi: mockito-5.17.0-alt1 sisyphus+382425.300.5.2 1747315818 installed
<13>May 16 03:50:38 rpmi: plexus-containers-component-metadata-0:2.1.1-alt1_2jpp11 sisyphus+318726.100.1.3 1681809130 installed
Building target platforms: x86_64
Building for target x86_64
Wrote: /usr/src/in/nosrpm/maven-filtering-3.2.0-alt1_3jpp11.nosrc.rpm (w1.gzdio)
Installing maven-filtering-3.2.0-alt1_3jpp11.src.rpm
Building target platforms: x86_64
Building for target x86_64
Executing(%prep): /bin/sh -e /usr/src/tmp/rpm-tmp.25714
+ umask 022
+ /bin/mkdir -p /usr/src/RPM/BUILD
+ cd /usr/src/RPM/BUILD
+ cd /usr/src/RPM/BUILD
+ rm -rf maven-filtering-3.2.0
+ echo 'Source #0 (maven-filtering-3.2.0-source-release.zip):'
Source #0 (maven-filtering-3.2.0-source-release.zip):
+ /usr/bin/unzip -qq /usr/src/RPM/SOURCES/maven-filtering-3.2.0-source-release.zip
+ cd maven-filtering-3.2.0
+ /bin/chmod -c -Rf u+rwX,go-w .
+ echo 'Patch #1 (0001-Skip-failed-tests.patch):'
Patch #1 (0001-Skip-failed-tests.patch):
+ /usr/bin/patch -p1
patching file src/test/java/org/apache/maven/shared/filtering/IncrementalResourceFilteringTest.java
+ exit 0
Executing(%build): /bin/sh -e /usr/src/tmp/rpm-tmp.25714
+ umask 022
+ /bin/mkdir -p /usr/src/RPM/BUILD
+ cd /usr/src/RPM/BUILD
+ cd maven-filtering-3.2.0
+ /usr/bin/python3 /usr/share/java-utils/mvn_build.py --xmvn-javadoc -- -Dmaven.compiler.source=1.8 -Dmaven.compiler.target=1.8 -Dmaven.javadoc.source=1.8 -Dmaven.compiler.release=8
Executing: xmvn --batch-mode --offline -Dmaven.compiler.source=1.8 -Dmaven.compiler.target=1.8 -Dmaven.javadoc.source=1.8 -Dmaven.compiler.release=8 verify org.fedoraproject.xmvn:xmvn-mojo:install org.fedoraproject.xmvn:xmvn-mojo:javadoc org.fedoraproject.xmvn:xmvn-mojo:builddep
['xmvn', '--batch-mode', '--offline', '-Dmaven.compiler.source=1.8', '-Dmaven.compiler.target=1.8', '-Dmaven.javadoc.source=1.8', '-Dmaven.compiler.release=8', 'verify', 'org.fedoraproject.xmvn:xmvn-mojo:install', 'org.fedoraproject.xmvn:xmvn-mojo:javadoc', 'org.fedoraproject.xmvn:xmvn-mojo:builddep']
[INFO] Scanning for projects...
[WARNING] 
[WARNING] Some problems were encountered while building the effective model for org.apache.maven.shared:maven-filtering:jar:3.2.0
[WARNING] 'build.plugins.plugin.version' for org.codehaus.plexus:plexus-component-metadata is missing. @ line 157, column 15
[WARNING] 
[WARNING] It is highly recommended to fix these problems because they threaten the stability of your build.
[WARNING] 
[WARNING] For this reason, future Maven versions might no longer support building such malformed projects.
[WARNING] 
[INFO] 
[INFO] --------------< org.apache.maven.shared:maven-filtering >---------------
[INFO] Building Apache Maven Filtering 3.2.0
[INFO]   from pom.xml
[INFO] --------------------------------[ jar ]---------------------------------
[INFO] 
[INFO] --- maven-remote-resources-plugin:1.7.0:process (process-resource-bundles) @ maven-filtering ---
[INFO] Preparing remote bundle org.apache:apache-jar-resource-bundle:1.4
[INFO] Copying 5 resources from 1 bundle.
[INFO] 
[INFO] --- maven-resources-plugin:3.2.0:resources (default-resources) @ maven-filtering ---
[INFO] Using 'UTF-8' encoding to copy filtered resources.
[INFO] Using 'UTF-8' encoding to copy filtered properties files.
[INFO] skip non existing resourceDirectory /usr/src/RPM/BUILD/maven-filtering-3.2.0/src/main/resources
[INFO] Copying 5 resources
[INFO] 
[INFO] --- maven-compiler-plugin:3.8.1:compile (default-compile) @ maven-filtering ---
[INFO] Changes detected - recompiling the module!
[INFO] Compiling 19 source files to /usr/src/RPM/BUILD/maven-filtering-3.2.0/target/classes
[INFO] 
[INFO] --- plexus-component-metadata:2.1.1:generate-metadata (default) @ maven-filtering ---
[INFO] Discovered 3 component descriptors(s)
[INFO] 
[INFO] --- maven-resources-plugin:3.2.0:testResources (default-testResources) @ maven-filtering ---
[INFO] Using 'UTF-8' encoding to copy filtered resources.
[INFO] Using 'UTF-8' encoding to copy filtered properties files.
[INFO] Copying 2 resources
[INFO] Copying 5 resources
[INFO] 
[INFO] --- maven-compiler-plugin:3.8.1:testCompile (default-testCompile) @ maven-filtering ---
[INFO] Changes detected - recompiling the module!
[INFO] Compiling 17 source files to /usr/src/RPM/BUILD/maven-filtering-3.2.0/target/test-classes
[INFO] /usr/src/RPM/BUILD/maven-filtering-3.2.0/src/test/java/org/apache/maven/shared/filtering/StubMavenSession.java: /usr/src/RPM/BUILD/maven-filtering-3.2.0/src/test/java/org/apache/maven/shared/filtering/StubMavenSession.java uses or overrides a deprecated API.
[INFO] /usr/src/RPM/BUILD/maven-filtering-3.2.0/src/test/java/org/apache/maven/shared/filtering/StubMavenSession.java: Recompile with -Xlint:deprecation for details.
[INFO] -------------------------------------------------------------
[ERROR] COMPILATION ERROR : 
[INFO] -------------------------------------------------------------
[ERROR] /usr/src/RPM/BUILD/maven-filtering-3.2.0/src/test/java/org/apache/maven/shared/filtering/AbstractInterpolatorFilterReaderLineEndingTest.java:[23,26] package org.mockito does not exist
[ERROR] /usr/src/RPM/BUILD/maven-filtering-3.2.0/src/test/java/org/apache/maven/shared/filtering/AbstractInterpolatorFilterReaderLineEndingTest.java:[23,1] static import only from classes and interfaces
[ERROR] /usr/src/RPM/BUILD/maven-filtering-3.2.0/src/test/java/org/apache/maven/shared/filtering/AbstractInterpolatorFilterReaderLineEndingTest.java:[24,26] package org.mockito does not exist
[ERROR] /usr/src/RPM/BUILD/maven-filtering-3.2.0/src/test/java/org/apache/maven/shared/filtering/AbstractInterpolatorFilterReaderLineEndingTest.java:[24,1] static import only from classes and interfaces
[ERROR] /usr/src/RPM/BUILD/maven-filtering-3.2.0/src/test/java/org/apache/maven/shared/filtering/AbstractInterpolatorFilterReaderLineEndingTest.java:[25,26] package org.mockito does not exist
[ERROR] /usr/src/RPM/BUILD/maven-filtering-3.2.0/src/test/java/org/apache/maven/shared/filtering/AbstractInterpolatorFilterReaderLineEndingTest.java:[25,1] static import only from classes and interfaces
[ERROR] /usr/src/RPM/BUILD/maven-filtering-3.2.0/src/test/java/org/apache/maven/shared/filtering/AbstractInterpolatorFilterReaderLineEndingTest.java:[36,19] package org.mockito does not exist
[ERROR] /usr/src/RPM/BUILD/maven-filtering-3.2.0/src/test/java/org/apache/maven/shared/filtering/AbstractInterpolatorFilterReaderLineEndingTest.java:[37,19] package org.mockito does not exist
[ERROR] /usr/src/RPM/BUILD/maven-filtering-3.2.0/src/test/java/org/apache/maven/shared/filtering/MultiDelimiterInterpolatorFilterReaderLineEndingTest.java:[23,26] package org.mockito does not exist
[ERROR] /usr/src/RPM/BUILD/maven-filtering-3.2.0/src/test/java/org/apache/maven/shared/filtering/MultiDelimiterInterpolatorFilterReaderLineEndingTest.java:[23,1] static import only from classes and interfaces
[ERROR] /usr/src/RPM/BUILD/maven-filtering-3.2.0/src/test/java/org/apache/maven/shared/filtering/MultiDelimiterInterpolatorFilterReaderLineEndingTest.java:[24,26] package org.mockito does not exist
[ERROR] /usr/src/RPM/BUILD/maven-filtering-3.2.0/src/test/java/org/apache/maven/shared/filtering/MultiDelimiterInterpolatorFilterReaderLineEndingTest.java:[24,1] static import only from classes and interfaces
[ERROR] /usr/src/RPM/BUILD/maven-filtering-3.2.0/src/test/java/org/apache/maven/shared/filtering/MultiDelimiterInterpolatorFilterReaderLineEndingTest.java:[25,26] package org.mockito does not exist
[ERROR] /usr/src/RPM/BUILD/maven-filtering-3.2.0/src/test/java/org/apache/maven/shared/filtering/MultiDelimiterInterpolatorFilterReaderLineEndingTest.java:[25,1] static import only from classes and interfaces
[ERROR] /usr/src/RPM/BUILD/maven-filtering-3.2.0/src/test/java/org/apache/maven/shared/filtering/MultiDelimiterInterpolatorFilterReaderLineEndingTest.java:[38,19] package org.mockito does not exist
[ERROR] /usr/src/RPM/BUILD/maven-filtering-3.2.0/src/test/java/org/apache/maven/shared/filtering/MultiDelimiterInterpolatorFilterReaderLineEndingTest.java:[39,19] package org.mockito does not exist
[ERROR] /usr/src/RPM/BUILD/maven-filtering-3.2.0/src/test/java/org/apache/maven/shared/filtering/AbstractInterpolatorFilterReaderLineEndingTest.java:[42,6] cannot find symbol
  symbol:   class Mock
  location: class org.apache.maven.shared.filtering.AbstractInterpolatorFilterReaderLineEndingTest
[ERROR] /usr/src/RPM/BUILD/maven-filtering-3.2.0/src/test/java/org/apache/maven/shared/filtering/MultiDelimiterInterpolatorFilterReaderLineEndingTest.java:[45,6] cannot find symbol
  symbol:   class Mock
  location: class org.apache.maven.shared.filtering.MultiDelimiterInterpolatorFilterReaderLineEndingTest
[ERROR] /usr/src/RPM/BUILD/maven-filtering-3.2.0/src/test/java/org/apache/maven/shared/filtering/AbstractInterpolatorFilterReaderLineEndingTest.java:[48,9] cannot find symbol
  symbol:   variable MockitoAnnotations
  location: class org.apache.maven.shared.filtering.AbstractInterpolatorFilterReaderLineEndingTest
[ERROR] /usr/src/RPM/BUILD/maven-filtering-3.2.0/src/test/java/org/apache/maven/shared/filtering/AbstractInterpolatorFilterReaderLineEndingTest.java:[55,41] cannot find symbol
  symbol:   method eq(java.lang.String)
  location: class org.apache.maven.shared.filtering.AbstractInterpolatorFilterReaderLineEndingTest
[ERROR] /usr/src/RPM/BUILD/maven-filtering-3.2.0/src/test/java/org/apache/maven/shared/filtering/AbstractInterpolatorFilterReaderLineEndingTest.java:[55,55] cannot find symbol
  symbol:   method eq(java.lang.String)
  location: class org.apache.maven.shared.filtering.AbstractInterpolatorFilterReaderLineEndingTest
[ERROR] /usr/src/RPM/BUILD/maven-filtering-3.2.0/src/test/java/org/apache/maven/shared/filtering/AbstractInterpolatorFilterReaderLineEndingTest.java:[55,65] cannot find symbol
  symbol:   method isA(java.lang.Class<org.codehaus.plexus.interpolation.RecursionInterceptor>)
  location: class org.apache.maven.shared.filtering.AbstractInterpolatorFilterReaderLineEndingTest
[ERROR] /usr/src/RPM/BUILD/maven-filtering-3.2.0/src/test/java/org/apache/maven/shared/filtering/AbstractInterpolatorFilterReaderLineEndingTest.java:[99,41] cannot find symbol
  symbol:   method eq(java.lang.String)
  location: class org.apache.maven.shared.filtering.AbstractInterpolatorFilterReaderLineEndingTest
[ERROR] /usr/src/RPM/BUILD/maven-filtering-3.2.0/src/test/java/org/apache/maven/shared/filtering/AbstractInterpolatorFilterReaderLineEndingTest.java:[99,68] cannot find symbol
  symbol:   method eq(java.lang.String)
  location: class org.apache.maven.shared.filtering.AbstractInterpolatorFilterReaderLineEndingTest
[ERROR] /usr/src/RPM/BUILD/maven-filtering-3.2.0/src/test/java/org/apache/maven/shared/filtering/AbstractInterpolatorFilterReaderLineEndingTest.java:[99,78] cannot find symbol
  symbol:   method isA(java.lang.Class<org.codehaus.plexus.interpolation.RecursionInterceptor>)
  location: class org.apache.maven.shared.filtering.AbstractInterpolatorFilterReaderLineEndingTest
[ERROR] /usr/src/RPM/BUILD/maven-filtering-3.2.0/src/test/java/org/apache/maven/shared/filtering/AbstractInterpolatorFilterReaderLineEndingTest.java:[100,41] cannot find symbol
  symbol:   method eq(java.lang.String)
  location: class org.apache.maven.shared.filtering.AbstractInterpolatorFilterReaderLineEndingTest
[ERROR] /usr/src/RPM/BUILD/maven-filtering-3.2.0/src/test/java/org/apache/maven/shared/filtering/AbstractInterpolatorFilterReaderLineEndingTest.java:[100,68] cannot find symbol
  symbol:   method eq(java.lang.String)
  location: class org.apache.maven.shared.filtering.AbstractInterpolatorFilterReaderLineEndingTest
[ERROR] /usr/src/RPM/BUILD/maven-filtering-3.2.0/src/test/java/org/apache/maven/shared/filtering/AbstractInterpolatorFilterReaderLineEndingTest.java:[100,78] cannot find symbol
  symbol:   method isA(java.lang.Class<org.codehaus.plexus.interpolation.RecursionInterceptor>)
  location: class org.apache.maven.shared.filtering.AbstractInterpolatorFilterReaderLineEndingTest
[ERROR] /usr/src/RPM/BUILD/maven-filtering-3.2.0/src/test/java/org/apache/maven/shared/filtering/MultiDelimiterInterpolatorFilterReaderLineEndingTest.java:[52,9] cannot find symbol
  symbol:   variable MockitoAnnotations
  location: class org.apache.maven.shared.filtering.MultiDelimiterInterpolatorFilterReaderLineEndingTest
[ERROR] /usr/src/RPM/BUILD/maven-filtering-3.2.0/src/test/java/org/apache/maven/shared/filtering/MultiDelimiterInterpolatorFilterReaderLineEndingTest.java:[98,41] cannot find symbol
  symbol:   method eq(java.lang.String)
  location: class org.apache.maven.shared.filtering.MultiDelimiterInterpolatorFilterReaderLineEndingTest
[ERROR] /usr/src/RPM/BUILD/maven-filtering-3.2.0/src/test/java/org/apache/maven/shared/filtering/MultiDelimiterInterpolatorFilterReaderLineEndingTest.java:[98,57] cannot find symbol
  symbol:   method eq(java.lang.String)
  location: class org.apache.maven.shared.filtering.MultiDelimiterInterpolatorFilterReaderLineEndingTest
[ERROR] /usr/src/RPM/BUILD/maven-filtering-3.2.0/src/test/java/org/apache/maven/shared/filtering/MultiDelimiterInterpolatorFilterReaderLineEndingTest.java:[98,67] cannot find symbol
  symbol:   method isA(java.lang.Class<org.codehaus.plexus.interpolation.RecursionInterceptor>)
  location: class org.apache.maven.shared.filtering.MultiDelimiterInterpolatorFilterReaderLineEndingTest
[ERROR] /usr/src/RPM/BUILD/maven-filtering-3.2.0/src/test/java/org/apache/maven/shared/filtering/MultiDelimiterInterpolatorFilterReaderLineEndingTest.java:[113,41] cannot find symbol
  symbol:   method eq(java.lang.String)
  location: class org.apache.maven.shared.filtering.MultiDelimiterInterpolatorFilterReaderLineEndingTest
[ERROR] /usr/src/RPM/BUILD/maven-filtering-3.2.0/src/test/java/org/apache/maven/shared/filtering/MultiDelimiterInterpolatorFilterReaderLineEndingTest.java:[113,63] cannot find symbol
  symbol:   method eq(java.lang.String)
  location: class org.apache.maven.shared.filtering.MultiDelimiterInterpolatorFilterReaderLineEndingTest
[ERROR] /usr/src/RPM/BUILD/maven-filtering-3.2.0/src/test/java/org/apache/maven/shared/filtering/MultiDelimiterInterpolatorFilterReaderLineEndingTest.java:[113,73] cannot find symbol
  symbol:   method isA(java.lang.Class<org.codehaus.plexus.interpolation.RecursionInterceptor>)
  location: class org.apache.maven.shared.filtering.MultiDelimiterInterpolatorFilterReaderLineEndingTest
[ERROR] /usr/src/RPM/BUILD/maven-filtering-3.2.0/src/test/java/org/apache/maven/shared/filtering/MultiDelimiterInterpolatorFilterReaderLineEndingTest.java:[114,41] cannot find symbol
  symbol:   method eq(java.lang.String)
  location: class org.apache.maven.shared.filtering.MultiDelimiterInterpolatorFilterReaderLineEndingTest
[ERROR] /usr/src/RPM/BUILD/maven-filtering-3.2.0/src/test/java/org/apache/maven/shared/filtering/MultiDelimiterInterpolatorFilterReaderLineEndingTest.java:[114,61] cannot find symbol
  symbol:   method eq(java.lang.String)
  location: class org.apache.maven.shared.filtering.MultiDelimiterInterpolatorFilterReaderLineEndingTest
[ERROR] /usr/src/RPM/BUILD/maven-filtering-3.2.0/src/test/java/org/apache/maven/shared/filtering/MultiDelimiterInterpolatorFilterReaderLineEndingTest.java:[114,71] cannot find symbol
  symbol:   method isA(java.lang.Class<org.codehaus.plexus.interpolation.RecursionInterceptor>)
  location: class org.apache.maven.shared.filtering.MultiDelimiterInterpolatorFilterReaderLineEndingTest
[ERROR] /usr/src/RPM/BUILD/maven-filtering-3.2.0/src/test/java/org/apache/maven/shared/filtering/MultiDelimiterInterpolatorFilterReaderLineEndingTest.java:[115,41] cannot find symbol
  symbol:   method eq(java.lang.String)
  location: class org.apache.maven.shared.filtering.MultiDelimiterInterpolatorFilterReaderLineEndingTest
[ERROR] /usr/src/RPM/BUILD/maven-filtering-3.2.0/src/test/java/org/apache/maven/shared/filtering/MultiDelimiterInterpolatorFilterReaderLineEndingTest.java:[115,61] cannot find symbol
  symbol:   method eq(java.lang.String)
  location: class org.apache.maven.shared.filtering.MultiDelimiterInterpolatorFilterReaderLineEndingTest
[ERROR] /usr/src/RPM/BUILD/maven-filtering-3.2.0/src/test/java/org/apache/maven/shared/filtering/MultiDelimiterInterpolatorFilterReaderLineEndingTest.java:[115,71] cannot find symbol
  symbol:   method isA(java.lang.Class<org.codehaus.plexus.interpolation.RecursionInterceptor>)
  location: class org.apache.maven.shared.filtering.MultiDelimiterInterpolatorFilterReaderLineEndingTest
[INFO] 41 errors 
[INFO] -------------------------------------------------------------
[INFO] 
[INFO] ------------------------------------------------------------------------
[INFO] Skipping Apache Maven Filtering
[INFO] This project has been banned from the build due to previous failures.
[INFO] ------------------------------------------------------------------------
[INFO] ------------------------------------------------------------------------
[INFO] BUILD FAILURE
[INFO] ------------------------------------------------------------------------
[INFO] Total time:  1.938 s
[INFO] Finished at: 2025-05-16T03:50:45Z
[INFO] ------------------------------------------------------------------------
[ERROR] Failed to execute goal org.apache.maven.plugins:maven-compiler-plugin:3.8.1:testCompile (default-testCompile) on project maven-filtering: Compilation failure: Compilation failure: 
[ERROR] /usr/src/RPM/BUILD/maven-filtering-3.2.0/src/test/java/org/apache/maven/shared/filtering/AbstractInterpolatorFilterReaderLineEndingTest.java:[23,26] package org.mockito does not exist
[ERROR] /usr/src/RPM/BUILD/maven-filtering-3.2.0/src/test/java/org/apache/maven/shared/filtering/AbstractInterpolatorFilterReaderLineEndingTest.java:[23,1] static import only from classes and interfaces
[ERROR] /usr/src/RPM/BUILD/maven-filtering-3.2.0/src/test/java/org/apache/maven/shared/filtering/AbstractInterpolatorFilterReaderLineEndingTest.java:[24,26] package org.mockito does not exist
[ERROR] /usr/src/RPM/BUILD/maven-filtering-3.2.0/src/test/java/org/apache/maven/shared/filtering/AbstractInterpolatorFilterReaderLineEndingTest.java:[24,1] static import only from classes and interfaces
[ERROR] /usr/src/RPM/BUILD/maven-filtering-3.2.0/src/test/java/org/apache/maven/shared/filtering/AbstractInterpolatorFilterReaderLineEndingTest.java:[25,26] package org.mockito does not exist
[ERROR] /usr/src/RPM/BUILD/maven-filtering-3.2.0/src/test/java/org/apache/maven/shared/filtering/AbstractInterpolatorFilterReaderLineEndingTest.java:[25,1] static import only from classes and interfaces
[ERROR] /usr/src/RPM/BUILD/maven-filtering-3.2.0/src/test/java/org/apache/maven/shared/filtering/AbstractInterpolatorFilterReaderLineEndingTest.java:[36,19] package org.mockito does not exist
[ERROR] /usr/src/RPM/BUILD/maven-filtering-3.2.0/src/test/java/org/apache/maven/shared/filtering/AbstractInterpolatorFilterReaderLineEndingTest.java:[37,19] package org.mockito does not exist
[ERROR] /usr/src/RPM/BUILD/maven-filtering-3.2.0/src/test/java/org/apache/maven/shared/filtering/MultiDelimiterInterpolatorFilterReaderLineEndingTest.java:[23,26] package org.mockito does not exist
[ERROR] /usr/src/RPM/BUILD/maven-filtering-3.2.0/src/test/java/org/apache/maven/shared/filtering/MultiDelimiterInterpolatorFilterReaderLineEndingTest.java:[23,1] static import only from classes and interfaces
[ERROR] /usr/src/RPM/BUILD/maven-filtering-3.2.0/src/test/java/org/apache/maven/shared/filtering/MultiDelimiterInterpolatorFilterReaderLineEndingTest.java:[24,26] package org.mockito does not exist
[ERROR] /usr/src/RPM/BUILD/maven-filtering-3.2.0/src/test/java/org/apache/maven/shared/filtering/MultiDelimiterInterpolatorFilterReaderLineEndingTest.java:[24,1] static import only from classes and interfaces
[ERROR] /usr/src/RPM/BUILD/maven-filtering-3.2.0/src/test/java/org/apache/maven/shared/filtering/MultiDelimiterInterpolatorFilterReaderLineEndingTest.java:[25,26] package org.mockito does not exist
[ERROR] /usr/src/RPM/BUILD/maven-filtering-3.2.0/src/test/java/org/apache/maven/shared/filtering/MultiDelimiterInterpolatorFilterReaderLineEndingTest.java:[25,1] static import only from classes and interfaces
[ERROR] /usr/src/RPM/BUILD/maven-filtering-3.2.0/src/test/java/org/apache/maven/shared/filtering/MultiDelimiterInterpolatorFilterReaderLineEndingTest.java:[38,19] package org.mockito does not exist
[ERROR] /usr/src/RPM/BUILD/maven-filtering-3.2.0/src/test/java/org/apache/maven/shared/filtering/MultiDelimiterInterpolatorFilterReaderLineEndingTest.java:[39,19] package org.mockito does not exist
[ERROR] /usr/src/RPM/BUILD/maven-filtering-3.2.0/src/test/java/org/apache/maven/shared/filtering/AbstractInterpolatorFilterReaderLineEndingTest.java:[42,6] cannot find symbol
[ERROR]   symbol:   class Mock
[ERROR]   location: class org.apache.maven.shared.filtering.AbstractInterpolatorFilterReaderLineEndingTest
[ERROR] /usr/src/RPM/BUILD/maven-filtering-3.2.0/src/test/java/org/apache/maven/shared/filtering/MultiDelimiterInterpolatorFilterReaderLineEndingTest.java:[45,6] cannot find symbol
[ERROR]   symbol:   class Mock
[ERROR]   location: class org.apache.maven.shared.filtering.MultiDelimiterInterpolatorFilterReaderLineEndingTest
[ERROR] /usr/src/RPM/BUILD/maven-filtering-3.2.0/src/test/java/org/apache/maven/shared/filtering/AbstractInterpolatorFilterReaderLineEndingTest.java:[48,9] cannot find symbol
[ERROR]   symbol:   variable MockitoAnnotations
[ERROR]   location: class org.apache.maven.shared.filtering.AbstractInterpolatorFilterReaderLineEndingTest
[ERROR] /usr/src/RPM/BUILD/maven-filtering-3.2.0/src/test/java/org/apache/maven/shared/filtering/AbstractInterpolatorFilterReaderLineEndingTest.java:[55,41] cannot find symbol
[ERROR]   symbol:   method eq(java.lang.String)
[ERROR]   location: class org.apache.maven.shared.filtering.AbstractInterpolatorFilterReaderLineEndingTest
[ERROR] /usr/src/RPM/BUILD/maven-filtering-3.2.0/src/test/java/org/apache/maven/shared/filtering/AbstractInterpolatorFilterReaderLineEndingTest.java:[55,55] cannot find symbol
[ERROR]   symbol:   method eq(java.lang.String)
[ERROR]   location: class org.apache.maven.shared.filtering.AbstractInterpolatorFilterReaderLineEndingTest
[ERROR] /usr/src/RPM/BUILD/maven-filtering-3.2.0/src/test/java/org/apache/maven/shared/filtering/AbstractInterpolatorFilterReaderLineEndingTest.java:[55,65] cannot find symbol
[ERROR]   symbol:   method isA(java.lang.Class<org.codehaus.plexus.interpolation.RecursionInterceptor>)
[ERROR]   location: class org.apache.maven.shared.filtering.AbstractInterpolatorFilterReaderLineEndingTest
[ERROR] /usr/src/RPM/BUILD/maven-filtering-3.2.0/src/test/java/org/apache/maven/shared/filtering/AbstractInterpolatorFilterReaderLineEndingTest.java:[99,41] cannot find symbol
[ERROR]   symbol:   method eq(java.lang.String)
[ERROR]   location: class org.apache.maven.shared.filtering.AbstractInterpolatorFilterReaderLineEndingTest
[ERROR] /usr/src/RPM/BUILD/maven-filtering-3.2.0/src/test/java/org/apache/maven/shared/filtering/AbstractInterpolatorFilterReaderLineEndingTest.java:[99,68] cannot find symbol
[ERROR]   symbol:   method eq(java.lang.String)
[ERROR]   location: class org.apache.maven.shared.filtering.AbstractInterpolatorFilterReaderLineEndingTest
[ERROR] /usr/src/RPM/BUILD/maven-filtering-3.2.0/src/test/java/org/apache/maven/shared/filtering/AbstractInterpolatorFilterReaderLineEndingTest.java:[99,78] cannot find symbol
[ERROR]   symbol:   method isA(java.lang.Class<org.codehaus.plexus.interpolation.RecursionInterceptor>)
[ERROR]   location: class org.apache.maven.shared.filtering.AbstractInterpolatorFilterReaderLineEndingTest
[ERROR] /usr/src/RPM/BUILD/maven-filtering-3.2.0/src/test/java/org/apache/maven/shared/filtering/AbstractInterpolatorFilterReaderLineEndingTest.java:[100,41] cannot find symbol
[ERROR]   symbol:   method eq(java.lang.String)
[ERROR]   location: class org.apache.maven.shared.filtering.AbstractInterpolatorFilterReaderLineEndingTest
[ERROR] /usr/src/RPM/BUILD/maven-filtering-3.2.0/src/test/java/org/apache/maven/shared/filtering/AbstractInterpolatorFilterReaderLineEndingTest.java:[100,68] cannot find symbol
[ERROR]   symbol:   method eq(java.lang.String)
[ERROR]   location: class org.apache.maven.shared.filtering.AbstractInterpolatorFilterReaderLineEndingTest
[ERROR] /usr/src/RPM/BUILD/maven-filtering-3.2.0/src/test/java/org/apache/maven/shared/filtering/AbstractInterpolatorFilterReaderLineEndingTest.java:[100,78] cannot find symbol
[ERROR]   symbol:   method isA(java.lang.Class<org.codehaus.plexus.interpolation.RecursionInterceptor>)
[ERROR]   location: class org.apache.maven.shared.filtering.AbstractInterpolatorFilterReaderLineEndingTest
[ERROR] /usr/src/RPM/BUILD/maven-filtering-3.2.0/src/test/java/org/apache/maven/shared/filtering/MultiDelimiterInterpolatorFilterReaderLineEndingTest.java:[52,9] cannot find symbol
[ERROR]   symbol:   variable MockitoAnnotations
[ERROR]   location: class org.apache.maven.shared.filtering.MultiDelimiterInterpolatorFilterReaderLineEndingTest
[ERROR] /usr/src/RPM/BUILD/maven-filtering-3.2.0/src/test/java/org/apache/maven/shared/filtering/MultiDelimiterInterpolatorFilterReaderLineEndingTest.java:[98,41] cannot find symbol
[ERROR]   symbol:   method eq(java.lang.String)
[ERROR]   location: class org.apache.maven.shared.filtering.MultiDelimiterInterpolatorFilterReaderLineEndingTest
[ERROR] /usr/src/RPM/BUILD/maven-filtering-3.2.0/src/test/java/org/apache/maven/shared/filtering/MultiDelimiterInterpolatorFilterReaderLineEndingTest.java:[98,57] cannot find symbol
[ERROR]   symbol:   method eq(java.lang.String)
[ERROR]   location: class org.apache.maven.shared.filtering.MultiDelimiterInterpolatorFilterReaderLineEndingTest
[ERROR] /usr/src/RPM/BUILD/maven-filtering-3.2.0/src/test/java/org/apache/maven/shared/filtering/MultiDelimiterInterpolatorFilterReaderLineEndingTest.java:[98,67] cannot find symbol
[ERROR]   symbol:   method isA(java.lang.Class<org.codehaus.plexus.interpolation.RecursionInterceptor>)
[ERROR]   location: class org.apache.maven.shared.filtering.MultiDelimiterInterpolatorFilterReaderLineEndingTest
[ERROR] /usr/src/RPM/BUILD/maven-filtering-3.2.0/src/test/java/org/apache/maven/shared/filtering/MultiDelimiterInterpolatorFilterReaderLineEndingTest.java:[113,41] cannot find symbol
[ERROR]   symbol:   method eq(java.lang.String)
[ERROR]   location: class org.apache.maven.shared.filtering.MultiDelimiterInterpolatorFilterReaderLineEndingTest
[ERROR] /usr/src/RPM/BUILD/maven-filtering-3.2.0/src/test/java/org/apache/maven/shared/filtering/MultiDelimiterInterpolatorFilterReaderLineEndingTest.java:[113,63] cannot find symbol
[ERROR]   symbol:   method eq(java.lang.String)
[ERROR]   location: class org.apache.maven.shared.filtering.MultiDelimiterInterpolatorFilterReaderLineEndingTest
[ERROR] /usr/src/RPM/BUILD/maven-filtering-3.2.0/src/test/java/org/apache/maven/shared/filtering/MultiDelimiterInterpolatorFilterReaderLineEndingTest.java:[113,73] cannot find symbol
[ERROR]   symbol:   method isA(java.lang.Class<org.codehaus.plexus.interpolation.RecursionInterceptor>)
[ERROR]   location: class org.apache.maven.shared.filtering.MultiDelimiterInterpolatorFilterReaderLineEndingTest
[ERROR] /usr/src/RPM/BUILD/maven-filtering-3.2.0/src/test/java/org/apache/maven/shared/filtering/MultiDelimiterInterpolatorFilterReaderLineEndingTest.java:[114,41] cannot find symbol
[ERROR]   symbol:   method eq(java.lang.String)
[ERROR]   location: class org.apache.maven.shared.filtering.MultiDelimiterInterpolatorFilterReaderLineEndingTest
[ERROR] /usr/src/RPM/BUILD/maven-filtering-3.2.0/src/test/java/org/apache/maven/shared/filtering/MultiDelimiterInterpolatorFilterReaderLineEndingTest.java:[114,61] cannot find symbol
[ERROR]   symbol:   method eq(java.lang.String)
[ERROR]   location: class org.apache.maven.shared.filtering.MultiDelimiterInterpolatorFilterReaderLineEndingTest
[ERROR] /usr/src/RPM/BUILD/maven-filtering-3.2.0/src/test/java/org/apache/maven/shared/filtering/MultiDelimiterInterpolatorFilterReaderLineEndingTest.java:[114,71] cannot find symbol
[ERROR]   symbol:   method isA(java.lang.Class<org.codehaus.plexus.interpolation.RecursionInterceptor>)
[ERROR]   location: class org.apache.maven.shared.filtering.MultiDelimiterInterpolatorFilterReaderLineEndingTest
[ERROR] /usr/src/RPM/BUILD/maven-filtering-3.2.0/src/test/java/org/apache/maven/shared/filtering/MultiDelimiterInterpolatorFilterReaderLineEndingTest.java:[115,41] cannot find symbol
[ERROR]   symbol:   method eq(java.lang.String)
[ERROR]   location: class org.apache.maven.shared.filtering.MultiDelimiterInterpolatorFilterReaderLineEndingTest
[ERROR] /usr/src/RPM/BUILD/maven-filtering-3.2.0/src/test/java/org/apache/maven/shared/filtering/MultiDelimiterInterpolatorFilterReaderLineEndingTest.java:[115,61] cannot find symbol
[ERROR]   symbol:   method eq(java.lang.String)
[ERROR]   location: class org.apache.maven.shared.filtering.MultiDelimiterInterpolatorFilterReaderLineEndingTest
[ERROR] /usr/src/RPM/BUILD/maven-filtering-3.2.0/src/test/java/org/apache/maven/shared/filtering/MultiDelimiterInterpolatorFilterReaderLineEndingTest.java:[115,71] cannot find symbol
[ERROR]   symbol:   method isA(java.lang.Class<org.codehaus.plexus.interpolation.RecursionInterceptor>)
[ERROR]   location: class org.apache.maven.shared.filtering.MultiDelimiterInterpolatorFilterReaderLineEndingTest
[ERROR] -> [Help 1]
[ERROR] 
[ERROR] To see the full stack trace of the errors, re-run Maven with the -e switch.
[ERROR] Re-run Maven using the -X switch to enable full debug logging.
[ERROR] 
[ERROR] For more information about the errors and possible solutions, please read the following articles:
[ERROR] [Help 1] http://cwiki.apache.org/confluence/display/MAVEN/MojoFailureException
error: Bad exit status from /usr/src/tmp/rpm-tmp.25714 (%build)


RPM build errors:
    Bad exit status from /usr/src/tmp/rpm-tmp.25714 (%build)
Command exited with non-zero status 1
14.75user 1.14system 0:02.88elapsed 552%CPU (0avgtext+0avgdata 518924maxresident)k
0inputs+0outputs (0major+101016minor)pagefaults 0swaps
hsh-rebuild: rebuild of `maven-filtering-3.2.0-alt1_3jpp11.src.rpm' failed.
Command exited with non-zero status 1
7.06user 2.88system 0:21.04elapsed 47%CPU (0avgtext+0avgdata 142300maxresident)k
808inputs+0outputs (0major+278959minor)pagefaults 0swaps
