<86>May 16 05:21:53 userdel[2238764]: delete user 'rooter'
<86>May 16 05:21:53 userdel[2238764]: removed group 'rooter' owned by 'rooter'
<86>May 16 05:21:53 userdel[2238764]: removed shadow group 'rooter' owned by 'rooter'
<86>May 16 05:21:53 groupadd[2238797]: group added to /etc/group: name=rooter, GID=1841
<86>May 16 05:21:53 groupadd[2238797]: group added to /etc/gshadow: name=rooter
<86>May 16 05:21:53 groupadd[2238797]: new group: name=rooter, GID=1841
<86>May 16 05:21:53 useradd[2238818]: new user: name=rooter, UID=1841, GID=1841, home=/root, shell=/bin/bash, from=none
<86>May 16 05:21:53 userdel[2238858]: delete user 'builder'
<86>May 16 05:21:53 userdel[2238858]: removed group 'builder' owned by 'builder'
<86>May 16 05:21:53 userdel[2238858]: removed shadow group 'builder' owned by 'builder'
<86>May 16 05:21:53 groupadd[2238882]: group added to /etc/group: name=builder, GID=1842
<86>May 16 05:21:53 groupadd[2238882]: group added to /etc/gshadow: name=builder
<86>May 16 05:21:53 groupadd[2238882]: new group: name=builder, GID=1842
<86>May 16 05:21:53 useradd[2238900]: new user: name=builder, UID=1842, GID=1842, home=/usr/src, shell=/bin/bash, from=none
warning: Macro %pom_remove_dep not found
warning: Macro %pom_remove_plugin not found
warning: Macro %pom_remove_plugin not found
warning: Macro %pom_remove_plugin not found
warning: Macro %pom_remove_plugin not found
warning: Macro %dist not found
warning: Macro %mvn_package not found
warning: Macro %pom_change_dep not found
warning: Macro %pom_remove_dep not found
warning: Macro %mvn_alias not found
warning: Macro %pom_xpath_inject not found
warning: Macro %mvn_build not found
warning: Macro %mvn_install not found
warning: Macro %_javaconfdir not found
warning: Macro %_jvmlibdir not found
warning: Macro %_javaconfdir not found
warning: Macro %_jvmlibdir not found
warning: Macro %_javaconfdir not found
warning: Macro %_jvmlibdir not found
warning: Macro %_javaconfdir not found
warning: Macro %_javaconfdir not found
<13>May 16 05:22:02 rpmi: javapackages-filesystem-1:6.0.0-alt3 sisyphus+378353.100.1.1 1742277151 installed
<13>May 16 05:22:02 rpmi: plexus-utils-0:3.3.0-alt1_7jpp11 sisyphus+283216.100.1.3 1629255397 installed
<13>May 16 05:22:02 rpmi: plexus-containers-component-annotations-0:2.1.1-alt1_2jpp11 sisyphus+318726.100.1.3 1681809130 installed
<13>May 16 05:22:02 rpmi: apache-commons-io-1:2.11.0-alt1_2jpp11 sisyphus+318723.100.1.1 1681807648 installed
<13>May 16 05:22:02 rpmi: maven-shared-utils-3.3.4-alt1_2jpp11 sisyphus+302881.100.1.1 1656671461 installed
<13>May 16 05:22:02 rpmi: slf4j-0:1.7.36-alt1 sisyphus+382913.300.3.1 1746015802 installed
<13>May 16 05:22:02 rpmi: apache-commons-lang3-3.17.0-alt1 sisyphus+382425.100.5.2 1747315776 installed
<13>May 16 05:22:02 rpmi: atinject-0:1.0.5-alt1_3jpp11 sisyphus+303043.100.1.1 1656765531 installed
<13>May 16 05:22:02 rpmi: plexus-interpolation-0:1.26-alt1_12jpp11 sisyphus+317222.100.1.2 1679506704 installed
<13>May 16 05:22:02 rpmi: javapackages-tools-1:6.0.0-alt3 sisyphus+378353.100.1.1 1742277151 installed
<13>May 16 05:22:02 rpmi: objectweb-asm-0:9.3-alt1_2jpp11 sisyphus+317150.100.1.2 1679414664 installed
<13>May 16 05:22:02 rpmi: plexus-classworlds-0:2.6.0-alt1_12jpp11 sisyphus+317221.100.1.2 1679504163 installed
<13>May 16 05:22:02 rpmi: apache-commons-codec-0:1.15-alt1_4jpp11 sisyphus+283206.100.1.2 1629250805 installed
<13>May 16 05:22:02 rpmi: apache-commons-compress-0:1.21-alt1_1jpp11 sisyphus+282760.100.1.3 1629016378 installed
<13>May 16 05:22:02 rpmi: qdox-1:2.0.0-alt1_9jpp11 sisyphus+383527.200.1.1 1746616019 installed
<13>May 16 05:22:02 rpmi: plexus-cipher-2.0-alt1_2jpp11 sisyphus+318725.100.1.2 1681808079 installed
<13>May 16 05:22:02 rpmi: cdi-api-2.0.2-alt1_3jpp11 sisyphus+300684.100.1.1 1653577326 installed
<13>May 16 05:22:02 rpmi: sisu-2:0.3.5-alt1_2jpp11 sisyphus+318727.100.1.3 1681808440 installed
<13>May 16 05:22:02 rpmi: jcl-over-slf4j-0:1.7.36-alt1 sisyphus+382913.300.3.1 1746015802 installed
<13>May 16 05:22:02 rpmi: plexus-io-0:3.2.0-alt1_9jpp11 sisyphus+303270.100.1.1 1657178206 installed
<13>May 16 05:22:02 rpmi: plexus-build-api-0:0.0.7-alt3_36jpp11 sisyphus+303029.100.1.3 1656759159 installed
<13>May 16 05:22:02 rpmi: httpcomponents-core-4.4.13-alt1_4jpp11 sisyphus+283282.100.1.3 1629308546 installed
<13>May 16 05:22:02 rpmi: plexus-sec-dispatcher-2.0-alt1 sisyphus+382157.100.1.1 1745096363 installed
<13>May 16 05:22:02 rpmi: plexus-languages-1.1.1-alt1_2jpp11 sisyphus+317156.100.1.3 1679417212 installed
<13>May 16 05:22:02 rpmi: byte-buddy-1.12.0-alt1_3jpp11 sisyphus+303411.100.1.1 1657454125 installed
<13>May 16 05:22:02 rpmi: plexus-compiler-0:2.11.1-alt1_2jpp11 sisyphus+317154.100.1.3 1679416547 installed
<13>May 16 05:22:02 rpmi: apache-commons-cli-0:1.5.0-alt1_3jpp11 sisyphus+303041.100.1.3 1656766127 installed
<13>May 16 05:22:02 rpmi: apache-commons-collections-0:3.2.2-alt1_27jpp11 sisyphus+302979.100.1.3 1656746095 installed
<13>May 16 05:22:02 rpmi: apache-commons-logging-0:1.2-alt1_30jpp11 sisyphus+302982.100.1.1 1656745489 installed
<13>May 16 05:22:02 rpmi: jansi-0:2.4.0-alt1_7jpp11 sisyphus+317216.100.1.3 1679501794 installed
<13>May 16 05:22:02 rpmi: jakarta-annotations-1.3.5-alt1_11jpp11 sisyphus+300688.100.1.1 1653578883 installed
<13>May 16 05:22:02 rpmi: xmvn-core-4.0.0-alt1_8jpp11 sisyphus+303446.100.1.1 1657533450 installed
<13>May 16 05:22:02 rpmi: hawtjni-runtime-0:1.18-alt1_2jpp11 sisyphus+282792.100.1.1 1629029179 installed
<13>May 16 05:22:02 rpmi: hamcrest-0:2.2-alt1_5jpp11 sisyphus+301728.200.1.1 1654860789 installed
<13>May 16 05:22:02 rpmi: junit-1:4.13.1-alt1_7jpp11 sisyphus+303013.100.1.2 1656753167 installed
<13>May 16 05:22:02 rpmi: opentest4j-1.2.0-alt1_10jpp11 sisyphus+303026.100.1.2 1656757807 installed
<13>May 16 05:22:02 rpmi: maven-plugin-annotations-3.6.4-alt1 sisyphus+383557.200.1.1 1746628968 installed
<13>May 16 05:22:02 rpmi: libpng16-1.6.42-alt2 sisyphus+339555.100.1.1 1706781682 installed
<13>May 16 05:22:02 rpmi: jansi-native-0:1.8-alt1_12jpp11 sisyphus+317217.100.1.2 1679502324 installed
<13>May 16 05:22:02 rpmi: jansi1-1.18-alt1_11jpp11 sisyphus+302998.100.1.2 1656749981 installed
<13>May 16 05:22:02 rpmi: jline2-0:2.14.6-alt1_2jpp11 sisyphus+273662.100.1.1 1622879727 installed
<13>May 16 05:22:02 rpmi: bsf-1:2.4.0-alt3_46jpp11 sisyphus+317135.100.1.1 1679405986 installed
<13>May 16 05:22:02 rpmi: bsh-0:2.1.0-alt1_5jpp11 sisyphus+302988.100.1.3 1656748952 installed
<13>May 16 05:22:02 rpmi: velocity-1:1.7-alt3_36jpp11 sisyphus+282835.200.1.1 1629039655 installed
<13>May 16 05:22:02 rpmi: assertj-core-3.19.0-alt1_3jpp11 sisyphus+301632.100.1.1 1654767506 installed
<13>May 16 05:22:02 rpmi: java-common-1.7.0-alt1 sisyphus+333533.100.1.1 1699037019 installed
<13>May 16 05:22:02 rpmi: plexus-resources-0:1.2.0-alt1_2jpp11 sisyphus+317157.100.1.2 1679417543 installed
<13>May 16 05:22:02 rpmi: xbean-0:4.18-alt1_7jpp11 sisyphus+303040.100.1.2 1656761668 installed
<13>May 16 05:22:02 rpmi: plexus-containers-container-default-0:2.1.1-alt1_2jpp11 sisyphus+318726.100.1.3 1681809130 installed
<13>May 16 05:22:02 rpmi: apache-resource-bundles-1:36-alt1_2jpp11 sisyphus+317095.100.1.2 1679396315 installed
<13>May 16 05:22:02 rpmi: jsr-305-1:3.0.2-alt1_3jpp11 sisyphus+283271.100.1.2 1629305577 installed
<13>May 16 05:22:02 rpmi: guava-31.0.1-alt2_3jpp11 sisyphus+384217.100.1.1 1747314227 installed
<13>May 16 05:22:02 rpmi: google-guice-0:4.2.3-alt1_6jpp11 sisyphus+300883.100.1.1 1653894654 installed
<13>May 16 05:22:02 rpmi: jsoup-1.13.1-alt1_7jpp11 sisyphus+283208.100.1.3 1629252685 installed
<13>May 16 05:22:02 rpmi: beust-jcommander-1.78-alt1_7jpp11 sisyphus+281813.100.1.1 1628094307 installed
<13>May 16 05:22:02 rpmi: xmvn-tools-4.0.0-alt1_8jpp11 sisyphus+303446.100.1.1 1657533450 installed
<13>May 16 05:22:02 rpmi: xz-java-1.9-alt1_3jpp11 sisyphus+303072.100.1.2 1656772105 installed
<13>May 16 05:22:02 rpmi: plexus-archiver-0:4.2.7-alt1_2jpp11 sisyphus+317153.100.1.3 1679416196 installed
<13>May 16 05:22:02 rpmi: apiguardian-1.1.2-alt1_3jpp11 sisyphus+303042.100.1.1 1656765526 installed
<13>May 16 05:22:02 rpmi: byte-buddy-agent-1.12.0-alt1_3jpp11 sisyphus+303411.100.1.1 1657454125 installed
<13>May 16 05:22:02 rpmi: jdom2-2.0.6-alt1_27jpp11 sisyphus+303003.100.1.1 1656746846 installed
<13>May 16 05:22:02 rpmi: univocity-parsers-2.9.1-alt1_6jpp11 sisyphus+303035.100.1.2 1656759759 installed
<13>May 16 05:22:03 rpmi: junit5-5.8.2-alt1 sisyphus+383557.100.1.1 1746628905 installed
<13>May 16 05:22:03 rpmi: objenesis-0:3.1-alt1_7jpp11 sisyphus+302027.100.1.2 1655142031 installed
<13>May 16 05:22:03 rpmi: xmlunit-core-0:2.8.2-alt1_8jpp11 sisyphus+317074.100.1.1 1679339744 installed
<13>May 16 05:22:03 rpmi: libprocps-3.3.17-alt8.g37f1060 sisyphus+330939.300.7.1 1697495403 installed
<13>May 16 05:22:03 rpmi: libxslt-1.1.39-alt1 sisyphus+349406.100.1.1 1716751806 installed
<13>May 16 05:22:03 rpmi: rpm-macros-java-1:6.0.0-alt3 sisyphus+378353.100.1.1 1742277151 installed
<13>May 16 05:22:03 rpmi: jurand-1.3.5-alt2 sisyphus+377872.100.1.1 1741880705 installed
<13>May 16 05:22:03 rpmi: rpm-macros-jurand-1.3.5-alt2 sisyphus+377872.100.1.1 1741880705 installed
<13>May 16 05:22:03 rpmi: libmpdec3-2.5.1-alt3 sisyphus+314490.500.5.1 1675432004 installed
<13>May 16 05:22:03 rpmi: libgdbm-1.8.3-alt10 sisyphus+346222.200.3.2 1716468404 installed
<13>May 16 05:22:03 rpmi: libexpat-2.7.1-alt1 sisyphus+379929.100.1.1 1743519381 installed
<13>May 16 05:22:03 rpmi: openssl-config-3.2.0-alt1 sisyphus+366659.140.4.1 1736956949 installed
<13>May 16 05:22:03 rpmi: libb2-0.98.1-alt1_1 sisyphus+291614.100.1.1 1638962877 installed
<13>May 16 05:22:03 rpmi: liblcms2-2.17-alt1 sisyphus+376290.10700.24.2 1745385260 installed
<13>May 16 05:22:03 rpmi: libjpeg-2:3.0.2-alt2.1 sisyphus+340135.100.1.1 1707449145 installed
<13>May 16 05:22:03 rpmi: libbrotlicommon-1.1.0-alt1 sisyphus+328501.100.1.1 1693598419 installed
<13>May 16 05:22:03 rpmi: libbrotlidec-1.1.0-alt1 sisyphus+328501.100.1.1 1693598419 installed
<13>May 16 05:22:03 rpmi: libgraphite2-1.3.14-alt2.1 sisyphus+279571.100.1.2 1626605111 installed
<13>May 16 05:22:03 rpmi: libharfbuzz-11.2.1-alt1 sisyphus+384013.100.1.1 1747136771 installed
<13>May 16 05:22:03 rpmi: libfreetype-2.13.3-alt1 sisyphus+355656.100.1.1 1724221064 installed
<13>May 16 05:22:03 rpmi: javazi-2024a-alt1 sisyphus+344801.200.1.1 1712691734 installed
<13>May 16 05:22:03 rpmi: libgif-4.1.6-alt4 sisyphus+379672.40.3.1 1746456932 installed
<13>May 16 05:22:03 rpmi: libX11-locales-3:1.8.11-alt1 sisyphus+373040.100.1.1 1738571640 installed
<13>May 16 05:22:03 rpmi: libXdmcp-1.1.5-alt1 sisyphus+343583.700.1.1 1711441061 installed
<13>May 16 05:22:03 rpmi: libXau-1.0.11-alt1 sisyphus+311428.100.1.1 1670577439 installed
<13>May 16 05:22:03 rpmi: libxcb-1.17.0-alt1 sisyphus+345308.200.1.1 1713342004 installed
<13>May 16 05:22:03 rpmi: libX11-3:1.8.11-alt1 sisyphus+373040.100.1.1 1738571640 installed
<13>May 16 05:22:03 rpmi: libXext-1.3.6-alt1 sisyphus+343583.1000.1.1 1711441101 installed
<13>May 16 05:22:03 rpmi: libXi-1.8-alt1 sisyphus+285490.200.1.1 1632124174 installed
<13>May 16 05:22:03 rpmi: libXtst-1.2.4-alt1 sisyphus+308663.1300.1.1 1666168495 installed
<13>May 16 05:22:03 rpmi: libXrender-0.9.12-alt1 sisyphus+373121.100.1.1 1738654919 installed
<13>May 16 05:22:03 rpmi: libp11-kit-1:0.25.5-alt1 sisyphus+352553.100.1.1 1720622573 installed
<13>May 16 05:22:03 rpmi: libtasn1-4.20.0-alt2 sisyphus+375829.100.1.1 1740299335 installed
<13>May 16 05:22:03 rpmi: publicsuffix-list-20250416-alt1 sisyphus+381887.100.1.1 1744900874 installed
<13>May 16 05:22:03 rpmi: httpcomponents-client-4.5.13-alt1_2jpp11 sisyphus+283281.100.1.3 1629307126 installed
<13>May 16 05:22:03 rpmi: maven-wagon-0:3.5.3-alt1 sisyphus+382913.400.3.1 1746015847 installed
<13>May 16 05:22:03 rpmi: maven-resolver-1:1.6.3-alt1 sisyphus+381949.100.1.1 1744966821 installed
<13>May 16 05:22:03 rpmi: maven-1:3.8.8-alt1 sisyphus+382913.500.3.1 1746016050 installed
<13>May 16 05:22:03 rpmi: xmvn-minimal-4.0.0-alt1_8jpp11 sisyphus+303446.100.1.1 1657533450 installed
<13>May 16 05:22:03 rpmi: maven-lib-1:3.8.8-alt1 sisyphus+382913.500.3.1 1746016050 installed
<13>May 16 05:22:03 rpmi: maven-common-artifact-filters-3.2.0-alt1_3jpp11 sisyphus+303056.100.1.2 1656767734 installed
<13>May 16 05:22:03 rpmi: maven-surefire-0:3.2.2-alt1 sisyphus+383557.300.1.1 1746629043 installed
<13>May 16 05:22:03 rpmi: maven-artifact-transfer-1:0.13.1-alt2 sisyphus+382320.300.3.2 1745479123 installed
<13>May 16 05:22:03 rpmi: maven-filtering-3.2.0-alt1_3jpp11 sisyphus+301764.100.1.2 1654889715 installed
<13>May 16 05:22:03 rpmi: maven-archiver-0:3.5.2-alt1_2jpp11 sisyphus+317140.100.1.2 1679410347 installed
<13>May 16 05:22:03 rpmi: maven-plugin-tools-api-3.6.4-alt1 sisyphus+383557.200.1.1 1746628968 installed
<13>May 16 05:22:03 rpmi: maven-dependency-tree-3.1.0-alt1_2jpp11 sisyphus+317142.100.1.2 1679412375 installed
<13>May 16 05:22:03 rpmi: maven-shared-io-1:3.0.0-alt1_17jpp11 sisyphus+303022.100.1.3 1656757260 installed
<13>May 16 05:22:03 rpmi: maven-file-management-1:3.0.0-alt1_17jpp11 sisyphus+303020.100.1.3 1656756699 installed
<13>May 16 05:22:03 rpmi: maven-jar-plugin-3.2.2-alt1_2jpp11 sisyphus+317144.100.1.3 1679413357 installed
<13>May 16 05:22:03 rpmi: maven-plugin-tools-annotations-3.6.4-alt1 sisyphus+383557.200.1.1 1746628968 installed
<13>May 16 05:22:03 rpmi: maven-plugin-tools-generators-3.6.4-alt1 sisyphus+383557.200.1.1 1746628968 installed
<13>May 16 05:22:03 rpmi: maven-plugin-tools-java-3.6.4-alt1 sisyphus+383557.200.1.1 1746628968 installed
<13>May 16 05:22:03 rpmi: maven-plugin-plugin-3.6.4-alt1 sisyphus+383557.200.1.1 1746628968 installed
<13>May 16 05:22:03 rpmi: maven-remote-resources-plugin-1.7.0-alt1_7jpp11 sisyphus+282861.100.1.1 1629057314 installed
<13>May 16 05:22:03 rpmi: maven-resources-plugin-3.2.0-alt1_4jpp11 sisyphus+282536.100.1.2 1628793650 installed
<13>May 16 05:22:03 rpmi: maven-surefire-provider-junit-0:3.2.2-alt1 sisyphus+383557.300.1.1 1746629043 installed
<13>May 16 05:22:03 rpmi: maven-surefire-provider-junit5-0:3.2.2-alt1 sisyphus+383557.300.1.1 1746629043 installed
<13>May 16 05:22:03 rpmi: maven-surefire-provider-testng-0:3.2.2-alt1 sisyphus+383557.300.1.1 1746629043 installed
<13>May 16 05:22:03 rpmi: maven-surefire-plugin-0:3.2.2-alt1 sisyphus+383557.300.1.1 1746629043 installed
<13>May 16 05:22:03 rpmi: maven-enforcer-api-0:3.0.0_M2-alt1_3jpp11 sisyphus+301995.100.1.3 1655132104 installed
<13>May 16 05:22:03 rpmi: maven-enforcer-rules-0:3.0.0_M2-alt1_3jpp11 sisyphus+301995.100.1.3 1655132104 installed
<13>May 16 05:22:03 rpmi: maven-enforcer-plugin-0:3.0.0_M2-alt1_3jpp11 sisyphus+301995.100.1.3 1655132104 installed
<13>May 16 05:22:03 rpmi: apache-parent-26-alt1_3jpp11 sisyphus+317094.100.1.3 1679396015 installed
<13>May 16 05:22:03 rpmi: maven-shared-incremental-1.1-alt1_23jpp11 sisyphus+282537.100.1.1 1628793339 installed
<13>May 16 05:22:03 rpmi: maven-compiler-plugin-3.8.1-alt1_10jpp11 sisyphus+282511.100.1.2 1628772929 installed
<13>May 16 05:22:03 rpmi: maven-dependency-analyzer-1.11.3-alt1_4jpp11 sisyphus+282857.100.1.1 1629056424 installed
<13>May 16 05:22:03 rpmi: xmvn-mojo-4.0.0-alt1_8jpp11 sisyphus+303446.100.1.1 1657533450 installed
<13>May 16 05:22:03 rpmi: rpm-macros-alternatives-0.5.3-alt1 sisyphus+371878.100.1.1 1737988822 installed
<13>May 16 05:22:03 rpmi: alternatives-0.5.3-alt1 sisyphus+371878.100.1.1 1737988822 installed
<13>May 16 05:22:03 rpmi: ca-certificates-2025.05.12-alt1 sisyphus+383903.200.2.1 1747060316 installed
<13>May 16 05:22:03 rpmi: ca-trust-0.2.0-alt1 sisyphus+344843.100.1.1 1712743326 installed
<13>May 16 05:22:03 rpmi: p11-kit-trust-1:0.25.5-alt1 sisyphus+352553.100.1.1 1720622573 installed
<13>May 16 05:22:03 rpmi: libcrypto3-3.3.3-alt1 sisyphus+374381.40.2.1 1739299401 installed
<13>May 16 05:22:03 rpmi: libssl3-3.3.3-alt1 sisyphus+374381.40.2.1 1739299401 installed
<13>May 16 05:22:03 rpmi: python3-3.12.10-alt1 sisyphus+381757.100.1.1 1744802808 installed
<13>May 16 05:22:04 rpmi: python3-base-3.12.10-alt1 sisyphus+381757.100.1.1 1744802808 installed
<13>May 16 05:22:04 rpmi: python3-module-six-1.17.0-alt1.1 sisyphus+373470.100.1.1 1738920023 installed
<13>May 16 05:22:04 rpmi: python3-module-genshi-0.7.9-alt2.1 sisyphus+376369.5100.10.1 1746628134 installed
<13>May 16 05:22:04 rpmi: python3-module-cssselect-1.3.0-alt1 sisyphus+377617.100.1.1 1741681780 installed
<13>May 16 05:22:04 rpmi: python3-module-webencodings-0.5.1-alt3 sisyphus+359244.100.1.1 1728381102 installed
<13>May 16 05:22:04 rpmi: python3-module-html5lib-1:1.1-alt1 sisyphus+278096.120.5.1 1626086978 installed
<13>May 16 05:22:04 rpmi: python3-module-lxml-5.4.0-alt1 sisyphus+382313.100.1.1 1745325124 installed
<13>May 16 05:22:04 rpmi: python3-module-javapackages-1:6.0.0-alt3 sisyphus+378353.100.1.1 1742277151 installed
<13>May 16 05:22:04 rpmi: rpm-build-java-1:6.0.0-alt3 sisyphus+378353.100.1.1 1742277151 installed
<13>May 16 05:22:04 rpmi: javapackages-local-1:6.0.0-alt3 sisyphus+378353.100.1.1 1742277151 installed
<13>May 16 05:22:04 rpmi: ca-trust-java-0.2.0-alt1 sisyphus+344843.100.1.1 1712743326 installed
<13>May 16 05:22:04 rpmi: java-stub-javadoc-0.1-alt1 sisyphus+276859.100.1.1 1625245070 installed
<13>May 16 05:22:04 rpmi: alsa-ucm-conf-1.2.13-alt2 sisyphus+379457.100.1.1 1743144589 installed
<13>May 16 05:22:04 rpmi: alsa-topology-conf-1.2.5.1-alt1 sisyphus+274777.100.1.1 1624089141 installed
<13>May 16 05:22:04 rpmi: libalsa-1:1.2.13-alt1 sisyphus+370533.200.1.1 1737298943 installed
<13>May 16 05:22:06 rpmi: java-11-openjdk-headless-0:11.0.27.0.6-alt1 sisyphus+382872.100.1.1 1745983997 installed
<13>May 16 05:22:07 rpmi: java-11-openjdk-0:11.0.27.0.6-alt1 sisyphus+382872.100.1.1 1745983997 installed
<13>May 16 05:22:07 rpmi: java-11-openjdk-devel-0:11.0.27.0.6-alt1 sisyphus+382872.100.1.1 1745983997 installed
<13>May 16 05:22:07 rpmi: jpackage-11-compat-0.43-alt1 sisyphus+338091.100.1.2 1705652445 installed
<13>May 16 05:22:07 rpmi: maven-local-1:6.0.0-alt3 sisyphus+378353.100.1.1 1742277151 installed
<13>May 16 05:22:07 rpmi: maven-dependency-plugin-3.1.2-alt1_7jpp11 sisyphus+282512.100.1.3 1628774576 installed
<13>May 16 05:22:07 rpmi: maven-parent-35-alt1 sisyphus+382913.100.1.1 1746010754 installed
<13>May 16 05:22:07 rpmi: maven-assembly-plugin-3.3.0-alt1_6jpp11 sisyphus+282509.100.1.3 1628772957 installed
<13>May 16 05:22:07 rpmi: maven-plugin-build-helper-3.3.0-alt1_2jpp11 sisyphus+317145.100.1.3 1679413670 installed
<13>May 16 05:22:07 rpmi: maven-failsafe-plugin-0:3.2.2-alt1 sisyphus+383557.300.1.1 1746629043 installed
<13>May 16 05:22:07 rpmi: sisu-mojos-0.3.5-alt1_2jpp11 sisyphus+317160.100.1.2 1679417544 installed
<13>May 16 05:22:07 rpmi: xmlunit-matchers-0:2.8.2-alt1_8jpp11 sisyphus+317074.100.1.1 1679339744 installed
<13>May 16 05:22:07 rpmi: mockito-5.17.0-alt1 sisyphus+382425.300.5.2 1747315818 installed
<13>May 16 05:22:07 rpmi: plexus-containers-component-metadata-0:2.1.1-alt1_2jpp11 sisyphus+318726.100.1.3 1681809130 installed
<13>May 16 05:22:07 rpmi: modello-0:2.0.0-alt1_2jpp11 sisyphus+317148.100.1.3 1679414336 installed
<13>May 16 05:22:07 rpmi: slf4j-sources-0:1.7.36-alt1 sisyphus+382913.300.3.1 1746015802 installed
<13>May 16 05:22:07 rpmi: apache-commons-jxpath-0:1.3-alt3_43jpp11 sisyphus+302981.100.1.3 1656746819 installed
warning: Macro %dist not found
Building target platforms: x86_64
Building for target x86_64
Wrote: /usr/src/in/nosrpm/maven-3.8.8-alt1.nosrc.rpm (w1.gzdio)
warning: Macro %dist not found
Installing maven-3.8.8-alt1.src.rpm
Building target platforms: x86_64
Building for target x86_64
Executing(%prep): /bin/sh -e /usr/src/tmp/rpm-tmp.14503
+ umask 022
+ /bin/mkdir -p /usr/src/RPM/BUILD
+ cd /usr/src/RPM/BUILD
+ cd /usr/src/RPM/BUILD
+ rm -rf apache-maven-3.8.8
+ echo 'Source #0 (apache-maven-3.8.8-src.tar.gz):'
Source #0 (apache-maven-3.8.8-src.tar.gz):
+ /usr/bin/gzip -dc /usr/src/RPM/SOURCES/apache-maven-3.8.8-src.tar.gz
+ /bin/tar -xf -
+ cd apache-maven-3.8.8
+ /bin/chmod -c -Rf u+rwX,go-w .
+ find -name '*.java' -exec sed -i 's/\r//' '{}' +
+ find -name pom.xml -exec sed -i 's/\r//' '{}' +
+ echo 'Patch #1 (0001-Adapt-mvn-script.patch):'
Patch #1 (0001-Adapt-mvn-script.patch):
+ /usr/bin/patch -p1
patching file apache-maven/src/bin/mvn
Hunk #2 succeeded at 37 (offset 4 lines).
Hunk #3 succeeded at 74 (offset 4 lines).
+ echo 'Patch #2 (0002-Invoke-logback-via-reflection.patch):'
Patch #2 (0002-Invoke-logback-via-reflection.patch):
+ /usr/bin/patch -p1
patching file maven-embedder/src/main/java/org/apache/maven/cli/logging/impl/LogbackConfiguration.java
+ echo 'Patch #3 (0003-Remove-dependency-on-powermock.patch):'
Patch #3 (0003-Remove-dependency-on-powermock.patch):
+ /usr/bin/patch -p1
patching file maven-model-builder/src/test/java/org/apache/maven/model/interpolation/StringSearchModelInterpolatorTest.java
Hunk #2 succeeded at 373 (offset 1 line).
+ echo 'Patch #4 (0004-Restore-DefaultModelValidator-compatibility-with-Mav.patch):'
Patch #4 (0004-Restore-DefaultModelValidator-compatibility-with-Mav.patch):
+ /usr/bin/patch -p1
patching file maven-model-builder/src/main/java/org/apache/maven/model/validation/DefaultModelValidator.java
+ echo 'Patch #5 (maven-3.8.2-alt-fix-config-mavenrc.patch):'
Patch #5 (maven-3.8.2-alt-fix-config-mavenrc.patch):
+ /usr/bin/patch -p2
patching file apache-maven/src/bin/mvn
+ find -name '*.jar' -not -path '*/test/*' -delete
+ find -name '*.class' -delete
+ find -name '*.bat' -delete
+ /usr/bin/python3 /usr/share/java-utils/pom_editor.py pom_remove_dep -r :powermock-reflect
+ sed -i 's:\r::' apache-maven/src/conf/settings.xml
+ rm apache-maven/src/main/appended-resources/META-INF/LICENSE.vm
+ /usr/bin/python3 /usr/share/java-utils/pom_editor.py pom_remove_plugin -r :animal-sniffer-maven-plugin
+ /usr/bin/python3 /usr/share/java-utils/pom_editor.py pom_remove_plugin -r :apache-rat-plugin
+ /usr/bin/python3 /usr/share/java-utils/pom_editor.py pom_remove_plugin -r :maven-site-plugin
+ /usr/bin/python3 /usr/share/java-utils/pom_editor.py pom_remove_plugin -r :buildnumber-maven-plugin
++ find -name build.properties
+ sed -i '
/buildNumber=/ {
  s/=.*/=Red Hat 3.8.8-alt1/
  s/%{dist}$//
}
/timestamp=/ d
' ./maven-core/src/test/resources/projects/build.properties ./maven-core/src/main/resources/org/apache/maven/messages/build.properties
+ /usr/bin/python3 /usr/share/java-utils/mvn_package.py :apache-maven __noinstall
+ /usr/bin/python3 /usr/share/java-utils/pom_editor.py pom_change_dep :jansi :::runtime maven-embedder
+ /usr/bin/python3 /usr/share/java-utils/pom_editor.py pom_remove_dep -r :logback-classic
+ /usr/bin/python3 /usr/share/java-utils/mvn_alias.py :maven-resolver-provider :maven-aether-provider
+ /usr/bin/python3 /usr/share/java-utils/pom_editor.py pom_xpath_inject pom:build/pom:plugins '
<plugin>
	<groupId>org.eclipse.sisu</groupId>
	<artifactId>sisu-maven-plugin</artifactId>
</plugin>' maven-model-builder/pom.xml
+ exit 0
Executing(%build): /bin/sh -e /usr/src/tmp/rpm-tmp.33825
+ umask 022
+ /bin/mkdir -p /usr/src/RPM/BUILD
+ cd /usr/src/RPM/BUILD
+ cd apache-maven-3.8.8
+ /usr/bin/python3 /usr/share/java-utils/mvn_build.py --xmvn-javadoc -- -Dmaven.compiler.source=1.8 -Dmaven.compiler.target=1.8 -Dmaven.javadoc.source=1.8 -Dmaven.compiler.release=8 -Dproject.build.sourceEncoding=UTF-8
Executing: xmvn --batch-mode --offline -Dmaven.compiler.source=1.8 -Dmaven.compiler.target=1.8 -Dmaven.javadoc.source=1.8 -Dmaven.compiler.release=8 -Dproject.build.sourceEncoding=UTF-8 verify org.fedoraproject.xmvn:xmvn-mojo:install org.fedoraproject.xmvn:xmvn-mojo:javadoc org.fedoraproject.xmvn:xmvn-mojo:builddep
['xmvn', '--batch-mode', '--offline', '-Dmaven.compiler.source=1.8', '-Dmaven.compiler.target=1.8', '-Dmaven.javadoc.source=1.8', '-Dmaven.compiler.release=8', '-Dproject.build.sourceEncoding=UTF-8', 'verify', 'org.fedoraproject.xmvn:xmvn-mojo:install', 'org.fedoraproject.xmvn:xmvn-mojo:javadoc', 'org.fedoraproject.xmvn:xmvn-mojo:builddep']
[INFO] Scanning for projects...
[INFO] ------------------------------------------------------------------------
[INFO] Reactor Build Order:
[INFO] 
[INFO] Apache Maven                                                       [pom]
[INFO] Maven Model                                                        [jar]
[INFO] Maven Artifact                                                     [jar]
[INFO] Maven Plugin API                                                   [jar]
[INFO] Maven Builder Support                                              [jar]
[INFO] Maven Model Builder                                                [jar]
[INFO] Maven Settings                                                     [jar]
[INFO] Maven Settings Builder                                             [jar]
[INFO] Maven Repository Metadata Model                                    [jar]
[INFO] Maven Artifact Resolver Provider                                   [jar]
[INFO] Maven Core                                                         [jar]
[INFO] Maven SLF4J Simple Provider                                        [jar]
[INFO] Maven Embedder                                                     [jar]
[INFO] Maven Compat                                                       [jar]
[INFO] Apache Maven Distribution                                          [pom]
[INFO] 
[INFO] -----------------------< org.apache.maven:maven >-----------------------
[INFO] Building Apache Maven 3.8.8                                       [1/15]
[INFO]   from pom.xml
[INFO] --------------------------------[ pom ]---------------------------------
[INFO] 
[INFO] --- maven-enforcer-plugin:3.0.0-M2:enforce (enforce-maven-version) @ maven ---
[INFO] 
[INFO] --- maven-enforcer-plugin:3.0.0-M2:enforce (enforce-java-version) @ maven ---
[INFO] 
[INFO] --- maven-enforcer-plugin:3.0.0-M2:enforce (ensure-no-sonatype-cipher-and-sec-dispatcher) @ maven ---
[INFO] 
[INFO] --- maven-remote-resources-plugin:1.7.0:process (process-resource-bundles) @ maven ---
[INFO] Preparing remote bundle org.apache:apache-jar-resource-bundle:1.4
[INFO] Copying 5 resources from 1 bundle.
[INFO] 
[INFO] --------------------< org.apache.maven:maven-model >--------------------
[INFO] Building Maven Model 3.8.8                                        [2/15]
[INFO]   from maven-model/pom.xml
[INFO] --------------------------------[ jar ]---------------------------------
[INFO] 
[INFO] --- maven-enforcer-plugin:3.0.0-M2:enforce (enforce-maven-version) @ maven-model ---
[INFO] 
[INFO] --- maven-enforcer-plugin:3.0.0-M2:enforce (enforce-java-version) @ maven-model ---
[INFO] 
[INFO] --- maven-enforcer-plugin:3.0.0-M2:enforce (ensure-no-sonatype-cipher-and-sec-dispatcher) @ maven-model ---
[INFO] 
[INFO] --- modello-maven-plugin:2.0.0:java (modello) @ maven-model ---
[INFO] outputDirectory: /usr/src/RPM/BUILD/apache-maven-3.8.8/maven-model/target/generated-sources/modello
[INFO] Working on model: src/main/mdo/maven.mdo
[INFO] Generating current version: 4.0.0
[INFO] 
[INFO] --- modello-maven-plugin:2.0.0:xpp3-reader (modello) @ maven-model ---
[INFO] outputDirectory: /usr/src/RPM/BUILD/apache-maven-3.8.8/maven-model/target/generated-sources/modello
[INFO] Working on model: src/main/mdo/maven.mdo
[INFO] Generating current version: 4.0.0
[INFO] 
[INFO] --- modello-maven-plugin:2.0.0:xpp3-extended-reader (modello) @ maven-model ---
[INFO] outputDirectory: /usr/src/RPM/BUILD/apache-maven-3.8.8/maven-model/target/generated-sources/modello
[INFO] Working on model: src/main/mdo/maven.mdo
[INFO] Generating current version: 4.0.0
[INFO] 
[INFO] --- modello-maven-plugin:2.0.0:xpp3-writer (modello) @ maven-model ---
[INFO] outputDirectory: /usr/src/RPM/BUILD/apache-maven-3.8.8/maven-model/target/generated-sources/modello
[INFO] Working on model: src/main/mdo/maven.mdo
[INFO] Generating current version: 4.0.0
[INFO] 
[INFO] --- modello-maven-plugin:2.0.0:xpp3-extended-writer (modello) @ maven-model ---
[INFO] outputDirectory: /usr/src/RPM/BUILD/apache-maven-3.8.8/maven-model/target/generated-sources/modello
[INFO] Working on model: src/main/mdo/maven.mdo
[INFO] Generating current version: 4.0.0
[INFO] 
[INFO] --- maven-remote-resources-plugin:1.7.0:process (process-resource-bundles) @ maven-model ---
[INFO] Preparing remote bundle org.apache:apache-jar-resource-bundle:1.4
[INFO] Copying 5 resources from 1 bundle.
[INFO] 
[INFO] --- maven-resources-plugin:3.2.0:resources (default-resources) @ maven-model ---
[INFO] Using 'UTF-8' encoding to copy filtered resources.
[INFO] Using 'UTF-8' encoding to copy filtered properties files.
[INFO] skip non existing resourceDirectory /usr/src/RPM/BUILD/apache-maven-3.8.8/maven-model/src/main/resources
[INFO] Copying 5 resources
[INFO] 
[INFO] --- maven-compiler-plugin:3.8.1:compile (default-compile) @ maven-model ---
[INFO] Changes detected - recompiling the module!
[INFO] Compiling 54 source files to /usr/src/RPM/BUILD/apache-maven-3.8.8/maven-model/target/classes
[INFO] /usr/src/RPM/BUILD/apache-maven-3.8.8/maven-model/target/generated-sources/modello/org/apache/maven/model/Prerequisites.java: Some input files use unchecked or unsafe operations.
[INFO] /usr/src/RPM/BUILD/apache-maven-3.8.8/maven-model/target/generated-sources/modello/org/apache/maven/model/Prerequisites.java: Recompile with -Xlint:unchecked for details.
[INFO] 
[INFO] --- maven-resources-plugin:3.2.0:testResources (default-testResources) @ maven-model ---
[INFO] Using 'UTF-8' encoding to copy filtered resources.
[INFO] Using 'UTF-8' encoding to copy filtered properties files.
[INFO] skip non existing resourceDirectory /usr/src/RPM/BUILD/apache-maven-3.8.8/maven-model/src/test/resources
[INFO] Copying 5 resources
[INFO] 
[INFO] --- maven-compiler-plugin:3.8.1:testCompile (default-testCompile) @ maven-model ---
[INFO] Changes detected - recompiling the module!
[INFO] Compiling 38 source files to /usr/src/RPM/BUILD/apache-maven-3.8.8/maven-model/target/test-classes
[INFO] 
[INFO] --- maven-surefire-plugin:3.2.2:test (default-test) @ maven-model ---
[INFO] Using auto detected provider org.apache.maven.surefire.junit4.JUnit4Provider
[INFO] 
[INFO] -------------------------------------------------------
[INFO]  T E S T S
[INFO] -------------------------------------------------------
[INFO] Running org.apache.maven.model.ScmTest
[INFO] Tests run: 5, Failures: 0, Errors: 0, Skipped: 0, Time elapsed: 0.023 s -- in org.apache.maven.model.ScmTest
[INFO] Running org.apache.maven.model.IssueManagementTest
[INFO] Tests run: 5, Failures: 0, Errors: 0, Skipped: 0, Time elapsed: 0.001 s -- in org.apache.maven.model.IssueManagementTest
[INFO] Running org.apache.maven.model.DeploymentRepositoryTest
[INFO] Tests run: 4, Failures: 0, Errors: 0, Skipped: 0, Time elapsed: 0 s -- in org.apache.maven.model.DeploymentRepositoryTest
[INFO] Running org.apache.maven.model.PluginExecutionTest
[INFO] Tests run: 4, Failures: 0, Errors: 0, Skipped: 0, Time elapsed: 0.001 s -- in org.apache.maven.model.PluginExecutionTest
[INFO] Running org.apache.maven.model.LicenseTest
[INFO] Tests run: 5, Failures: 0, Errors: 0, Skipped: 0, Time elapsed: 0.001 s -- in org.apache.maven.model.LicenseTest
[INFO] Running org.apache.maven.model.ModelTest
[INFO] Tests run: 4, Failures: 0, Errors: 0, Skipped: 0, Time elapsed: 0 s -- in org.apache.maven.model.ModelTest
[INFO] Running org.apache.maven.model.DependencyTest
[INFO] Tests run: 4, Failures: 0, Errors: 0, Skipped: 0, Time elapsed: 0 s -- in org.apache.maven.model.DependencyTest
[INFO] Running org.apache.maven.model.ProfileTest
[INFO] Tests run: 4, Failures: 0, Errors: 0, Skipped: 0, Time elapsed: 0 s -- in org.apache.maven.model.ProfileTest
[INFO] Running org.apache.maven.model.PluginConfigurationTest
[INFO] Tests run: 4, Failures: 0, Errors: 0, Skipped: 0, Time elapsed: 0.001 s -- in org.apache.maven.model.PluginConfigurationTest
[INFO] Running org.apache.maven.model.DeveloperTest
[INFO] Tests run: 5, Failures: 0, Errors: 0, Skipped: 0, Time elapsed: 0.002 s -- in org.apache.maven.model.DeveloperTest
[INFO] Running org.apache.maven.model.ActivationFileTest
[INFO] Tests run: 4, Failures: 0, Errors: 0, Skipped: 0, Time elapsed: 0.001 s -- in org.apache.maven.model.ActivationFileTest
[INFO] Running org.apache.maven.model.PluginContainerTest
[INFO] Tests run: 4, Failures: 0, Errors: 0, Skipped: 0, Time elapsed: 0.001 s -- in org.apache.maven.model.PluginContainerTest
[INFO] Running org.apache.maven.model.DependencyManagementTest
[INFO] Tests run: 4, Failures: 0, Errors: 0, Skipped: 0, Time elapsed: 0.001 s -- in org.apache.maven.model.DependencyManagementTest
[INFO] Running org.apache.maven.model.ContributorTest
[INFO] Tests run: 4, Failures: 0, Errors: 0, Skipped: 0, Time elapsed: 0 s -- in org.apache.maven.model.ContributorTest
[INFO] Running org.apache.maven.model.ReportingTest
[INFO] Tests run: 4, Failures: 0, Errors: 0, Skipped: 0, Time elapsed: 0.001 s -- in org.apache.maven.model.ReportingTest
[INFO] Running org.apache.maven.model.PluginTest
[INFO] Tests run: 4, Failures: 0, Errors: 0, Skipped: 0, Time elapsed: 0.001 s -- in org.apache.maven.model.PluginTest
[INFO] Running org.apache.maven.model.RepositoryPolicyTest
[INFO] Tests run: 4, Failures: 0, Errors: 0, Skipped: 0, Time elapsed: 0.001 s -- in org.apache.maven.model.RepositoryPolicyTest
[INFO] Running org.apache.maven.model.DistributionManagementTest
[INFO] Tests run: 4, Failures: 0, Errors: 0, Skipped: 0, Time elapsed: 0.001 s -- in org.apache.maven.model.DistributionManagementTest
[INFO] Running org.apache.maven.model.CiManagementTest
[INFO] Tests run: 4, Failures: 0, Errors: 0, Skipped: 0, Time elapsed: 0.001 s -- in org.apache.maven.model.CiManagementTest
[INFO] Running org.apache.maven.model.ExtensionTest
[INFO] Tests run: 4, Failures: 0, Errors: 0, Skipped: 0, Time elapsed: 0.001 s -- in org.apache.maven.model.ExtensionTest
[INFO] Running org.apache.maven.model.OrganizationTest
[INFO] Tests run: 8, Failures: 0, Errors: 0, Skipped: 0, Time elapsed: 0.001 s -- in org.apache.maven.model.OrganizationTest
[INFO] Running org.apache.maven.model.MailingListTest
[INFO] Tests run: 5, Failures: 0, Errors: 0, Skipped: 0, Time elapsed: 0.002 s -- in org.apache.maven.model.MailingListTest
[INFO] Running org.apache.maven.model.ResourceTest
[INFO] Tests run: 4, Failures: 0, Errors: 0, Skipped: 0, Time elapsed: 0.001 s -- in org.apache.maven.model.ResourceTest
[INFO] Running org.apache.maven.model.ReportSetTest
[INFO] Tests run: 4, Failures: 0, Errors: 0, Skipped: 0, Time elapsed: 0.001 s -- in org.apache.maven.model.ReportSetTest
[INFO] Running org.apache.maven.model.BuildTest
[INFO] Tests run: 5, Failures: 0, Errors: 0, Skipped: 0, Time elapsed: 0.001 s -- in org.apache.maven.model.BuildTest
[INFO] Running org.apache.maven.model.ExclusionTest
[INFO] Tests run: 4, Failures: 0, Errors: 0, Skipped: 0, Time elapsed: 0 s -- in org.apache.maven.model.ExclusionTest
[INFO] Running org.apache.maven.model.RelocationTest
[INFO] Tests run: 4, Failures: 0, Errors: 0, Skipped: 0, Time elapsed: 0.001 s -- in org.apache.maven.model.RelocationTest
[INFO] Running org.apache.maven.model.ActivationPropertyTest
[INFO] Tests run: 4, Failures: 0, Errors: 0, Skipped: 0, Time elapsed: 0 s -- in org.apache.maven.model.ActivationPropertyTest
[INFO] Running org.apache.maven.model.PluginManagementTest
[INFO] Tests run: 4, Failures: 0, Errors: 0, Skipped: 0, Time elapsed: 0 s -- in org.apache.maven.model.PluginManagementTest
[INFO] Running org.apache.maven.model.SiteTest
[INFO] Tests run: 4, Failures: 0, Errors: 0, Skipped: 0, Time elapsed: 0.001 s -- in org.apache.maven.model.SiteTest
[INFO] Running org.apache.maven.model.ParentTest
[INFO] Tests run: 4, Failures: 0, Errors: 0, Skipped: 0, Time elapsed: 0 s -- in org.apache.maven.model.ParentTest
[INFO] Running org.apache.maven.model.RepositoryTest
[INFO] Tests run: 4, Failures: 0, Errors: 0, Skipped: 0, Time elapsed: 0 s -- in org.apache.maven.model.RepositoryTest
[INFO] Running org.apache.maven.model.ReportPluginTest
[INFO] Tests run: 4, Failures: 0, Errors: 0, Skipped: 0, Time elapsed: 0 s -- in org.apache.maven.model.ReportPluginTest
[INFO] Running org.apache.maven.model.ActivationTest
[INFO] Tests run: 4, Failures: 0, Errors: 0, Skipped: 0, Time elapsed: 0 s -- in org.apache.maven.model.ActivationTest
[INFO] Running org.apache.maven.model.merge.ModelMergerTest
[INFO] Tests run: 1, Failures: 0, Errors: 0, Skipped: 0, Time elapsed: 0.040 s -- in org.apache.maven.model.merge.ModelMergerTest
[INFO] Running org.apache.maven.model.NotifierTest
[INFO] Tests run: 4, Failures: 0, Errors: 0, Skipped: 0, Time elapsed: 0 s -- in org.apache.maven.model.NotifierTest
[INFO] Running org.apache.maven.model.PrerequisitesTest
[INFO] Tests run: 4, Failures: 0, Errors: 0, Skipped: 0, Time elapsed: 0.001 s -- in org.apache.maven.model.PrerequisitesTest
[INFO] Running org.apache.maven.model.ActivationOSTest
[INFO] Tests run: 4, Failures: 0, Errors: 0, Skipped: 0, Time elapsed: 0.001 s -- in org.apache.maven.model.ActivationOSTest
[INFO] 
[INFO] Results:
[INFO] 
[INFO] Tests run: 159, Failures: 0, Errors: 0, Skipped: 0
[INFO] 
[INFO] 
[INFO] --- maven-jar-plugin:3.2.2:jar (default-jar) @ maven-model ---
[INFO] Building jar: /usr/src/RPM/BUILD/apache-maven-3.8.8/maven-model/target/maven-model-3.8.8.jar
[INFO] 
[INFO] ------------------< org.apache.maven:maven-artifact >-------------------
[INFO] Building Maven Artifact 3.8.8                                     [3/15]
[INFO]   from maven-artifact/pom.xml
[INFO] --------------------------------[ jar ]---------------------------------
[INFO] 
[INFO] --- maven-enforcer-plugin:3.0.0-M2:enforce (enforce-maven-version) @ maven-artifact ---
[INFO] 
[INFO] --- maven-enforcer-plugin:3.0.0-M2:enforce (enforce-java-version) @ maven-artifact ---
[INFO] 
[INFO] --- maven-enforcer-plugin:3.0.0-M2:enforce (ensure-no-sonatype-cipher-and-sec-dispatcher) @ maven-artifact ---
[INFO] 
[INFO] --- maven-remote-resources-plugin:1.7.0:process (process-resource-bundles) @ maven-artifact ---
[INFO] Preparing remote bundle org.apache:apache-jar-resource-bundle:1.4
[INFO] Copying 5 resources from 1 bundle.
[INFO] 
[INFO] --- maven-resources-plugin:3.2.0:resources (default-resources) @ maven-artifact ---
[INFO] Using 'UTF-8' encoding to copy filtered resources.
[INFO] Using 'UTF-8' encoding to copy filtered properties files.
[INFO] skip non existing resourceDirectory /usr/src/RPM/BUILD/apache-maven-3.8.8/maven-artifact/src/main/resources
[INFO] Copying 5 resources
[INFO] 
[INFO] --- maven-compiler-plugin:3.8.1:compile (default-compile) @ maven-artifact ---
[INFO] Changes detected - recompiling the module!
[INFO] Compiling 27 source files to /usr/src/RPM/BUILD/apache-maven-3.8.8/maven-artifact/target/classes
[INFO] /usr/src/RPM/BUILD/apache-maven-3.8.8/maven-artifact/src/main/java/org/apache/maven/artifact/repository/ArtifactRepository.java: Some input files use or override a deprecated API.
[INFO] /usr/src/RPM/BUILD/apache-maven-3.8.8/maven-artifact/src/main/java/org/apache/maven/artifact/repository/ArtifactRepository.java: Recompile with -Xlint:deprecation for details.
[INFO] 
[INFO] --- maven-resources-plugin:3.2.0:testResources (default-testResources) @ maven-artifact ---
[INFO] Using 'UTF-8' encoding to copy filtered resources.
[INFO] Using 'UTF-8' encoding to copy filtered properties files.
[INFO] skip non existing resourceDirectory /usr/src/RPM/BUILD/apache-maven-3.8.8/maven-artifact/src/test/resources
[INFO] Copying 5 resources
[INFO] 
[INFO] --- maven-compiler-plugin:3.8.1:testCompile (default-testCompile) @ maven-artifact ---
[INFO] Changes detected - recompiling the module!
[INFO] Compiling 7 source files to /usr/src/RPM/BUILD/apache-maven-3.8.8/maven-artifact/target/test-classes
[INFO] 
[INFO] --- maven-surefire-plugin:3.2.2:test (default-test) @ maven-artifact ---
[INFO] Using auto detected provider org.apache.maven.surefire.junit4.JUnit4Provider
[INFO] 
[INFO] -------------------------------------------------------
[INFO]  T E S T S
[INFO] -------------------------------------------------------
[INFO] Running org.apache.maven.artifact.DefaultArtifactTest
[INFO] Tests run: 11, Failures: 0, Errors: 0, Skipped: 0, Time elapsed: 0.029 s -- in org.apache.maven.artifact.DefaultArtifactTest
[INFO] Running org.apache.maven.artifact.ArtifactUtilsTest
[INFO] Tests run: 3, Failures: 0, Errors: 0, Skipped: 0, Time elapsed: 0.003 s -- in org.apache.maven.artifact.ArtifactUtilsTest
[INFO] Running org.apache.maven.artifact.versioning.VersionRangeTest
[INFO] Tests run: 10, Failures: 0, Errors: 0, Skipped: 0, Time elapsed: 0.008 s -- in org.apache.maven.artifact.versioning.VersionRangeTest
[INFO] Running org.apache.maven.artifact.versioning.ComparableVersionTest
[INFO] Tests run: 12, Failures: 0, Errors: 0, Skipped: 0, Time elapsed: 0.024 s -- in org.apache.maven.artifact.versioning.ComparableVersionTest
[INFO] Running org.apache.maven.artifact.versioning.DefaultArtifactVersionTest
[INFO] Tests run: 8, Failures: 0, Errors: 0, Skipped: 0, Time elapsed: 0.002 s -- in org.apache.maven.artifact.versioning.DefaultArtifactVersionTest
[INFO] 
[INFO] Results:
[INFO] 
[INFO] Tests run: 44, Failures: 0, Errors: 0, Skipped: 0
[INFO] 
[INFO] 
[INFO] --- maven-jar-plugin:3.2.2:jar (default-jar) @ maven-artifact ---
[INFO] Building jar: /usr/src/RPM/BUILD/apache-maven-3.8.8/maven-artifact/target/maven-artifact-3.8.8.jar
[INFO] 
[INFO] --- maven-failsafe-plugin:3.2.2:integration-test (default) @ maven-artifact ---
[INFO] Using auto detected provider org.apache.maven.surefire.junit4.JUnit4Provider
[INFO] 
[INFO] -------------------------------------------------------
[INFO]  T E S T S
[INFO] -------------------------------------------------------
[INFO] Running org.apache.maven.artifact.versioning.ComparableVersionIT
[INFO] Tests run: 1, Failures: 0, Errors: 0, Skipped: 0, Time elapsed: 0.084 s -- in org.apache.maven.artifact.versioning.ComparableVersionIT
[INFO] 
[INFO] Results:
[INFO] 
[INFO] Tests run: 1, Failures: 0, Errors: 0, Skipped: 0
[INFO] 
[INFO] 
[INFO] --- maven-failsafe-plugin:3.2.2:verify (default) @ maven-artifact ---
[INFO] 
[INFO] -----------------< org.apache.maven:maven-plugin-api >------------------
[INFO] Building Maven Plugin API 3.8.8                                   [4/15]
[INFO]   from maven-plugin-api/pom.xml
[INFO] --------------------------------[ jar ]---------------------------------
[INFO] 
[INFO] --- maven-enforcer-plugin:3.0.0-M2:enforce (enforce-maven-version) @ maven-plugin-api ---
[INFO] 
[INFO] --- maven-enforcer-plugin:3.0.0-M2:enforce (enforce-java-version) @ maven-plugin-api ---
[INFO] 
[INFO] --- maven-enforcer-plugin:3.0.0-M2:enforce (ensure-no-sonatype-cipher-and-sec-dispatcher) @ maven-plugin-api ---
[INFO] 
[INFO] --- modello-maven-plugin:2.0.0:java (modello) @ maven-plugin-api ---
[INFO] outputDirectory: /usr/src/RPM/BUILD/apache-maven-3.8.8/maven-plugin-api/target/generated-sources/modello
[INFO] Working on model: src/main/mdo/lifecycle.mdo
[INFO] Generating current version: 1.0.0
[INFO] 
[INFO] --- modello-maven-plugin:2.0.0:xpp3-reader (modello) @ maven-plugin-api ---
[INFO] outputDirectory: /usr/src/RPM/BUILD/apache-maven-3.8.8/maven-plugin-api/target/generated-sources/modello
[INFO] Working on model: src/main/mdo/lifecycle.mdo
[INFO] Generating current version: 1.0.0
[INFO] 
[INFO] --- modello-maven-plugin:2.0.0:xpp3-writer (modello) @ maven-plugin-api ---
[INFO] outputDirectory: /usr/src/RPM/BUILD/apache-maven-3.8.8/maven-plugin-api/target/generated-sources/modello
[INFO] Working on model: src/main/mdo/lifecycle.mdo
[INFO] Generating current version: 1.0.0
[INFO] 
[INFO] --- maven-remote-resources-plugin:1.7.0:process (process-resource-bundles) @ maven-plugin-api ---
[INFO] Preparing remote bundle org.apache:apache-jar-resource-bundle:1.4
[INFO] Copying 5 resources from 1 bundle.
[INFO] 
[INFO] --- maven-resources-plugin:3.2.0:resources (default-resources) @ maven-plugin-api ---
[INFO] Using 'UTF-8' encoding to copy filtered resources.
[INFO] Using 'UTF-8' encoding to copy filtered properties files.
[INFO] skip non existing resourceDirectory /usr/src/RPM/BUILD/apache-maven-3.8.8/maven-plugin-api/src/main/resources
[INFO] Copying 5 resources
[INFO] 
[INFO] --- maven-compiler-plugin:3.8.1:compile (default-compile) @ maven-plugin-api ---
[INFO] Changes detected - recompiling the module!
[INFO] Compiling 25 source files to /usr/src/RPM/BUILD/apache-maven-3.8.8/maven-plugin-api/target/classes
[INFO] /usr/src/RPM/BUILD/apache-maven-3.8.8/maven-plugin-api/target/generated-sources/modello/org/apache/maven/plugin/lifecycle/io/xpp3/LifecycleMappingsXpp3Reader.java: /usr/src/RPM/BUILD/apache-maven-3.8.8/maven-plugin-api/target/generated-sources/modello/org/apache/maven/plugin/lifecycle/io/xpp3/LifecycleMappingsXpp3Reader.java uses unchecked or unsafe operations.
[INFO] /usr/src/RPM/BUILD/apache-maven-3.8.8/maven-plugin-api/target/generated-sources/modello/org/apache/maven/plugin/lifecycle/io/xpp3/LifecycleMappingsXpp3Reader.java: Recompile with -Xlint:unchecked for details.
[INFO] 
[INFO] --- maven-resources-plugin:3.2.0:testResources (default-testResources) @ maven-plugin-api ---
[INFO] Using 'UTF-8' encoding to copy filtered resources.
[INFO] Using 'UTF-8' encoding to copy filtered properties files.
[INFO] Copying 2 resources
[INFO] Copying 5 resources
[INFO] 
[INFO] --- maven-compiler-plugin:3.8.1:testCompile (default-testCompile) @ maven-plugin-api ---
[INFO] Changes detected - recompiling the module!
[INFO] Compiling 2 source files to /usr/src/RPM/BUILD/apache-maven-3.8.8/maven-plugin-api/target/test-classes
[INFO] 
[INFO] --- maven-surefire-plugin:3.2.2:test (default-test) @ maven-plugin-api ---
[INFO] Using auto detected provider org.apache.maven.surefire.junit4.JUnit4Provider
[INFO] 
[INFO] -------------------------------------------------------
[INFO]  T E S T S
[INFO] -------------------------------------------------------
[INFO] Running org.apache.maven.plugin.descriptor.PluginDescriptorBuilderTest
[INFO] Tests run: 1, Failures: 0, Errors: 0, Skipped: 0, Time elapsed: 0.033 s -- in org.apache.maven.plugin.descriptor.PluginDescriptorBuilderTest
[INFO] Running org.apache.maven.plugin.lifecycle.LifecycleXpp3ReaderTest
[INFO] Tests run: 1, Failures: 0, Errors: 0, Skipped: 0, Time elapsed: 0.001 s -- in org.apache.maven.plugin.lifecycle.LifecycleXpp3ReaderTest
[INFO] 
[INFO] Results:
[INFO] 
[INFO] Tests run: 2, Failures: 0, Errors: 0, Skipped: 0
[INFO] 
[INFO] 
[INFO] --- maven-jar-plugin:3.2.2:jar (default-jar) @ maven-plugin-api ---
[INFO] Building jar: /usr/src/RPM/BUILD/apache-maven-3.8.8/maven-plugin-api/target/maven-plugin-api-3.8.8.jar
[INFO] 
[INFO] ---------------< org.apache.maven:maven-builder-support >---------------
[INFO] Building Maven Builder Support 3.8.8                              [5/15]
[INFO]   from maven-builder-support/pom.xml
[INFO] --------------------------------[ jar ]---------------------------------
[INFO] 
[INFO] --- maven-enforcer-plugin:3.0.0-M2:enforce (enforce-maven-version) @ maven-builder-support ---
[INFO] 
[INFO] --- maven-enforcer-plugin:3.0.0-M2:enforce (enforce-java-version) @ maven-builder-support ---
[INFO] 
[INFO] --- maven-enforcer-plugin:3.0.0-M2:enforce (ensure-no-sonatype-cipher-and-sec-dispatcher) @ maven-builder-support ---
[INFO] 
[INFO] --- maven-remote-resources-plugin:1.7.0:process (process-resource-bundles) @ maven-builder-support ---
[INFO] Preparing remote bundle org.apache:apache-jar-resource-bundle:1.4
[INFO] Copying 5 resources from 1 bundle.
[INFO] 
[INFO] --- maven-resources-plugin:3.2.0:resources (default-resources) @ maven-builder-support ---
[INFO] Using 'UTF-8' encoding to copy filtered resources.
[INFO] Using 'UTF-8' encoding to copy filtered properties files.
[INFO] skip non existing resourceDirectory /usr/src/RPM/BUILD/apache-maven-3.8.8/maven-builder-support/src/main/resources
[INFO] Copying 5 resources
[INFO] 
[INFO] --- maven-compiler-plugin:3.8.1:compile (default-compile) @ maven-builder-support ---
[INFO] Changes detected - recompiling the module!
[INFO] Compiling 9 source files to /usr/src/RPM/BUILD/apache-maven-3.8.8/maven-builder-support/target/classes
[INFO] 
[INFO] --- maven-resources-plugin:3.2.0:testResources (default-testResources) @ maven-builder-support ---
[INFO] Using 'UTF-8' encoding to copy filtered resources.
[INFO] Using 'UTF-8' encoding to copy filtered properties files.
[INFO] Copying 1 resource
[INFO] Copying 5 resources
[INFO] 
[INFO] --- maven-compiler-plugin:3.8.1:testCompile (default-testCompile) @ maven-builder-support ---
[INFO] Changes detected - recompiling the module!
[INFO] Compiling 6 source files to /usr/src/RPM/BUILD/apache-maven-3.8.8/maven-builder-support/target/test-classes
[INFO] 
[INFO] --- maven-surefire-plugin:3.2.2:test (default-test) @ maven-builder-support ---
[INFO] Using auto detected provider org.apache.maven.surefire.junit4.JUnit4Provider
[INFO] 
[INFO] -------------------------------------------------------
[INFO]  T E S T S
[INFO] -------------------------------------------------------
[INFO] Running org.apache.maven.building.UrlSourceTest
[INFO] Tests run: 3, Failures: 0, Errors: 0, Skipped: 0, Time elapsed: 0.039 s -- in org.apache.maven.building.UrlSourceTest
[INFO] Running org.apache.maven.building.FileSourceTest
[INFO] Tests run: 4, Failures: 0, Errors: 0, Skipped: 0, Time elapsed: 0.002 s -- in org.apache.maven.building.FileSourceTest
[INFO] Running org.apache.maven.building.StringSourceTest
[INFO] Tests run: 3, Failures: 0, Errors: 0, Skipped: 0, Time elapsed: 0.002 s -- in org.apache.maven.building.StringSourceTest
[INFO] Running org.apache.maven.building.DefaultProblemCollectorTest
[INFO] Tests run: 2, Failures: 0, Errors: 0, Skipped: 0, Time elapsed: 0.002 s -- in org.apache.maven.building.DefaultProblemCollectorTest
[INFO] Running org.apache.maven.building.ProblemCollectorFactoryTest
[INFO] Tests run: 1, Failures: 0, Errors: 0, Skipped: 0, Time elapsed: 0 s -- in org.apache.maven.building.ProblemCollectorFactoryTest
[INFO] Running org.apache.maven.building.DefaultProblemTest
[INFO] Tests run: 7, Failures: 0, Errors: 0, Skipped: 0, Time elapsed: 0.003 s -- in org.apache.maven.building.DefaultProblemTest
[INFO] 
[INFO] Results:
[INFO] 
[INFO] Tests run: 20, Failures: 0, Errors: 0, Skipped: 0
[INFO] 
[INFO] 
[INFO] --- maven-jar-plugin:3.2.2:jar (default-jar) @ maven-builder-support ---
[INFO] Building jar: /usr/src/RPM/BUILD/apache-maven-3.8.8/maven-builder-support/target/maven-builder-support-3.8.8.jar
[INFO] 
[INFO] ----------------< org.apache.maven:maven-model-builder >----------------
[INFO] Building Maven Model Builder 3.8.8                                [6/15]
[INFO]   from maven-model-builder/pom.xml
[INFO] --------------------------------[ jar ]---------------------------------
[INFO] 
[INFO] --- maven-enforcer-plugin:3.0.0-M2:enforce (enforce-maven-version) @ maven-model-builder ---
[INFO] 
[INFO] --- maven-enforcer-plugin:3.0.0-M2:enforce (enforce-java-version) @ maven-model-builder ---
[INFO] 
[INFO] --- maven-enforcer-plugin:3.0.0-M2:enforce (ensure-no-sonatype-cipher-and-sec-dispatcher) @ maven-model-builder ---
[INFO] 
[INFO] --- maven-remote-resources-plugin:1.7.0:process (process-resource-bundles) @ maven-model-builder ---
[INFO] Preparing remote bundle org.apache:apache-jar-resource-bundle:1.4
[INFO] Copying 5 resources from 1 bundle.
[INFO] 
[INFO] --- maven-resources-plugin:3.2.0:resources (default-resources) @ maven-model-builder ---
[INFO] Using 'UTF-8' encoding to copy filtered resources.
[INFO] Using 'UTF-8' encoding to copy filtered properties files.
[INFO] Copying 1 resource
[INFO] Copying 5 resources
[INFO] 
[INFO] --- maven-compiler-plugin:3.8.1:compile (default-compile) @ maven-model-builder ---
[INFO] Changes detected - recompiling the module!
[INFO] Compiling 96 source files to /usr/src/RPM/BUILD/apache-maven-3.8.8/maven-model-builder/target/classes
[INFO] /usr/src/RPM/BUILD/apache-maven-3.8.8/maven-model-builder/src/main/java/org/apache/maven/model/resolution/ModelResolver.java: Some input files use or override a deprecated API.
[INFO] /usr/src/RPM/BUILD/apache-maven-3.8.8/maven-model-builder/src/main/java/org/apache/maven/model/resolution/ModelResolver.java: Recompile with -Xlint:deprecation for details.
[INFO] 
[INFO] --- sisu-maven-plugin:0.3.5:main-index (index-project) @ maven-model-builder ---
[INFO] 
[INFO] --- sisu-maven-plugin:0.3.5:main-index (default) @ maven-model-builder ---
[INFO] 
[INFO] --- plexus-component-metadata:2.1.1:generate-metadata (default) @ maven-model-builder ---
[INFO] 
[INFO] --- maven-resources-plugin:3.2.0:testResources (default-testResources) @ maven-model-builder ---
[INFO] Using 'UTF-8' encoding to copy filtered resources.
[INFO] Using 'UTF-8' encoding to copy filtered properties files.
[INFO] Copying 96 resources
[INFO] Copying 5 resources
[INFO] 
[INFO] --- maven-compiler-plugin:3.8.1:testCompile (default-testCompile) @ maven-model-builder ---
[INFO] Changes detected - recompiling the module!
[INFO] Compiling 16 source files to /usr/src/RPM/BUILD/apache-maven-3.8.8/maven-model-builder/target/test-classes
[INFO] /usr/src/RPM/BUILD/apache-maven-3.8.8/maven-model-builder/src/test/java/org/apache/maven/model/building/DefaultModelBuilderTest.java: Some input files use or override a deprecated API.
[INFO] /usr/src/RPM/BUILD/apache-maven-3.8.8/maven-model-builder/src/test/java/org/apache/maven/model/building/DefaultModelBuilderTest.java: Recompile with -Xlint:deprecation for details.
[INFO] 
[INFO] --- sisu-maven-plugin:0.3.5:test-index (index-project) @ maven-model-builder ---
[INFO] 
[INFO] --- sisu-maven-plugin:0.3.5:test-index (default) @ maven-model-builder ---
[INFO] 
[INFO] --- plexus-component-metadata:2.1.1:generate-test-metadata (default) @ maven-model-builder ---
[INFO] 
[INFO] --- maven-surefire-plugin:3.2.2:test (default-test) @ maven-model-builder ---
[INFO] Using auto detected provider org.apache.maven.surefire.junit4.JUnit4Provider
[INFO] 
[INFO] -------------------------------------------------------
[INFO]  T E S T S
[INFO] -------------------------------------------------------
[INFO] Running org.apache.maven.model.inheritance.DefaultInheritanceAssemblerTest
[INFO] Tests run: 9, Failures: 0, Errors: 0, Skipped: 0, Time elapsed: 0.661 s -- in org.apache.maven.model.inheritance.DefaultInheritanceAssemblerTest
[INFO] Running org.apache.maven.model.path.DefaultUrlNormalizerTest
[INFO] Tests run: 7, Failures: 0, Errors: 0, Skipped: 0, Time elapsed: 0.019 s -- in org.apache.maven.model.path.DefaultUrlNormalizerTest
[INFO] Running org.apache.maven.model.merge.MavenModelMergerTest
[INFO] Tests run: 4, Failures: 0, Errors: 0, Skipped: 0, Time elapsed: 0.002 s -- in org.apache.maven.model.merge.MavenModelMergerTest
[INFO] Running org.apache.maven.model.interpolation.StringSearchModelInterpolatorTest
[INFO] Tests run: 30, Failures: 0, Errors: 0, Skipped: 0, Time elapsed: 0.073 s -- in org.apache.maven.model.interpolation.StringSearchModelInterpolatorTest
[INFO] Running org.apache.maven.model.interpolation.MavenBuildTimestampTest
[INFO] Tests run: 1, Failures: 0, Errors: 0, Skipped: 0, Time elapsed: 0 s -- in org.apache.maven.model.interpolation.MavenBuildTimestampTest
[INFO] Running org.apache.maven.model.building.DefaultModelBuilderTest
[INFO] Tests run: 1, Failures: 0, Errors: 0, Skipped: 0, Time elapsed: 0.020 s -- in org.apache.maven.model.building.DefaultModelBuilderTest
[INFO] Running org.apache.maven.model.building.DefaultModelBuilderFactoryTest
[INFO] Tests run: 2, Failures: 0, Errors: 0, Skipped: 0, Time elapsed: 0.006 s -- in org.apache.maven.model.building.DefaultModelBuilderFactoryTest
[INFO] Running org.apache.maven.model.building.FileModelSourceTest
[WARNING] Tests run: 2, Failures: 0, Errors: 0, Skipped: 1, Time elapsed: 0.009 s -- in org.apache.maven.model.building.FileModelSourceTest
[INFO] Running org.apache.maven.model.building.ComplexActivationTest
[INFO] Tests run: 1, Failures: 0, Errors: 0, Skipped: 0, Time elapsed: 0.002 s -- in org.apache.maven.model.building.ComplexActivationTest
[INFO] Running org.apache.maven.model.validation.DefaultModelValidatorTest
[INFO] Tests run: 61, Failures: 0, Errors: 0, Skipped: 0, Time elapsed: 0.036 s -- in org.apache.maven.model.validation.DefaultModelValidatorTest
[INFO] Running org.apache.maven.model.profile.activation.JdkVersionProfileActivatorTest
[INFO] Tests run: 7, Failures: 0, Errors: 0, Skipped: 0, Time elapsed: 0.002 s -- in org.apache.maven.model.profile.activation.JdkVersionProfileActivatorTest
[INFO] Running org.apache.maven.model.profile.activation.FileProfileActivatorTest
[INFO] Tests run: 3, Failures: 0, Errors: 0, Skipped: 0, Time elapsed: 0.002 s -- in org.apache.maven.model.profile.activation.FileProfileActivatorTest
[INFO] Running org.apache.maven.model.profile.activation.PropertyProfileActivatorTest
[INFO] Tests run: 10, Failures: 0, Errors: 0, Skipped: 0, Time elapsed: 0.001 s -- in org.apache.maven.model.profile.activation.PropertyProfileActivatorTest
[INFO] 
[INFO] Results:
[INFO] 
[WARNING] Tests run: 138, Failures: 0, Errors: 0, Skipped: 1
[INFO] 
[INFO] 
[INFO] --- maven-jar-plugin:3.2.2:jar (default-jar) @ maven-model-builder ---
[INFO] Building jar: /usr/src/RPM/BUILD/apache-maven-3.8.8/maven-model-builder/target/maven-model-builder-3.8.8.jar
[INFO] 
[INFO] ------------------< org.apache.maven:maven-settings >-------------------
[INFO] Building Maven Settings 3.8.8                                     [7/15]
[INFO]   from maven-settings/pom.xml
[INFO] --------------------------------[ jar ]---------------------------------
[INFO] 
[INFO] --- maven-enforcer-plugin:3.0.0-M2:enforce (enforce-maven-version) @ maven-settings ---
[INFO] 
[INFO] --- maven-enforcer-plugin:3.0.0-M2:enforce (enforce-java-version) @ maven-settings ---
[INFO] 
[INFO] --- maven-enforcer-plugin:3.0.0-M2:enforce (ensure-no-sonatype-cipher-and-sec-dispatcher) @ maven-settings ---
[INFO] 
[INFO] --- modello-maven-plugin:2.0.0:java (modello) @ maven-settings ---
[INFO] outputDirectory: /usr/src/RPM/BUILD/apache-maven-3.8.8/maven-settings/target/generated-sources/modello
[INFO] Working on model: src/main/mdo/settings.mdo
[INFO] Generating current version: 1.2.0
[INFO] 
[INFO] --- modello-maven-plugin:2.0.0:xpp3-reader (modello) @ maven-settings ---
[INFO] outputDirectory: /usr/src/RPM/BUILD/apache-maven-3.8.8/maven-settings/target/generated-sources/modello
[INFO] Working on model: src/main/mdo/settings.mdo
[INFO] Generating current version: 1.2.0
[INFO] 
[INFO] --- modello-maven-plugin:2.0.0:xpp3-writer (modello) @ maven-settings ---
[INFO] outputDirectory: /usr/src/RPM/BUILD/apache-maven-3.8.8/maven-settings/target/generated-sources/modello
[INFO] Working on model: src/main/mdo/settings.mdo
[INFO] Generating current version: 1.2.0
[INFO] 
[INFO] --- maven-remote-resources-plugin:1.7.0:process (process-resource-bundles) @ maven-settings ---
[INFO] Preparing remote bundle org.apache:apache-jar-resource-bundle:1.4
[INFO] Copying 5 resources from 1 bundle.
[INFO] 
[INFO] --- maven-resources-plugin:3.2.0:resources (default-resources) @ maven-settings ---
[INFO] Using 'UTF-8' encoding to copy filtered resources.
[INFO] Using 'UTF-8' encoding to copy filtered properties files.
[INFO] skip non existing resourceDirectory /usr/src/RPM/BUILD/apache-maven-3.8.8/maven-settings/src/main/resources
[INFO] Copying 5 resources
[INFO] 
[INFO] --- maven-compiler-plugin:3.8.1:compile (default-compile) @ maven-settings ---
[INFO] Changes detected - recompiling the module!
[INFO] Compiling 17 source files to /usr/src/RPM/BUILD/apache-maven-3.8.8/maven-settings/target/classes
[INFO] /usr/src/RPM/BUILD/apache-maven-3.8.8/maven-settings/target/generated-sources/modello/org/apache/maven/settings/io/xpp3/SettingsXpp3Reader.java: /usr/src/RPM/BUILD/apache-maven-3.8.8/maven-settings/target/generated-sources/modello/org/apache/maven/settings/io/xpp3/SettingsXpp3Reader.java uses unchecked or unsafe operations.
[INFO] /usr/src/RPM/BUILD/apache-maven-3.8.8/maven-settings/target/generated-sources/modello/org/apache/maven/settings/io/xpp3/SettingsXpp3Reader.java: Recompile with -Xlint:unchecked for details.
[INFO] 
[INFO] --- maven-resources-plugin:3.2.0:testResources (default-testResources) @ maven-settings ---
[INFO] Using 'UTF-8' encoding to copy filtered resources.
[INFO] Using 'UTF-8' encoding to copy filtered properties files.
[INFO] skip non existing resourceDirectory /usr/src/RPM/BUILD/apache-maven-3.8.8/maven-settings/src/test/resources
[INFO] Copying 5 resources
[INFO] 
[INFO] --- maven-compiler-plugin:3.8.1:testCompile (default-testCompile) @ maven-settings ---
[INFO] No sources to compile
[INFO] 
[INFO] --- maven-surefire-plugin:3.2.2:test (default-test) @ maven-settings ---
[INFO] 
[INFO] --- maven-jar-plugin:3.2.2:jar (default-jar) @ maven-settings ---
[INFO] Building jar: /usr/src/RPM/BUILD/apache-maven-3.8.8/maven-settings/target/maven-settings-3.8.8.jar
[INFO] 
[INFO] --------------< org.apache.maven:maven-settings-builder >---------------
[INFO] Building Maven Settings Builder 3.8.8                             [8/15]
[INFO]   from maven-settings-builder/pom.xml
[INFO] --------------------------------[ jar ]---------------------------------
[INFO] 
[INFO] --- maven-enforcer-plugin:3.0.0-M2:enforce (enforce-maven-version) @ maven-settings-builder ---
[INFO] 
[INFO] --- maven-enforcer-plugin:3.0.0-M2:enforce (enforce-java-version) @ maven-settings-builder ---
[INFO] 
[INFO] --- maven-enforcer-plugin:3.0.0-M2:enforce (ensure-no-sonatype-cipher-and-sec-dispatcher) @ maven-settings-builder ---
[INFO] 
[INFO] --- maven-remote-resources-plugin:1.7.0:process (process-resource-bundles) @ maven-settings-builder ---
[INFO] Preparing remote bundle org.apache:apache-jar-resource-bundle:1.4
[INFO] Copying 5 resources from 1 bundle.
[INFO] 
[INFO] --- maven-resources-plugin:3.2.0:resources (default-resources) @ maven-settings-builder ---
[INFO] Using 'UTF-8' encoding to copy filtered resources.
[INFO] Using 'UTF-8' encoding to copy filtered properties files.
[INFO] skip non existing resourceDirectory /usr/src/RPM/BUILD/apache-maven-3.8.8/maven-settings-builder/src/main/resources
[INFO] Copying 5 resources
[INFO] 
[INFO] --- maven-compiler-plugin:3.8.1:compile (default-compile) @ maven-settings-builder ---
[INFO] Changes detected - recompiling the module!
[INFO] Compiling 30 source files to /usr/src/RPM/BUILD/apache-maven-3.8.8/maven-settings-builder/target/classes
[INFO] /usr/src/RPM/BUILD/apache-maven-3.8.8/maven-settings-builder/src/main/java/org/apache/maven/settings/building/SettingsBuildingRequest.java: Some input files use or override a deprecated API.
[INFO] /usr/src/RPM/BUILD/apache-maven-3.8.8/maven-settings-builder/src/main/java/org/apache/maven/settings/building/SettingsBuildingRequest.java: Recompile with -Xlint:deprecation for details.
[INFO] 
[INFO] --- sisu-maven-plugin:0.3.5:main-index (index-project) @ maven-settings-builder ---
[INFO] 
[INFO] --- sisu-maven-plugin:0.3.5:main-index (default) @ maven-settings-builder ---
[INFO] 
[INFO] --- maven-resources-plugin:3.2.0:testResources (default-testResources) @ maven-settings-builder ---
[INFO] Using 'UTF-8' encoding to copy filtered resources.
[INFO] Using 'UTF-8' encoding to copy filtered properties files.
[INFO] Copying 1 resource
[INFO] Copying 5 resources
[INFO] 
[INFO] --- maven-compiler-plugin:3.8.1:testCompile (default-testCompile) @ maven-settings-builder ---
[INFO] Changes detected - recompiling the module!
[INFO] Compiling 2 source files to /usr/src/RPM/BUILD/apache-maven-3.8.8/maven-settings-builder/target/test-classes
[INFO] 
[INFO] --- sisu-maven-plugin:0.3.5:test-index (index-project) @ maven-settings-builder ---
[INFO] 
[INFO] --- sisu-maven-plugin:0.3.5:test-index (default) @ maven-settings-builder ---
[INFO] 
[INFO] --- maven-surefire-plugin:3.2.2:test (default-test) @ maven-settings-builder ---
[INFO] Using auto detected provider org.apache.maven.surefire.junit4.JUnit4Provider
[INFO] 
[INFO] -------------------------------------------------------
[INFO]  T E S T S
[INFO] -------------------------------------------------------
[INFO] Running org.apache.maven.settings.building.DefaultSettingsBuilderFactoryTest
[INFO] Tests run: 1, Failures: 0, Errors: 0, Skipped: 0, Time elapsed: 0.049 s -- in org.apache.maven.settings.building.DefaultSettingsBuilderFactoryTest
[INFO] Running org.apache.maven.settings.validation.DefaultSettingsValidatorTest
[INFO] Tests run: 8, Failures: 0, Errors: 0, Skipped: 0, Time elapsed: 0.010 s -- in org.apache.maven.settings.validation.DefaultSettingsValidatorTest
[INFO] 
[INFO] Results:
[INFO] 
[INFO] Tests run: 9, Failures: 0, Errors: 0, Skipped: 0
[INFO] 
[INFO] 
[INFO] --- maven-jar-plugin:3.2.2:jar (default-jar) @ maven-settings-builder ---
[INFO] Building jar: /usr/src/RPM/BUILD/apache-maven-3.8.8/maven-settings-builder/target/maven-settings-builder-3.8.8.jar
[INFO] 
[INFO] -------------< org.apache.maven:maven-repository-metadata >-------------
[INFO] Building Maven Repository Metadata Model 3.8.8                    [9/15]
[INFO]   from maven-repository-metadata/pom.xml
[INFO] --------------------------------[ jar ]---------------------------------
[INFO] 
[INFO] --- maven-enforcer-plugin:3.0.0-M2:enforce (enforce-maven-version) @ maven-repository-metadata ---
[INFO] 
[INFO] --- maven-enforcer-plugin:3.0.0-M2:enforce (enforce-java-version) @ maven-repository-metadata ---
[INFO] 
[INFO] --- maven-enforcer-plugin:3.0.0-M2:enforce (ensure-no-sonatype-cipher-and-sec-dispatcher) @ maven-repository-metadata ---
[INFO] 
[INFO] --- modello-maven-plugin:2.0.0:java (modello) @ maven-repository-metadata ---
[INFO] outputDirectory: /usr/src/RPM/BUILD/apache-maven-3.8.8/maven-repository-metadata/target/generated-sources/modello
[INFO] Working on model: src/main/mdo/metadata.mdo
[INFO] Generating current version: 1.1.0
[INFO] 
[INFO] --- modello-maven-plugin:2.0.0:xpp3-reader (modello) @ maven-repository-metadata ---
[INFO] outputDirectory: /usr/src/RPM/BUILD/apache-maven-3.8.8/maven-repository-metadata/target/generated-sources/modello
[INFO] Working on model: src/main/mdo/metadata.mdo
[INFO] Generating current version: 1.1.0
[INFO] 
[INFO] --- modello-maven-plugin:2.0.0:xpp3-writer (modello) @ maven-repository-metadata ---
[INFO] outputDirectory: /usr/src/RPM/BUILD/apache-maven-3.8.8/maven-repository-metadata/target/generated-sources/modello
[INFO] Working on model: src/main/mdo/metadata.mdo
[INFO] Generating current version: 1.1.0
[INFO] 
[INFO] --- maven-remote-resources-plugin:1.7.0:process (process-resource-bundles) @ maven-repository-metadata ---
[INFO] Preparing remote bundle org.apache:apache-jar-resource-bundle:1.4
[INFO] Copying 5 resources from 1 bundle.
[INFO] 
[INFO] --- maven-resources-plugin:3.2.0:resources (default-resources) @ maven-repository-metadata ---
[INFO] Using 'UTF-8' encoding to copy filtered resources.
[INFO] Using 'UTF-8' encoding to copy filtered properties files.
[INFO] skip non existing resourceDirectory /usr/src/RPM/BUILD/apache-maven-3.8.8/maven-repository-metadata/src/main/resources
[INFO] Copying 5 resources
[INFO] 
[INFO] --- maven-compiler-plugin:3.8.1:compile (default-compile) @ maven-repository-metadata ---
[INFO] Changes detected - recompiling the module!
[INFO] Compiling 7 source files to /usr/src/RPM/BUILD/apache-maven-3.8.8/maven-repository-metadata/target/classes
[INFO] /usr/src/RPM/BUILD/apache-maven-3.8.8/maven-repository-metadata/target/generated-sources/modello/org/apache/maven/artifact/repository/metadata/io/xpp3/MetadataXpp3Reader.java: Some input files use or override a deprecated API.
[INFO] /usr/src/RPM/BUILD/apache-maven-3.8.8/maven-repository-metadata/target/generated-sources/modello/org/apache/maven/artifact/repository/metadata/io/xpp3/MetadataXpp3Reader.java: Recompile with -Xlint:deprecation for details.
[INFO] /usr/src/RPM/BUILD/apache-maven-3.8.8/maven-repository-metadata/target/generated-sources/modello/org/apache/maven/artifact/repository/metadata/io/xpp3/MetadataXpp3Reader.java: /usr/src/RPM/BUILD/apache-maven-3.8.8/maven-repository-metadata/target/generated-sources/modello/org/apache/maven/artifact/repository/metadata/io/xpp3/MetadataXpp3Reader.java uses unchecked or unsafe operations.
[INFO] /usr/src/RPM/BUILD/apache-maven-3.8.8/maven-repository-metadata/target/generated-sources/modello/org/apache/maven/artifact/repository/metadata/io/xpp3/MetadataXpp3Reader.java: Recompile with -Xlint:unchecked for details.
[INFO] 
[INFO] --- maven-resources-plugin:3.2.0:testResources (default-testResources) @ maven-repository-metadata ---
[INFO] Using 'UTF-8' encoding to copy filtered resources.
[INFO] Using 'UTF-8' encoding to copy filtered properties files.
[INFO] skip non existing resourceDirectory /usr/src/RPM/BUILD/apache-maven-3.8.8/maven-repository-metadata/src/test/resources
[INFO] Copying 5 resources
[INFO] 
[INFO] --- maven-compiler-plugin:3.8.1:testCompile (default-testCompile) @ maven-repository-metadata ---
[INFO] Changes detected - recompiling the module!
[INFO] Compiling 1 source file to /usr/src/RPM/BUILD/apache-maven-3.8.8/maven-repository-metadata/target/test-classes
[INFO] 
[INFO] --- maven-surefire-plugin:3.2.2:test (default-test) @ maven-repository-metadata ---
[INFO] Using auto detected provider org.apache.maven.surefire.junit4.JUnit4Provider
[INFO] 
[INFO] -------------------------------------------------------
[INFO]  T E S T S
[INFO] -------------------------------------------------------
[INFO] Running org.apache.maven.artifact.repository.metadata.MetadataTest
[INFO] Tests run: 9, Failures: 0, Errors: 0, Skipped: 0, Time elapsed: 0.080 s -- in org.apache.maven.artifact.repository.metadata.MetadataTest
[INFO] 
[INFO] Results:
[INFO] 
[INFO] Tests run: 9, Failures: 0, Errors: 0, Skipped: 0
[INFO] 
[INFO] 
[INFO] --- maven-jar-plugin:3.2.2:jar (default-jar) @ maven-repository-metadata ---
[INFO] Building jar: /usr/src/RPM/BUILD/apache-maven-3.8.8/maven-repository-metadata/target/maven-repository-metadata-3.8.8.jar
[INFO] 
[INFO] --------------< org.apache.maven:maven-resolver-provider >--------------
[INFO] Building Maven Artifact Resolver Provider 3.8.8                  [10/15]
[INFO]   from maven-resolver-provider/pom.xml
[INFO] --------------------------------[ jar ]---------------------------------
[INFO] 
[INFO] --- maven-enforcer-plugin:3.0.0-M2:enforce (enforce-maven-version) @ maven-resolver-provider ---
[INFO] 
[INFO] --- maven-enforcer-plugin:3.0.0-M2:enforce (enforce-java-version) @ maven-resolver-provider ---
[INFO] 
[INFO] --- maven-enforcer-plugin:3.0.0-M2:enforce (ensure-no-sonatype-cipher-and-sec-dispatcher) @ maven-resolver-provider ---
[INFO] 
[INFO] --- maven-remote-resources-plugin:1.7.0:process (process-resource-bundles) @ maven-resolver-provider ---
[INFO] Preparing remote bundle org.apache:apache-jar-resource-bundle:1.4
[INFO] Copying 5 resources from 1 bundle.
[INFO] 
[INFO] --- maven-resources-plugin:3.2.0:resources (default-resources) @ maven-resolver-provider ---
[INFO] Using 'UTF-8' encoding to copy filtered resources.
[INFO] Using 'UTF-8' encoding to copy filtered properties files.
[INFO] skip non existing resourceDirectory /usr/src/RPM/BUILD/apache-maven-3.8.8/maven-resolver-provider/src/main/resources
[INFO] Copying 5 resources
[INFO] 
[INFO] --- maven-compiler-plugin:3.8.1:compile (default-compile) @ maven-resolver-provider ---
[INFO] Changes detected - recompiling the module!
[INFO] Compiling 23 source files to /usr/src/RPM/BUILD/apache-maven-3.8.8/maven-resolver-provider/target/classes
[INFO] /usr/src/RPM/BUILD/apache-maven-3.8.8/maven-resolver-provider/src/main/java/org/apache/maven/repository/internal/DefaultModelResolver.java: Some input files use or override a deprecated API.
[INFO] /usr/src/RPM/BUILD/apache-maven-3.8.8/maven-resolver-provider/src/main/java/org/apache/maven/repository/internal/DefaultModelResolver.java: Recompile with -Xlint:deprecation for details.
[INFO] 
[INFO] --- sisu-maven-plugin:0.3.5:main-index (index-project) @ maven-resolver-provider ---
[INFO] 
[INFO] --- sisu-maven-plugin:0.3.5:main-index (default) @ maven-resolver-provider ---
[INFO] 
[INFO] --- maven-resources-plugin:3.2.0:testResources (default-testResources) @ maven-resolver-provider ---
[INFO] Using 'UTF-8' encoding to copy filtered resources.
[INFO] Using 'UTF-8' encoding to copy filtered properties files.
[INFO] Copying 13 resources
[INFO] Copying 5 resources
[INFO] 
[INFO] --- maven-compiler-plugin:3.8.1:testCompile (default-testCompile) @ maven-resolver-provider ---
[INFO] Changes detected - recompiling the module!
[INFO] Compiling 9 source files to /usr/src/RPM/BUILD/apache-maven-3.8.8/maven-resolver-provider/target/test-classes
[INFO] -------------------------------------------------------------
[ERROR] COMPILATION ERROR : 
[INFO] -------------------------------------------------------------
[ERROR] /usr/src/RPM/BUILD/apache-maven-3.8.8/maven-resolver-provider/src/test/java/org/apache/maven/repository/internal/DefaultArtifactDescriptorReaderTest.java:[22,26] package org.mockito does not exist
[ERROR] /usr/src/RPM/BUILD/apache-maven-3.8.8/maven-resolver-provider/src/test/java/org/apache/maven/repository/internal/DefaultArtifactDescriptorReaderTest.java:[22,1] static import only from classes and interfaces
[ERROR] /usr/src/RPM/BUILD/apache-maven-3.8.8/maven-resolver-provider/src/test/java/org/apache/maven/repository/internal/DefaultArtifactDescriptorReaderTest.java:[23,26] package org.mockito does not exist
[ERROR] /usr/src/RPM/BUILD/apache-maven-3.8.8/maven-resolver-provider/src/test/java/org/apache/maven/repository/internal/DefaultArtifactDescriptorReaderTest.java:[23,1] static import only from classes and interfaces
[ERROR] /usr/src/RPM/BUILD/apache-maven-3.8.8/maven-resolver-provider/src/test/java/org/apache/maven/repository/internal/DefaultArtifactDescriptorReaderTest.java:[31,19] package org.mockito does not exist
[ERROR] /usr/src/RPM/BUILD/apache-maven-3.8.8/maven-resolver-provider/src/test/java/org/apache/maven/repository/internal/DefaultArtifactDescriptorReaderTest.java:[43,53] cannot find symbol
  symbol:   method mock(java.lang.Class<org.eclipse.aether.impl.RepositoryEventDispatcher>)
  location: class org.apache.maven.repository.internal.DefaultArtifactDescriptorReaderTest
[ERROR] /usr/src/RPM/BUILD/apache-maven-3.8.8/maven-resolver-provider/src/test/java/org/apache/maven/repository/internal/DefaultArtifactDescriptorReaderTest.java:[45,9] cannot find symbol
  symbol:   class ArgumentCaptor
  location: class org.apache.maven.repository.internal.DefaultArtifactDescriptorReaderTest
[ERROR] /usr/src/RPM/BUILD/apache-maven-3.8.8/maven-resolver-provider/src/test/java/org/apache/maven/repository/internal/DefaultArtifactDescriptorReaderTest.java:[45,49] cannot find symbol
  symbol:   variable ArgumentCaptor
  location: class org.apache.maven.repository.internal.DefaultArtifactDescriptorReaderTest
[ERROR] /usr/src/RPM/BUILD/apache-maven-3.8.8/maven-resolver-provider/src/test/java/org/apache/maven/repository/internal/DefaultArtifactDescriptorReaderTest.java:[59,9] cannot find symbol
  symbol:   method verify(org.eclipse.aether.impl.RepositoryEventDispatcher)
  location: class org.apache.maven.repository.internal.DefaultArtifactDescriptorReaderTest
[INFO] 9 errors 
[INFO] -------------------------------------------------------------
[INFO] 
[INFO] ------------------------------------------------------------------------
[INFO] Skipping Apache Maven
[INFO] This project has been banned from the build due to previous failures.
[INFO] ------------------------------------------------------------------------
[INFO] ------------------------------------------------------------------------
[INFO] Reactor Summary for Apache Maven 3.8.8:
[INFO] 
[INFO] Apache Maven ....................................... SUCCESS [  0.486 s]
[INFO] Maven Model ........................................ SUCCESS [  2.407 s]
[INFO] Maven Artifact ..................................... SUCCESS [  1.117 s]
[INFO] Maven Plugin API ................................... SUCCESS [  0.455 s]
[INFO] Maven Builder Support .............................. SUCCESS [  0.339 s]
[INFO] Maven Model Builder ................................ SUCCESS [  2.138 s]
[INFO] Maven Settings ..................................... SUCCESS [  0.159 s]
[INFO] Maven Settings Builder ............................. SUCCESS [  0.441 s]
[INFO] Maven Repository Metadata Model .................... SUCCESS [  0.406 s]
[INFO] Maven Artifact Resolver Provider ................... FAILURE [  0.396 s]
[INFO] Maven Core ......................................... SKIPPED
[INFO] Maven SLF4J Simple Provider ........................ SKIPPED
[INFO] Maven Embedder ..................................... SKIPPED
[INFO] Maven Compat ....................................... SKIPPED
[INFO] Apache Maven Distribution .......................... SKIPPED
[INFO] ------------------------------------------------------------------------
[INFO] BUILD FAILURE
[INFO] ------------------------------------------------------------------------
[INFO] Total time:  8.648 s
[INFO] Finished at: 2025-05-16T05:22:24Z
[INFO] ------------------------------------------------------------------------
[ERROR] Failed to execute goal org.apache.maven.plugins:maven-compiler-plugin:3.8.1:testCompile (default-testCompile) on project maven-resolver-provider: Compilation failure: Compilation failure: 
[ERROR] /usr/src/RPM/BUILD/apache-maven-3.8.8/maven-resolver-provider/src/test/java/org/apache/maven/repository/internal/DefaultArtifactDescriptorReaderTest.java:[22,26] package org.mockito does not exist
[ERROR] /usr/src/RPM/BUILD/apache-maven-3.8.8/maven-resolver-provider/src/test/java/org/apache/maven/repository/internal/DefaultArtifactDescriptorReaderTest.java:[22,1] static import only from classes and interfaces
[ERROR] /usr/src/RPM/BUILD/apache-maven-3.8.8/maven-resolver-provider/src/test/java/org/apache/maven/repository/internal/DefaultArtifactDescriptorReaderTest.java:[23,26] package org.mockito does not exist
[ERROR] /usr/src/RPM/BUILD/apache-maven-3.8.8/maven-resolver-provider/src/test/java/org/apache/maven/repository/internal/DefaultArtifactDescriptorReaderTest.java:[23,1] static import only from classes and interfaces
[ERROR] /usr/src/RPM/BUILD/apache-maven-3.8.8/maven-resolver-provider/src/test/java/org/apache/maven/repository/internal/DefaultArtifactDescriptorReaderTest.java:[31,19] package org.mockito does not exist
[ERROR] /usr/src/RPM/BUILD/apache-maven-3.8.8/maven-resolver-provider/src/test/java/org/apache/maven/repository/internal/DefaultArtifactDescriptorReaderTest.java:[43,53] cannot find symbol
[ERROR]   symbol:   method mock(java.lang.Class<org.eclipse.aether.impl.RepositoryEventDispatcher>)
[ERROR]   location: class org.apache.maven.repository.internal.DefaultArtifactDescriptorReaderTest
[ERROR] /usr/src/RPM/BUILD/apache-maven-3.8.8/maven-resolver-provider/src/test/java/org/apache/maven/repository/internal/DefaultArtifactDescriptorReaderTest.java:[45,9] cannot find symbol
[ERROR]   symbol:   class ArgumentCaptor
[ERROR]   location: class org.apache.maven.repository.internal.DefaultArtifactDescriptorReaderTest
[ERROR] /usr/src/RPM/BUILD/apache-maven-3.8.8/maven-resolver-provider/src/test/java/org/apache/maven/repository/internal/DefaultArtifactDescriptorReaderTest.java:[45,49] cannot find symbol
[ERROR]   symbol:   variable ArgumentCaptor
[ERROR]   location: class org.apache.maven.repository.internal.DefaultArtifactDescriptorReaderTest
[ERROR] /usr/src/RPM/BUILD/apache-maven-3.8.8/maven-resolver-provider/src/test/java/org/apache/maven/repository/internal/DefaultArtifactDescriptorReaderTest.java:[59,9] cannot find symbol
[ERROR]   symbol:   method verify(org.eclipse.aether.impl.RepositoryEventDispatcher)
[ERROR]   location: class org.apache.maven.repository.internal.DefaultArtifactDescriptorReaderTest
[ERROR] -> [Help 1]
[ERROR] 
[ERROR] To see the full stack trace of the errors, re-run Maven with the -e switch.
[ERROR] Re-run Maven using the -X switch to enable full debug logging.
[ERROR] 
[ERROR] For more information about the errors and possible solutions, please read the following articles:
[ERROR] [Help 1] http://cwiki.apache.org/confluence/display/MAVEN/MojoFailureException
[ERROR] 
[ERROR] After correcting the problems, you can resume the build with the command
[ERROR]   mvn <args> -rf :maven-resolver-provider
error: Bad exit status from /usr/src/tmp/rpm-tmp.33825 (%build)


RPM build errors:
    Macro %dist not found
    Bad exit status from /usr/src/tmp/rpm-tmp.33825 (%build)
Command exited with non-zero status 1
50.36user 5.81system 0:10.62elapsed 528%CPU (0avgtext+0avgdata 1247316maxresident)k
0inputs+0outputs (0major+545183minor)pagefaults 0swaps
hsh-rebuild: rebuild of `maven-3.8.8-alt1.src.rpm' failed.
Command exited with non-zero status 1
12.06user 3.10system 0:34.40elapsed 44%CPU (0avgtext+0avgdata 142504maxresident)k
1104inputs+0outputs (0major+301298minor)pagefaults 0swaps
